
INFO 	2016-04-05 00:20:26 	[preliminary_checks] 	a1e46328c_51720e9cf found in /users/project/4DGenome/data/4DGenome_metadata.db
INFO 	2016-04-05 00:20:26 	[preliminary_checks] 	data for a1e46328c_51720e9cf will be stored at /users/project/4DGenome_no_backup/data/hic/samples/a1e46328c_51720e9cf
INFO 	2016-04-05 00:24:07 	[preliminary_checks] 	paths to read1 and read2 saved to metadata database
INFO 	2016-04-05 00:24:09 	[preliminary_checks] 	Sequencing index added as part of the metadata agrees with that observed in the FASTQ file
INFO 	2016-04-05 00:24:10 	[preliminary_checks] 	read length added as part of the metadata agrees with that observed in the FASTQ file
INFO 	2016-04-05 00:24:10 	[preliminary_checks] 	genome reference FASTA file found at /users/GR/mb/jquilez/assemblies/homo_sapiens/hg38_mmtv/ucsc/hg38_mmtv.fa
INFO 	2016-04-05 00:24:30 	[preliminary_checks] 	paths to reference FASTA saved to metadata database
TIME 	2016-04-05 00:24:30 	[preliminary_checks] 	step time for completion (seconds) = 246

INFO 	2016-04-05 00:24:33 	[raw_fastqs_quality_plots] 	restriction enzyme = DpnII
INFO 	2016-04-05 00:24:33 	[raw_fastqs_quality_plots] 	a subset of 100000 reds will be used to generate the quality plots
INFO 	2016-04-05 00:24:33 	[raw_fastqs_quality_plots] 	making quality plots of the raw FASTQ files... plots saved at /users/project/4DGenome_no_backup/data/hic/samples/a1e46328c_51720e9cf/plots/hg38_mmtv/raw_fastqs_quality_plots
INFO 	2016-04-05 00:24:56 	[raw_fastqs_quality_plots] 	percentages of dangling ends and ligated sites in read1 and read2 saved to metadata database
TIME 	2016-04-05 00:24:56 	[raw_fastqs_quality_plots] 	step time for completion (seconds) = 24

INFO 	2016-04-05 00:24:58 	[trim_reads_trimmomatic] 	sequencing type = PE
INFO 	2016-04-05 00:24:58 	[trim_reads_trimmomatic] 	trimming TruSeq3 adapter sequences for HiSeq, NextSeq or HiSeq
INFO 	2016-04-05 00:24:58 	[trim_reads_trimmomatic] 	trimming low-quality reads ends using trimmomatic's recommended practices
INFO 	2016-04-05 01:28:38 	[trim_reads_trimmomatic] 	parse step log to extract generated metadata
INFO 	2016-04-05 01:28:39 	[trim_reads_trimmomatic] 	reads after trimming = 178691532
INFO 	2016-04-05 01:29:13 	[trim_reads_trimmomatic] 	trimmomatic parameters and numbe of trimmed reads added to metadata
INFO 	2016-04-05 01:29:13 	[trim_reads_trimmomatic] 	trimmed reads are in /users/project/4DGenome_no_backup/data/hic/samples/a1e46328c_51720e9cf/fastqs_processed/trimmomatic/paired_end
INFO 	2016-04-05 01:29:13 	[trim_reads_trimmomatic] 	unpaired reads are deleted
TIME 	2016-04-05 01:29:13 	[trim_reads_trimmomatic] 	step time for completion (seconds) = 3855

INFO 	2016-04-05 01:29:19 	[align_and_merge] 	species = Homo_sapiens
INFO 	2016-04-05 01:29:19 	[align_and_merge] 	assembly version = hg38_mmtv
INFO 	2016-04-05 01:29:19 	[align_and_merge] 	restriction enzyme = DpnII
INFO 	2016-04-05 01:29:19 	[align_and_merge] 	read length = 75
INFO 	2016-04-05 01:29:19 	[align_and_merge] 	genome reference FASTA file found at /users/GR/mb/jquilez/assemblies/homo_sapiens/hg38_mmtv/ucsc/hg38_mmtv.fa
INFO 	2016-04-05 01:29:19 	[align_and_merge] 	mapping, processing reads according to restriction enzyme fragments and merging aligments for read1 and read2...
INFO 	2016-04-05 08:29:23 	[align_and_merge] 	output saved in /users/project/4DGenome_no_backup/data/hic/samples/a1e46328c_51720e9cf/logs/hg38_mmtv/a1e46328c_51720e9cf_align_and_merge_paired_end.log
TIME 	2016-04-05 08:31:04 	[align_and_merge] 	step time for completion (seconds) = 25309

INFO 	2016-04-05 08:31:19 	[post_mapping_statistics] 	generating post mapping descriptive statistics plots...
INFO 	2016-04-05 09:07:45 	[post_mapping_statistics] 	fraction of reads mapped read1 = 0.885927778603
INFO 	2016-04-05 09:07:45 	[post_mapping_statistics] 	fraction of reads mapped read2 = 0.848861623728
INFO 	2016-04-05 09:07:45 	[post_mapping_statistics] 	number of pairs in which both read1 and read2 are mapped = 126591604
INFO 	2016-04-05 09:07:45 	[post_mapping_statistics] 	counts-to-distance slope = -1.25491297902
TIME 	2016-04-05 09:07:51 	[post_mapping_statistics] 	step time for completion (seconds) = 2192

INFO 	2016-04-05 09:08:12 	[reads_filtering] 	filtering reads based on multiple quality parameters...
INFO 	2016-04-05 09:08:12 	[reads_filtering] 	filtered reads to be used for subsequent analyses are at /users/project/4DGenome_no_backup/data/hic/samples/a1e46328c_51720e9cf/results/hg38_mmtv/filtered_reads
INFO 	2016-04-05 09:08:12 	[reads_filtering] 	excluded reads due to dangling ends are at /users/project/4DGenome_no_backup/data/hic/samples/a1e46328c_51720e9cf/results/hg38_mmtv/excluded_reads/dangling_ends
INFO 	2016-04-05 09:08:12 	[reads_filtering] 	excluded reads due to self circle are at /users/project/4DGenome_no_backup/data/hic/samples/a1e46328c_51720e9cf/results/hg38_mmtv/excluded_reads/self_circle
INFO 	2016-04-05 09:08:12 	[reads_filtering] 	summary of excluded reads at /users/project/4DGenome_no_backup/data/hic/samples/a1e46328c_51720e9cf/results/hg38_mmtv/excluded_reads/summary_excluded_per_filter
INFO 	2016-04-05 09:27:47 	[reads_filtering] 	numbers and fractions of filtered and excluded reads added to the metadata
TIME 	2016-04-05 09:29:15 	[reads_filtering] 	step time for completion (seconds) = 1282

INFO 	2016-04-05 09:29:17 	[post_filtering_statistics] 	generating post filtering descriptive statistics plots... saved at /users/project/4DGenome_no_backup/data/hic/samples/a1e46328c_51720e9cf/plots/hg38_mmtv/post_filtering_statistics:
INFO 	2016-04-05 09:29:17 	[post_filtering_statistics] 	- filtered reads: sequencing coverage along chromosomes, coverage values and interaction matrix
INFO 	2016-04-05 09:29:17 	[post_filtering_statistics] 	- dangling ends: sequencing coverage along chromosomes and coverage values
INFO 	2016-04-05 09:29:17 	[post_filtering_statistics] 	- self-circle ends: sequencing coverage along chromosomes and coverage values
TIME 	2016-04-05 09:49:48 	[post_filtering_statistics] 	step time for completion (seconds) = 1231

INFO 	2016-04-05 09:49:50 	[index_contacts] 	indexing /users/project/4DGenome_no_backup/data/hic/samples/a1e46328c_51720e9cf/results/hg38_mmtv/filtered_reads/*filtered_map.tsv
TIME 	2016-04-05 10:28:55 	[index_contacts] 	step time for completion (seconds) = 2345

INFO 	2016-04-05 10:29:01 	[map_to_bam] 	converting MAP to BAM
