
INFO 	2016-05-05 13:04:26 	[preliminary_checks] 	b7fa2d8db_2c1678055 found in /users/project/4DGenome/data/4DGenome_metadata.db
INFO 	2016-05-05 13:04:26 	[preliminary_checks] 	data for b7fa2d8db_2c1678055 will be stored at /users/project/4DGenome_no_backup/data/hic/samples/b7fa2d8db_2c1678055
INFO 	2016-05-05 13:08:50 	[preliminary_checks] 	paths to read1 and read2 saved to metadata database
INFO 	2016-05-05 13:08:51 	[preliminary_checks] 	Sequencing index added as part of the metadata agrees with that observed in the FASTQ file
WARN 	2016-05-05 13:08:52 	[preliminary_checks] 	read length obtained from the metadata (75 bp) differs from that seen in the FASTQ (76 bp)
WARN 	2016-05-05 13:08:52 	[preliminary_checks] 	the latter will be kept
INFO 	2016-05-05 13:08:53 	[preliminary_checks] 	genome reference FASTA file found at /users/GR/mb/jquilez/assemblies/mus_musculus/mm10/ucsc/mm10.fa
INFO 	2016-05-05 13:09:09 	[preliminary_checks] 	paths to reference FASTA saved to metadata database
TIME 	2016-05-05 13:09:09 	[preliminary_checks] 	step time for completion (seconds) = 284

INFO 	2016-05-05 13:09:11 	[raw_fastqs_quality_plots] 	restriction enzyme = DpnII
INFO 	2016-05-05 13:09:11 	[raw_fastqs_quality_plots] 	a subset of 100000 reds will be used to generate the quality plots
INFO 	2016-05-05 13:09:11 	[raw_fastqs_quality_plots] 	making quality plots of the raw FASTQ files... plots saved at /users/project/4DGenome_no_backup/data/hic/samples/b7fa2d8db_2c1678055/plots/mm10/raw_fastqs_quality_plots
INFO 	2016-05-05 13:09:28 	[raw_fastqs_quality_plots] 	percentages of dangling ends and ligated sites in read1 and read2 saved to metadata database
TIME 	2016-05-05 13:09:28 	[raw_fastqs_quality_plots] 	step time for completion (seconds) = 18

INFO 	2016-05-05 13:09:30 	[trim_reads_trimmomatic] 	sequencing type = PE
INFO 	2016-05-05 13:09:30 	[trim_reads_trimmomatic] 	trimming TruSeq3 adapter sequences for HiSeq, NextSeq or HiSeq
INFO 	2016-05-05 13:09:30 	[trim_reads_trimmomatic] 	trimming low-quality reads ends using trimmomatic's recommended practices
INFO 	2016-05-05 15:56:34 	[trim_reads_trimmomatic] 	parse step log to extract generated metadata
INFO 	2016-05-05 15:56:34 	[trim_reads_trimmomatic] 	reads after trimming = 326810969
INFO 	2016-05-05 15:56:56 	[trim_reads_trimmomatic] 	trimmomatic parameters and numbe of trimmed reads added to metadata
INFO 	2016-05-05 15:56:56 	[trim_reads_trimmomatic] 	trimmed reads are in /users/project/4DGenome_no_backup/data/hic/samples/b7fa2d8db_2c1678055/fastqs_processed/trimmomatic/paired_end
INFO 	2016-05-05 15:56:56 	[trim_reads_trimmomatic] 	unpaired reads are deleted
TIME 	2016-05-05 15:56:56 	[trim_reads_trimmomatic] 	step time for completion (seconds) = 10047

INFO 	2016-05-05 15:57:02 	[align_and_merge] 	species = Mus_musculus
INFO 	2016-05-05 15:57:02 	[align_and_merge] 	assembly version = mm10
INFO 	2016-05-05 15:57:02 	[align_and_merge] 	restriction enzyme = DpnII
INFO 	2016-05-05 15:57:02 	[align_and_merge] 	read length = 76
INFO 	2016-05-05 15:57:02 	[align_and_merge] 	genome reference FASTA file found at /users/GR/mb/jquilez/assemblies/mus_musculus/mm10/ucsc/mm10.fa
INFO 	2016-05-05 15:57:02 	[align_and_merge] 	mapping, processing reads according to restriction enzyme fragments and merging aligments for read1 and read2...
INFO 	2016-05-06 08:21:19 	[align_and_merge] 	output saved in /users/project/4DGenome_no_backup/data/hic/samples/b7fa2d8db_2c1678055/logs/mm10/b7fa2d8db_2c1678055_align_and_merge_paired_end.log
TIME 	2016-05-06 08:26:30 	[align_and_merge] 	step time for completion (seconds) = 59373
Traceback (most recent call last):
  File "/users/project/4DGenome/utils/io_metadata.py", line 100, in <module>
    tab.upsert(new_data, ['SAMPLE_ID'])
  File "/software/mb/el6.3/Conda/lib/python2.7/site-packages/dataset/persistence/table.py", line 171, in upsert
    row_count = self.update(row, keys, ensure=ensure, types=types)
  File "/software/mb/el6.3/Conda/lib/python2.7/site-packages/dataset/persistence/table.py", line 144, in update
    rp = self.database.executable.execute(stmt)
  File "/software/mb/el6.3/Conda/lib/python2.7/site-packages/sqlalchemy/engine/base.py", line 1991, in execute
    return connection.execute(statement, *multiparams, **params)
  File "/software/mb/el6.3/Conda/lib/python2.7/site-packages/sqlalchemy/engine/base.py", line 914, in execute
    return meth(self, multiparams, params)
  File "/software/mb/el6.3/Conda/lib/python2.7/site-packages/sqlalchemy/sql/elements.py", line 323, in _execute_on_connection
    return connection._execute_clauseelement(self, multiparams, params)
  File "/software/mb/el6.3/Conda/lib/python2.7/site-packages/sqlalchemy/engine/base.py", line 1010, in _execute_clauseelement
    compiled_sql, distilled_params
  File "/software/mb/el6.3/Conda/lib/python2.7/site-packages/sqlalchemy/engine/base.py", line 1146, in _execute_context
    context)
  File "/software/mb/el6.3/Conda/lib/python2.7/site-packages/sqlalchemy/engine/base.py", line 1341, in _handle_dbapi_exception
    exc_info
  File "/software/mb/el6.3/Conda/lib/python2.7/site-packages/sqlalchemy/util/compat.py", line 200, in raise_from_cause
    reraise(type(exception), exception, tb=exc_tb, cause=cause)
  File "/software/mb/el6.3/Conda/lib/python2.7/site-packages/sqlalchemy/engine/base.py", line 1139, in _execute_context
    context)
  File "/software/mb/el6.3/Conda/lib/python2.7/site-packages/sqlalchemy/engine/default.py", line 450, in do_execute
    cursor.execute(statement, parameters)
sqlalchemy.exc.OperationalError: (sqlite3.OperationalError) unable to open database file [SQL: u'UPDATE hic SET "TIME_ALIGN_AND_MERGE"=? WHERE hic."SAMPLE_ID" = ?'] [parameters: ('59373', 'b7fa2d8db_2c1678055')]

INFO 	2016-05-06 08:26:40 	[post_mapping_statistics] 	generating post mapping descriptive statistics plots...
INFO 	2016-05-06 09:48:05 	[post_mapping_statistics] 	fraction of reads mapped read1 = 0.981275750876
INFO 	2016-05-06 09:48:05 	[post_mapping_statistics] 	fraction of reads mapped read2 = 0.979031171992
INFO 	2016-05-06 09:48:05 	[post_mapping_statistics] 	number of pairs in which both read1 and read2 are mapped = 217925770
INFO 	2016-05-06 09:48:05 	[post_mapping_statistics] 	counts-to-distance slope = -1.17086199962
TIME 	2016-05-06 09:48:17 	[post_mapping_statistics] 	step time for completion (seconds) = 4897

INFO 	2016-05-06 09:49:03 	[reads_filtering] 	filtering reads based on multiple quality parameters...
INFO 	2016-05-06 09:49:03 	[reads_filtering] 	filtered reads to be used for subsequent analyses are at /users/project/4DGenome_no_backup/data/hic/samples/b7fa2d8db_2c1678055/results/mm10/filtered_reads
INFO 	2016-05-06 09:49:03 	[reads_filtering] 	excluded reads due to dangling ends are at /users/project/4DGenome_no_backup/data/hic/samples/b7fa2d8db_2c1678055/results/mm10/excluded_reads/dangling_ends
INFO 	2016-05-06 09:49:03 	[reads_filtering] 	excluded reads due to self circle are at /users/project/4DGenome_no_backup/data/hic/samples/b7fa2d8db_2c1678055/results/mm10/excluded_reads/self_circle
INFO 	2016-05-06 09:49:03 	[reads_filtering] 	summary of excluded reads at /users/project/4DGenome_no_backup/data/hic/samples/b7fa2d8db_2c1678055/results/mm10/excluded_reads/summary_excluded_per_filter
INFO 	2016-05-06 10:31:50 	[reads_filtering] 	numbers and fractions of filtered and excluded reads added to the metadata
TIME 	2016-05-06 10:36:48 	[reads_filtering] 	step time for completion (seconds) = 2910

INFO 	2016-05-06 10:36:50 	[post_filtering_statistics] 	generating post filtering descriptive statistics plots... saved at /users/project/4DGenome_no_backup/data/hic/samples/b7fa2d8db_2c1678055/plots/mm10/post_filtering_statistics:
INFO 	2016-05-06 10:36:50 	[post_filtering_statistics] 	- filtered reads: sequencing coverage along chromosomes, coverage values and interaction matrix
INFO 	2016-05-06 10:36:50 	[post_filtering_statistics] 	- dangling ends: sequencing coverage along chromosomes and coverage values
INFO 	2016-05-06 10:36:50 	[post_filtering_statistics] 	- self-circle ends: sequencing coverage along chromosomes and coverage values
TIME 	2016-05-06 11:32:22 	[post_filtering_statistics] 	step time for completion (seconds) = 3332

INFO 	2016-05-06 11:32:32 	[index_contacts] 	indexing /users/project/4DGenome_no_backup/data/hic/samples/b7fa2d8db_2c1678055/results/mm10/filtered_reads/*filtered_map.tsv
TIME 	2016-05-06 13:12:25 	[index_contacts] 	step time for completion (seconds) = 5993

INFO 	2016-05-06 13:12:43 	[map_to_bam] 	converting MAP to BAM
[bam_sort_core] merging from 167 files...
TIME 	2016-05-06 16:49:39 	[map_to_bam] 	step time for completion (seconds) = 13017

INFO 	2016-05-06 16:50:04 	[downstream_bam] 	perform several downstream analyses
TIME 	2016-05-06 20:45:03 	[downstream_bam] 	step time for completion (seconds) = 14099


INFO 	2016-05-06 20:45:04 	[pipeline] 	completed successfully
TIME 	2016-05-06 20:45:04 	[pipeline] 	total time for completion (seconds) = 114098

