
INFO 	2016-04-08 16:25:32 	[preliminary_checks] 	b742f3789_2337dcf66 found in /users/project/4DGenome/data/4DGenome_metadata.db
INFO 	2016-04-08 16:25:32 	[preliminary_checks] 	data for b742f3789_2337dcf66 will be stored at /users/project/4DGenome_no_backup/data/hic/samples/b742f3789_2337dcf66
INFO 	2016-04-08 16:26:41 	[preliminary_checks] 	paths to read1 and read2 saved to metadata database
INFO 	2016-04-08 16:26:43 	[preliminary_checks] 	Sequencing index added as part of the metadata agrees with that observed in the FASTQ file
INFO 	2016-04-08 16:26:44 	[preliminary_checks] 	read length added as part of the metadata agrees with that observed in the FASTQ file
INFO 	2016-04-08 16:26:44 	[preliminary_checks] 	genome reference FASTA file found at /users/GR/mb/jquilez/assemblies/mus_musculus/mm10/ucsc/mm10.fa
INFO 	2016-04-08 16:27:08 	[preliminary_checks] 	paths to reference FASTA saved to metadata database
TIME 	2016-04-08 16:27:08 	[preliminary_checks] 	step time for completion (seconds) = 97

INFO 	2016-04-08 16:27:11 	[raw_fastqs_quality_plots] 	restriction enzyme = DpnII
INFO 	2016-04-08 16:27:11 	[raw_fastqs_quality_plots] 	a subset of 100000 reds will be used to generate the quality plots
INFO 	2016-04-08 16:27:11 	[raw_fastqs_quality_plots] 	making quality plots of the raw FASTQ files... plots saved at /users/project/4DGenome_no_backup/data/hic/samples/b742f3789_2337dcf66/plots/mm10/raw_fastqs_quality_plots
INFO 	2016-04-08 16:27:31 	[raw_fastqs_quality_plots] 	percentages of dangling ends and ligated sites in read1 and read2 saved to metadata database
TIME 	2016-04-08 16:27:31 	[raw_fastqs_quality_plots] 	step time for completion (seconds) = 21

INFO 	2016-04-08 16:27:33 	[trim_reads_trimmomatic] 	sequencing type = PE
INFO 	2016-04-08 16:27:33 	[trim_reads_trimmomatic] 	trimming TruSeq3 adapter sequences for HiSeq, NextSeq or HiSeq
INFO 	2016-04-08 16:27:33 	[trim_reads_trimmomatic] 	trimming low-quality reads ends using trimmomatic's recommended practices
INFO 	2016-04-08 16:47:57 	[trim_reads_trimmomatic] 	parse step log to extract generated metadata
INFO 	2016-04-08 16:47:57 	[trim_reads_trimmomatic] 	reads after trimming = 58867883
INFO 	2016-04-08 16:48:29 	[trim_reads_trimmomatic] 	trimmomatic parameters and numbe of trimmed reads added to metadata
INFO 	2016-04-08 16:48:29 	[trim_reads_trimmomatic] 	trimmed reads are in /users/project/4DGenome_no_backup/data/hic/samples/b742f3789_2337dcf66/fastqs_processed/trimmomatic/paired_end
INFO 	2016-04-08 16:48:29 	[trim_reads_trimmomatic] 	unpaired reads are deleted
TIME 	2016-04-08 16:48:29 	[trim_reads_trimmomatic] 	step time for completion (seconds) = 1256

INFO 	2016-04-08 16:48:38 	[align_and_merge] 	species = Mus_musculus
INFO 	2016-04-08 16:48:38 	[align_and_merge] 	assembly version = mm10
INFO 	2016-04-08 16:48:38 	[align_and_merge] 	restriction enzyme = DpnII
INFO 	2016-04-08 16:48:38 	[align_and_merge] 	read length = 75
INFO 	2016-04-08 16:48:38 	[align_and_merge] 	genome reference FASTA file found at /users/GR/mb/jquilez/assemblies/mus_musculus/mm10/ucsc/mm10.fa
INFO 	2016-04-08 16:48:38 	[align_and_merge] 	mapping, processing reads according to restriction enzyme fragments and merging aligments for read1 and read2...
INFO 	2016-04-08 19:30:22 	[align_and_merge] 	output saved in /users/project/4DGenome_no_backup/data/hic/samples/b742f3789_2337dcf66/logs/mm10/b742f3789_2337dcf66_align_and_merge_paired_end.log
TIME 	2016-04-08 19:31:44 	[align_and_merge] 	step time for completion (seconds) = 9793

INFO 	2016-04-08 19:32:02 	[post_mapping_statistics] 	generating post mapping descriptive statistics plots...
INFO 	2016-04-08 19:44:21 	[post_mapping_statistics] 	fraction of reads mapped read1 = 0.829475182588
INFO 	2016-04-08 19:44:21 	[post_mapping_statistics] 	fraction of reads mapped read2 = 0.80432029465
INFO 	2016-04-08 19:44:22 	[post_mapping_statistics] 	number of pairs in which both read1 and read2 are mapped = 38063850
INFO 	2016-04-08 19:44:22 	[post_mapping_statistics] 	counts-to-distance slope = -1.01011074167
TIME 	2016-04-08 19:44:36 	[post_mapping_statistics] 	step time for completion (seconds) = 754

INFO 	2016-04-08 19:44:43 	[reads_filtering] 	filtering reads based on multiple quality parameters...
INFO 	2016-04-08 19:44:43 	[reads_filtering] 	filtered reads to be used for subsequent analyses are at /users/project/4DGenome_no_backup/data/hic/samples/b742f3789_2337dcf66/results/mm10/filtered_reads
INFO 	2016-04-08 19:44:43 	[reads_filtering] 	excluded reads due to dangling ends are at /users/project/4DGenome_no_backup/data/hic/samples/b742f3789_2337dcf66/results/mm10/excluded_reads/dangling_ends
INFO 	2016-04-08 19:44:43 	[reads_filtering] 	excluded reads due to self circle are at /users/project/4DGenome_no_backup/data/hic/samples/b742f3789_2337dcf66/results/mm10/excluded_reads/self_circle
INFO 	2016-04-08 19:44:43 	[reads_filtering] 	summary of excluded reads at /users/project/4DGenome_no_backup/data/hic/samples/b742f3789_2337dcf66/results/mm10/excluded_reads/summary_excluded_per_filter
INFO 	2016-04-08 19:50:48 	[reads_filtering] 	numbers and fractions of filtered and excluded reads added to the metadata
TIME 	2016-04-08 19:51:49 	[reads_filtering] 	step time for completion (seconds) = 432

INFO 	2016-04-08 19:51:54 	[post_filtering_statistics] 	generating post filtering descriptive statistics plots... saved at /users/project/4DGenome_no_backup/data/hic/samples/b742f3789_2337dcf66/plots/mm10/post_filtering_statistics:
INFO 	2016-04-08 19:51:54 	[post_filtering_statistics] 	- filtered reads: sequencing coverage along chromosomes, coverage values and interaction matrix
INFO 	2016-04-08 19:51:54 	[post_filtering_statistics] 	- dangling ends: sequencing coverage along chromosomes and coverage values
INFO 	2016-04-08 19:51:54 	[post_filtering_statistics] 	- self-circle ends: sequencing coverage along chromosomes and coverage values
TIME 	2016-04-08 20:00:10 	[post_filtering_statistics] 	step time for completion (seconds) = 496

INFO 	2016-04-08 20:00:13 	[index_contacts] 	indexing /users/project/4DGenome_no_backup/data/hic/samples/b742f3789_2337dcf66/results/mm10/filtered_reads/*filtered_map.tsv
TIME 	2016-04-08 20:13:53 	[index_contacts] 	step time for completion (seconds) = 820

INFO 	2016-04-08 20:13:56 	[map_to_bam] 	converting MAP to BAM
[bam_sort_core] merging from 22 files...
TIME 	2016-04-08 20:43:15 	[map_to_bam] 	step time for completion (seconds) = 1759

INFO 	2016-04-08 20:43:33 	[downstream_bam] 	perform several downstream analyses
/usr/share/univage/soldierantcluster/spool/node-hp0310/job_scripts/2168750: line 747: 15728 Aborted                 (core dumped) $python $SCRIPTS/tadbit_after_bam.py $ibam $flag_excluded $flag_included $flag_perzero $DOWNSTREAM/${sample_id}_ $slots $resolution_ab $resolution_tad &>$step_log
TIME 	2016-04-09 04:40:33 	[downstream_bam] 	step time for completion (seconds) = 28621

INFO 	2016-04-09 04:40:34 	[clean_up] 	deleting the following intermediate files/directories:
INFO 	2016-04-09 04:40:34 	[clean_up] 	/users/project/4DGenome_no_backup/data/hic/samples/b742f3789_2337dcf66/fastqs_processed
INFO 	2016-04-09 04:40:34 	[clean_up] 	/users/project/4DGenome_no_backup/data/hic/samples/b742f3789_2337dcf66/mapped_reads
TIME 	2016-04-09 04:40:39 	[clean_up] 	step time for completion (seconds) = 5


