
INFO 	2016-04-06 00:07:56 	[preliminary_checks] 	1317ef052_f34e98deb found in /users/project/4DGenome/data/4DGenome_metadata.db
INFO 	2016-04-06 00:07:56 	[preliminary_checks] 	data for 1317ef052_f34e98deb will be stored at /users/project/4DGenome_no_backup/data/hic/samples/1317ef052_f34e98deb
INFO 	2016-04-06 00:14:43 	[preliminary_checks] 	paths to read1 and read2 saved to metadata database
INFO 	2016-04-06 00:14:45 	[preliminary_checks] 	Sequencing index added as part of the metadata agrees with that observed in the FASTQ file
INFO 	2016-04-06 00:14:46 	[preliminary_checks] 	read length added as part of the metadata agrees with that observed in the FASTQ file
INFO 	2016-04-06 00:14:46 	[preliminary_checks] 	genome reference FASTA file found at /users/GR/mb/jquilez/assemblies/homo_sapiens/hg38_mmtv/ucsc/hg38_mmtv.fa
INFO 	2016-04-06 00:15:21 	[preliminary_checks] 	paths to reference FASTA saved to metadata database
TIME 	2016-04-06 00:15:21 	[preliminary_checks] 	step time for completion (seconds) = 446

INFO 	2016-04-06 00:15:26 	[raw_fastqs_quality_plots] 	restriction enzyme = DpnII
INFO 	2016-04-06 00:15:26 	[raw_fastqs_quality_plots] 	a subset of 100000 reds will be used to generate the quality plots
INFO 	2016-04-06 00:15:26 	[raw_fastqs_quality_plots] 	making quality plots of the raw FASTQ files... plots saved at /users/project/4DGenome_no_backup/data/hic/samples/1317ef052_f34e98deb/plots/hg38_mmtv/raw_fastqs_quality_plots
INFO 	2016-04-06 00:15:53 	[raw_fastqs_quality_plots] 	percentages of dangling ends and ligated sites in read1 and read2 saved to metadata database
TIME 	2016-04-06 00:15:53 	[raw_fastqs_quality_plots] 	step time for completion (seconds) = 31

INFO 	2016-04-06 00:15:55 	[trim_reads_trimmomatic] 	sequencing type = PE
INFO 	2016-04-06 00:15:55 	[trim_reads_trimmomatic] 	trimming TruSeq3 adapter sequences for HiSeq, NextSeq or HiSeq
INFO 	2016-04-06 00:15:55 	[trim_reads_trimmomatic] 	trimming low-quality reads ends using trimmomatic's recommended practices
INFO 	2016-04-06 01:48:21 	[trim_reads_trimmomatic] 	parse step log to extract generated metadata
INFO 	2016-04-06 01:48:21 	[trim_reads_trimmomatic] 	reads after trimming = 252951040
INFO 	2016-04-06 01:48:51 	[trim_reads_trimmomatic] 	trimmomatic parameters and numbe of trimmed reads added to metadata
INFO 	2016-04-06 01:48:51 	[trim_reads_trimmomatic] 	trimmed reads are in /users/project/4DGenome_no_backup/data/hic/samples/1317ef052_f34e98deb/fastqs_processed/trimmomatic/paired_end
INFO 	2016-04-06 01:48:51 	[trim_reads_trimmomatic] 	unpaired reads are deleted
TIME 	2016-04-06 01:48:51 	[trim_reads_trimmomatic] 	step time for completion (seconds) = 5577

INFO 	2016-04-06 01:48:57 	[align_and_merge] 	species = Homo_sapiens
INFO 	2016-04-06 01:48:57 	[align_and_merge] 	assembly version = hg38_mmtv
INFO 	2016-04-06 01:48:57 	[align_and_merge] 	restriction enzyme = DpnII
INFO 	2016-04-06 01:48:57 	[align_and_merge] 	read length = 75
INFO 	2016-04-06 01:48:57 	[align_and_merge] 	genome reference FASTA file found at /users/GR/mb/jquilez/assemblies/homo_sapiens/hg38_mmtv/ucsc/hg38_mmtv.fa
INFO 	2016-04-06 01:48:57 	[align_and_merge] 	mapping, processing reads according to restriction enzyme fragments and merging aligments for read1 and read2...
INFO 	2016-04-06 12:52:35 	[align_and_merge] 	output saved in /users/project/4DGenome_no_backup/data/hic/samples/1317ef052_f34e98deb/logs/hg38_mmtv/1317ef052_f34e98deb_align_and_merge_paired_end.log
TIME 	2016-04-06 12:55:35 	[align_and_merge] 	step time for completion (seconds) = 40002

INFO 	2016-04-06 12:55:42 	[post_mapping_statistics] 	generating post mapping descriptive statistics plots...
INFO 	2016-04-06 13:51:53 	[post_mapping_statistics] 	fraction of reads mapped read1 = 0.872588683565
INFO 	2016-04-06 13:51:53 	[post_mapping_statistics] 	fraction of reads mapped read2 = 0.805392478323
INFO 	2016-04-06 13:51:53 	[post_mapping_statistics] 	number of pairs in which both read1 and read2 are mapped = 174808581
INFO 	2016-04-06 13:51:53 	[post_mapping_statistics] 	counts-to-distance slope = -1.38235185469
TIME 	2016-04-06 13:52:03 	[post_mapping_statistics] 	step time for completion (seconds) = 3381

INFO 	2016-04-06 13:52:40 	[reads_filtering] 	filtering reads based on multiple quality parameters...
INFO 	2016-04-06 13:52:40 	[reads_filtering] 	filtered reads to be used for subsequent analyses are at /users/project/4DGenome_no_backup/data/hic/samples/1317ef052_f34e98deb/results/hg38_mmtv/filtered_reads
INFO 	2016-04-06 13:52:40 	[reads_filtering] 	excluded reads due to dangling ends are at /users/project/4DGenome_no_backup/data/hic/samples/1317ef052_f34e98deb/results/hg38_mmtv/excluded_reads/dangling_ends
INFO 	2016-04-06 13:52:40 	[reads_filtering] 	excluded reads due to self circle are at /users/project/4DGenome_no_backup/data/hic/samples/1317ef052_f34e98deb/results/hg38_mmtv/excluded_reads/self_circle
INFO 	2016-04-06 13:52:40 	[reads_filtering] 	summary of excluded reads at /users/project/4DGenome_no_backup/data/hic/samples/1317ef052_f34e98deb/results/hg38_mmtv/excluded_reads/summary_excluded_per_filter
INFO 	2016-04-06 14:22:21 	[reads_filtering] 	numbers and fractions of filtered and excluded reads added to the metadata
TIME 	2016-04-06 14:23:37 	[reads_filtering] 	step time for completion (seconds) = 1885

INFO 	2016-04-06 14:23:39 	[post_filtering_statistics] 	generating post filtering descriptive statistics plots... saved at /users/project/4DGenome_no_backup/data/hic/samples/1317ef052_f34e98deb/plots/hg38_mmtv/post_filtering_statistics:
INFO 	2016-04-06 14:23:39 	[post_filtering_statistics] 	- filtered reads: sequencing coverage along chromosomes, coverage values and interaction matrix
INFO 	2016-04-06 14:23:39 	[post_filtering_statistics] 	- dangling ends: sequencing coverage along chromosomes and coverage values
INFO 	2016-04-06 14:23:39 	[post_filtering_statistics] 	- self-circle ends: sequencing coverage along chromosomes and coverage values
TIME 	2016-04-06 14:43:11 	[post_filtering_statistics] 	step time for completion (seconds) = 1172

INFO 	2016-04-06 14:43:13 	[index_contacts] 	indexing /users/project/4DGenome_no_backup/data/hic/samples/1317ef052_f34e98deb/results/hg38_mmtv/filtered_reads/*filtered_map.tsv
TIME 	2016-04-06 15:13:53 	[index_contacts] 	step time for completion (seconds) = 1840

INFO 	2016-04-06 15:13:55 	[map_to_bam] 	converting MAP to BAM
[bam_sort_core] merging from 94 files...
TIME 	2016-04-06 17:19:11 	[map_to_bam] 	step time for completion (seconds) = 7516

INFO 	2016-04-06 17:19:36 	[downstream_bam] 	perform several downstream analyses
TIME 	2016-04-07 04:25:19 	[downstream_bam] 	step time for completion (seconds) = 39943

INFO 	2016-04-07 04:25:20 	[clean_up] 	deleting the following intermediate files/directories:
INFO 	2016-04-07 04:25:20 	[clean_up] 	/users/project/4DGenome_no_backup/data/hic/samples/1317ef052_f34e98deb/fastqs_processed
INFO 	2016-04-07 04:25:20 	[clean_up] 	/users/project/4DGenome_no_backup/data/hic/samples/1317ef052_f34e98deb/mapped_reads
TIME 	2016-04-07 04:25:21 	[clean_up] 	step time for completion (seconds) = 1


