
INFO 	2016-04-14 09:51:02 	[preliminary_checks] 	b742f3789_07f2a2a5c found in /users/project/4DGenome/data/4DGenome_metadata.db
INFO 	2016-04-14 09:51:02 	[preliminary_checks] 	data for b742f3789_07f2a2a5c will be stored at /users/project/4DGenome_no_backup/data/hic/samples/b742f3789_07f2a2a5c
INFO 	2016-04-14 09:52:07 	[preliminary_checks] 	paths to read1 and read2 saved to metadata database
INFO 	2016-04-14 09:52:08 	[preliminary_checks] 	Sequencing index added as part of the metadata agrees with that observed in the FASTQ file
INFO 	2016-04-14 09:52:09 	[preliminary_checks] 	read length added as part of the metadata agrees with that observed in the FASTQ file
INFO 	2016-04-14 09:52:09 	[preliminary_checks] 	genome reference FASTA file found at /users/GR/mb/jquilez/assemblies/mus_musculus/mm10/ucsc/mm10.fa
INFO 	2016-04-14 09:52:26 	[preliminary_checks] 	paths to reference FASTA saved to metadata database
TIME 	2016-04-14 09:52:26 	[preliminary_checks] 	step time for completion (seconds) = 85

INFO 	2016-04-14 09:52:28 	[raw_fastqs_quality_plots] 	restriction enzyme = DpnII
INFO 	2016-04-14 09:52:28 	[raw_fastqs_quality_plots] 	a subset of 100000 reds will be used to generate the quality plots
INFO 	2016-04-14 09:52:28 	[raw_fastqs_quality_plots] 	making quality plots of the raw FASTQ files... plots saved at /users/project/4DGenome_no_backup/data/hic/samples/b742f3789_07f2a2a5c/plots/mm10/raw_fastqs_quality_plots
INFO 	2016-04-14 09:52:49 	[raw_fastqs_quality_plots] 	percentages of dangling ends and ligated sites in read1 and read2 saved to metadata database
TIME 	2016-04-14 09:52:49 	[raw_fastqs_quality_plots] 	step time for completion (seconds) = 22

INFO 	2016-04-14 09:52:50 	[trim_reads_trimmomatic] 	sequencing type = PE
INFO 	2016-04-14 09:52:50 	[trim_reads_trimmomatic] 	trimming TruSeq3 adapter sequences for HiSeq, NextSeq or HiSeq
INFO 	2016-04-14 09:52:50 	[trim_reads_trimmomatic] 	trimming low-quality reads ends using trimmomatic's recommended practices
INFO 	2016-04-14 10:17:34 	[trim_reads_trimmomatic] 	parse step log to extract generated metadata
INFO 	2016-04-14 10:17:34 	[trim_reads_trimmomatic] 	reads after trimming = 70905021
INFO 	2016-04-14 10:18:17 	[trim_reads_trimmomatic] 	trimmomatic parameters and numbe of trimmed reads added to metadata
INFO 	2016-04-14 10:18:17 	[trim_reads_trimmomatic] 	trimmed reads are in /users/project/4DGenome_no_backup/data/hic/samples/b742f3789_07f2a2a5c/fastqs_processed/trimmomatic/paired_end
INFO 	2016-04-14 10:18:17 	[trim_reads_trimmomatic] 	unpaired reads are deleted
TIME 	2016-04-14 10:18:17 	[trim_reads_trimmomatic] 	step time for completion (seconds) = 1527

INFO 	2016-04-14 10:18:33 	[align_and_merge] 	species = Mus_musculus
INFO 	2016-04-14 10:18:33 	[align_and_merge] 	assembly version = mm10
INFO 	2016-04-14 10:18:33 	[align_and_merge] 	restriction enzyme = DpnII
INFO 	2016-04-14 10:18:33 	[align_and_merge] 	read length = 76
INFO 	2016-04-14 10:18:33 	[align_and_merge] 	genome reference FASTA file found at /users/GR/mb/jquilez/assemblies/mus_musculus/mm10/ucsc/mm10.fa
INFO 	2016-04-14 10:18:33 	[align_and_merge] 	mapping, processing reads according to restriction enzyme fragments and merging aligments for read1 and read2...
INFO 	2016-04-14 12:57:55 	[align_and_merge] 	output saved in /users/project/4DGenome_no_backup/data/hic/samples/b742f3789_07f2a2a5c/logs/mm10/b742f3789_07f2a2a5c_align_and_merge_paired_end.log
TIME 	2016-04-14 12:58:33 	[align_and_merge] 	step time for completion (seconds) = 9611

INFO 	2016-04-14 12:58:37 	[post_mapping_statistics] 	generating post mapping descriptive statistics plots...
INFO 	2016-04-14 13:13:14 	[post_mapping_statistics] 	fraction of reads mapped read1 = 0.824397203126
INFO 	2016-04-14 13:13:14 	[post_mapping_statistics] 	fraction of reads mapped read2 = 0.800342700695
INFO 	2016-04-14 13:13:14 	[post_mapping_statistics] 	number of pairs in which both read1 and read2 are mapped = 45453799
INFO 	2016-04-14 13:13:14 	[post_mapping_statistics] 	counts-to-distance slope = -1.00886366073
TIME 	2016-04-14 13:13:21 	[post_mapping_statistics] 	step time for completion (seconds) = 884

INFO 	2016-04-14 13:13:30 	[reads_filtering] 	filtering reads based on multiple quality parameters...
INFO 	2016-04-14 13:13:30 	[reads_filtering] 	filtered reads to be used for subsequent analyses are at /users/project/4DGenome_no_backup/data/hic/samples/b742f3789_07f2a2a5c/results/mm10/filtered_reads
INFO 	2016-04-14 13:13:30 	[reads_filtering] 	excluded reads due to dangling ends are at /users/project/4DGenome_no_backup/data/hic/samples/b742f3789_07f2a2a5c/results/mm10/excluded_reads/dangling_ends
INFO 	2016-04-14 13:13:30 	[reads_filtering] 	excluded reads due to self circle are at /users/project/4DGenome_no_backup/data/hic/samples/b742f3789_07f2a2a5c/results/mm10/excluded_reads/self_circle
INFO 	2016-04-14 13:13:30 	[reads_filtering] 	summary of excluded reads at /users/project/4DGenome_no_backup/data/hic/samples/b742f3789_07f2a2a5c/results/mm10/excluded_reads/summary_excluded_per_filter
INFO 	2016-04-14 13:20:26 	[reads_filtering] 	numbers and fractions of filtered and excluded reads added to the metadata
TIME 	2016-04-14 13:21:09 	[reads_filtering] 	step time for completion (seconds) = 466

INFO 	2016-04-14 13:21:11 	[post_filtering_statistics] 	generating post filtering descriptive statistics plots... saved at /users/project/4DGenome_no_backup/data/hic/samples/b742f3789_07f2a2a5c/plots/mm10/post_filtering_statistics:
INFO 	2016-04-14 13:21:11 	[post_filtering_statistics] 	- filtered reads: sequencing coverage along chromosomes, coverage values and interaction matrix
INFO 	2016-04-14 13:21:11 	[post_filtering_statistics] 	- dangling ends: sequencing coverage along chromosomes and coverage values
INFO 	2016-04-14 13:21:11 	[post_filtering_statistics] 	- self-circle ends: sequencing coverage along chromosomes and coverage values
TIME 	2016-04-14 13:30:25 	[post_filtering_statistics] 	step time for completion (seconds) = 554

INFO 	2016-04-14 13:30:27 	[index_contacts] 	indexing /users/project/4DGenome_no_backup/data/hic/samples/b742f3789_07f2a2a5c/results/mm10/filtered_reads/*filtered_map.tsv
TIME 	2016-04-14 13:45:10 	[index_contacts] 	step time for completion (seconds) = 883

INFO 	2016-04-14 13:45:12 	[map_to_bam] 	converting MAP to BAM
[bam_sort_core] merging from 26 files...
TIME 	2016-04-14 14:18:32 	[map_to_bam] 	step time for completion (seconds) = 2000

INFO 	2016-04-14 14:18:43 	[downstream_bam] 	perform several downstream analyses
/usr/share/univage/soldierantcluster/spool/node-hp0204/job_scripts/2269731: line 747: 20351 Segmentation fault      (core dumped) $python $SCRIPTS/tadbit_after_bam.py $ibam $flag_excluded $flag_included $flag_perzero $DOWNSTREAM/${sample_id}_ $slots $resolution_ab $resolution_tad &>$step_log
TIME 	2016-04-14 22:40:57 	[downstream_bam] 	step time for completion (seconds) = 30134

INFO 	2016-04-14 22:40:59 	[clean_up] 	deleting the following intermediate files/directories:
INFO 	2016-04-14 22:40:59 	[clean_up] 	/users/project/4DGenome_no_backup/data/hic/samples/b742f3789_07f2a2a5c/fastqs_processed
INFO 	2016-04-14 22:40:59 	[clean_up] 	/users/project/4DGenome_no_backup/data/hic/samples/b742f3789_07f2a2a5c/mapped_reads
TIME 	2016-04-14 22:41:03 	[clean_up] 	step time for completion (seconds) = 4


