
INFO 	2016-04-13 10:04:28 	[preliminary_checks] 	dc3a1e069_92b2943b1 found in /users/project/4DGenome/data/4DGenome_metadata.db
INFO 	2016-04-13 10:04:28 	[preliminary_checks] 	data for dc3a1e069_92b2943b1 will be stored at /users/project/4DGenome_no_backup/data/hic/samples/dc3a1e069_92b2943b1
INFO 	2016-04-13 10:05:22 	[preliminary_checks] 	paths to read1 and read2 saved to metadata database
INFO 	2016-04-13 10:05:23 	[preliminary_checks] 	Sequencing index added as part of the metadata agrees with that observed in the FASTQ file
INFO 	2016-04-13 10:05:25 	[preliminary_checks] 	read length added as part of the metadata agrees with that observed in the FASTQ file
INFO 	2016-04-13 10:05:25 	[preliminary_checks] 	genome reference FASTA file found at /users/GR/mb/jquilez/assemblies/homo_sapiens/hg38_mmtv/ucsc/hg38_mmtv.fa
INFO 	2016-04-13 10:05:56 	[preliminary_checks] 	paths to reference FASTA saved to metadata database
TIME 	2016-04-13 10:05:56 	[preliminary_checks] 	step time for completion (seconds) = 89

INFO 	2016-04-13 10:05:59 	[raw_fastqs_quality_plots] 	restriction enzyme = DpnII
INFO 	2016-04-13 10:05:59 	[raw_fastqs_quality_plots] 	a subset of 100000 reds will be used to generate the quality plots
INFO 	2016-04-13 10:05:59 	[raw_fastqs_quality_plots] 	making quality plots of the raw FASTQ files... plots saved at /users/project/4DGenome_no_backup/data/hic/samples/dc3a1e069_92b2943b1/plots/hg38_mmtv/raw_fastqs_quality_plots
INFO 	2016-04-13 10:06:20 	[raw_fastqs_quality_plots] 	percentages of dangling ends and ligated sites in read1 and read2 saved to metadata database
TIME 	2016-04-13 10:06:20 	[raw_fastqs_quality_plots] 	step time for completion (seconds) = 23

INFO 	2016-04-13 10:06:22 	[trim_reads_trimmomatic] 	sequencing type = PE
INFO 	2016-04-13 10:06:22 	[trim_reads_trimmomatic] 	trimming TruSeq3 adapter sequences for HiSeq, NextSeq or HiSeq
INFO 	2016-04-13 10:06:22 	[trim_reads_trimmomatic] 	trimming low-quality reads ends using trimmomatic's recommended practices
INFO 	2016-04-13 10:17:50 	[trim_reads_trimmomatic] 	parse step log to extract generated metadata
INFO 	2016-04-13 10:17:50 	[trim_reads_trimmomatic] 	reads after trimming = 29764817
INFO 	2016-04-13 10:18:12 	[trim_reads_trimmomatic] 	trimmomatic parameters and numbe of trimmed reads added to metadata
INFO 	2016-04-13 10:18:12 	[trim_reads_trimmomatic] 	trimmed reads are in /users/project/4DGenome_no_backup/data/hic/samples/dc3a1e069_92b2943b1/fastqs_processed/trimmomatic/paired_end
INFO 	2016-04-13 10:18:12 	[trim_reads_trimmomatic] 	unpaired reads are deleted
TIME 	2016-04-13 10:18:12 	[trim_reads_trimmomatic] 	step time for completion (seconds) = 710

INFO 	2016-04-13 10:18:19 	[align_and_merge] 	species = Homo_sapiens
INFO 	2016-04-13 10:18:19 	[align_and_merge] 	assembly version = hg38_mmtv
INFO 	2016-04-13 10:18:19 	[align_and_merge] 	restriction enzyme = DpnII
INFO 	2016-04-13 10:18:19 	[align_and_merge] 	read length = 100
INFO 	2016-04-13 10:18:19 	[align_and_merge] 	genome reference FASTA file found at /users/GR/mb/jquilez/assemblies/homo_sapiens/hg38_mmtv/ucsc/hg38_mmtv.fa
INFO 	2016-04-13 10:18:19 	[align_and_merge] 	mapping, processing reads according to restriction enzyme fragments and merging aligments for read1 and read2...
INFO 	2016-04-13 11:25:54 	[align_and_merge] 	output saved in /users/project/4DGenome_no_backup/data/hic/samples/dc3a1e069_92b2943b1/logs/hg38_mmtv/dc3a1e069_92b2943b1_align_and_merge_paired_end.log
TIME 	2016-04-13 11:26:14 	[align_and_merge] 	step time for completion (seconds) = 4080

INFO 	2016-04-13 11:26:28 	[post_mapping_statistics] 	generating post mapping descriptive statistics plots...
INFO 	2016-04-13 11:32:10 	[post_mapping_statistics] 	fraction of reads mapped read1 = 0.756737257951
INFO 	2016-04-13 11:32:10 	[post_mapping_statistics] 	fraction of reads mapped read2 = 0.636895802181
INFO 	2016-04-13 11:32:10 	[post_mapping_statistics] 	number of pairs in which both read1 and read2 are mapped = 14929390
INFO 	2016-04-13 11:32:11 	[post_mapping_statistics] 	counts-to-distance slope = -1.25610537494
TIME 	2016-04-13 11:32:20 	[post_mapping_statistics] 	step time for completion (seconds) = 352

INFO 	2016-04-13 11:32:24 	[reads_filtering] 	filtering reads based on multiple quality parameters...
INFO 	2016-04-13 11:32:24 	[reads_filtering] 	filtered reads to be used for subsequent analyses are at /users/project/4DGenome_no_backup/data/hic/samples/dc3a1e069_92b2943b1/results/hg38_mmtv/filtered_reads
INFO 	2016-04-13 11:32:24 	[reads_filtering] 	excluded reads due to dangling ends are at /users/project/4DGenome_no_backup/data/hic/samples/dc3a1e069_92b2943b1/results/hg38_mmtv/excluded_reads/dangling_ends
INFO 	2016-04-13 11:32:24 	[reads_filtering] 	excluded reads due to self circle are at /users/project/4DGenome_no_backup/data/hic/samples/dc3a1e069_92b2943b1/results/hg38_mmtv/excluded_reads/self_circle
INFO 	2016-04-13 11:32:24 	[reads_filtering] 	summary of excluded reads at /users/project/4DGenome_no_backup/data/hic/samples/dc3a1e069_92b2943b1/results/hg38_mmtv/excluded_reads/summary_excluded_per_filter
INFO 	2016-04-13 11:34:58 	[reads_filtering] 	numbers and fractions of filtered and excluded reads added to the metadata
TIME 	2016-04-13 11:35:09 	[reads_filtering] 	step time for completion (seconds) = 168

INFO 	2016-04-13 11:35:10 	[post_filtering_statistics] 	generating post filtering descriptive statistics plots... saved at /users/project/4DGenome_no_backup/data/hic/samples/dc3a1e069_92b2943b1/plots/hg38_mmtv/post_filtering_statistics:
INFO 	2016-04-13 11:35:10 	[post_filtering_statistics] 	- filtered reads: sequencing coverage along chromosomes, coverage values and interaction matrix
INFO 	2016-04-13 11:35:10 	[post_filtering_statistics] 	- dangling ends: sequencing coverage along chromosomes and coverage values
INFO 	2016-04-13 11:35:10 	[post_filtering_statistics] 	- self-circle ends: sequencing coverage along chromosomes and coverage values
TIME 	2016-04-13 11:39:24 	[post_filtering_statistics] 	step time for completion (seconds) = 254

INFO 	2016-04-13 11:39:26 	[index_contacts] 	indexing /users/project/4DGenome_no_backup/data/hic/samples/dc3a1e069_92b2943b1/results/hg38_mmtv/filtered_reads/*filtered_map.tsv
TIME 	2016-04-13 11:44:24 	[index_contacts] 	step time for completion (seconds) = 298

INFO 	2016-04-13 11:44:27 	[map_to_bam] 	converting MAP to BAM
[bam_sort_core] merging from 8 files...
TIME 	2016-04-13 11:55:29 	[map_to_bam] 	step time for completion (seconds) = 662

INFO 	2016-04-13 11:55:31 	[downstream_bam] 	perform several downstream analyses
/usr/share/univage/soldierantcluster/spool/node-hp0104/job_scripts/2269580: line 747: 33181 Segmentation fault      (core dumped) $python $SCRIPTS/tadbit_after_bam.py $ibam $flag_excluded $flag_included $flag_perzero $DOWNSTREAM/${sample_id}_ $slots $resolution_ab $resolution_tad &>$step_log
TIME 	2016-04-13 16:49:43 	[downstream_bam] 	step time for completion (seconds) = 17652

INFO 	2016-04-13 16:49:45 	[clean_up] 	deleting the following intermediate files/directories:
INFO 	2016-04-13 16:49:45 	[clean_up] 	/users/project/4DGenome_no_backup/data/hic/samples/dc3a1e069_92b2943b1/fastqs_processed
INFO 	2016-04-13 16:49:45 	[clean_up] 	/users/project/4DGenome_no_backup/data/hic/samples/dc3a1e069_92b2943b1/mapped_reads
TIME 	2016-04-13 16:49:49 	[clean_up] 	step time for completion (seconds) = 4


