
INFO 	2016-04-15 13:32:30 	[preliminary_checks] 	e4aa8d54f_467f847a2 found in /users/project/4DGenome/data/4DGenome_metadata.db
INFO 	2016-04-15 13:32:30 	[preliminary_checks] 	data for e4aa8d54f_467f847a2 will be stored at /users/project/4DGenome_no_backup/data/hic/samples/e4aa8d54f_467f847a2
INFO 	2016-04-15 13:37:34 	[preliminary_checks] 	paths to read1 and read2 saved to metadata database
INFO 	2016-04-15 13:37:36 	[preliminary_checks] 	Sequencing index added as part of the metadata agrees with that observed in the FASTQ file
INFO 	2016-04-15 13:37:37 	[preliminary_checks] 	read length added as part of the metadata agrees with that observed in the FASTQ file
INFO 	2016-04-15 13:37:37 	[preliminary_checks] 	genome reference FASTA file found at /users/GR/mb/jquilez/assemblies/homo_sapiens/hg38_mmtv/ucsc/hg38_mmtv.fa
INFO 	2016-04-15 13:38:09 	[preliminary_checks] 	paths to reference FASTA saved to metadata database
TIME 	2016-04-15 13:38:09 	[preliminary_checks] 	step time for completion (seconds) = 341

INFO 	2016-04-15 13:38:12 	[raw_fastqs_quality_plots] 	restriction enzyme = DpnII
INFO 	2016-04-15 13:38:13 	[raw_fastqs_quality_plots] 	a subset of 100000 reds will be used to generate the quality plots
INFO 	2016-04-15 13:38:13 	[raw_fastqs_quality_plots] 	making quality plots of the raw FASTQ files... plots saved at /users/project/4DGenome_no_backup/data/hic/samples/e4aa8d54f_467f847a2/plots/hg38_mmtv/raw_fastqs_quality_plots
INFO 	2016-04-15 13:38:32 	[raw_fastqs_quality_plots] 	percentages of dangling ends and ligated sites in read1 and read2 saved to metadata database
TIME 	2016-04-15 13:38:32 	[raw_fastqs_quality_plots] 	step time for completion (seconds) = 21

INFO 	2016-04-15 13:38:34 	[trim_reads_trimmomatic] 	sequencing type = PE
INFO 	2016-04-15 13:38:34 	[trim_reads_trimmomatic] 	trimming TruSeq3 adapter sequences for HiSeq, NextSeq or HiSeq
INFO 	2016-04-15 13:38:34 	[trim_reads_trimmomatic] 	trimming low-quality reads ends using trimmomatic's recommended practices
INFO 	2016-04-15 15:17:31 	[trim_reads_trimmomatic] 	parse step log to extract generated metadata
INFO 	2016-04-15 15:17:31 	[trim_reads_trimmomatic] 	reads after trimming = 272267540
INFO 	2016-04-15 15:18:11 	[trim_reads_trimmomatic] 	trimmomatic parameters and numbe of trimmed reads added to metadata
INFO 	2016-04-15 15:18:11 	[trim_reads_trimmomatic] 	trimmed reads are in /users/project/4DGenome_no_backup/data/hic/samples/e4aa8d54f_467f847a2/fastqs_processed/trimmomatic/paired_end
INFO 	2016-04-15 15:18:11 	[trim_reads_trimmomatic] 	unpaired reads are deleted
TIME 	2016-04-15 15:18:11 	[trim_reads_trimmomatic] 	step time for completion (seconds) = 5977

INFO 	2016-04-15 15:18:22 	[align_and_merge] 	species = Homo_sapiens
INFO 	2016-04-15 15:18:22 	[align_and_merge] 	assembly version = hg38_mmtv
INFO 	2016-04-15 15:18:22 	[align_and_merge] 	restriction enzyme = DpnII
INFO 	2016-04-15 15:18:22 	[align_and_merge] 	read length = 75
INFO 	2016-04-15 15:18:22 	[align_and_merge] 	genome reference FASTA file found at /users/GR/mb/jquilez/assemblies/homo_sapiens/hg38_mmtv/ucsc/hg38_mmtv.fa
INFO 	2016-04-15 15:18:22 	[align_and_merge] 	mapping, processing reads according to restriction enzyme fragments and merging aligments for read1 and read2...
INFO 	2016-04-16 04:17:27 	[align_and_merge] 	output saved in /users/project/4DGenome_no_backup/data/hic/samples/e4aa8d54f_467f847a2/logs/hg38_mmtv/e4aa8d54f_467f847a2_align_and_merge_paired_end.log
TIME 	2016-04-16 04:21:05 	[align_and_merge] 	step time for completion (seconds) = 46972

INFO 	2016-04-16 04:21:19 	[post_mapping_statistics] 	generating post mapping descriptive statistics plots...
INFO 	2016-04-16 05:16:07 	[post_mapping_statistics] 	fraction of reads mapped read1 = 0.892744779638
INFO 	2016-04-16 05:16:07 	[post_mapping_statistics] 	fraction of reads mapped read2 = 0.871478223221
INFO 	2016-04-16 05:16:07 	[post_mapping_statistics] 	number of pairs in which both read1 and read2 are mapped = 195140106
INFO 	2016-04-16 05:16:07 	[post_mapping_statistics] 	counts-to-distance slope = -1.25258056481
TIME 	2016-04-16 05:16:18 	[post_mapping_statistics] 	step time for completion (seconds) = 3299

INFO 	2016-04-16 05:16:49 	[reads_filtering] 	filtering reads based on multiple quality parameters...
INFO 	2016-04-16 05:16:49 	[reads_filtering] 	filtered reads to be used for subsequent analyses are at /users/project/4DGenome_no_backup/data/hic/samples/e4aa8d54f_467f847a2/results/hg38_mmtv/filtered_reads
INFO 	2016-04-16 05:16:49 	[reads_filtering] 	excluded reads due to dangling ends are at /users/project/4DGenome_no_backup/data/hic/samples/e4aa8d54f_467f847a2/results/hg38_mmtv/excluded_reads/dangling_ends
INFO 	2016-04-16 05:16:49 	[reads_filtering] 	excluded reads due to self circle are at /users/project/4DGenome_no_backup/data/hic/samples/e4aa8d54f_467f847a2/results/hg38_mmtv/excluded_reads/self_circle
INFO 	2016-04-16 05:16:49 	[reads_filtering] 	summary of excluded reads at /users/project/4DGenome_no_backup/data/hic/samples/e4aa8d54f_467f847a2/results/hg38_mmtv/excluded_reads/summary_excluded_per_filter
INFO 	2016-04-16 05:45:55 	[reads_filtering] 	numbers and fractions of filtered and excluded reads added to the metadata
TIME 	2016-04-16 05:49:22 	[reads_filtering] 	step time for completion (seconds) = 1983

INFO 	2016-04-16 05:49:24 	[post_filtering_statistics] 	generating post filtering descriptive statistics plots... saved at /users/project/4DGenome_no_backup/data/hic/samples/e4aa8d54f_467f847a2/plots/hg38_mmtv/post_filtering_statistics:
INFO 	2016-04-16 05:49:24 	[post_filtering_statistics] 	- filtered reads: sequencing coverage along chromosomes, coverage values and interaction matrix
INFO 	2016-04-16 05:49:24 	[post_filtering_statistics] 	- dangling ends: sequencing coverage along chromosomes and coverage values
INFO 	2016-04-16 05:49:24 	[post_filtering_statistics] 	- self-circle ends: sequencing coverage along chromosomes and coverage values
TIME 	2016-04-16 06:26:04 	[post_filtering_statistics] 	step time for completion (seconds) = 2200

INFO 	2016-04-16 06:26:10 	[index_contacts] 	indexing /users/project/4DGenome_no_backup/data/hic/samples/e4aa8d54f_467f847a2/results/hg38_mmtv/filtered_reads/*filtered_map.tsv
TIME 	2016-04-16 07:34:28 	[index_contacts] 	step time for completion (seconds) = 4098

INFO 	2016-04-16 07:34:56 	[map_to_bam] 	converting MAP to BAM
[bam_sort_core] merging from 111 files...
TIME 	2016-04-16 09:59:22 	[map_to_bam] 	step time for completion (seconds) = 8666

INFO 	2016-04-16 09:59:33 	[downstream_bam] 	perform several downstream analyses
TIME 	2016-04-16 22:52:22 	[downstream_bam] 	step time for completion (seconds) = 46369

INFO 	2016-04-16 22:52:23 	[clean_up] 	deleting the following intermediate files/directories:
INFO 	2016-04-16 22:52:23 	[clean_up] 	/users/project/4DGenome_no_backup/data/hic/samples/e4aa8d54f_467f847a2/fastqs_processed
INFO 	2016-04-16 22:52:23 	[clean_up] 	/users/project/4DGenome_no_backup/data/hic/samples/e4aa8d54f_467f847a2/mapped_reads
TIME 	2016-04-16 22:52:24 	[clean_up] 	step time for completion (seconds) = 1


