
INFO 	2016-04-06 18:21:44 	[preliminary_checks] 	fc3e8b36a_761b84fec found in /users/project/4DGenome/data/4DGenome_metadata.db
INFO 	2016-04-06 18:21:44 	[preliminary_checks] 	data for fc3e8b36a_761b84fec will be stored at /users/project/4DGenome_no_backup/data/hic/samples/fc3e8b36a_761b84fec
INFO 	2016-04-06 18:23:42 	[preliminary_checks] 	paths to read1 and read2 saved to metadata database
WARN 	2016-04-06 18:23:44 	[preliminary_checks] 	Sequencing index added as part of the metadata does not agree with that observed in the FASTQ file
INFO 	2016-04-06 18:23:46 	[preliminary_checks] 	read length added as part of the metadata agrees with that observed in the FASTQ file
INFO 	2016-04-06 18:23:46 	[preliminary_checks] 	genome reference FASTA file found at /users/GR/mb/jquilez/assemblies/mus_musculus/mm10/ucsc/mm10.fa
INFO 	2016-04-06 18:23:59 	[preliminary_checks] 	paths to reference FASTA saved to metadata database
TIME 	2016-04-06 18:23:59 	[preliminary_checks] 	step time for completion (seconds) = 137

INFO 	2016-04-06 18:24:03 	[raw_fastqs_quality_plots] 	restriction enzyme = DpnII
INFO 	2016-04-06 18:24:03 	[raw_fastqs_quality_plots] 	a subset of 100000 reds will be used to generate the quality plots
INFO 	2016-04-06 18:24:03 	[raw_fastqs_quality_plots] 	making quality plots of the raw FASTQ files... plots saved at /users/project/4DGenome_no_backup/data/hic/samples/fc3e8b36a_761b84fec/plots/mm10/raw_fastqs_quality_plots
INFO 	2016-04-06 18:24:23 	[raw_fastqs_quality_plots] 	percentages of dangling ends and ligated sites in read1 and read2 saved to metadata database
TIME 	2016-04-06 18:24:23 	[raw_fastqs_quality_plots] 	step time for completion (seconds) = 22

INFO 	2016-04-06 18:24:24 	[trim_reads_trimmomatic] 	sequencing type = PE
INFO 	2016-04-06 18:24:24 	[trim_reads_trimmomatic] 	trimming TruSeq3 adapter sequences for HiSeq, NextSeq or HiSeq
INFO 	2016-04-06 18:24:24 	[trim_reads_trimmomatic] 	trimming low-quality reads ends using trimmomatic's recommended practices
INFO 	2016-04-06 18:53:09 	[trim_reads_trimmomatic] 	parse step log to extract generated metadata
INFO 	2016-04-06 18:53:09 	[trim_reads_trimmomatic] 	reads after trimming = 75566409
INFO 	2016-04-06 18:53:44 	[trim_reads_trimmomatic] 	trimmomatic parameters and numbe of trimmed reads added to metadata
INFO 	2016-04-06 18:53:44 	[trim_reads_trimmomatic] 	trimmed reads are in /users/project/4DGenome_no_backup/data/hic/samples/fc3e8b36a_761b84fec/fastqs_processed/trimmomatic/paired_end
INFO 	2016-04-06 18:53:44 	[trim_reads_trimmomatic] 	unpaired reads are deleted
TIME 	2016-04-06 18:53:44 	[trim_reads_trimmomatic] 	step time for completion (seconds) = 1760

INFO 	2016-04-06 18:53:50 	[align_and_merge] 	species = Mus_musculus
INFO 	2016-04-06 18:53:50 	[align_and_merge] 	assembly version = mm10
INFO 	2016-04-06 18:53:50 	[align_and_merge] 	restriction enzyme = DpnII
INFO 	2016-04-06 18:53:50 	[align_and_merge] 	read length = 76
INFO 	2016-04-06 18:53:50 	[align_and_merge] 	genome reference FASTA file found at /users/GR/mb/jquilez/assemblies/mus_musculus/mm10/ucsc/mm10.fa
INFO 	2016-04-06 18:53:50 	[align_and_merge] 	mapping, processing reads according to restriction enzyme fragments and merging aligments for read1 and read2...
INFO 	2016-04-06 21:44:17 	[align_and_merge] 	output saved in /users/project/4DGenome_no_backup/data/hic/samples/fc3e8b36a_761b84fec/logs/mm10/fc3e8b36a_761b84fec_align_and_merge_paired_end.log
TIME 	2016-04-06 21:44:47 	[align_and_merge] 	step time for completion (seconds) = 10261

INFO 	2016-04-06 21:44:54 	[post_mapping_statistics] 	generating post mapping descriptive statistics plots...
INFO 	2016-04-06 21:57:53 	[post_mapping_statistics] 	fraction of reads mapped read1 = 0.762505414277
INFO 	2016-04-06 21:57:53 	[post_mapping_statistics] 	fraction of reads mapped read2 = 0.739226896438
INFO 	2016-04-06 21:57:53 	[post_mapping_statistics] 	number of pairs in which both read1 and read2 are mapped = 41477441
INFO 	2016-04-06 21:57:53 	[post_mapping_statistics] 	counts-to-distance slope = -1.24453687677
TIME 	2016-04-06 21:58:00 	[post_mapping_statistics] 	step time for completion (seconds) = 786

INFO 	2016-04-06 21:58:09 	[reads_filtering] 	filtering reads based on multiple quality parameters...
INFO 	2016-04-06 21:58:09 	[reads_filtering] 	filtered reads to be used for subsequent analyses are at /users/project/4DGenome_no_backup/data/hic/samples/fc3e8b36a_761b84fec/results/mm10/filtered_reads
INFO 	2016-04-06 21:58:09 	[reads_filtering] 	excluded reads due to dangling ends are at /users/project/4DGenome_no_backup/data/hic/samples/fc3e8b36a_761b84fec/results/mm10/excluded_reads/dangling_ends
INFO 	2016-04-06 21:58:09 	[reads_filtering] 	excluded reads due to self circle are at /users/project/4DGenome_no_backup/data/hic/samples/fc3e8b36a_761b84fec/results/mm10/excluded_reads/self_circle
INFO 	2016-04-06 21:58:09 	[reads_filtering] 	summary of excluded reads at /users/project/4DGenome_no_backup/data/hic/samples/fc3e8b36a_761b84fec/results/mm10/excluded_reads/summary_excluded_per_filter
INFO 	2016-04-06 22:04:27 	[reads_filtering] 	numbers and fractions of filtered and excluded reads added to the metadata
TIME 	2016-04-06 22:05:09 	[reads_filtering] 	step time for completion (seconds) = 427

INFO 	2016-04-06 22:05:11 	[post_filtering_statistics] 	generating post filtering descriptive statistics plots... saved at /users/project/4DGenome_no_backup/data/hic/samples/fc3e8b36a_761b84fec/plots/mm10/post_filtering_statistics:
INFO 	2016-04-06 22:05:11 	[post_filtering_statistics] 	- filtered reads: sequencing coverage along chromosomes, coverage values and interaction matrix
INFO 	2016-04-06 22:05:11 	[post_filtering_statistics] 	- dangling ends: sequencing coverage along chromosomes and coverage values
INFO 	2016-04-06 22:05:11 	[post_filtering_statistics] 	- self-circle ends: sequencing coverage along chromosomes and coverage values
TIME 	2016-04-06 22:14:35 	[post_filtering_statistics] 	step time for completion (seconds) = 564

INFO 	2016-04-06 22:14:37 	[index_contacts] 	indexing /users/project/4DGenome_no_backup/data/hic/samples/fc3e8b36a_761b84fec/results/mm10/filtered_reads/*filtered_map.tsv
TIME 	2016-04-06 22:29:56 	[index_contacts] 	step time for completion (seconds) = 919

INFO 	2016-04-06 22:30:01 	[map_to_bam] 	converting MAP to BAM
[bam_sort_core] merging from 24 files...
TIME 	2016-04-06 23:01:13 	[map_to_bam] 	step time for completion (seconds) = 1872

INFO 	2016-04-06 23:01:16 	[downstream_bam] 	perform several downstream analyses
/usr/share/univage/soldierantcluster/spool/node-hp0214/job_scripts/2165430: line 747: 44206 Segmentation fault      (core dumped) $python $SCRIPTS/tadbit_after_bam.py $ibam $flag_excluded $flag_included $flag_perzero $DOWNSTREAM/${sample_id}_ $slots $resolution_ab $resolution_tad &>$step_log
TIME 	2016-04-07 06:34:40 	[downstream_bam] 	step time for completion (seconds) = 27204

INFO 	2016-04-07 06:34:41 	[clean_up] 	deleting the following intermediate files/directories:
INFO 	2016-04-07 06:34:41 	[clean_up] 	/users/project/4DGenome_no_backup/data/hic/samples/fc3e8b36a_761b84fec/fastqs_processed
INFO 	2016-04-07 06:34:42 	[clean_up] 	/users/project/4DGenome_no_backup/data/hic/samples/fc3e8b36a_761b84fec/mapped_reads
TIME 	2016-04-07 06:34:47 	[clean_up] 	step time for completion (seconds) = 6


