
INFO 	2016-04-08 13:15:18 	[preliminary_checks] 	fc3e8b36a_4ff2182a3 found in /users/project/4DGenome/data/4DGenome_metadata.db
INFO 	2016-04-08 13:15:18 	[preliminary_checks] 	data for fc3e8b36a_4ff2182a3 will be stored at /users/project/4DGenome_no_backup/data/hic/samples/fc3e8b36a_4ff2182a3
INFO 	2016-04-08 13:20:23 	[preliminary_checks] 	paths to read1 and read2 saved to metadata database
INFO 	2016-04-08 13:20:25 	[preliminary_checks] 	Sequencing index added as part of the metadata agrees with that observed in the FASTQ file
INFO 	2016-04-08 13:20:28 	[preliminary_checks] 	read length added as part of the metadata agrees with that observed in the FASTQ file
INFO 	2016-04-08 13:20:28 	[preliminary_checks] 	genome reference FASTA file found at /users/GR/mb/jquilez/assemblies/mus_musculus/mm10/ucsc/mm10.fa
INFO 	2016-04-08 13:20:42 	[preliminary_checks] 	paths to reference FASTA saved to metadata database
TIME 	2016-04-08 13:20:42 	[preliminary_checks] 	step time for completion (seconds) = 325

INFO 	2016-04-08 13:20:48 	[raw_fastqs_quality_plots] 	restriction enzyme = DpnII
INFO 	2016-04-08 13:20:48 	[raw_fastqs_quality_plots] 	a subset of 100000 reds will be used to generate the quality plots
INFO 	2016-04-08 13:20:48 	[raw_fastqs_quality_plots] 	making quality plots of the raw FASTQ files... plots saved at /users/project/4DGenome_no_backup/data/hic/samples/fc3e8b36a_4ff2182a3/plots/mm10/raw_fastqs_quality_plots
INFO 	2016-04-08 13:21:07 	[raw_fastqs_quality_plots] 	percentages of dangling ends and ligated sites in read1 and read2 saved to metadata database
TIME 	2016-04-08 13:21:07 	[raw_fastqs_quality_plots] 	step time for completion (seconds) = 23

INFO 	2016-04-08 13:21:09 	[trim_reads_trimmomatic] 	sequencing type = PE
INFO 	2016-04-08 13:21:09 	[trim_reads_trimmomatic] 	trimming TruSeq3 adapter sequences for HiSeq, NextSeq or HiSeq
INFO 	2016-04-08 13:21:09 	[trim_reads_trimmomatic] 	trimming low-quality reads ends using trimmomatic's recommended practices
INFO 	2016-04-08 15:31:07 	[trim_reads_trimmomatic] 	parse step log to extract generated metadata
INFO 	2016-04-08 15:31:07 	[trim_reads_trimmomatic] 	reads after trimming = 362833419
INFO 	2016-04-08 15:31:34 	[trim_reads_trimmomatic] 	trimmomatic parameters and numbe of trimmed reads added to metadata
INFO 	2016-04-08 15:31:34 	[trim_reads_trimmomatic] 	trimmed reads are in /users/project/4DGenome_no_backup/data/hic/samples/fc3e8b36a_4ff2182a3/fastqs_processed/trimmomatic/paired_end
INFO 	2016-04-08 15:31:34 	[trim_reads_trimmomatic] 	unpaired reads are deleted
TIME 	2016-04-08 15:31:34 	[trim_reads_trimmomatic] 	step time for completion (seconds) = 7825

INFO 	2016-04-08 15:31:42 	[align_and_merge] 	species = Mus_musculus
INFO 	2016-04-08 15:31:42 	[align_and_merge] 	assembly version = mm10
INFO 	2016-04-08 15:31:42 	[align_and_merge] 	restriction enzyme = DpnII
INFO 	2016-04-08 15:31:42 	[align_and_merge] 	read length = 76
INFO 	2016-04-08 15:31:42 	[align_and_merge] 	genome reference FASTA file found at /users/GR/mb/jquilez/assemblies/mus_musculus/mm10/ucsc/mm10.fa
INFO 	2016-04-08 15:31:42 	[align_and_merge] 	mapping, processing reads according to restriction enzyme fragments and merging aligments for read1 and read2...
INFO 	2016-04-09 06:49:41 	[align_and_merge] 	output saved in /users/project/4DGenome_no_backup/data/hic/samples/fc3e8b36a_4ff2182a3/logs/mm10/fc3e8b36a_4ff2182a3_align_and_merge_paired_end.log
TIME 	2016-04-09 06:53:49 	[align_and_merge] 	step time for completion (seconds) = 55333

INFO 	2016-04-09 06:54:13 	[post_mapping_statistics] 	generating post mapping descriptive statistics plots...
INFO 	2016-04-09 08:00:47 	[post_mapping_statistics] 	fraction of reads mapped read1 = 0.853302173359
INFO 	2016-04-09 08:00:47 	[post_mapping_statistics] 	fraction of reads mapped read2 = 0.849003470653
INFO 	2016-04-09 08:00:47 	[post_mapping_statistics] 	number of pairs in which both read1 and read2 are mapped = 235959375
INFO 	2016-04-09 08:00:47 	[post_mapping_statistics] 	counts-to-distance slope = -1.24519236087
TIME 	2016-04-09 08:01:06 	[post_mapping_statistics] 	step time for completion (seconds) = 4014

INFO 	2016-04-09 08:01:45 	[reads_filtering] 	filtering reads based on multiple quality parameters...
INFO 	2016-04-09 08:01:45 	[reads_filtering] 	filtered reads to be used for subsequent analyses are at /users/project/4DGenome_no_backup/data/hic/samples/fc3e8b36a_4ff2182a3/results/mm10/filtered_reads
INFO 	2016-04-09 08:01:45 	[reads_filtering] 	excluded reads due to dangling ends are at /users/project/4DGenome_no_backup/data/hic/samples/fc3e8b36a_4ff2182a3/results/mm10/excluded_reads/dangling_ends
INFO 	2016-04-09 08:01:45 	[reads_filtering] 	excluded reads due to self circle are at /users/project/4DGenome_no_backup/data/hic/samples/fc3e8b36a_4ff2182a3/results/mm10/excluded_reads/self_circle
INFO 	2016-04-09 08:01:45 	[reads_filtering] 	summary of excluded reads at /users/project/4DGenome_no_backup/data/hic/samples/fc3e8b36a_4ff2182a3/results/mm10/excluded_reads/summary_excluded_per_filter
INFO 	2016-04-09 08:36:08 	[reads_filtering] 	numbers and fractions of filtered and excluded reads added to the metadata
TIME 	2016-04-09 08:40:24 	[reads_filtering] 	step time for completion (seconds) = 2356

INFO 	2016-04-09 08:40:27 	[post_filtering_statistics] 	generating post filtering descriptive statistics plots... saved at /users/project/4DGenome_no_backup/data/hic/samples/fc3e8b36a_4ff2182a3/plots/mm10/post_filtering_statistics:
INFO 	2016-04-09 08:40:27 	[post_filtering_statistics] 	- filtered reads: sequencing coverage along chromosomes, coverage values and interaction matrix
INFO 	2016-04-09 08:40:27 	[post_filtering_statistics] 	- dangling ends: sequencing coverage along chromosomes and coverage values
INFO 	2016-04-09 08:40:27 	[post_filtering_statistics] 	- self-circle ends: sequencing coverage along chromosomes and coverage values
TIME 	2016-04-09 09:26:59 	[post_filtering_statistics] 	step time for completion (seconds) = 2793

INFO 	2016-04-09 09:27:08 	[index_contacts] 	indexing /users/project/4DGenome_no_backup/data/hic/samples/fc3e8b36a_4ff2182a3/results/mm10/filtered_reads/*filtered_map.tsv
TIME 	2016-04-09 10:49:44 	[index_contacts] 	step time for completion (seconds) = 4956

INFO 	2016-04-09 10:49:55 	[map_to_bam] 	converting MAP to BAM
[bam_sort_core] merging from 140 files...
TIME 	2016-04-09 13:38:51 	[map_to_bam] 	step time for completion (seconds) = 10137

INFO 	2016-04-09 13:39:03 	[downstream_bam] 	perform several downstream analyses
TIME 	2016-04-10 00:28:43 	[downstream_bam] 	step time for completion (seconds) = 38980

INFO 	2016-04-10 00:28:45 	[clean_up] 	deleting the following intermediate files/directories:
INFO 	2016-04-10 00:28:45 	[clean_up] 	/users/project/4DGenome_no_backup/data/hic/samples/fc3e8b36a_4ff2182a3/fastqs_processed
INFO 	2016-04-10 00:28:45 	[clean_up] 	/users/project/4DGenome_no_backup/data/hic/samples/fc3e8b36a_4ff2182a3/mapped_reads
TIME 	2016-04-10 00:28:45 	[clean_up] 	step time for completion (seconds) = 0


