
INFO 	2016-04-06 04:56:59 	[preliminary_checks] 	d7fd92b4c_95a8cd511 found in /users/project/4DGenome/data/4DGenome_metadata.db
INFO 	2016-04-06 04:56:59 	[preliminary_checks] 	data for d7fd92b4c_95a8cd511 will be stored at /users/project/4DGenome_no_backup/data/hic/samples/d7fd92b4c_95a8cd511
INFO 	2016-04-06 05:03:25 	[preliminary_checks] 	paths to read1 and read2 saved to metadata database
INFO 	2016-04-06 05:03:27 	[preliminary_checks] 	Sequencing index added as part of the metadata agrees with that observed in the FASTQ file
INFO 	2016-04-06 05:03:28 	[preliminary_checks] 	read length added as part of the metadata agrees with that observed in the FASTQ file
INFO 	2016-04-06 05:03:28 	[preliminary_checks] 	genome reference FASTA file found at /users/GR/mb/jquilez/assemblies/homo_sapiens/hg38_mmtv/ucsc/hg38_mmtv.fa
INFO 	2016-04-06 05:03:55 	[preliminary_checks] 	paths to reference FASTA saved to metadata database
TIME 	2016-04-06 05:03:55 	[preliminary_checks] 	step time for completion (seconds) = 417

INFO 	2016-04-06 05:03:58 	[raw_fastqs_quality_plots] 	restriction enzyme = DpnII
INFO 	2016-04-06 05:03:58 	[raw_fastqs_quality_plots] 	a subset of 100000 reds will be used to generate the quality plots
INFO 	2016-04-06 05:03:58 	[raw_fastqs_quality_plots] 	making quality plots of the raw FASTQ files... plots saved at /users/project/4DGenome_no_backup/data/hic/samples/d7fd92b4c_95a8cd511/plots/hg38_mmtv/raw_fastqs_quality_plots
INFO 	2016-04-06 05:04:25 	[raw_fastqs_quality_plots] 	percentages of dangling ends and ligated sites in read1 and read2 saved to metadata database
TIME 	2016-04-06 05:04:25 	[raw_fastqs_quality_plots] 	step time for completion (seconds) = 28

INFO 	2016-04-06 05:04:27 	[trim_reads_trimmomatic] 	sequencing type = PE
INFO 	2016-04-06 05:04:27 	[trim_reads_trimmomatic] 	trimming TruSeq3 adapter sequences for HiSeq, NextSeq or HiSeq
INFO 	2016-04-06 05:04:27 	[trim_reads_trimmomatic] 	trimming low-quality reads ends using trimmomatic's recommended practices
INFO 	2016-04-06 06:25:46 	[trim_reads_trimmomatic] 	parse step log to extract generated metadata
INFO 	2016-04-06 06:25:46 	[trim_reads_trimmomatic] 	reads after trimming = 227323913
INFO 	2016-04-06 06:26:05 	[trim_reads_trimmomatic] 	trimmomatic parameters and numbe of trimmed reads added to metadata
INFO 	2016-04-06 06:26:05 	[trim_reads_trimmomatic] 	trimmed reads are in /users/project/4DGenome_no_backup/data/hic/samples/d7fd92b4c_95a8cd511/fastqs_processed/trimmomatic/paired_end
INFO 	2016-04-06 06:26:05 	[trim_reads_trimmomatic] 	unpaired reads are deleted
TIME 	2016-04-06 06:26:06 	[trim_reads_trimmomatic] 	step time for completion (seconds) = 4899

INFO 	2016-04-06 06:26:11 	[align_and_merge] 	species = Homo_sapiens
INFO 	2016-04-06 06:26:11 	[align_and_merge] 	assembly version = hg38_mmtv
INFO 	2016-04-06 06:26:11 	[align_and_merge] 	restriction enzyme = DpnII
INFO 	2016-04-06 06:26:11 	[align_and_merge] 	read length = 75
INFO 	2016-04-06 06:26:11 	[align_and_merge] 	genome reference FASTA file found at /users/GR/mb/jquilez/assemblies/homo_sapiens/hg38_mmtv/ucsc/hg38_mmtv.fa
INFO 	2016-04-06 06:26:11 	[align_and_merge] 	mapping, processing reads according to restriction enzyme fragments and merging aligments for read1 and read2...
INFO 	2016-04-06 15:19:45 	[align_and_merge] 	output saved in /users/project/4DGenome_no_backup/data/hic/samples/d7fd92b4c_95a8cd511/logs/hg38_mmtv/d7fd92b4c_95a8cd511_align_and_merge_paired_end.log
TIME 	2016-04-06 15:22:12 	[align_and_merge] 	step time for completion (seconds) = 32165

INFO 	2016-04-06 15:22:15 	[post_mapping_statistics] 	generating post mapping descriptive statistics plots...
INFO 	2016-04-06 16:10:39 	[post_mapping_statistics] 	fraction of reads mapped read1 = 0.887703578286
INFO 	2016-04-06 16:10:39 	[post_mapping_statistics] 	fraction of reads mapped read2 = 0.833281934576
INFO 	2016-04-06 16:10:39 	[post_mapping_statistics] 	number of pairs in which both read1 and read2 are mapped = 160036427
INFO 	2016-04-06 16:10:39 	[post_mapping_statistics] 	counts-to-distance slope = -1.27555844496
TIME 	2016-04-06 16:10:46 	[post_mapping_statistics] 	step time for completion (seconds) = 2911

INFO 	2016-04-06 16:11:10 	[reads_filtering] 	filtering reads based on multiple quality parameters...
INFO 	2016-04-06 16:11:10 	[reads_filtering] 	filtered reads to be used for subsequent analyses are at /users/project/4DGenome_no_backup/data/hic/samples/d7fd92b4c_95a8cd511/results/hg38_mmtv/filtered_reads
INFO 	2016-04-06 16:11:10 	[reads_filtering] 	excluded reads due to dangling ends are at /users/project/4DGenome_no_backup/data/hic/samples/d7fd92b4c_95a8cd511/results/hg38_mmtv/excluded_reads/dangling_ends
INFO 	2016-04-06 16:11:10 	[reads_filtering] 	excluded reads due to self circle are at /users/project/4DGenome_no_backup/data/hic/samples/d7fd92b4c_95a8cd511/results/hg38_mmtv/excluded_reads/self_circle
INFO 	2016-04-06 16:11:10 	[reads_filtering] 	summary of excluded reads at /users/project/4DGenome_no_backup/data/hic/samples/d7fd92b4c_95a8cd511/results/hg38_mmtv/excluded_reads/summary_excluded_per_filter
INFO 	2016-04-06 16:36:56 	[reads_filtering] 	numbers and fractions of filtered and excluded reads added to the metadata
TIME 	2016-04-06 16:38:30 	[reads_filtering] 	step time for completion (seconds) = 1663

INFO 	2016-04-06 16:38:32 	[post_filtering_statistics] 	generating post filtering descriptive statistics plots... saved at /users/project/4DGenome_no_backup/data/hic/samples/d7fd92b4c_95a8cd511/plots/hg38_mmtv/post_filtering_statistics:
INFO 	2016-04-06 16:38:32 	[post_filtering_statistics] 	- filtered reads: sequencing coverage along chromosomes, coverage values and interaction matrix
INFO 	2016-04-06 16:38:32 	[post_filtering_statistics] 	- dangling ends: sequencing coverage along chromosomes and coverage values
INFO 	2016-04-06 16:38:32 	[post_filtering_statistics] 	- self-circle ends: sequencing coverage along chromosomes and coverage values
TIME 	2016-04-06 17:00:21 	[post_filtering_statistics] 	step time for completion (seconds) = 1309

INFO 	2016-04-06 17:00:23 	[index_contacts] 	indexing /users/project/4DGenome_no_backup/data/hic/samples/d7fd92b4c_95a8cd511/results/hg38_mmtv/filtered_reads/*filtered_map.tsv
TIME 	2016-04-06 17:35:42 	[index_contacts] 	step time for completion (seconds) = 2119

INFO 	2016-04-06 17:35:44 	[map_to_bam] 	converting MAP to BAM
[bam_sort_core] merging from 89 files...
TIME 	2016-04-06 19:31:05 	[map_to_bam] 	step time for completion (seconds) = 6921

INFO 	2016-04-06 19:31:07 	[downstream_bam] 	perform several downstream analyses
TIME 	2016-04-07 06:12:33 	[downstream_bam] 	step time for completion (seconds) = 38486

INFO 	2016-04-07 06:12:34 	[clean_up] 	deleting the following intermediate files/directories:
INFO 	2016-04-07 06:12:34 	[clean_up] 	/users/project/4DGenome_no_backup/data/hic/samples/d7fd92b4c_95a8cd511/fastqs_processed
INFO 	2016-04-07 06:12:34 	[clean_up] 	/users/project/4DGenome_no_backup/data/hic/samples/d7fd92b4c_95a8cd511/mapped_reads
TIME 	2016-04-07 06:13:11 	[clean_up] 	step time for completion (seconds) = 37


