
INFO 	2016-04-13 14:52:27 	[preliminary_checks] 	dc3a1e069_db4f304ee found in /users/project/4DGenome/data/4DGenome_metadata.db
INFO 	2016-04-13 14:52:27 	[preliminary_checks] 	data for dc3a1e069_db4f304ee will be stored at /users/project/4DGenome_no_backup/data/hic/samples/dc3a1e069_db4f304ee
INFO 	2016-04-13 14:55:32 	[preliminary_checks] 	paths to read1 and read2 saved to metadata database
INFO 	2016-04-13 14:55:33 	[preliminary_checks] 	Sequencing index added as part of the metadata agrees with that observed in the FASTQ file
WARN 	2016-04-13 14:55:34 	[preliminary_checks] 	read length obtained from the metadata (75 bp) differs from that seen in the FASTQ (76 bp)
WARN 	2016-04-13 14:55:34 	[preliminary_checks] 	the latter will be kept
INFO 	2016-04-13 14:55:36 	[preliminary_checks] 	genome reference FASTA file found at /users/GR/mb/jquilez/assemblies/homo_sapiens/hg38_mmtv/ucsc/hg38_mmtv.fa
INFO 	2016-04-13 14:55:59 	[preliminary_checks] 	paths to reference FASTA saved to metadata database
TIME 	2016-04-13 14:55:59 	[preliminary_checks] 	step time for completion (seconds) = 213

INFO 	2016-04-13 14:56:01 	[raw_fastqs_quality_plots] 	restriction enzyme = DpnII
INFO 	2016-04-13 14:56:01 	[raw_fastqs_quality_plots] 	a subset of 100000 reds will be used to generate the quality plots
INFO 	2016-04-13 14:56:01 	[raw_fastqs_quality_plots] 	making quality plots of the raw FASTQ files... plots saved at /users/project/4DGenome_no_backup/data/hic/samples/dc3a1e069_db4f304ee/plots/hg38_mmtv/raw_fastqs_quality_plots
INFO 	2016-04-13 14:56:19 	[raw_fastqs_quality_plots] 	percentages of dangling ends and ligated sites in read1 and read2 saved to metadata database
TIME 	2016-04-13 14:56:19 	[raw_fastqs_quality_plots] 	step time for completion (seconds) = 19

INFO 	2016-04-13 14:56:20 	[trim_reads_trimmomatic] 	sequencing type = PE
INFO 	2016-04-13 14:56:20 	[trim_reads_trimmomatic] 	trimming TruSeq3 adapter sequences for HiSeq, NextSeq or HiSeq
INFO 	2016-04-13 14:56:20 	[trim_reads_trimmomatic] 	trimming low-quality reads ends using trimmomatic's recommended practices
INFO 	2016-04-13 16:02:30 	[trim_reads_trimmomatic] 	parse step log to extract generated metadata
INFO 	2016-04-13 16:02:31 	[trim_reads_trimmomatic] 	reads after trimming = 184671788
INFO 	2016-04-13 16:02:47 	[trim_reads_trimmomatic] 	trimmomatic parameters and numbe of trimmed reads added to metadata
INFO 	2016-04-13 16:02:47 	[trim_reads_trimmomatic] 	trimmed reads are in /users/project/4DGenome_no_backup/data/hic/samples/dc3a1e069_db4f304ee/fastqs_processed/trimmomatic/paired_end
INFO 	2016-04-13 16:02:47 	[trim_reads_trimmomatic] 	unpaired reads are deleted
TIME 	2016-04-13 16:02:47 	[trim_reads_trimmomatic] 	step time for completion (seconds) = 3987

INFO 	2016-04-13 16:02:51 	[align_and_merge] 	species = Homo_sapiens
INFO 	2016-04-13 16:02:51 	[align_and_merge] 	assembly version = hg38_mmtv
INFO 	2016-04-13 16:02:51 	[align_and_merge] 	restriction enzyme = DpnII
INFO 	2016-04-13 16:02:51 	[align_and_merge] 	read length = 75
INFO 	2016-04-13 16:02:51 	[align_and_merge] 	genome reference FASTA file found at /users/GR/mb/jquilez/assemblies/homo_sapiens/hg38_mmtv/ucsc/hg38_mmtv.fa
INFO 	2016-04-13 16:02:51 	[align_and_merge] 	mapping, processing reads according to restriction enzyme fragments and merging aligments for read1 and read2...
INFO 	2016-04-14 00:26:34 	[align_and_merge] 	output saved in /users/project/4DGenome_no_backup/data/hic/samples/dc3a1e069_db4f304ee/logs/hg38_mmtv/dc3a1e069_db4f304ee_align_and_merge_paired_end.log
TIME 	2016-04-14 00:28:37 	[align_and_merge] 	step time for completion (seconds) = 30349

INFO 	2016-04-14 00:28:44 	[post_mapping_statistics] 	generating post mapping descriptive statistics plots...
INFO 	2016-04-14 01:02:23 	[post_mapping_statistics] 	fraction of reads mapped read1 = 0.87853724035
INFO 	2016-04-14 01:02:23 	[post_mapping_statistics] 	fraction of reads mapped read2 = 0.775702409943
INFO 	2016-04-14 01:02:23 	[post_mapping_statistics] 	number of pairs in which both read1 and read2 are mapped = 117988769
INFO 	2016-04-14 01:02:23 	[post_mapping_statistics] 	counts-to-distance slope = -1.20092141291
TIME 	2016-04-14 01:02:30 	[post_mapping_statistics] 	step time for completion (seconds) = 2026

INFO 	2016-04-14 01:02:50 	[reads_filtering] 	filtering reads based on multiple quality parameters...
INFO 	2016-04-14 01:02:50 	[reads_filtering] 	filtered reads to be used for subsequent analyses are at /users/project/4DGenome_no_backup/data/hic/samples/dc3a1e069_db4f304ee/results/hg38_mmtv/filtered_reads
INFO 	2016-04-14 01:02:50 	[reads_filtering] 	excluded reads due to dangling ends are at /users/project/4DGenome_no_backup/data/hic/samples/dc3a1e069_db4f304ee/results/hg38_mmtv/excluded_reads/dangling_ends
INFO 	2016-04-14 01:02:50 	[reads_filtering] 	excluded reads due to self circle are at /users/project/4DGenome_no_backup/data/hic/samples/dc3a1e069_db4f304ee/results/hg38_mmtv/excluded_reads/self_circle
INFO 	2016-04-14 01:02:50 	[reads_filtering] 	summary of excluded reads at /users/project/4DGenome_no_backup/data/hic/samples/dc3a1e069_db4f304ee/results/hg38_mmtv/excluded_reads/summary_excluded_per_filter
INFO 	2016-04-14 01:20:32 	[reads_filtering] 	numbers and fractions of filtered and excluded reads added to the metadata
TIME 	2016-04-14 01:22:03 	[reads_filtering] 	step time for completion (seconds) = 1171

INFO 	2016-04-14 01:22:04 	[post_filtering_statistics] 	generating post filtering descriptive statistics plots... saved at /users/project/4DGenome_no_backup/data/hic/samples/dc3a1e069_db4f304ee/plots/hg38_mmtv/post_filtering_statistics:
INFO 	2016-04-14 01:22:04 	[post_filtering_statistics] 	- filtered reads: sequencing coverage along chromosomes, coverage values and interaction matrix
INFO 	2016-04-14 01:22:04 	[post_filtering_statistics] 	- dangling ends: sequencing coverage along chromosomes and coverage values
INFO 	2016-04-14 01:22:04 	[post_filtering_statistics] 	- self-circle ends: sequencing coverage along chromosomes and coverage values
TIME 	2016-04-14 01:44:46 	[post_filtering_statistics] 	step time for completion (seconds) = 1362

INFO 	2016-04-14 01:44:48 	[index_contacts] 	indexing /users/project/4DGenome_no_backup/data/hic/samples/dc3a1e069_db4f304ee/results/hg38_mmtv/filtered_reads/*filtered_map.tsv
TIME 	2016-04-14 02:25:03 	[index_contacts] 	step time for completion (seconds) = 2415

INFO 	2016-04-14 02:25:04 	[map_to_bam] 	converting MAP to BAM
[bam_sort_core] merging from 66 files...
TIME 	2016-04-14 03:51:21 	[map_to_bam] 	step time for completion (seconds) = 5177

INFO 	2016-04-14 03:51:29 	[downstream_bam] 	perform several downstream analyses
TIME 	2016-04-14 15:21:05 	[downstream_bam] 	step time for completion (seconds) = 41376

INFO 	2016-04-14 15:21:07 	[clean_up] 	deleting the following intermediate files/directories:
INFO 	2016-04-14 15:21:07 	[clean_up] 	/users/project/4DGenome_no_backup/data/hic/samples/dc3a1e069_db4f304ee/fastqs_processed
INFO 	2016-04-14 15:21:07 	[clean_up] 	/users/project/4DGenome_no_backup/data/hic/samples/dc3a1e069_db4f304ee/mapped_reads
TIME 	2016-04-14 15:21:08 	[clean_up] 	step time for completion (seconds) = 1


