
INFO 	2016-04-14 12:43:07 	[preliminary_checks] 	HIC003 found in /users/project/4DGenome/data/4DGenome_metadata.db
INFO 	2016-04-14 12:43:07 	[preliminary_checks] 	data for HIC003 will be stored at /users/project/4DGenome_no_backup/data/hic/samples/HIC003
INFO 	2016-04-14 12:56:30 	[preliminary_checks] 	paths to read1 and read2 saved to metadata database
WARN 	2016-04-14 12:56:32 	[preliminary_checks] 	Sequencing index added as part of the metadata does not agree with that observed in the FASTQ file
INFO 	2016-04-14 12:56:34 	[preliminary_checks] 	read length added as part of the metadata agrees with that observed in the FASTQ file
INFO 	2016-04-14 12:56:34 	[preliminary_checks] 	genome reference FASTA file found at /users/GR/mb/jquilez/assemblies/homo_sapiens/hg38_mmtv/ucsc/hg38_mmtv.fa
INFO 	2016-04-14 12:57:05 	[preliminary_checks] 	paths to reference FASTA saved to metadata database
TIME 	2016-04-14 12:57:05 	[preliminary_checks] 	step time for completion (seconds) = 840

INFO 	2016-04-14 12:57:09 	[raw_fastqs_quality_plots] 	restriction enzyme = DpnII
INFO 	2016-04-14 12:57:09 	[raw_fastqs_quality_plots] 	a subset of 100000 reds will be used to generate the quality plots
INFO 	2016-04-14 12:57:09 	[raw_fastqs_quality_plots] 	making quality plots of the raw FASTQ files... plots saved at /users/project/4DGenome_no_backup/data/hic/samples/HIC003/plots/hg38_mmtv/raw_fastqs_quality_plots
INFO 	2016-04-14 12:57:34 	[raw_fastqs_quality_plots] 	percentages of dangling ends and ligated sites in read1 and read2 saved to metadata database
TIME 	2016-04-14 12:57:34 	[raw_fastqs_quality_plots] 	step time for completion (seconds) = 27

INFO 	2016-04-14 12:57:36 	[trim_reads_trimmomatic] 	sequencing type = PE
INFO 	2016-04-14 12:57:36 	[trim_reads_trimmomatic] 	trimming TruSeq3 adapter sequences for HiSeq, NextSeq or HiSeq
INFO 	2016-04-14 12:57:36 	[trim_reads_trimmomatic] 	trimming low-quality reads ends using trimmomatic's recommended practices
INFO 	2016-04-14 15:57:32 	[trim_reads_trimmomatic] 	parse step log to extract generated metadata
INFO 	2016-04-14 15:57:32 	[trim_reads_trimmomatic] 	reads after trimming = 470840314
INFO 	2016-04-14 15:57:56 	[trim_reads_trimmomatic] 	trimmomatic parameters and numbe of trimmed reads added to metadata
INFO 	2016-04-14 15:57:56 	[trim_reads_trimmomatic] 	trimmed reads are in /users/project/4DGenome_no_backup/data/hic/samples/HIC003/fastqs_processed/trimmomatic/paired_end
INFO 	2016-04-14 15:57:56 	[trim_reads_trimmomatic] 	unpaired reads are deleted
TIME 	2016-04-14 15:57:57 	[trim_reads_trimmomatic] 	step time for completion (seconds) = 10822

INFO 	2016-04-14 15:58:03 	[align_and_merge] 	species = Homo_sapiens
INFO 	2016-04-14 15:58:03 	[align_and_merge] 	assembly version = hg38_mmtv
INFO 	2016-04-14 15:58:03 	[align_and_merge] 	restriction enzyme = DpnII
INFO 	2016-04-14 15:58:03 	[align_and_merge] 	read length = 101
INFO 	2016-04-14 15:58:03 	[align_and_merge] 	genome reference FASTA file found at /users/GR/mb/jquilez/assemblies/homo_sapiens/hg38_mmtv/ucsc/hg38_mmtv.fa
INFO 	2016-04-14 15:58:03 	[align_and_merge] 	mapping, processing reads according to restriction enzyme fragments and merging aligments for read1 and read2...
INFO 	2016-04-15 10:48:56 	[align_and_merge] 	output saved in /users/project/4DGenome_no_backup/data/hic/samples/HIC003/logs/hg38_mmtv/HIC003_align_and_merge_paired_end.log
TIME 	2016-04-15 10:53:55 	[align_and_merge] 	step time for completion (seconds) = 68157

INFO 	2016-04-15 10:54:00 	[post_mapping_statistics] 	generating post mapping descriptive statistics plots...
INFO 	2016-04-15 12:23:41 	[post_mapping_statistics] 	fraction of reads mapped read1 = 0.892873013418
INFO 	2016-04-15 12:23:41 	[post_mapping_statistics] 	fraction of reads mapped read2 = 0.88937542846
INFO 	2016-04-15 12:23:41 	[post_mapping_statistics] 	number of pairs in which both read1 and read2 are mapped = 362411420
INFO 	2016-04-15 12:23:41 	[post_mapping_statistics] 	counts-to-distance slope = -1.15384843165
TIME 	2016-04-15 12:23:50 	[post_mapping_statistics] 	step time for completion (seconds) = 5390

INFO 	2016-04-15 12:24:36 	[reads_filtering] 	filtering reads based on multiple quality parameters...
INFO 	2016-04-15 12:24:36 	[reads_filtering] 	filtered reads to be used for subsequent analyses are at /users/project/4DGenome_no_backup/data/hic/samples/HIC003/results/hg38_mmtv/filtered_reads
INFO 	2016-04-15 12:24:36 	[reads_filtering] 	excluded reads due to dangling ends are at /users/project/4DGenome_no_backup/data/hic/samples/HIC003/results/hg38_mmtv/excluded_reads/dangling_ends
INFO 	2016-04-15 12:24:36 	[reads_filtering] 	excluded reads due to self circle are at /users/project/4DGenome_no_backup/data/hic/samples/HIC003/results/hg38_mmtv/excluded_reads/self_circle
INFO 	2016-04-15 12:24:36 	[reads_filtering] 	summary of excluded reads at /users/project/4DGenome_no_backup/data/hic/samples/HIC003/results/hg38_mmtv/excluded_reads/summary_excluded_per_filter
INFO 	2016-04-15 13:10:12 	[reads_filtering] 	numbers and fractions of filtered and excluded reads added to the metadata
TIME 	2016-04-15 13:17:03 	[reads_filtering] 	step time for completion (seconds) = 3192

INFO 	2016-04-15 13:17:06 	[post_filtering_statistics] 	generating post filtering descriptive statistics plots... saved at /users/project/4DGenome_no_backup/data/hic/samples/HIC003/plots/hg38_mmtv/post_filtering_statistics:
INFO 	2016-04-15 13:17:06 	[post_filtering_statistics] 	- filtered reads: sequencing coverage along chromosomes, coverage values and interaction matrix
INFO 	2016-04-15 13:17:06 	[post_filtering_statistics] 	- dangling ends: sequencing coverage along chromosomes and coverage values
INFO 	2016-04-15 13:17:06 	[post_filtering_statistics] 	- self-circle ends: sequencing coverage along chromosomes and coverage values
TIME 	2016-04-15 14:20:20 	[post_filtering_statistics] 	step time for completion (seconds) = 3794

INFO 	2016-04-15 14:20:26 	[index_contacts] 	indexing /users/project/4DGenome_no_backup/data/hic/samples/HIC003/results/hg38_mmtv/filtered_reads/*filtered_map.tsv
TIME 	2016-04-15 16:01:21 	[index_contacts] 	step time for completion (seconds) = 6055

INFO 	2016-04-15 16:01:25 	[map_to_bam] 	converting MAP to BAM
[bam_sort_core] merging from 132 files...
TIME 	2016-04-15 20:18:59 	[map_to_bam] 	step time for completion (seconds) = 15454

INFO 	2016-04-15 20:19:16 	[downstream_bam] 	perform several downstream analyses
TIME 	2016-04-16 11:29:35 	[downstream_bam] 	step time for completion (seconds) = 54619

INFO 	2016-04-16 11:29:37 	[clean_up] 	deleting the following intermediate files/directories:
INFO 	2016-04-16 11:29:37 	[clean_up] 	/users/project/4DGenome_no_backup/data/hic/samples/HIC003/fastqs_processed
INFO 	2016-04-16 11:29:37 	[clean_up] 	/users/project/4DGenome_no_backup/data/hic/samples/HIC003/mapped_reads
TIME 	2016-04-16 11:29:37 	[clean_up] 	step time for completion (seconds) = 0


