
INFO 	2016-04-06 08:39:20 	[preliminary_checks] 	e6588f786_3e1166f1f found in /users/project/4DGenome/data/4DGenome_metadata.db
INFO 	2016-04-06 08:39:20 	[preliminary_checks] 	data for e6588f786_3e1166f1f will be stored at /users/project/4DGenome_no_backup/data/hic/samples/e6588f786_3e1166f1f
INFO 	2016-04-06 08:41:23 	[preliminary_checks] 	paths to read1 and read2 saved to metadata database
INFO 	2016-04-06 08:41:24 	[preliminary_checks] 	Sequencing index added as part of the metadata agrees with that observed in the FASTQ file
INFO 	2016-04-06 08:41:26 	[preliminary_checks] 	read length added as part of the metadata agrees with that observed in the FASTQ file
INFO 	2016-04-06 08:41:26 	[preliminary_checks] 	genome reference FASTA file found at /users/GR/mb/jquilez/assemblies/mus_musculus/mm10/ucsc/mm10.fa
INFO 	2016-04-06 08:42:01 	[preliminary_checks] 	paths to reference FASTA saved to metadata database
TIME 	2016-04-06 08:42:01 	[preliminary_checks] 	step time for completion (seconds) = 164

INFO 	2016-04-06 08:42:04 	[raw_fastqs_quality_plots] 	restriction enzyme = DpnII
INFO 	2016-04-06 08:42:04 	[raw_fastqs_quality_plots] 	a subset of 100000 reds will be used to generate the quality plots
INFO 	2016-04-06 08:42:04 	[raw_fastqs_quality_plots] 	making quality plots of the raw FASTQ files... plots saved at /users/project/4DGenome_no_backup/data/hic/samples/e6588f786_3e1166f1f/plots/mm10/raw_fastqs_quality_plots
INFO 	2016-04-06 08:42:23 	[raw_fastqs_quality_plots] 	percentages of dangling ends and ligated sites in read1 and read2 saved to metadata database
TIME 	2016-04-06 08:42:23 	[raw_fastqs_quality_plots] 	step time for completion (seconds) = 21

INFO 	2016-04-06 08:42:25 	[trim_reads_trimmomatic] 	sequencing type = PE
INFO 	2016-04-06 08:42:25 	[trim_reads_trimmomatic] 	trimming TruSeq3 adapter sequences for HiSeq, NextSeq or HiSeq
INFO 	2016-04-06 08:42:25 	[trim_reads_trimmomatic] 	trimming low-quality reads ends using trimmomatic's recommended practices
INFO 	2016-04-06 09:11:17 	[trim_reads_trimmomatic] 	parse step log to extract generated metadata
INFO 	2016-04-06 09:11:17 	[trim_reads_trimmomatic] 	reads after trimming = 70821011
INFO 	2016-04-06 09:11:47 	[trim_reads_trimmomatic] 	trimmomatic parameters and numbe of trimmed reads added to metadata
INFO 	2016-04-06 09:11:47 	[trim_reads_trimmomatic] 	trimmed reads are in /users/project/4DGenome_no_backup/data/hic/samples/e6588f786_3e1166f1f/fastqs_processed/trimmomatic/paired_end
INFO 	2016-04-06 09:11:47 	[trim_reads_trimmomatic] 	unpaired reads are deleted
TIME 	2016-04-06 09:11:47 	[trim_reads_trimmomatic] 	step time for completion (seconds) = 1762

INFO 	2016-04-06 09:11:53 	[align_and_merge] 	species = Mus_musculus
INFO 	2016-04-06 09:11:54 	[align_and_merge] 	assembly version = mm10
INFO 	2016-04-06 09:11:54 	[align_and_merge] 	restriction enzyme = DpnII
INFO 	2016-04-06 09:11:54 	[align_and_merge] 	read length = 76
INFO 	2016-04-06 09:11:54 	[align_and_merge] 	genome reference FASTA file found at /users/GR/mb/jquilez/assemblies/mus_musculus/mm10/ucsc/mm10.fa
INFO 	2016-04-06 09:11:54 	[align_and_merge] 	mapping, processing reads according to restriction enzyme fragments and merging aligments for read1 and read2...
INFO 	2016-04-06 11:52:07 	[align_and_merge] 	output saved in /users/project/4DGenome_no_backup/data/hic/samples/e6588f786_3e1166f1f/logs/mm10/e6588f786_3e1166f1f_align_and_merge_paired_end.log
TIME 	2016-04-06 11:52:50 	[align_and_merge] 	step time for completion (seconds) = 9662

INFO 	2016-04-06 11:53:16 	[post_mapping_statistics] 	generating post mapping descriptive statistics plots...
INFO 	2016-04-06 12:05:10 	[post_mapping_statistics] 	fraction of reads mapped read1 = 0.695371829696
INFO 	2016-04-06 12:05:10 	[post_mapping_statistics] 	fraction of reads mapped read2 = 0.712435819364
INFO 	2016-04-06 12:05:10 	[post_mapping_statistics] 	number of pairs in which both read1 and read2 are mapped = 35836026
INFO 	2016-04-06 12:05:10 	[post_mapping_statistics] 	counts-to-distance slope = -0.994772247347
TIME 	2016-04-06 12:05:17 	[post_mapping_statistics] 	step time for completion (seconds) = 721

INFO 	2016-04-06 12:05:24 	[reads_filtering] 	filtering reads based on multiple quality parameters...
INFO 	2016-04-06 12:05:24 	[reads_filtering] 	filtered reads to be used for subsequent analyses are at /users/project/4DGenome_no_backup/data/hic/samples/e6588f786_3e1166f1f/results/mm10/filtered_reads
INFO 	2016-04-06 12:05:24 	[reads_filtering] 	excluded reads due to dangling ends are at /users/project/4DGenome_no_backup/data/hic/samples/e6588f786_3e1166f1f/results/mm10/excluded_reads/dangling_ends
INFO 	2016-04-06 12:05:24 	[reads_filtering] 	excluded reads due to self circle are at /users/project/4DGenome_no_backup/data/hic/samples/e6588f786_3e1166f1f/results/mm10/excluded_reads/self_circle
INFO 	2016-04-06 12:05:24 	[reads_filtering] 	summary of excluded reads at /users/project/4DGenome_no_backup/data/hic/samples/e6588f786_3e1166f1f/results/mm10/excluded_reads/summary_excluded_per_filter
INFO 	2016-04-06 12:11:19 	[reads_filtering] 	numbers and fractions of filtered and excluded reads added to the metadata
TIME 	2016-04-06 12:12:02 	[reads_filtering] 	step time for completion (seconds) = 403

INFO 	2016-04-06 12:12:04 	[post_filtering_statistics] 	generating post filtering descriptive statistics plots... saved at /users/project/4DGenome_no_backup/data/hic/samples/e6588f786_3e1166f1f/plots/mm10/post_filtering_statistics:
INFO 	2016-04-06 12:12:04 	[post_filtering_statistics] 	- filtered reads: sequencing coverage along chromosomes, coverage values and interaction matrix
INFO 	2016-04-06 12:12:04 	[post_filtering_statistics] 	- dangling ends: sequencing coverage along chromosomes and coverage values
INFO 	2016-04-06 12:12:04 	[post_filtering_statistics] 	- self-circle ends: sequencing coverage along chromosomes and coverage values
TIME 	2016-04-06 12:20:06 	[post_filtering_statistics] 	step time for completion (seconds) = 482

INFO 	2016-04-06 12:20:08 	[index_contacts] 	indexing /users/project/4DGenome_no_backup/data/hic/samples/e6588f786_3e1166f1f/results/mm10/filtered_reads/*filtered_map.tsv
TIME 	2016-04-06 12:34:18 	[index_contacts] 	step time for completion (seconds) = 850

INFO 	2016-04-06 12:34:20 	[map_to_bam] 	converting MAP to BAM
[bam_sort_core] merging from 21 files...
TIME 	2016-04-06 12:59:45 	[map_to_bam] 	step time for completion (seconds) = 1525

INFO 	2016-04-06 12:59:47 	[downstream_bam] 	perform several downstream analyses
/usr/share/univage/soldierantcluster/spool/node-hp0415/job_scripts/2164926: line 747: 28670 Segmentation fault      (core dumped) $python $SCRIPTS/tadbit_after_bam.py $ibam $flag_excluded $flag_included $flag_perzero $DOWNSTREAM/${sample_id}_ $slots $resolution_ab $resolution_tad &>$step_log
TIME 	2016-04-06 20:26:51 	[downstream_bam] 	step time for completion (seconds) = 26824

INFO 	2016-04-06 20:26:52 	[clean_up] 	deleting the following intermediate files/directories:
INFO 	2016-04-06 20:26:52 	[clean_up] 	/users/project/4DGenome_no_backup/data/hic/samples/e6588f786_3e1166f1f/fastqs_processed
INFO 	2016-04-06 20:26:52 	[clean_up] 	/users/project/4DGenome_no_backup/data/hic/samples/e6588f786_3e1166f1f/mapped_reads
TIME 	2016-04-06 20:26:57 	[clean_up] 	step time for completion (seconds) = 5


