
INFO 	2016-04-14 15:45:01 	[preliminary_checks] 	b1913e6c1_cd45830f3 found in /users/project/4DGenome/data/4DGenome_metadata.db
INFO 	2016-04-14 15:45:01 	[preliminary_checks] 	data for b1913e6c1_cd45830f3 will be stored at /users/project/4DGenome_no_backup/data/hic/samples/b1913e6c1_cd45830f3
INFO 	2016-04-14 15:52:34 	[preliminary_checks] 	paths to read1 and read2 saved to metadata database
INFO 	2016-04-14 15:52:36 	[preliminary_checks] 	Sequencing index added as part of the metadata agrees with that observed in the FASTQ file
INFO 	2016-04-14 15:52:38 	[preliminary_checks] 	read length added as part of the metadata agrees with that observed in the FASTQ file
INFO 	2016-04-14 15:52:38 	[preliminary_checks] 	genome reference FASTA file found at /users/GR/mb/jquilez/assemblies/homo_sapiens/hg38_mmtv/ucsc/hg38_mmtv.fa
INFO 	2016-04-14 15:53:02 	[preliminary_checks] 	paths to reference FASTA saved to metadata database
TIME 	2016-04-14 15:53:02 	[preliminary_checks] 	step time for completion (seconds) = 483

INFO 	2016-04-14 15:53:06 	[raw_fastqs_quality_plots] 	restriction enzyme = DpnII
INFO 	2016-04-14 15:53:06 	[raw_fastqs_quality_plots] 	a subset of 100000 reds will be used to generate the quality plots
INFO 	2016-04-14 15:53:06 	[raw_fastqs_quality_plots] 	making quality plots of the raw FASTQ files... plots saved at /users/project/4DGenome_no_backup/data/hic/samples/b1913e6c1_cd45830f3/plots/hg38_mmtv/raw_fastqs_quality_plots
INFO 	2016-04-14 15:53:34 	[raw_fastqs_quality_plots] 	percentages of dangling ends and ligated sites in read1 and read2 saved to metadata database
TIME 	2016-04-14 15:53:34 	[raw_fastqs_quality_plots] 	step time for completion (seconds) = 30

INFO 	2016-04-14 15:53:36 	[trim_reads_trimmomatic] 	sequencing type = PE
INFO 	2016-04-14 15:53:36 	[trim_reads_trimmomatic] 	trimming TruSeq3 adapter sequences for HiSeq, NextSeq or HiSeq
INFO 	2016-04-14 15:53:36 	[trim_reads_trimmomatic] 	trimming low-quality reads ends using trimmomatic's recommended practices
INFO 	2016-04-14 17:37:22 	[trim_reads_trimmomatic] 	parse step log to extract generated metadata
INFO 	2016-04-14 17:37:22 	[trim_reads_trimmomatic] 	reads after trimming = 290054214
INFO 	2016-04-14 17:38:13 	[trim_reads_trimmomatic] 	trimmomatic parameters and numbe of trimmed reads added to metadata
INFO 	2016-04-14 17:38:13 	[trim_reads_trimmomatic] 	trimmed reads are in /users/project/4DGenome_no_backup/data/hic/samples/b1913e6c1_cd45830f3/fastqs_processed/trimmomatic/paired_end
INFO 	2016-04-14 17:38:13 	[trim_reads_trimmomatic] 	unpaired reads are deleted
TIME 	2016-04-14 17:38:13 	[trim_reads_trimmomatic] 	step time for completion (seconds) = 6277

INFO 	2016-04-14 17:38:20 	[align_and_merge] 	species = Homo_sapiens
INFO 	2016-04-14 17:38:20 	[align_and_merge] 	assembly version = hg38_mmtv
INFO 	2016-04-14 17:38:20 	[align_and_merge] 	restriction enzyme = DpnII
INFO 	2016-04-14 17:38:20 	[align_and_merge] 	read length = 75
INFO 	2016-04-14 17:38:21 	[align_and_merge] 	genome reference FASTA file found at /users/GR/mb/jquilez/assemblies/homo_sapiens/hg38_mmtv/ucsc/hg38_mmtv.fa
INFO 	2016-04-14 17:38:21 	[align_and_merge] 	mapping, processing reads according to restriction enzyme fragments and merging aligments for read1 and read2...
INFO 	2016-04-15 05:49:20 	[align_and_merge] 	output saved in /users/project/4DGenome_no_backup/data/hic/samples/b1913e6c1_cd45830f3/logs/hg38_mmtv/b1913e6c1_cd45830f3_align_and_merge_paired_end.log
TIME 	2016-04-15 05:53:03 	[align_and_merge] 	step time for completion (seconds) = 44088

INFO 	2016-04-15 05:53:20 	[post_mapping_statistics] 	generating post mapping descriptive statistics plots...
INFO 	2016-04-15 06:50:03 	[post_mapping_statistics] 	fraction of reads mapped read1 = 0.894318877229
INFO 	2016-04-15 06:50:03 	[post_mapping_statistics] 	fraction of reads mapped read2 = 0.85121657636
INFO 	2016-04-15 06:50:03 	[post_mapping_statistics] 	number of pairs in which both read1 and read2 are mapped = 206211123
INFO 	2016-04-15 06:50:03 	[post_mapping_statistics] 	counts-to-distance slope = -1.29732298685
TIME 	2016-04-15 06:50:12 	[post_mapping_statistics] 	step time for completion (seconds) = 3412

INFO 	2016-04-15 06:50:44 	[reads_filtering] 	filtering reads based on multiple quality parameters...
INFO 	2016-04-15 06:50:44 	[reads_filtering] 	filtered reads to be used for subsequent analyses are at /users/project/4DGenome_no_backup/data/hic/samples/b1913e6c1_cd45830f3/results/hg38_mmtv/filtered_reads
INFO 	2016-04-15 06:50:44 	[reads_filtering] 	excluded reads due to dangling ends are at /users/project/4DGenome_no_backup/data/hic/samples/b1913e6c1_cd45830f3/results/hg38_mmtv/excluded_reads/dangling_ends
INFO 	2016-04-15 06:50:44 	[reads_filtering] 	excluded reads due to self circle are at /users/project/4DGenome_no_backup/data/hic/samples/b1913e6c1_cd45830f3/results/hg38_mmtv/excluded_reads/self_circle
INFO 	2016-04-15 06:50:44 	[reads_filtering] 	summary of excluded reads at /users/project/4DGenome_no_backup/data/hic/samples/b1913e6c1_cd45830f3/results/hg38_mmtv/excluded_reads/summary_excluded_per_filter
INFO 	2016-04-15 07:20:42 	[reads_filtering] 	numbers and fractions of filtered and excluded reads added to the metadata
TIME 	2016-04-15 07:23:35 	[reads_filtering] 	step time for completion (seconds) = 2001

INFO 	2016-04-15 07:23:37 	[post_filtering_statistics] 	generating post filtering descriptive statistics plots... saved at /users/project/4DGenome_no_backup/data/hic/samples/b1913e6c1_cd45830f3/plots/hg38_mmtv/post_filtering_statistics:
INFO 	2016-04-15 07:23:37 	[post_filtering_statistics] 	- filtered reads: sequencing coverage along chromosomes, coverage values and interaction matrix
INFO 	2016-04-15 07:23:37 	[post_filtering_statistics] 	- dangling ends: sequencing coverage along chromosomes and coverage values
INFO 	2016-04-15 07:23:37 	[post_filtering_statistics] 	- self-circle ends: sequencing coverage along chromosomes and coverage values
TIME 	2016-04-15 07:58:35 	[post_filtering_statistics] 	step time for completion (seconds) = 2098

INFO 	2016-04-15 07:58:37 	[index_contacts] 	indexing /users/project/4DGenome_no_backup/data/hic/samples/b1913e6c1_cd45830f3/results/hg38_mmtv/filtered_reads/*filtered_map.tsv
TIME 	2016-04-15 09:03:29 	[index_contacts] 	step time for completion (seconds) = 3892

INFO 	2016-04-15 09:03:52 	[map_to_bam] 	converting MAP to BAM
[bam_sort_core] merging from 116 files...
TIME 	2016-04-15 11:30:35 	[map_to_bam] 	step time for completion (seconds) = 8803

INFO 	2016-04-15 11:30:38 	[downstream_bam] 	perform several downstream analyses
TIME 	2016-04-16 00:44:06 	[downstream_bam] 	step time for completion (seconds) = 47608

INFO 	2016-04-16 00:44:08 	[clean_up] 	deleting the following intermediate files/directories:
INFO 	2016-04-16 00:44:08 	[clean_up] 	/users/project/4DGenome_no_backup/data/hic/samples/b1913e6c1_cd45830f3/fastqs_processed
INFO 	2016-04-16 00:44:08 	[clean_up] 	/users/project/4DGenome_no_backup/data/hic/samples/b1913e6c1_cd45830f3/mapped_reads
TIME 	2016-04-16 00:44:08 	[clean_up] 	step time for completion (seconds) = 0


