
INFO 	2016-04-05 14:38:03 	[preliminary_checks] 	dc3a1e069_51720e9cf found in /users/project/4DGenome/data/4DGenome_metadata.db
INFO 	2016-04-05 14:38:03 	[preliminary_checks] 	data for dc3a1e069_51720e9cf will be stored at /users/project/4DGenome_no_backup/data/hic/samples/dc3a1e069_51720e9cf
INFO 	2016-04-05 14:40:33 	[preliminary_checks] 	paths to read1 and read2 saved to metadata database
INFO 	2016-04-05 14:40:34 	[preliminary_checks] 	Sequencing index added as part of the metadata agrees with that observed in the FASTQ file
INFO 	2016-04-05 14:40:35 	[preliminary_checks] 	read length added as part of the metadata agrees with that observed in the FASTQ file
INFO 	2016-04-05 14:40:35 	[preliminary_checks] 	genome reference FASTA file found at /users/GR/mb/jquilez/assemblies/homo_sapiens/hg38_mmtv/ucsc/hg38_mmtv.fa
INFO 	2016-04-05 14:41:03 	[preliminary_checks] 	paths to reference FASTA saved to metadata database
TIME 	2016-04-05 14:41:03 	[preliminary_checks] 	step time for completion (seconds) = 182

INFO 	2016-04-05 14:41:06 	[raw_fastqs_quality_plots] 	restriction enzyme = DpnII
INFO 	2016-04-05 14:41:06 	[raw_fastqs_quality_plots] 	a subset of 100000 reds will be used to generate the quality plots
INFO 	2016-04-05 14:41:06 	[raw_fastqs_quality_plots] 	making quality plots of the raw FASTQ files... plots saved at /users/project/4DGenome_no_backup/data/hic/samples/dc3a1e069_51720e9cf/plots/hg38_mmtv/raw_fastqs_quality_plots
INFO 	2016-04-05 14:41:25 	[raw_fastqs_quality_plots] 	percentages of dangling ends and ligated sites in read1 and read2 saved to metadata database
TIME 	2016-04-05 14:41:25 	[raw_fastqs_quality_plots] 	step time for completion (seconds) = 20

INFO 	2016-04-05 14:41:27 	[trim_reads_trimmomatic] 	sequencing type = PE
INFO 	2016-04-05 14:41:27 	[trim_reads_trimmomatic] 	trimming TruSeq3 adapter sequences for HiSeq, NextSeq or HiSeq
INFO 	2016-04-05 14:41:27 	[trim_reads_trimmomatic] 	trimming low-quality reads ends using trimmomatic's recommended practices
INFO 	2016-04-05 15:24:30 	[trim_reads_trimmomatic] 	parse step log to extract generated metadata
INFO 	2016-04-05 15:24:30 	[trim_reads_trimmomatic] 	reads after trimming = 123429663
INFO 	2016-04-05 15:24:47 	[trim_reads_trimmomatic] 	trimmomatic parameters and numbe of trimmed reads added to metadata
INFO 	2016-04-05 15:24:47 	[trim_reads_trimmomatic] 	trimmed reads are in /users/project/4DGenome_no_backup/data/hic/samples/dc3a1e069_51720e9cf/fastqs_processed/trimmomatic/paired_end
INFO 	2016-04-05 15:24:47 	[trim_reads_trimmomatic] 	unpaired reads are deleted
TIME 	2016-04-05 15:24:48 	[trim_reads_trimmomatic] 	step time for completion (seconds) = 2601

INFO 	2016-04-05 15:24:53 	[align_and_merge] 	species = Homo_sapiens
INFO 	2016-04-05 15:24:53 	[align_and_merge] 	assembly version = hg38_mmtv
INFO 	2016-04-05 15:24:53 	[align_and_merge] 	restriction enzyme = DpnII
INFO 	2016-04-05 15:24:53 	[align_and_merge] 	read length = 75
INFO 	2016-04-05 15:24:53 	[align_and_merge] 	genome reference FASTA file found at /users/GR/mb/jquilez/assemblies/homo_sapiens/hg38_mmtv/ucsc/hg38_mmtv.fa
INFO 	2016-04-05 15:24:53 	[align_and_merge] 	mapping, processing reads according to restriction enzyme fragments and merging aligments for read1 and read2...
INFO 	2016-04-05 19:50:55 	[align_and_merge] 	output saved in /users/project/4DGenome_no_backup/data/hic/samples/dc3a1e069_51720e9cf/logs/hg38_mmtv/dc3a1e069_51720e9cf_align_and_merge_paired_end.log
TIME 	2016-04-05 19:52:11 	[align_and_merge] 	step time for completion (seconds) = 16042

INFO 	2016-04-05 19:52:20 	[post_mapping_statistics] 	generating post mapping descriptive statistics plots...
INFO 	2016-04-05 20:15:04 	[post_mapping_statistics] 	fraction of reads mapped read1 = 0.878023105354
INFO 	2016-04-05 20:15:04 	[post_mapping_statistics] 	fraction of reads mapped read2 = 0.761779200515
INFO 	2016-04-05 20:15:04 	[post_mapping_statistics] 	number of pairs in which both read1 and read2 are mapped = 77777126
INFO 	2016-04-05 20:15:04 	[post_mapping_statistics] 	counts-to-distance slope = -1.20053753276
TIME 	2016-04-05 20:15:13 	[post_mapping_statistics] 	step time for completion (seconds) = 1373

INFO 	2016-04-05 20:15:26 	[reads_filtering] 	filtering reads based on multiple quality parameters...
INFO 	2016-04-05 20:15:26 	[reads_filtering] 	filtered reads to be used for subsequent analyses are at /users/project/4DGenome_no_backup/data/hic/samples/dc3a1e069_51720e9cf/results/hg38_mmtv/filtered_reads
INFO 	2016-04-05 20:15:26 	[reads_filtering] 	excluded reads due to dangling ends are at /users/project/4DGenome_no_backup/data/hic/samples/dc3a1e069_51720e9cf/results/hg38_mmtv/excluded_reads/dangling_ends
INFO 	2016-04-05 20:15:26 	[reads_filtering] 	excluded reads due to self circle are at /users/project/4DGenome_no_backup/data/hic/samples/dc3a1e069_51720e9cf/results/hg38_mmtv/excluded_reads/self_circle
INFO 	2016-04-05 20:15:26 	[reads_filtering] 	summary of excluded reads at /users/project/4DGenome_no_backup/data/hic/samples/dc3a1e069_51720e9cf/results/hg38_mmtv/excluded_reads/summary_excluded_per_filter
INFO 	2016-04-05 20:26:43 	[reads_filtering] 	numbers and fractions of filtered and excluded reads added to the metadata
TIME 	2016-04-05 20:27:43 	[reads_filtering] 	step time for completion (seconds) = 748

INFO 	2016-04-05 20:27:45 	[post_filtering_statistics] 	generating post filtering descriptive statistics plots... saved at /users/project/4DGenome_no_backup/data/hic/samples/dc3a1e069_51720e9cf/plots/hg38_mmtv/post_filtering_statistics:
INFO 	2016-04-05 20:27:45 	[post_filtering_statistics] 	- filtered reads: sequencing coverage along chromosomes, coverage values and interaction matrix
INFO 	2016-04-05 20:27:45 	[post_filtering_statistics] 	- dangling ends: sequencing coverage along chromosomes and coverage values
INFO 	2016-04-05 20:27:45 	[post_filtering_statistics] 	- self-circle ends: sequencing coverage along chromosomes and coverage values
TIME 	2016-04-05 20:42:42 	[post_filtering_statistics] 	step time for completion (seconds) = 897

INFO 	2016-04-05 20:42:44 	[index_contacts] 	indexing /users/project/4DGenome_no_backup/data/hic/samples/dc3a1e069_51720e9cf/results/hg38_mmtv/filtered_reads/*filtered_map.tsv
TIME 	2016-04-05 21:06:50 	[index_contacts] 	step time for completion (seconds) = 1446

INFO 	2016-04-05 21:06:52 	[map_to_bam] 	converting MAP to BAM
[bam_sort_core] merging from 44 files...
TIME 	2016-04-05 21:57:00 	[map_to_bam] 	step time for completion (seconds) = 3008

INFO 	2016-04-05 21:57:03 	[downstream_bam] 	perform several downstream analyses
TIME 	2016-04-06 09:03:52 	[downstream_bam] 	step time for completion (seconds) = 40009

INFO 	2016-04-06 09:03:54 	[clean_up] 	deleting the following intermediate files/directories:
INFO 	2016-04-06 09:03:54 	[clean_up] 	/users/project/4DGenome_no_backup/data/hic/samples/dc3a1e069_51720e9cf/fastqs_processed
INFO 	2016-04-06 09:03:54 	[clean_up] 	/users/project/4DGenome_no_backup/data/hic/samples/dc3a1e069_51720e9cf/mapped_reads
TIME 	2016-04-06 09:03:56 	[clean_up] 	step time for completion (seconds) = 2


