
INFO 	2016-04-14 04:12:05 	[preliminary_checks] 	8d2ac542f_d222de8ea found in /users/project/4DGenome/data/4DGenome_metadata.db
INFO 	2016-04-14 04:12:05 	[preliminary_checks] 	data for 8d2ac542f_d222de8ea will be stored at /users/project/4DGenome_no_backup/data/hic/samples/8d2ac542f_d222de8ea
INFO 	2016-04-14 04:12:38 	[preliminary_checks] 	paths to read1 and read2 saved to metadata database
WARN 	2016-04-14 04:12:39 	[preliminary_checks] 	Sequencing index added as part of the metadata does not agree with that observed in the FASTQ file
WARN 	2016-04-14 04:12:40 	[preliminary_checks] 	read length obtained from the metadata (75 bp) differs from that seen in the FASTQ (76 bp)
WARN 	2016-04-14 04:12:40 	[preliminary_checks] 	the latter will be kept
INFO 	2016-04-14 04:12:42 	[preliminary_checks] 	genome reference FASTA file found at /users/GR/mb/jquilez/assemblies/mus_musculus/mm10/ucsc/mm10.fa
INFO 	2016-04-14 04:12:54 	[preliminary_checks] 	paths to reference FASTA saved to metadata database
TIME 	2016-04-14 04:12:54 	[preliminary_checks] 	step time for completion (seconds) = 50

INFO 	2016-04-14 04:12:57 	[raw_fastqs_quality_plots] 	restriction enzyme = MboI
INFO 	2016-04-14 04:12:57 	[raw_fastqs_quality_plots] 	a subset of 100000 reds will be used to generate the quality plots
INFO 	2016-04-14 04:12:57 	[raw_fastqs_quality_plots] 	making quality plots of the raw FASTQ files... plots saved at /users/project/4DGenome_no_backup/data/hic/samples/8d2ac542f_d222de8ea/plots/mm10/raw_fastqs_quality_plots
INFO 	2016-04-14 04:13:14 	[raw_fastqs_quality_plots] 	percentages of dangling ends and ligated sites in read1 and read2 saved to metadata database
TIME 	2016-04-14 04:13:14 	[raw_fastqs_quality_plots] 	step time for completion (seconds) = 19

INFO 	2016-04-14 04:13:16 	[trim_reads_trimmomatic] 	sequencing type = PE
INFO 	2016-04-14 04:13:16 	[trim_reads_trimmomatic] 	trimming TruSeq3 adapter sequences for HiSeq, NextSeq or HiSeq
INFO 	2016-04-14 04:13:16 	[trim_reads_trimmomatic] 	trimming low-quality reads ends using trimmomatic's recommended practices
INFO 	2016-04-14 04:22:32 	[trim_reads_trimmomatic] 	parse step log to extract generated metadata
INFO 	2016-04-14 04:22:32 	[trim_reads_trimmomatic] 	reads after trimming = 25784500
INFO 	2016-04-14 04:22:50 	[trim_reads_trimmomatic] 	trimmomatic parameters and numbe of trimmed reads added to metadata
INFO 	2016-04-14 04:22:50 	[trim_reads_trimmomatic] 	trimmed reads are in /users/project/4DGenome_no_backup/data/hic/samples/8d2ac542f_d222de8ea/fastqs_processed/trimmomatic/paired_end
INFO 	2016-04-14 04:22:50 	[trim_reads_trimmomatic] 	unpaired reads are deleted
TIME 	2016-04-14 04:22:50 	[trim_reads_trimmomatic] 	step time for completion (seconds) = 574

INFO 	2016-04-14 04:22:56 	[align_and_merge] 	species = Mus_musculus
INFO 	2016-04-14 04:22:56 	[align_and_merge] 	assembly version = mm10
INFO 	2016-04-14 04:22:56 	[align_and_merge] 	restriction enzyme = MboI
INFO 	2016-04-14 04:22:56 	[align_and_merge] 	read length = 76
INFO 	2016-04-14 04:22:56 	[align_and_merge] 	genome reference FASTA file found at /users/GR/mb/jquilez/assemblies/mus_musculus/mm10/ucsc/mm10.fa
INFO 	2016-04-14 04:22:56 	[align_and_merge] 	mapping, processing reads according to restriction enzyme fragments and merging aligments for read1 and read2...
INFO 	2016-04-14 05:23:43 	[align_and_merge] 	output saved in /users/project/4DGenome_no_backup/data/hic/samples/8d2ac542f_d222de8ea/logs/mm10/8d2ac542f_d222de8ea_align_and_merge_paired_end.log
TIME 	2016-04-14 05:24:02 	[align_and_merge] 	step time for completion (seconds) = 3670

INFO 	2016-04-14 05:24:05 	[post_mapping_statistics] 	generating post mapping descriptive statistics plots...
INFO 	2016-04-14 05:30:59 	[post_mapping_statistics] 	fraction of reads mapped read1 = 0.819321879424
INFO 	2016-04-14 05:30:59 	[post_mapping_statistics] 	fraction of reads mapped read2 = 0.793771141577
INFO 	2016-04-14 05:30:59 	[post_mapping_statistics] 	number of pairs in which both read1 and read2 are mapped = 16920765
INFO 	2016-04-14 05:30:59 	[post_mapping_statistics] 	counts-to-distance slope = -1.0825240926
TIME 	2016-04-14 05:31:05 	[post_mapping_statistics] 	step time for completion (seconds) = 420

INFO 	2016-04-14 05:31:09 	[reads_filtering] 	filtering reads based on multiple quality parameters...
INFO 	2016-04-14 05:31:09 	[reads_filtering] 	filtered reads to be used for subsequent analyses are at /users/project/4DGenome_no_backup/data/hic/samples/8d2ac542f_d222de8ea/results/mm10/filtered_reads
INFO 	2016-04-14 05:31:09 	[reads_filtering] 	excluded reads due to dangling ends are at /users/project/4DGenome_no_backup/data/hic/samples/8d2ac542f_d222de8ea/results/mm10/excluded_reads/dangling_ends
INFO 	2016-04-14 05:31:09 	[reads_filtering] 	excluded reads due to self circle are at /users/project/4DGenome_no_backup/data/hic/samples/8d2ac542f_d222de8ea/results/mm10/excluded_reads/self_circle
INFO 	2016-04-14 05:31:09 	[reads_filtering] 	summary of excluded reads at /users/project/4DGenome_no_backup/data/hic/samples/8d2ac542f_d222de8ea/results/mm10/excluded_reads/summary_excluded_per_filter
INFO 	2016-04-14 05:34:36 	[reads_filtering] 	numbers and fractions of filtered and excluded reads added to the metadata
TIME 	2016-04-14 05:34:50 	[reads_filtering] 	step time for completion (seconds) = 223

INFO 	2016-04-14 05:34:51 	[post_filtering_statistics] 	generating post filtering descriptive statistics plots... saved at /users/project/4DGenome_no_backup/data/hic/samples/8d2ac542f_d222de8ea/plots/mm10/post_filtering_statistics:
INFO 	2016-04-14 05:34:51 	[post_filtering_statistics] 	- filtered reads: sequencing coverage along chromosomes, coverage values and interaction matrix
INFO 	2016-04-14 05:34:51 	[post_filtering_statistics] 	- dangling ends: sequencing coverage along chromosomes and coverage values
INFO 	2016-04-14 05:34:51 	[post_filtering_statistics] 	- self-circle ends: sequencing coverage along chromosomes and coverage values
TIME 	2016-04-14 05:39:01 	[post_filtering_statistics] 	step time for completion (seconds) = 250

INFO 	2016-04-14 05:39:03 	[index_contacts] 	indexing /users/project/4DGenome_no_backup/data/hic/samples/8d2ac542f_d222de8ea/results/mm10/filtered_reads/*filtered_map.tsv
TIME 	2016-04-14 05:44:01 	[index_contacts] 	step time for completion (seconds) = 298

INFO 	2016-04-14 05:44:03 	[map_to_bam] 	converting MAP to BAM
[bam_sort_core] merging from 10 files...
TIME 	2016-04-14 05:56:52 	[map_to_bam] 	step time for completion (seconds) = 769

INFO 	2016-04-14 05:56:55 	[downstream_bam] 	perform several downstream analyses
TIME 	2016-04-14 07:14:48 	[downstream_bam] 	step time for completion (seconds) = 4673

INFO 	2016-04-14 07:14:49 	[clean_up] 	deleting the following intermediate files/directories:
INFO 	2016-04-14 07:14:49 	[clean_up] 	/users/project/4DGenome_no_backup/data/hic/samples/8d2ac542f_d222de8ea/fastqs_processed
INFO 	2016-04-14 07:14:49 	[clean_up] 	/users/project/4DGenome_no_backup/data/hic/samples/8d2ac542f_d222de8ea/mapped_reads
TIME 	2016-04-14 07:14:54 	[clean_up] 	step time for completion (seconds) = 5


