
INFO 	2016-04-14 14:16:34 	[preliminary_checks] 	HIC007 found in /users/project/4DGenome/data/4DGenome_metadata.db
INFO 	2016-04-14 14:16:34 	[preliminary_checks] 	data for HIC007 will be stored at /users/project/4DGenome_no_backup/data/hic/samples/HIC007
INFO 	2016-04-14 14:21:06 	[preliminary_checks] 	paths to read1 and read2 saved to metadata database
WARN 	2016-04-14 14:21:08 	[preliminary_checks] 	Sequencing index added as part of the metadata does not agree with that observed in the FASTQ file
INFO 	2016-04-14 14:21:09 	[preliminary_checks] 	read length added as part of the metadata agrees with that observed in the FASTQ file
INFO 	2016-04-14 14:21:09 	[preliminary_checks] 	genome reference FASTA file found at /users/GR/mb/jquilez/assemblies/homo_sapiens/hg38_mmtv/ucsc/hg38_mmtv.fa
INFO 	2016-04-14 14:21:25 	[preliminary_checks] 	paths to reference FASTA saved to metadata database
TIME 	2016-04-14 14:21:25 	[preliminary_checks] 	step time for completion (seconds) = 292

INFO 	2016-04-14 14:21:28 	[raw_fastqs_quality_plots] 	restriction enzyme = DpnII
INFO 	2016-04-14 14:21:28 	[raw_fastqs_quality_plots] 	a subset of 100000 reds will be used to generate the quality plots
INFO 	2016-04-14 14:21:28 	[raw_fastqs_quality_plots] 	making quality plots of the raw FASTQ files... plots saved at /users/project/4DGenome_no_backup/data/hic/samples/HIC007/plots/hg38_mmtv/raw_fastqs_quality_plots
INFO 	2016-04-14 14:21:48 	[raw_fastqs_quality_plots] 	percentages of dangling ends and ligated sites in read1 and read2 saved to metadata database
TIME 	2016-04-14 14:21:48 	[raw_fastqs_quality_plots] 	step time for completion (seconds) = 22

INFO 	2016-04-14 14:21:50 	[trim_reads_trimmomatic] 	sequencing type = PE
INFO 	2016-04-14 14:21:50 	[trim_reads_trimmomatic] 	trimming TruSeq3 adapter sequences for HiSeq, NextSeq or HiSeq
INFO 	2016-04-14 14:21:50 	[trim_reads_trimmomatic] 	trimming low-quality reads ends using trimmomatic's recommended practices
INFO 	2016-04-14 15:27:27 	[trim_reads_trimmomatic] 	parse step log to extract generated metadata
INFO 	2016-04-14 15:27:28 	[trim_reads_trimmomatic] 	reads after trimming = 176430913
INFO 	2016-04-14 15:27:48 	[trim_reads_trimmomatic] 	trimmomatic parameters and numbe of trimmed reads added to metadata
INFO 	2016-04-14 15:27:48 	[trim_reads_trimmomatic] 	trimmed reads are in /users/project/4DGenome_no_backup/data/hic/samples/HIC007/fastqs_processed/trimmomatic/paired_end
INFO 	2016-04-14 15:27:48 	[trim_reads_trimmomatic] 	unpaired reads are deleted
TIME 	2016-04-14 15:27:49 	[trim_reads_trimmomatic] 	step time for completion (seconds) = 3959

INFO 	2016-04-14 15:27:55 	[align_and_merge] 	species = Homo_sapiens
INFO 	2016-04-14 15:27:55 	[align_and_merge] 	assembly version = hg38_mmtv
INFO 	2016-04-14 15:27:55 	[align_and_merge] 	restriction enzyme = DpnII
INFO 	2016-04-14 15:27:55 	[align_and_merge] 	read length = 101
INFO 	2016-04-14 15:27:55 	[align_and_merge] 	genome reference FASTA file found at /users/GR/mb/jquilez/assemblies/homo_sapiens/hg38_mmtv/ucsc/hg38_mmtv.fa
INFO 	2016-04-14 15:27:55 	[align_and_merge] 	mapping, processing reads according to restriction enzyme fragments and merging aligments for read1 and read2...
INFO 	2016-04-14 22:44:54 	[align_and_merge] 	output saved in /users/project/4DGenome_no_backup/data/hic/samples/HIC007/logs/hg38_mmtv/HIC007_align_and_merge_paired_end.log
TIME 	2016-04-14 22:46:56 	[align_and_merge] 	step time for completion (seconds) = 26346

INFO 	2016-04-14 22:47:25 	[post_mapping_statistics] 	generating post mapping descriptive statistics plots...
INFO 	2016-04-14 23:24:49 	[post_mapping_statistics] 	fraction of reads mapped read1 = 0.897080819391
INFO 	2016-04-14 23:24:50 	[post_mapping_statistics] 	fraction of reads mapped read2 = 0.89218771996
INFO 	2016-04-14 23:24:50 	[post_mapping_statistics] 	number of pairs in which both read1 and read2 are mapped = 135034628
INFO 	2016-04-14 23:24:50 	[post_mapping_statistics] 	counts-to-distance slope = -1.15184939221
TIME 	2016-04-14 23:24:57 	[post_mapping_statistics] 	step time for completion (seconds) = 2252

INFO 	2016-04-14 23:25:16 	[reads_filtering] 	filtering reads based on multiple quality parameters...
INFO 	2016-04-14 23:25:16 	[reads_filtering] 	filtered reads to be used for subsequent analyses are at /users/project/4DGenome_no_backup/data/hic/samples/HIC007/results/hg38_mmtv/filtered_reads
INFO 	2016-04-14 23:25:16 	[reads_filtering] 	excluded reads due to dangling ends are at /users/project/4DGenome_no_backup/data/hic/samples/HIC007/results/hg38_mmtv/excluded_reads/dangling_ends
INFO 	2016-04-14 23:25:16 	[reads_filtering] 	excluded reads due to self circle are at /users/project/4DGenome_no_backup/data/hic/samples/HIC007/results/hg38_mmtv/excluded_reads/self_circle
INFO 	2016-04-14 23:25:16 	[reads_filtering] 	summary of excluded reads at /users/project/4DGenome_no_backup/data/hic/samples/HIC007/results/hg38_mmtv/excluded_reads/summary_excluded_per_filter
INFO 	2016-04-14 23:42:36 	[reads_filtering] 	numbers and fractions of filtered and excluded reads added to the metadata
TIME 	2016-04-14 23:44:44 	[reads_filtering] 	step time for completion (seconds) = 1185

INFO 	2016-04-14 23:44:46 	[post_filtering_statistics] 	generating post filtering descriptive statistics plots... saved at /users/project/4DGenome_no_backup/data/hic/samples/HIC007/plots/hg38_mmtv/post_filtering_statistics:
INFO 	2016-04-14 23:44:46 	[post_filtering_statistics] 	- filtered reads: sequencing coverage along chromosomes, coverage values and interaction matrix
INFO 	2016-04-14 23:44:46 	[post_filtering_statistics] 	- dangling ends: sequencing coverage along chromosomes and coverage values
INFO 	2016-04-14 23:44:46 	[post_filtering_statistics] 	- self-circle ends: sequencing coverage along chromosomes and coverage values
TIME 	2016-04-15 00:11:02 	[post_filtering_statistics] 	step time for completion (seconds) = 1576

INFO 	2016-04-15 00:11:04 	[index_contacts] 	indexing /users/project/4DGenome_no_backup/data/hic/samples/HIC007/results/hg38_mmtv/filtered_reads/*filtered_map.tsv
TIME 	2016-04-15 00:48:52 	[index_contacts] 	step time for completion (seconds) = 2268

INFO 	2016-04-15 00:48:54 	[map_to_bam] 	converting MAP to BAM
[bam_sort_core] merging from 50 files...
TIME 	2016-04-15 02:18:27 	[map_to_bam] 	step time for completion (seconds) = 5373

INFO 	2016-04-15 02:18:29 	[downstream_bam] 	perform several downstream analyses
/usr/share/univage/soldierantcluster/spool/node-hp0404/job_scripts/2271635: line 747: 17837 Segmentation fault      (core dumped) $python $SCRIPTS/tadbit_after_bam.py $ibam $flag_excluded $flag_included $flag_perzero $DOWNSTREAM/${sample_id}_ $slots $resolution_ab $resolution_tad &>$step_log
TIME 	2016-04-15 11:25:38 	[downstream_bam] 	step time for completion (seconds) = 32829

INFO 	2016-04-15 11:25:40 	[clean_up] 	deleting the following intermediate files/directories:
INFO 	2016-04-15 11:25:40 	[clean_up] 	/users/project/4DGenome_no_backup/data/hic/samples/HIC007/fastqs_processed
INFO 	2016-04-15 11:25:40 	[clean_up] 	/users/project/4DGenome_no_backup/data/hic/samples/HIC007/mapped_reads
TIME 	2016-04-15 11:25:42 	[clean_up] 	step time for completion (seconds) = 2


