
INFO 	2016-04-13 11:43:21 	[preliminary_checks] 	b1913e6c1_92b2943b1 found in /users/project/4DGenome/data/4DGenome_metadata.db
INFO 	2016-04-13 11:43:21 	[preliminary_checks] 	data for b1913e6c1_92b2943b1 will be stored at /users/project/4DGenome_no_backup/data/hic/samples/b1913e6c1_92b2943b1
INFO 	2016-04-13 11:44:25 	[preliminary_checks] 	paths to read1 and read2 saved to metadata database
INFO 	2016-04-13 11:44:27 	[preliminary_checks] 	Sequencing index added as part of the metadata agrees with that observed in the FASTQ file
INFO 	2016-04-13 11:44:29 	[preliminary_checks] 	read length added as part of the metadata agrees with that observed in the FASTQ file
INFO 	2016-04-13 11:44:29 	[preliminary_checks] 	genome reference FASTA file found at /users/GR/mb/jquilez/assemblies/homo_sapiens/hg38_mmtv/ucsc/hg38_mmtv.fa
INFO 	2016-04-13 11:44:57 	[preliminary_checks] 	paths to reference FASTA saved to metadata database
TIME 	2016-04-13 11:44:57 	[preliminary_checks] 	step time for completion (seconds) = 97

INFO 	2016-04-13 11:45:00 	[raw_fastqs_quality_plots] 	restriction enzyme = DpnII
INFO 	2016-04-13 11:45:00 	[raw_fastqs_quality_plots] 	a subset of 100000 reds will be used to generate the quality plots
INFO 	2016-04-13 11:45:00 	[raw_fastqs_quality_plots] 	making quality plots of the raw FASTQ files... plots saved at /users/project/4DGenome_no_backup/data/hic/samples/b1913e6c1_92b2943b1/plots/hg38_mmtv/raw_fastqs_quality_plots
INFO 	2016-04-13 11:45:23 	[raw_fastqs_quality_plots] 	percentages of dangling ends and ligated sites in read1 and read2 saved to metadata database
TIME 	2016-04-13 11:45:23 	[raw_fastqs_quality_plots] 	step time for completion (seconds) = 25

INFO 	2016-04-13 11:45:25 	[trim_reads_trimmomatic] 	sequencing type = PE
INFO 	2016-04-13 11:45:25 	[trim_reads_trimmomatic] 	trimming TruSeq3 adapter sequences for HiSeq, NextSeq or HiSeq
INFO 	2016-04-13 11:45:25 	[trim_reads_trimmomatic] 	trimming low-quality reads ends using trimmomatic's recommended practices
INFO 	2016-04-13 11:56:51 	[trim_reads_trimmomatic] 	parse step log to extract generated metadata
INFO 	2016-04-13 11:56:51 	[trim_reads_trimmomatic] 	reads after trimming = 29452703
INFO 	2016-04-13 11:57:12 	[trim_reads_trimmomatic] 	trimmomatic parameters and numbe of trimmed reads added to metadata
INFO 	2016-04-13 11:57:12 	[trim_reads_trimmomatic] 	trimmed reads are in /users/project/4DGenome_no_backup/data/hic/samples/b1913e6c1_92b2943b1/fastqs_processed/trimmomatic/paired_end
INFO 	2016-04-13 11:57:12 	[trim_reads_trimmomatic] 	unpaired reads are deleted
TIME 	2016-04-13 11:57:12 	[trim_reads_trimmomatic] 	step time for completion (seconds) = 707

INFO 	2016-04-13 11:57:18 	[align_and_merge] 	species = Homo_sapiens
INFO 	2016-04-13 11:57:18 	[align_and_merge] 	assembly version = hg38_mmtv
INFO 	2016-04-13 11:57:18 	[align_and_merge] 	restriction enzyme = DpnII
INFO 	2016-04-13 11:57:19 	[align_and_merge] 	read length = 100
INFO 	2016-04-13 11:57:19 	[align_and_merge] 	genome reference FASTA file found at /users/GR/mb/jquilez/assemblies/homo_sapiens/hg38_mmtv/ucsc/hg38_mmtv.fa
INFO 	2016-04-13 11:57:19 	[align_and_merge] 	mapping, processing reads according to restriction enzyme fragments and merging aligments for read1 and read2...
INFO 	2016-04-13 13:04:08 	[align_and_merge] 	output saved in /users/project/4DGenome_no_backup/data/hic/samples/b1913e6c1_92b2943b1/logs/hg38_mmtv/b1913e6c1_92b2943b1_align_and_merge_paired_end.log
TIME 	2016-04-13 13:04:20 	[align_and_merge] 	step time for completion (seconds) = 4026

INFO 	2016-04-13 13:04:28 	[post_mapping_statistics] 	generating post mapping descriptive statistics plots...
INFO 	2016-04-13 13:11:23 	[post_mapping_statistics] 	fraction of reads mapped read1 = 0.812404212951
INFO 	2016-04-13 13:11:23 	[post_mapping_statistics] 	fraction of reads mapped read2 = 0.791210232894
INFO 	2016-04-13 13:11:23 	[post_mapping_statistics] 	number of pairs in which both read1 and read2 are mapped = 18577509
INFO 	2016-04-13 13:11:23 	[post_mapping_statistics] 	counts-to-distance slope = -1.2968433279
TIME 	2016-04-13 13:11:28 	[post_mapping_statistics] 	step time for completion (seconds) = 420

INFO 	2016-04-13 13:11:32 	[reads_filtering] 	filtering reads based on multiple quality parameters...
INFO 	2016-04-13 13:11:32 	[reads_filtering] 	filtered reads to be used for subsequent analyses are at /users/project/4DGenome_no_backup/data/hic/samples/b1913e6c1_92b2943b1/results/hg38_mmtv/filtered_reads
INFO 	2016-04-13 13:11:32 	[reads_filtering] 	excluded reads due to dangling ends are at /users/project/4DGenome_no_backup/data/hic/samples/b1913e6c1_92b2943b1/results/hg38_mmtv/excluded_reads/dangling_ends
INFO 	2016-04-13 13:11:32 	[reads_filtering] 	excluded reads due to self circle are at /users/project/4DGenome_no_backup/data/hic/samples/b1913e6c1_92b2943b1/results/hg38_mmtv/excluded_reads/self_circle
INFO 	2016-04-13 13:11:32 	[reads_filtering] 	summary of excluded reads at /users/project/4DGenome_no_backup/data/hic/samples/b1913e6c1_92b2943b1/results/hg38_mmtv/excluded_reads/summary_excluded_per_filter
INFO 	2016-04-13 13:14:42 	[reads_filtering] 	numbers and fractions of filtered and excluded reads added to the metadata
TIME 	2016-04-13 13:14:52 	[reads_filtering] 	step time for completion (seconds) = 203

INFO 	2016-04-13 13:14:53 	[post_filtering_statistics] 	generating post filtering descriptive statistics plots... saved at /users/project/4DGenome_no_backup/data/hic/samples/b1913e6c1_92b2943b1/plots/hg38_mmtv/post_filtering_statistics:
INFO 	2016-04-13 13:14:53 	[post_filtering_statistics] 	- filtered reads: sequencing coverage along chromosomes, coverage values and interaction matrix
INFO 	2016-04-13 13:14:53 	[post_filtering_statistics] 	- dangling ends: sequencing coverage along chromosomes and coverage values
INFO 	2016-04-13 13:14:53 	[post_filtering_statistics] 	- self-circle ends: sequencing coverage along chromosomes and coverage values
TIME 	2016-04-13 13:20:11 	[post_filtering_statistics] 	step time for completion (seconds) = 318

INFO 	2016-04-13 13:20:12 	[index_contacts] 	indexing /users/project/4DGenome_no_backup/data/hic/samples/b1913e6c1_92b2943b1/results/hg38_mmtv/filtered_reads/*filtered_map.tsv
TIME 	2016-04-13 13:26:19 	[index_contacts] 	step time for completion (seconds) = 367

INFO 	2016-04-13 13:26:21 	[map_to_bam] 	converting MAP to BAM
[bam_sort_core] merging from 11 files...
TIME 	2016-04-13 13:38:59 	[map_to_bam] 	step time for completion (seconds) = 759

INFO 	2016-04-13 13:39:01 	[downstream_bam] 	perform several downstream analyses
/usr/share/univage/soldierantcluster/spool/node-hp0204/job_scripts/2269582: line 747: 46038 Segmentation fault      (core dumped) $python $SCRIPTS/tadbit_after_bam.py $ibam $flag_excluded $flag_included $flag_perzero $DOWNSTREAM/${sample_id}_ $slots $resolution_ab $resolution_tad &>$step_log
TIME 	2016-04-13 18:32:21 	[downstream_bam] 	step time for completion (seconds) = 17600

INFO 	2016-04-13 18:32:23 	[clean_up] 	deleting the following intermediate files/directories:
INFO 	2016-04-13 18:32:23 	[clean_up] 	/users/project/4DGenome_no_backup/data/hic/samples/b1913e6c1_92b2943b1/fastqs_processed
INFO 	2016-04-13 18:32:23 	[clean_up] 	/users/project/4DGenome_no_backup/data/hic/samples/b1913e6c1_92b2943b1/mapped_reads
TIME 	2016-04-13 18:32:26 	[clean_up] 	step time for completion (seconds) = 3


