
INFO 	2016-05-05 13:04:19 	[preliminary_checks] 	b742f3789_80949b1c7 found in /users/project/4DGenome/data/4DGenome_metadata.db
INFO 	2016-05-05 13:04:19 	[preliminary_checks] 	data for b742f3789_80949b1c7 will be stored at /users/project/4DGenome_no_backup/data/hic/samples/b742f3789_80949b1c7
INFO 	2016-05-05 13:09:20 	[preliminary_checks] 	paths to read1 and read2 saved to metadata database
INFO 	2016-05-05 13:09:21 	[preliminary_checks] 	Sequencing index added as part of the metadata agrees with that observed in the FASTQ file
WARN 	2016-05-05 13:09:22 	[preliminary_checks] 	read length obtained from the metadata (75 bp) differs from that seen in the FASTQ (76 bp)
WARN 	2016-05-05 13:09:22 	[preliminary_checks] 	the latter will be kept
INFO 	2016-05-05 13:09:23 	[preliminary_checks] 	genome reference FASTA file found at /users/GR/mb/jquilez/assemblies/mus_musculus/mm10/ucsc/mm10.fa
INFO 	2016-05-05 13:09:36 	[preliminary_checks] 	paths to reference FASTA saved to metadata database
TIME 	2016-05-05 13:09:36 	[preliminary_checks] 	step time for completion (seconds) = 318

INFO 	2016-05-05 13:09:39 	[raw_fastqs_quality_plots] 	restriction enzyme = DpnII
INFO 	2016-05-05 13:09:39 	[raw_fastqs_quality_plots] 	a subset of 100000 reds will be used to generate the quality plots
INFO 	2016-05-05 13:09:40 	[raw_fastqs_quality_plots] 	making quality plots of the raw FASTQ files... plots saved at /users/project/4DGenome_no_backup/data/hic/samples/b742f3789_80949b1c7/plots/mm10/raw_fastqs_quality_plots
INFO 	2016-05-05 13:09:56 	[raw_fastqs_quality_plots] 	percentages of dangling ends and ligated sites in read1 and read2 saved to metadata database
TIME 	2016-05-05 13:09:56 	[raw_fastqs_quality_plots] 	step time for completion (seconds) = 18

INFO 	2016-05-05 13:09:58 	[trim_reads_trimmomatic] 	sequencing type = PE
INFO 	2016-05-05 13:09:58 	[trim_reads_trimmomatic] 	trimming TruSeq3 adapter sequences for HiSeq, NextSeq or HiSeq
INFO 	2016-05-05 13:09:58 	[trim_reads_trimmomatic] 	trimming low-quality reads ends using trimmomatic's recommended practices
INFO 	2016-05-05 15:55:56 	[trim_reads_trimmomatic] 	parse step log to extract generated metadata
INFO 	2016-05-05 15:55:56 	[trim_reads_trimmomatic] 	reads after trimming = 341395876
INFO 	2016-05-05 15:56:27 	[trim_reads_trimmomatic] 	trimmomatic parameters and numbe of trimmed reads added to metadata
INFO 	2016-05-05 15:56:27 	[trim_reads_trimmomatic] 	trimmed reads are in /users/project/4DGenome_no_backup/data/hic/samples/b742f3789_80949b1c7/fastqs_processed/trimmomatic/paired_end
INFO 	2016-05-05 15:56:27 	[trim_reads_trimmomatic] 	unpaired reads are deleted
TIME 	2016-05-05 15:56:27 	[trim_reads_trimmomatic] 	step time for completion (seconds) = 9990

INFO 	2016-05-05 15:56:34 	[align_and_merge] 	species = Mus_musculus
INFO 	2016-05-05 15:56:34 	[align_and_merge] 	assembly version = mm10
INFO 	2016-05-05 15:56:34 	[align_and_merge] 	restriction enzyme = DpnII
INFO 	2016-05-05 15:56:34 	[align_and_merge] 	read length = 76
INFO 	2016-05-05 15:56:34 	[align_and_merge] 	genome reference FASTA file found at /users/GR/mb/jquilez/assemblies/mus_musculus/mm10/ucsc/mm10.fa
INFO 	2016-05-05 15:56:34 	[align_and_merge] 	mapping, processing reads according to restriction enzyme fragments and merging aligments for read1 and read2...
INFO 	2016-05-06 10:41:36 	[align_and_merge] 	output saved in /users/project/4DGenome_no_backup/data/hic/samples/b742f3789_80949b1c7/logs/mm10/b742f3789_80949b1c7_align_and_merge_paired_end.log
TIME 	2016-05-06 10:47:12 	[align_and_merge] 	step time for completion (seconds) = 67843

INFO 	2016-05-06 10:47:21 	[post_mapping_statistics] 	generating post mapping descriptive statistics plots...
INFO 	2016-05-06 12:12:55 	[post_mapping_statistics] 	fraction of reads mapped read1 = 0.96859521818
INFO 	2016-05-06 12:12:56 	[post_mapping_statistics] 	fraction of reads mapped read2 = 0.964760822125
INFO 	2016-05-06 12:12:56 	[post_mapping_statistics] 	number of pairs in which both read1 and read2 are mapped = 233361965
INFO 	2016-05-06 12:12:56 	[post_mapping_statistics] 	counts-to-distance slope = -0.906270017036
TIME 	2016-05-06 12:13:06 	[post_mapping_statistics] 	step time for completion (seconds) = 5145

INFO 	2016-05-06 12:13:55 	[reads_filtering] 	filtering reads based on multiple quality parameters...
INFO 	2016-05-06 12:13:55 	[reads_filtering] 	filtered reads to be used for subsequent analyses are at /users/project/4DGenome_no_backup/data/hic/samples/b742f3789_80949b1c7/results/mm10/filtered_reads
INFO 	2016-05-06 12:13:55 	[reads_filtering] 	excluded reads due to dangling ends are at /users/project/4DGenome_no_backup/data/hic/samples/b742f3789_80949b1c7/results/mm10/excluded_reads/dangling_ends
INFO 	2016-05-06 12:13:55 	[reads_filtering] 	excluded reads due to self circle are at /users/project/4DGenome_no_backup/data/hic/samples/b742f3789_80949b1c7/results/mm10/excluded_reads/self_circle
INFO 	2016-05-06 12:13:55 	[reads_filtering] 	summary of excluded reads at /users/project/4DGenome_no_backup/data/hic/samples/b742f3789_80949b1c7/results/mm10/excluded_reads/summary_excluded_per_filter
INFO 	2016-05-06 12:58:22 	[reads_filtering] 	numbers and fractions of filtered and excluded reads added to the metadata
TIME 	2016-05-06 13:02:41 	[reads_filtering] 	step time for completion (seconds) = 2973

INFO 	2016-05-06 13:02:44 	[post_filtering_statistics] 	generating post filtering descriptive statistics plots... saved at /users/project/4DGenome_no_backup/data/hic/samples/b742f3789_80949b1c7/plots/mm10/post_filtering_statistics:
INFO 	2016-05-06 13:02:44 	[post_filtering_statistics] 	- filtered reads: sequencing coverage along chromosomes, coverage values and interaction matrix
INFO 	2016-05-06 13:02:44 	[post_filtering_statistics] 	- dangling ends: sequencing coverage along chromosomes and coverage values
INFO 	2016-05-06 13:02:44 	[post_filtering_statistics] 	- self-circle ends: sequencing coverage along chromosomes and coverage values
TIME 	2016-05-06 13:57:53 	[post_filtering_statistics] 	step time for completion (seconds) = 3309

INFO 	2016-05-06 13:57:56 	[index_contacts] 	indexing /users/project/4DGenome_no_backup/data/hic/samples/b742f3789_80949b1c7/results/mm10/filtered_reads/*filtered_map.tsv
TIME 	2016-05-06 15:34:20 	[index_contacts] 	step time for completion (seconds) = 5784

INFO 	2016-05-06 15:34:43 	[map_to_bam] 	converting MAP to BAM
[bam_sort_core] merging from 170 files...
TIME 	2016-05-06 19:12:34 	[map_to_bam] 	step time for completion (seconds) = 13071

INFO 	2016-05-06 19:12:55 	[downstream_bam] 	perform several downstream analyses
TIME 	2016-05-06 23:02:19 	[downstream_bam] 	step time for completion (seconds) = 13764


INFO 	2016-05-06 23:02:20 	[pipeline] 	completed successfully
TIME 	2016-05-06 23:02:20 	[pipeline] 	total time for completion (seconds) = 122311

