
INFO 	2016-04-06 16:42:31 	[preliminary_checks] 	c0b8584ea_48a4704a7 found in /users/project/4DGenome/data/4DGenome_metadata.db
INFO 	2016-04-06 16:42:31 	[preliminary_checks] 	data for c0b8584ea_48a4704a7 will be stored at /users/project/4DGenome_no_backup/data/hic/samples/c0b8584ea_48a4704a7
INFO 	2016-04-06 16:46:07 	[preliminary_checks] 	paths to read1 and read2 saved to metadata database
INFO 	2016-04-06 16:46:09 	[preliminary_checks] 	Sequencing index added as part of the metadata agrees with that observed in the FASTQ file
INFO 	2016-04-06 16:46:12 	[preliminary_checks] 	read length added as part of the metadata agrees with that observed in the FASTQ file
INFO 	2016-04-06 16:46:12 	[preliminary_checks] 	genome reference FASTA file found at /users/GR/mb/jquilez/assemblies/mus_musculus/mm10/ucsc/mm10.fa
INFO 	2016-04-06 16:46:28 	[preliminary_checks] 	paths to reference FASTA saved to metadata database
TIME 	2016-04-06 16:46:28 	[preliminary_checks] 	step time for completion (seconds) = 239

INFO 	2016-04-06 16:46:32 	[raw_fastqs_quality_plots] 	restriction enzyme = DpnII
INFO 	2016-04-06 16:46:32 	[raw_fastqs_quality_plots] 	a subset of 100000 reds will be used to generate the quality plots
INFO 	2016-04-06 16:46:32 	[raw_fastqs_quality_plots] 	making quality plots of the raw FASTQ files... plots saved at /users/project/4DGenome_no_backup/data/hic/samples/c0b8584ea_48a4704a7/plots/mm10/raw_fastqs_quality_plots
INFO 	2016-04-06 16:47:00 	[raw_fastqs_quality_plots] 	percentages of dangling ends and ligated sites in read1 and read2 saved to metadata database
TIME 	2016-04-06 16:47:00 	[raw_fastqs_quality_plots] 	step time for completion (seconds) = 31

INFO 	2016-04-06 16:47:02 	[trim_reads_trimmomatic] 	sequencing type = PE
INFO 	2016-04-06 16:47:02 	[trim_reads_trimmomatic] 	trimming TruSeq3 adapter sequences for HiSeq, NextSeq or HiSeq
INFO 	2016-04-06 16:47:02 	[trim_reads_trimmomatic] 	trimming low-quality reads ends using trimmomatic's recommended practices
INFO 	2016-04-06 17:47:31 	[trim_reads_trimmomatic] 	parse step log to extract generated metadata
INFO 	2016-04-06 17:47:31 	[trim_reads_trimmomatic] 	reads after trimming = 168575391
INFO 	2016-04-06 17:47:54 	[trim_reads_trimmomatic] 	trimmomatic parameters and numbe of trimmed reads added to metadata
INFO 	2016-04-06 17:47:54 	[trim_reads_trimmomatic] 	trimmed reads are in /users/project/4DGenome_no_backup/data/hic/samples/c0b8584ea_48a4704a7/fastqs_processed/trimmomatic/paired_end
INFO 	2016-04-06 17:47:54 	[trim_reads_trimmomatic] 	unpaired reads are deleted
TIME 	2016-04-06 17:47:54 	[trim_reads_trimmomatic] 	step time for completion (seconds) = 3652

INFO 	2016-04-06 17:48:01 	[align_and_merge] 	species = Mus_musculus
INFO 	2016-04-06 17:48:01 	[align_and_merge] 	assembly version = mm10
INFO 	2016-04-06 17:48:01 	[align_and_merge] 	restriction enzyme = DpnII
INFO 	2016-04-06 17:48:01 	[align_and_merge] 	read length = 75
INFO 	2016-04-06 17:48:01 	[align_and_merge] 	genome reference FASTA file found at /users/GR/mb/jquilez/assemblies/mus_musculus/mm10/ucsc/mm10.fa
INFO 	2016-04-06 17:48:01 	[align_and_merge] 	mapping, processing reads according to restriction enzyme fragments and merging aligments for read1 and read2...
INFO 	2016-04-06 23:39:42 	[align_and_merge] 	output saved in /users/project/4DGenome_no_backup/data/hic/samples/c0b8584ea_48a4704a7/logs/mm10/c0b8584ea_48a4704a7_align_and_merge_paired_end.log
TIME 	2016-04-06 23:40:36 	[align_and_merge] 	step time for completion (seconds) = 21160

INFO 	2016-04-06 23:40:52 	[post_mapping_statistics] 	generating post mapping descriptive statistics plots...
INFO 	2016-04-06 23:59:45 	[post_mapping_statistics] 	fraction of reads mapped read1 = 0.640564179383
INFO 	2016-04-06 23:59:45 	[post_mapping_statistics] 	fraction of reads mapped read2 = 0.630893230436
INFO 	2016-04-06 23:59:45 	[post_mapping_statistics] 	number of pairs in which both read1 and read2 are mapped = 64977478
INFO 	2016-04-06 23:59:45 	[post_mapping_statistics] 	counts-to-distance slope = -1.11023959512
TIME 	2016-04-06 23:59:51 	[post_mapping_statistics] 	step time for completion (seconds) = 1139

INFO 	2016-04-07 00:00:02 	[reads_filtering] 	filtering reads based on multiple quality parameters...
INFO 	2016-04-07 00:00:02 	[reads_filtering] 	filtered reads to be used for subsequent analyses are at /users/project/4DGenome_no_backup/data/hic/samples/c0b8584ea_48a4704a7/results/mm10/filtered_reads
INFO 	2016-04-07 00:00:02 	[reads_filtering] 	excluded reads due to dangling ends are at /users/project/4DGenome_no_backup/data/hic/samples/c0b8584ea_48a4704a7/results/mm10/excluded_reads/dangling_ends
INFO 	2016-04-07 00:00:02 	[reads_filtering] 	excluded reads due to self circle are at /users/project/4DGenome_no_backup/data/hic/samples/c0b8584ea_48a4704a7/results/mm10/excluded_reads/self_circle
INFO 	2016-04-07 00:00:02 	[reads_filtering] 	summary of excluded reads at /users/project/4DGenome_no_backup/data/hic/samples/c0b8584ea_48a4704a7/results/mm10/excluded_reads/summary_excluded_per_filter
INFO 	2016-04-07 00:10:39 	[reads_filtering] 	numbers and fractions of filtered and excluded reads added to the metadata
TIME 	2016-04-07 00:11:05 	[reads_filtering] 	step time for completion (seconds) = 672

INFO 	2016-04-07 00:11:07 	[post_filtering_statistics] 	generating post filtering descriptive statistics plots... saved at /users/project/4DGenome_no_backup/data/hic/samples/c0b8584ea_48a4704a7/plots/mm10/post_filtering_statistics:
INFO 	2016-04-07 00:11:07 	[post_filtering_statistics] 	- filtered reads: sequencing coverage along chromosomes, coverage values and interaction matrix
INFO 	2016-04-07 00:11:07 	[post_filtering_statistics] 	- dangling ends: sequencing coverage along chromosomes and coverage values
INFO 	2016-04-07 00:11:07 	[post_filtering_statistics] 	- self-circle ends: sequencing coverage along chromosomes and coverage values
TIME 	2016-04-07 00:19:51 	[post_filtering_statistics] 	step time for completion (seconds) = 524

INFO 	2016-04-07 00:19:52 	[index_contacts] 	indexing /users/project/4DGenome_no_backup/data/hic/samples/c0b8584ea_48a4704a7/results/mm10/filtered_reads/*filtered_map.tsv
TIME 	2016-04-07 00:33:06 	[index_contacts] 	step time for completion (seconds) = 794

INFO 	2016-04-07 00:33:10 	[map_to_bam] 	converting MAP to BAM
[bam_sort_core] merging from 37 files...
TIME 	2016-04-07 01:20:09 	[map_to_bam] 	step time for completion (seconds) = 2819

INFO 	2016-04-07 01:20:21 	[downstream_bam] 	perform several downstream analyses
TIME 	2016-04-07 08:27:39 	[downstream_bam] 	step time for completion (seconds) = 25638

INFO 	2016-04-07 08:27:41 	[clean_up] 	deleting the following intermediate files/directories:
INFO 	2016-04-07 08:27:41 	[clean_up] 	/users/project/4DGenome_no_backup/data/hic/samples/c0b8584ea_48a4704a7/fastqs_processed
INFO 	2016-04-07 08:27:41 	[clean_up] 	/users/project/4DGenome_no_backup/data/hic/samples/c0b8584ea_48a4704a7/mapped_reads
TIME 	2016-04-07 08:27:47 	[clean_up] 	step time for completion (seconds) = 6


