
INFO 	2016-05-23 18:33:33 	[configuration] 	script to access/write from/to metadata: /users/project/4DGenome/utils/io_metadata.sh
INFO 	2016-05-23 18:33:33 	[configuration] 	metadata database: /users/project/4DGenome/data/4DGenome_metadata.db
INFO 	2016-05-23 18:33:33 	[configuration] 	data for 7824bad60_51720e9cf will be stored at /users/project/4DGenome_no_backup/data/hic/samples/7824bad60_51720e9cf
INFO 	2016-05-23 18:33:33 	[configuration] 	paths to input FASTQ files extracted from the metadata
INFO 	2016-05-23 18:33:38 	[configuration] 	species (Homo_sapiens) and assembly version (hg38_mmtv) extracted from the metadata

INFO 	2016-05-23 18:34:18 	[preliminary_checks] 	7824bad60_51720e9cf found in /users/project/4DGenome/data/4DGenome_metadata.db
INFO 	2016-05-23 18:47:14 	[preliminary_checks] 	paths to read1 and read2 saved to metadata database
INFO 	2016-05-23 18:47:19 	[preliminary_checks] 	Sequencing index added as part of the metadata agrees with that observed in the FASTQ file
INFO 	2016-05-23 18:47:22 	[preliminary_checks] 	read length added as part of the metadata agrees with that observed in the FASTQ file
INFO 	2016-05-23 18:47:23 	[preliminary_checks] 	genome reference FASTA file found at /users/GR/mb/jquilez/assemblies/homo_sapiens/hg38_mmtv/ucsc/hg38_mmtv_chr1-22XYM.fa
INFO 	2016-05-23 18:47:38 	[preliminary_checks] 	paths to reference FASTA saved to metadata database
TIME 	2016-05-23 18:47:38 	[preliminary_checks] 	step time for completion (seconds) = 802

INFO 	2016-05-23 18:47:39 	[raw_fastqs_quality_plots] 	restriction enzyme = DpnII
INFO 	2016-05-23 18:47:39 	[raw_fastqs_quality_plots] 	a subset of 100000 reds will be used to generate the quality plots
INFO 	2016-05-23 18:47:39 	[raw_fastqs_quality_plots] 	making quality plots of the raw FASTQ files... plots saved at /users/project/4DGenome_no_backup/data/hic/samples/7824bad60_51720e9cf/plots/hg38_mmtv/raw_fastqs_quality_plots
INFO 	2016-05-23 18:48:05 	[raw_fastqs_quality_plots] 	percentages of dangling ends and ligated sites in read1 and read2 saved to metadata database
TIME 	2016-05-23 18:48:05 	[raw_fastqs_quality_plots] 	step time for completion (seconds) = 26

INFO 	2016-05-23 18:48:07 	[trim_reads_trimmomatic] 	sequencing type = PE
INFO 	2016-05-23 18:48:07 	[trim_reads_trimmomatic] 	trimming TruSeq3 adapter sequences for HiSeq, NextSeq or HiSeq
INFO 	2016-05-23 18:48:07 	[trim_reads_trimmomatic] 	trimming low-quality reads ends using trimmomatic's recommended practices
INFO 	2016-05-23 20:10:10 	[trim_reads_trimmomatic] 	parse step log to extract generated metadata
INFO 	2016-05-23 20:10:11 	[trim_reads_trimmomatic] 	reads after trimming = 161836263
INFO 	2016-05-23 20:11:21 	[trim_reads_trimmomatic] 	trimmomatic parameters and numbe of trimmed reads added to metadata
INFO 	2016-05-23 20:11:21 	[trim_reads_trimmomatic] 	trimmed reads are in /users/project/4DGenome_no_backup/data/hic/samples/7824bad60_51720e9cf/fastqs_processed/trimmomatic/paired_end
INFO 	2016-05-23 20:11:21 	[trim_reads_trimmomatic] 	unpaired reads are deleted
TIME 	2016-05-23 20:11:22 	[trim_reads_trimmomatic] 	step time for completion (seconds) = 4995

INFO 	2016-05-23 20:11:30 	[align_and_merge] 	species = Homo_sapiens
INFO 	2016-05-23 20:11:30 	[align_and_merge] 	assembly version = hg38_mmtv
INFO 	2016-05-23 20:11:30 	[align_and_merge] 	restriction enzyme = DpnII
INFO 	2016-05-23 20:11:30 	[align_and_merge] 	read length = 75
INFO 	2016-05-23 20:11:31 	[align_and_merge] 	genome reference FASTA file found at /users/GR/mb/jquilez/assemblies/homo_sapiens/hg38_mmtv/ucsc/hg38_mmtv_chr1-22XYM.fa
INFO 	2016-05-23 20:11:31 	[align_and_merge] 	mapping, processing reads according to restriction enzyme fragments and merging aligments for read1 and read2...
INFO 	2016-05-24 09:30:17 	[align_and_merge] 	output saved in /users/project/4DGenome_no_backup/data/hic/samples/7824bad60_51720e9cf/logs/7824bad60_51720e9cf_trim_reads_trimmomatic_paired_end.log
TIME 	2016-05-24 09:41:38 	[align_and_merge] 	step time for completion (seconds) = 48608

INFO 	2016-05-24 09:42:43 	[post_mapping_statistics] 	generating post mapping descriptive statistics plots...
Traceback (most recent call last):
  File "/users/project/4DGenome/pipelines/hic-16.05/scripts/mappings_descriptive_statistics.py", line 33, in <module>
    n_reads_trimmed = int(sys.argv[6])
ValueError: invalid literal for int() with base 10: 'Mb'
INFO 	2016-05-24 09:43:16 	[post_mapping_statistics] 	fraction of reads mapped read1 = 
INFO 	2016-05-24 09:43:16 	[post_mapping_statistics] 	fraction of reads mapped read2 = 
INFO 	2016-05-24 09:43:17 	[post_mapping_statistics] 	number of pairs in which both read1 and read2 are mapped = 1
INFO 	2016-05-24 09:43:17 	[post_mapping_statistics] 	counts-to-distance slope = 
INFO 	2016-05-24 09:43:17 	[add_to_metadata] 	-t <table>, -s <sample_id>, -u <time_stamp> -a <attribute> and or -v <value> are not provided; exiting...
INFO 	2016-05-24 09:43:17 	[add_to_metadata] 	t=hic s=7824bad60_51720e9cf u=2016-05-23-18-33 a=FRACTION_MAPPED_READ1 v=
INFO 	2016-05-24 09:43:18 	[add_to_metadata] 	-t <table>, -s <sample_id>, -u <time_stamp> -a <attribute> and or -v <value> are not provided; exiting...
INFO 	2016-05-24 09:43:18 	[add_to_metadata] 	t=hic s=7824bad60_51720e9cf u=2016-05-23-18-33 a=FRACTION_MAPPED_READ2 v=
INFO 	2016-05-24 09:43:18 	[add_to_metadata] 	-t <table>, -s <sample_id>, -u <time_stamp> -a <attribute> and or -v <value> are not provided; exiting...
INFO 	2016-05-24 09:43:18 	[add_to_metadata] 	t=hic s=7824bad60_51720e9cf u=2016-05-23-18-33 a=COUNTS_TO_DISTANCE_SLOPE v=
TIME 	2016-05-24 09:43:26 	[post_mapping_statistics] 	step time for completion (seconds) = 44

INFO 	2016-05-24 09:44:07 	[reads_filtering] 	filtering reads based on multiple quality parameters...
INFO 	2016-05-24 09:44:07 	[reads_filtering] 	filtered reads to be used for subsequent analyses are at /users/project/4DGenome_no_backup/data/hic/samples/7824bad60_51720e9cf/results/hg38_mmtv/filtered_reads
INFO 	2016-05-24 09:44:07 	[reads_filtering] 	excluded reads due to dangling ends are at /users/project/4DGenome_no_backup/data/hic/samples/7824bad60_51720e9cf/results/hg38_mmtv/excluded_reads/dangling_ends
INFO 	2016-05-24 09:44:07 	[reads_filtering] 	excluded reads due to self circle are at /users/project/4DGenome_no_backup/data/hic/samples/7824bad60_51720e9cf/results/hg38_mmtv/excluded_reads/self_circle
INFO 	2016-05-24 09:44:07 	[reads_filtering] 	summary of excluded reads at /users/project/4DGenome_no_backup/data/hic/samples/7824bad60_51720e9cf/results/hg38_mmtv/excluded_reads/summary_excluded_per_filter
INFO 	2016-05-24 10:11:05 	[reads_filtering] 	numbers and fractions of filtered and excluded reads added to the metadata
TIME 	2016-05-24 10:15:25 	[reads_filtering] 	step time for completion (seconds) = 1901

INFO 	2016-05-24 10:15:38 	[post_filtering_statistics] 	generating post filtering descriptive statistics plots... saved at /users/project/4DGenome_no_backup/data/hic/samples/7824bad60_51720e9cf/plots/hg38_mmtv/post_filtering_statistics:
INFO 	2016-05-24 10:15:38 	[post_filtering_statistics] 	- filtered reads: sequencing coverage along chromosomes, coverage values and interaction matrix
INFO 	2016-05-24 10:15:38 	[post_filtering_statistics] 	- dangling ends: sequencing coverage along chromosomes and coverage values
INFO 	2016-05-24 10:15:38 	[post_filtering_statistics] 	- self-circle ends: sequencing coverage along chromosomes and coverage values
TIME 	2016-05-24 10:33:55 	[post_filtering_statistics] 	step time for completion (seconds) = 1098

INFO 	2016-05-24 10:34:01 	[map_to_bam] 	converting MAP to BAM
[W::sam_parse1] mapped query cannot have zero coordinate; treated as unmapped
[W::sam_parse1] mapped mate cannot have zero coordinate; treated as unmapped
[W::sam_parse1] mapped query cannot have zero coordinate; treated as unmapped
[W::sam_parse1] mapped mate cannot have zero coordinate; treated as unmapped
[bam_sort_core] merging from 84 files...
TIME 	2016-05-24 12:34:13 	[map_to_bam] 	step time for completion (seconds) = 7212

INFO 	2016-05-24 12:34:16 	[downstream_bam] 	perform several downstream analyses
INFO 	2016-05-24 19:30:48 	[downstream_bam] 	number of TADs = 3052
TIME 	2016-05-24 19:30:59 	[downstream_bam] 	step time for completion (seconds) = 25003

INFO 	2016-05-24 19:31:00 	[clean_up] 	deleting the following intermediate files/directories:
INFO 	2016-05-24 19:31:00 	[clean_up] 	/users/project/4DGenome_no_backup/data/hic/samples/7824bad60_51720e9cf/fastqs_processed
INFO 	2016-05-24 19:31:00 	[clean_up] 	/users/project/4DGenome_no_backup/data/hic/samples/7824bad60_51720e9cf/mapped_reads
TIME 	2016-05-24 19:32:12 	[clean_up] 	step time for completion (seconds) = 72


INFO 	2016-05-24 19:32:13 	[pipeline] 	completed successfully
TIME 	2016-05-24 19:32:13 	[pipeline] 	total time for completion (seconds) = 89920

