
INFO 	2016-06-11 02:04:39 	[configuration] 	script to access/write from/to metadata: /users/project/4DGenome/utils/io_metadata.sh
INFO 	2016-06-11 02:04:39 	[configuration] 	metadata database: /users/project/4DGenome/data/4DGenome_metadata.db
INFO 	2016-06-11 02:04:39 	[configuration] 	data for HIC018 will be stored at /users/project/4DGenome_no_backup/data/hic/samples/HIC018
INFO 	2016-06-11 02:04:39 	[configuration] 	paths to input FASTQ files extracted from the metadata
INFO 	2016-06-11 02:05:12 	[configuration] 	species (Homo_sapiens) and assembly version (hg38_mmtv) extracted from the metadata

INFO 	2016-06-11 02:05:46 	[preliminary_checks] 	HIC018 found in /users/project/4DGenome/data/4DGenome_metadata.db
INFO 	2016-06-11 02:18:03 	[preliminary_checks] 	paths to read1 and read2 saved to metadata database
WARN 	2016-06-11 02:18:05 	[preliminary_checks] 	Sequencing index added as part of the metadata does not agree with that observed in the FASTQ file
INFO 	2016-06-11 02:18:06 	[preliminary_checks] 	read length added as part of the metadata agrees with that observed in the FASTQ file
INFO 	2016-06-11 02:18:07 	[preliminary_checks] 	genome reference FASTA file found at /users/GR/mb/jquilez/assemblies/homo_sapiens/hg38_mmtv/ucsc/hg38_mmtv_chr1-22XYM.fa
INFO 	2016-06-11 02:18:44 	[preliminary_checks] 	paths to reference FASTA saved to metadata database
TIME 	2016-06-11 02:18:44 	[preliminary_checks] 	step time for completion (seconds) = 779

INFO 	2016-06-11 02:18:46 	[raw_fastqs_quality_plots] 	restriction enzyme = DpnII
INFO 	2016-06-11 02:18:46 	[raw_fastqs_quality_plots] 	a subset of 100000 reds will be used to generate the quality plots
INFO 	2016-06-11 02:18:46 	[raw_fastqs_quality_plots] 	making quality plots of the raw FASTQ files... plots saved at /users/project/4DGenome_no_backup/data/hic/samples/HIC018/plots/hg38_mmtv/raw_fastqs_quality_plots
INFO 	2016-06-11 02:19:19 	[raw_fastqs_quality_plots] 	percentages of dangling ends and ligated sites in read1 and read2 saved to metadata database
TIME 	2016-06-11 02:19:19 	[raw_fastqs_quality_plots] 	step time for completion (seconds) = 33

INFO 	2016-06-11 02:19:21 	[trim_reads_trimmomatic] 	sequencing type = PE
INFO 	2016-06-11 02:19:21 	[trim_reads_trimmomatic] 	trimming TruSeq3 adapter sequences for HiSeq, NextSeq or HiSeq
INFO 	2016-06-11 02:19:21 	[trim_reads_trimmomatic] 	trimming low-quality reads ends using trimmomatic's recommended practices
INFO 	2016-06-11 03:49:36 	[trim_reads_trimmomatic] 	parse step log to extract generated metadata
INFO 	2016-06-11 03:49:37 	[trim_reads_trimmomatic] 	reads after trimming = 132199266
INFO 	2016-06-11 03:50:00 	[trim_reads_trimmomatic] 	trimmomatic parameters and numbe of trimmed reads added to metadata
INFO 	2016-06-11 03:50:00 	[trim_reads_trimmomatic] 	trimmed reads are in /users/project/4DGenome_no_backup/data/hic/samples/HIC018/fastqs_processed/trimmomatic/paired_end
INFO 	2016-06-11 03:50:00 	[trim_reads_trimmomatic] 	unpaired reads are deleted
TIME 	2016-06-11 03:50:01 	[trim_reads_trimmomatic] 	step time for completion (seconds) = 5440

INFO 	2016-06-11 03:50:02 	[align_and_merge] 	species = Homo_sapiens
INFO 	2016-06-11 03:50:02 	[align_and_merge] 	assembly version = hg38_mmtv
INFO 	2016-06-11 03:50:02 	[align_and_merge] 	restriction enzyme = DpnII
INFO 	2016-06-11 03:50:02 	[align_and_merge] 	read length = 101
INFO 	2016-06-11 03:50:03 	[align_and_merge] 	genome reference FASTA file found at /users/GR/mb/jquilez/assemblies/homo_sapiens/hg38_mmtv/ucsc/hg38_mmtv_chr1-22XYM.fa
INFO 	2016-06-11 03:50:03 	[align_and_merge] 	mapping, processing reads according to restriction enzyme fragments and merging aligments for read1 and read2...
INFO 	2016-06-11 11:29:17 	[align_and_merge] 	output saved in /users/project/4DGenome_no_backup/data/hic/samples/HIC018/logs/hg38_mmtv/HIC018_align_and_merge_paired_end.log
TIME 	2016-06-11 11:32:34 	[align_and_merge] 	step time for completion (seconds) = 27752

INFO 	2016-06-11 11:32:59 	[post_mapping_statistics] 	generating post mapping descriptive statistics plots...
INFO 	2016-06-11 12:11:15 	[post_mapping_statistics] 	fraction of reads mapped read1 = 1.01588804585
INFO 	2016-06-11 12:11:15 	[post_mapping_statistics] 	fraction of reads mapped read2 = 1.01515487991
INFO 	2016-06-11 12:11:15 	[post_mapping_statistics] 	number of pairs in which both read1 and read2 are mapped = 96140702
INFO 	2016-06-11 12:11:15 	[post_mapping_statistics] 	counts-to-distance slope = -1.15339404555
TIME 	2016-06-11 12:11:34 	[post_mapping_statistics] 	step time for completion (seconds) = 2315

INFO 	2016-06-11 12:11:55 	[reads_filtering] 	filtering reads based on multiple quality parameters...
INFO 	2016-06-11 12:11:55 	[reads_filtering] 	filtered reads to be used for subsequent analyses are at /users/project/4DGenome_no_backup/data/hic/samples/HIC018/results/hg38_mmtv/filtered_reads
INFO 	2016-06-11 12:11:55 	[reads_filtering] 	excluded reads due to dangling ends are at /users/project/4DGenome_no_backup/data/hic/samples/HIC018/results/hg38_mmtv/excluded_reads/dangling_ends
INFO 	2016-06-11 12:11:55 	[reads_filtering] 	excluded reads due to self circle are at /users/project/4DGenome_no_backup/data/hic/samples/HIC018/results/hg38_mmtv/excluded_reads/self_circle
INFO 	2016-06-11 12:11:55 	[reads_filtering] 	summary of excluded reads at /users/project/4DGenome_no_backup/data/hic/samples/HIC018/results/hg38_mmtv/excluded_reads/summary_excluded_per_filter
INFO 	2016-06-11 12:32:13 	[reads_filtering] 	numbers and fractions of filtered and excluded reads added to the metadata
TIME 	2016-06-11 12:34:48 	[reads_filtering] 	step time for completion (seconds) = 1392

INFO 	2016-06-11 12:34:59 	[post_filtering_statistics] 	generating post filtering descriptive statistics plots... saved at /users/project/4DGenome_no_backup/data/hic/samples/HIC018/plots/hg38_mmtv/post_filtering_statistics:
INFO 	2016-06-11 12:34:59 	[post_filtering_statistics] 	- filtered reads: sequencing coverage along chromosomes, coverage values and interaction matrix
INFO 	2016-06-11 12:34:59 	[post_filtering_statistics] 	- dangling ends: sequencing coverage along chromosomes and coverage values
INFO 	2016-06-11 12:34:59 	[post_filtering_statistics] 	- self-circle ends: sequencing coverage along chromosomes and coverage values
TIME 	2016-06-11 12:59:27 	[post_filtering_statistics] 	step time for completion (seconds) = 1468

INFO 	2016-06-11 12:59:41 	[map_to_bam] 	converting MAP to BAM
[bam_sort_core] merging from 53 files...
TIME 	2016-06-11 14:38:33 	[map_to_bam] 	step time for completion (seconds) = 5932

INFO 	2016-06-11 14:38:46 	[downstream_bam] 	perform several downstream analyses
INFO 	2016-06-11 21:16:35 	[downstream_bam] 	number of TADs = 3207
TIME 	2016-06-11 21:16:57 	[downstream_bam] 	step time for completion (seconds) = 23891

INFO 	2016-06-11 21:16:59 	[clean_up] 	deleting the following intermediate files/directories:
INFO 	2016-06-11 21:16:59 	[clean_up] 	/users/project/4DGenome_no_backup/data/hic/samples/HIC018/fastqs_processed
INFO 	2016-06-11 21:16:59 	[clean_up] 	/users/project/4DGenome_no_backup/data/hic/samples/HIC018/mapped_reads
TIME 	2016-06-11 21:17:01 	[clean_up] 	step time for completion (seconds) = 2


INFO 	2016-06-11 21:17:03 	[pipeline] 	completed successfully
TIME 	2016-06-11 21:17:03 	[pipeline] 	total time for completion (seconds) = 69144

