
INFO 	2016-09-09 18:39:44 	[configuration] 	script to access/write from/to metadata: /users/project/4DGenome/utils/io_metadata.sh
INFO 	2016-09-09 18:39:44 	[configuration] 	metadata database: /users/project/4DGenome/data/4DGenome_metadata.db
INFO 	2016-09-09 18:39:44 	[configuration] 	data for HIC103 will be stored at /users/project/4DGenome_no_backup/data/hic/samples/HIC103
INFO 	2016-09-09 18:39:44 	[configuration] 	paths to input FASTQ files extracted from the metadata
INFO 	2016-09-09 18:40:06 	[configuration] 	species (Mus_musculus) and assembly version (mm10) extracted from the metadata

INFO 	2016-09-09 18:40:42 	[preliminary_checks] 	HIC103 found in /users/project/4DGenome/data/4DGenome_metadata.db
INFO 	2016-09-09 18:47:55 	[preliminary_checks] 	paths to read1 and read2 saved to metadata database
WARN 	2016-09-09 18:47:57 	[preliminary_checks] 	Sequencing index added as part of the metadata does not agree with that observed in the FASTQ file
INFO 	2016-09-09 18:47:59 	[preliminary_checks] 	read length added as part of the metadata agrees with that observed in the FASTQ file
INFO 	2016-09-09 18:47:59 	[preliminary_checks] 	genome reference FASTA file found at /users/GR/mb/jquilez/assemblies/mus_musculus/mm10/ucsc/mm10_chr1-19XYM.fa
INFO 	2016-09-09 18:48:15 	[preliminary_checks] 	paths to reference FASTA saved to metadata database
TIME 	2016-09-09 18:48:15 	[preliminary_checks] 	step time for completion (seconds) = 455

INFO 	2016-09-09 18:48:17 	[raw_fastqs_quality_plots] 	restriction enzyme = HindIII
INFO 	2016-09-09 18:48:17 	[raw_fastqs_quality_plots] 	a subset of 100000 reds will be used to generate the quality plots
INFO 	2016-09-09 18:48:18 	[raw_fastqs_quality_plots] 	making quality plots of the raw FASTQ files... plots saved at /users/project/4DGenome_no_backup/data/hic/samples/HIC103/plots/mm10/raw_fastqs_quality_plots
INFO 	2016-09-09 18:48:37 	[raw_fastqs_quality_plots] 	percentages of dangling ends and ligated sites in read1 and read2 saved to metadata database
TIME 	2016-09-09 18:48:37 	[raw_fastqs_quality_plots] 	step time for completion (seconds) = 20

INFO 	2016-09-09 18:48:39 	[trim_reads_trimmomatic] 	sequencing type = PE
INFO 	2016-09-09 18:48:39 	[trim_reads_trimmomatic] 	trimming TruSeq3 adapter sequences for HiSeq, NextSeq or HiSeq
INFO 	2016-09-09 18:48:39 	[trim_reads_trimmomatic] 	trimming low-quality reads ends using trimmomatic's recommended practices
INFO 	2016-09-09 19:42:50 	[trim_reads_trimmomatic] 	parse step log to extract generated metadata
INFO 	2016-09-09 19:42:50 	[trim_reads_trimmomatic] 	reads after trimming = 94732272
INFO 	2016-09-09 19:43:10 	[trim_reads_trimmomatic] 	trimmomatic parameters and numbe of trimmed reads added to metadata
INFO 	2016-09-09 19:43:10 	[trim_reads_trimmomatic] 	trimmed reads are in /users/project/4DGenome_no_backup/data/hic/samples/HIC103/fastqs_processed/trimmomatic/paired_end
INFO 	2016-09-09 19:43:10 	[trim_reads_trimmomatic] 	unpaired reads are deleted
TIME 	2016-09-09 19:43:10 	[trim_reads_trimmomatic] 	step time for completion (seconds) = 3271

INFO 	2016-09-09 19:43:12 	[align_and_merge] 	species = Mus_musculus
INFO 	2016-09-09 19:43:12 	[align_and_merge] 	assembly version = mm10
INFO 	2016-09-09 19:43:12 	[align_and_merge] 	restriction enzyme = HindIII
INFO 	2016-09-09 19:43:12 	[align_and_merge] 	read length = 76
INFO 	2016-09-09 19:43:12 	[align_and_merge] 	genome reference FASTA file found at /users/GR/mb/jquilez/assemblies/mus_musculus/mm10/ucsc/mm10_chr1-19XYM.fa
INFO 	2016-09-09 19:43:12 	[align_and_merge] 	mapping, processing reads according to restriction enzyme fragments and merging aligments for read1 and read2...
INFO 	2016-09-09 23:05:43 	[align_and_merge] 	output saved in /users/project/4DGenome_no_backup/data/hic/samples/HIC103/logs/mm10/HIC103_align_and_merge_paired_end.log
TIME 	2016-09-09 23:07:07 	[align_and_merge] 	step time for completion (seconds) = 12235

INFO 	2016-09-09 23:07:40 	[post_mapping_statistics] 	generating post mapping descriptive statistics plots...
INFO 	2016-09-09 23:33:57 	[post_mapping_statistics] 	fraction of reads mapped read1 = 0.893925398517
INFO 	2016-09-09 23:33:57 	[post_mapping_statistics] 	fraction of reads mapped read2 = 0.88219408482
INFO 	2016-09-09 23:33:57 	[post_mapping_statistics] 	number of pairs in which both read1 and read2 are mapped = 81735069
INFO 	2016-09-09 23:33:57 	[post_mapping_statistics] 	counts-to-distance slope = -1.02196397288
TIME 	2016-09-09 23:34:04 	[post_mapping_statistics] 	step time for completion (seconds) = 1584

INFO 	2016-09-09 23:34:15 	[reads_filtering] 	filtering reads based on multiple quality parameters...
INFO 	2016-09-09 23:34:15 	[reads_filtering] 	filtered reads to be used for subsequent analyses are at /users/project/4DGenome_no_backup/data/hic/samples/HIC103/results/mm10/filtered_reads
INFO 	2016-09-09 23:34:15 	[reads_filtering] 	excluded reads due to dangling ends are at /users/project/4DGenome_no_backup/data/hic/samples/HIC103/results/mm10/excluded_reads/dangling_ends
INFO 	2016-09-09 23:34:15 	[reads_filtering] 	excluded reads due to self circle are at /users/project/4DGenome_no_backup/data/hic/samples/HIC103/results/mm10/excluded_reads/self_circle
INFO 	2016-09-09 23:34:15 	[reads_filtering] 	summary of excluded reads at /users/project/4DGenome_no_backup/data/hic/samples/HIC103/results/mm10/excluded_reads/summary_excluded_per_filter
INFO 	2016-09-09 23:47:30 	[reads_filtering] 	numbers and fractions of filtered and excluded reads added to the metadata
TIME 	2016-09-09 23:48:07 	[reads_filtering] 	step time for completion (seconds) = 841

INFO 	2016-09-09 23:48:09 	[post_filtering_statistics] 	generating post filtering descriptive statistics plots... saved at /users/project/4DGenome_no_backup/data/hic/samples/HIC103/plots/mm10/post_filtering_statistics:
INFO 	2016-09-09 23:48:09 	[post_filtering_statistics] 	- filtered reads: sequencing coverage along chromosomes, coverage values and interaction matrix
INFO 	2016-09-09 23:48:09 	[post_filtering_statistics] 	- dangling ends: sequencing coverage along chromosomes and coverage values
INFO 	2016-09-09 23:48:09 	[post_filtering_statistics] 	- self-circle ends: sequencing coverage along chromosomes and coverage values
TIME 	2016-09-09 23:56:58 	[post_filtering_statistics] 	step time for completion (seconds) = 529

INFO 	2016-09-09 23:57:00 	[map_to_bam] 	converting MAP to BAM
[bam_sort_core] merging from 28 files...
TIME 	2016-09-10 00:49:31 	[map_to_bam] 	step time for completion (seconds) = 3151

INFO 	2016-09-10 00:49:50 	[downstream_bam] 	perform several downstream analyses
/usr/share/univage/soldierantcluster/spool/node-hp0208/job_scripts/8930965: line 772:  7379 Segmentation fault      (core dumped) $python $SCRIPTS/tadbit_after_bam_v2.py $ibam $flag_excluded $flag_included $flag_perzero $DOWNSTREAM/${sample_id}_ $slots $resolution_ab $resolution_tad &>$step_log
INFO 	2016-09-10 04:19:13 	[downstream_bam] 	number of TADs = 2014
TIME 	2016-09-10 04:19:42 	[downstream_bam] 	step time for completion (seconds) = 12592

INFO 	2016-09-10 04:19:43 	[clean_up] 	deleting the following intermediate files/directories:
INFO 	2016-09-10 04:19:43 	[clean_up] 	/users/project/4DGenome_no_backup/data/hic/samples/HIC103/fastqs_processed
INFO 	2016-09-10 04:19:43 	[clean_up] 	/users/project/4DGenome_no_backup/data/hic/samples/HIC103/mapped_reads
TIME 	2016-09-10 04:19:47 	[clean_up] 	step time for completion (seconds) = 4


INFO 	2016-09-10 04:19:49 	[pipeline] 	completed successfully
TIME 	2016-09-10 04:19:49 	[pipeline] 	total time for completion (seconds) = 34805

