
INFO 	2016-06-14 21:17:39 	[configuration] 	script to access/write from/to metadata: /users/project/4DGenome/utils/io_metadata.sh
INFO 	2016-06-14 21:17:39 	[configuration] 	metadata database: /users/project/4DGenome/data/4DGenome_metadata.db
INFO 	2016-06-14 21:17:39 	[configuration] 	data for 858b56753_7bf1478ce will be stored at /users/project/4DGenome_no_backup/data/hic/samples/858b56753_7bf1478ce
INFO 	2016-06-14 21:17:39 	[configuration] 	paths to input FASTQ files extracted from the metadata
INFO 	2016-06-14 21:17:44 	[configuration] 	species (Homo_sapiens) and assembly version (hg38_mmtv) extracted from the metadata

INFO 	2016-06-14 21:18:16 	[preliminary_checks] 	858b56753_7bf1478ce found in /users/project/4DGenome/data/4DGenome_metadata.db
INFO 	2016-06-14 21:36:31 	[preliminary_checks] 	paths to read1 and read2 saved to metadata database
INFO 	2016-06-14 21:36:33 	[preliminary_checks] 	Sequencing index added as part of the metadata agrees with that observed in the FASTQ file
INFO 	2016-06-14 21:36:34 	[preliminary_checks] 	read length added as part of the metadata agrees with that observed in the FASTQ file
INFO 	2016-06-14 21:36:34 	[preliminary_checks] 	genome reference FASTA file found at /users/GR/mb/jquilez/assemblies/homo_sapiens/hg38_mmtv/ucsc/hg38_mmtv_chr1-22XYM.fa
INFO 	2016-06-14 21:37:23 	[preliminary_checks] 	paths to reference FASTA saved to metadata database
TIME 	2016-06-14 21:37:23 	[preliminary_checks] 	step time for completion (seconds) = 1149

INFO 	2016-06-14 21:37:25 	[raw_fastqs_quality_plots] 	restriction enzyme = DpnII
INFO 	2016-06-14 21:37:25 	[raw_fastqs_quality_plots] 	a subset of 100000 reds will be used to generate the quality plots
INFO 	2016-06-14 21:37:25 	[raw_fastqs_quality_plots] 	making quality plots of the raw FASTQ files... plots saved at /users/project/4DGenome_no_backup/data/hic/samples/858b56753_7bf1478ce/plots/hg38_mmtv/raw_fastqs_quality_plots
INFO 	2016-06-14 21:37:46 	[raw_fastqs_quality_plots] 	percentages of dangling ends and ligated sites in read1 and read2 saved to metadata database
TIME 	2016-06-14 21:37:46 	[raw_fastqs_quality_plots] 	step time for completion (seconds) = 21

INFO 	2016-06-14 21:37:48 	[trim_reads_trimmomatic] 	sequencing type = PE
INFO 	2016-06-14 21:37:48 	[trim_reads_trimmomatic] 	trimming TruSeq3 adapter sequences for HiSeq, NextSeq or HiSeq
INFO 	2016-06-14 21:37:48 	[trim_reads_trimmomatic] 	trimming low-quality reads ends using trimmomatic's recommended practices
INFO 	2016-06-14 23:42:51 	[trim_reads_trimmomatic] 	parse step log to extract generated metadata
INFO 	2016-06-14 23:42:51 	[trim_reads_trimmomatic] 	reads after trimming = 244087016
INFO 	2016-06-14 23:43:11 	[trim_reads_trimmomatic] 	trimmomatic parameters and numbe of trimmed reads added to metadata
INFO 	2016-06-14 23:43:11 	[trim_reads_trimmomatic] 	trimmed reads are in /users/project/4DGenome_no_backup/data/hic/samples/858b56753_7bf1478ce/fastqs_processed/trimmomatic/paired_end
INFO 	2016-06-14 23:43:11 	[trim_reads_trimmomatic] 	unpaired reads are deleted
TIME 	2016-06-14 23:43:12 	[trim_reads_trimmomatic] 	step time for completion (seconds) = 7524

INFO 	2016-06-14 23:43:13 	[align_and_merge] 	species = Homo_sapiens
INFO 	2016-06-14 23:43:13 	[align_and_merge] 	assembly version = hg38_mmtv
INFO 	2016-06-14 23:43:13 	[align_and_merge] 	restriction enzyme = DpnII
INFO 	2016-06-14 23:43:13 	[align_and_merge] 	read length = 75
INFO 	2016-06-14 23:43:13 	[align_and_merge] 	genome reference FASTA file found at /users/GR/mb/jquilez/assemblies/homo_sapiens/hg38_mmtv/ucsc/hg38_mmtv_chr1-22XYM.fa
INFO 	2016-06-14 23:43:13 	[align_and_merge] 	mapping, processing reads according to restriction enzyme fragments and merging aligments for read1 and read2...
INFO 	2016-06-15 14:04:34 	[align_and_merge] 	output saved in /users/project/4DGenome_no_backup/data/hic/samples/858b56753_7bf1478ce/logs/hg38_mmtv/858b56753_7bf1478ce_align_and_merge_paired_end.log
TIME 	2016-06-15 14:10:52 	[align_and_merge] 	step time for completion (seconds) = 52059

INFO 	2016-06-15 14:11:03 	[post_mapping_statistics] 	generating post mapping descriptive statistics plots...
INFO 	2016-06-15 15:14:17 	[post_mapping_statistics] 	fraction of reads mapped read1 = 1.04628798854
INFO 	2016-06-15 15:14:17 	[post_mapping_statistics] 	fraction of reads mapped read2 = 1.02347442766
INFO 	2016-06-15 15:14:17 	[post_mapping_statistics] 	number of pairs in which both read1 and read2 are mapped = 178598332
INFO 	2016-06-15 15:14:17 	[post_mapping_statistics] 	counts-to-distance slope = -0.0853757884691
TIME 	2016-06-15 15:14:24 	[post_mapping_statistics] 	step time for completion (seconds) = 3801

INFO 	2016-06-15 15:15:01 	[reads_filtering] 	filtering reads based on multiple quality parameters...
INFO 	2016-06-15 15:15:01 	[reads_filtering] 	filtered reads to be used for subsequent analyses are at /users/project/4DGenome_no_backup/data/hic/samples/858b56753_7bf1478ce/results/hg38_mmtv/filtered_reads
INFO 	2016-06-15 15:15:01 	[reads_filtering] 	excluded reads due to dangling ends are at /users/project/4DGenome_no_backup/data/hic/samples/858b56753_7bf1478ce/results/hg38_mmtv/excluded_reads/dangling_ends
INFO 	2016-06-15 15:15:01 	[reads_filtering] 	excluded reads due to self circle are at /users/project/4DGenome_no_backup/data/hic/samples/858b56753_7bf1478ce/results/hg38_mmtv/excluded_reads/self_circle
INFO 	2016-06-15 15:15:01 	[reads_filtering] 	summary of excluded reads at /users/project/4DGenome_no_backup/data/hic/samples/858b56753_7bf1478ce/results/hg38_mmtv/excluded_reads/summary_excluded_per_filter
INFO 	2016-06-15 15:54:51 	[reads_filtering] 	numbers and fractions of filtered and excluded reads added to the metadata
TIME 	2016-06-15 15:58:30 	[reads_filtering] 	step time for completion (seconds) = 2644

INFO 	2016-06-15 15:58:32 	[post_filtering_statistics] 	generating post filtering descriptive statistics plots... saved at /users/project/4DGenome_no_backup/data/hic/samples/858b56753_7bf1478ce/plots/hg38_mmtv/post_filtering_statistics:
INFO 	2016-06-15 15:58:32 	[post_filtering_statistics] 	- filtered reads: sequencing coverage along chromosomes, coverage values and interaction matrix
INFO 	2016-06-15 15:58:32 	[post_filtering_statistics] 	- dangling ends: sequencing coverage along chromosomes and coverage values
INFO 	2016-06-15 15:58:32 	[post_filtering_statistics] 	- self-circle ends: sequencing coverage along chromosomes and coverage values
TIME 	2016-06-15 16:29:59 	[post_filtering_statistics] 	step time for completion (seconds) = 1887

INFO 	2016-06-15 16:30:02 	[map_to_bam] 	converting MAP to BAM
[bam_sort_core] merging from 132 files...
TIME 	2016-06-15 19:36:23 	[map_to_bam] 	step time for completion (seconds) = 11181

INFO 	2016-06-15 19:36:25 	[downstream_bam] 	perform several downstream analyses
ls: cannot access /users/project/4DGenome_no_backup/data/hic/samples/858b56753_7bf1478ce/downstream/hg38_mmtv/858b56753_7bf1478ce_tads*tsv: No such file or directory
basename: missing operand
Try `basename --help' for more information.
grep: /users/project/4DGenome_no_backup/data/hic/samples/858b56753_7bf1478ce/downstream/hg38_mmtv/858b56753_7bf1478ce_tads_*.tsv: No such file or directory
rm: cannot remove `/users/project/4DGenome_no_backup/data/hic/samples/858b56753_7bf1478ce/downstream/hg38_mmtv/858b56753_7bf1478ce_tads_chr*': No such file or directory
INFO 	2016-06-15 22:00:33 	[downstream_bam] 	number of TADs = 0
TIME 	2016-06-15 22:00:45 	[downstream_bam] 	step time for completion (seconds) = 8660

INFO 	2016-06-15 22:00:46 	[clean_up] 	deleting the following intermediate files/directories:
INFO 	2016-06-15 22:00:46 	[clean_up] 	/users/project/4DGenome_no_backup/data/hic/samples/858b56753_7bf1478ce/fastqs_processed
INFO 	2016-06-15 22:00:46 	[clean_up] 	/users/project/4DGenome_no_backup/data/hic/samples/858b56753_7bf1478ce/mapped_reads
TIME 	2016-06-15 22:00:47 	[clean_up] 	step time for completion (seconds) = 1


INFO 	2016-06-15 22:00:48 	[pipeline] 	completed successfully
TIME 	2016-06-15 22:00:48 	[pipeline] 	total time for completion (seconds) = 88989

