
INFO 	2016-05-12 09:46:35 	[configuration] 	script to access/write from/to metadata: /users/project/4DGenome/utils/io_metadata.sh
INFO 	2016-05-12 09:46:35 	[configuration] 	metadata database: /users/project/4DGenome/data/4DGenome_metadata.db
INFO 	2016-05-12 09:46:35 	[configuration] 	data for b1913e6c1_51720e9cf will be stored at /users/project/4DGenome_no_backup/data/hic/samples/b1913e6c1_51720e9cf
INFO 	2016-05-12 09:46:35 	[configuration] 	paths to input FASTQ files extracted from the metadata
INFO 	2016-05-12 09:47:03 	[configuration] 	species (Homo_sapiens) and assembly version (hg38_mmtv) extracted from the metadata

INFO 	2016-05-12 09:47:35 	[preliminary_checks] 	b1913e6c1_51720e9cf found in /users/project/4DGenome/data/4DGenome_metadata.db
INFO 	2016-05-12 10:10:50 	[preliminary_checks] 	paths to read1 and read2 saved to metadata database
INFO 	2016-05-12 10:10:52 	[preliminary_checks] 	Sequencing index added as part of the metadata agrees with that observed in the FASTQ file
INFO 	2016-05-12 10:10:53 	[preliminary_checks] 	read length added as part of the metadata agrees with that observed in the FASTQ file
INFO 	2016-05-12 10:10:53 	[preliminary_checks] 	genome reference FASTA file found at /users/GR/mb/jquilez/assemblies/homo_sapiens/hg38_mmtv/ucsc/hg38_mmtv_chr1-22XYM.fa
INFO 	2016-05-12 10:11:21 	[preliminary_checks] 	paths to reference FASTA saved to metadata database
TIME 	2016-05-12 10:11:21 	[preliminary_checks] 	step time for completion (seconds) = 1427

INFO 	2016-05-12 10:11:23 	[raw_fastqs_quality_plots] 	restriction enzyme = DpnII
INFO 	2016-05-12 10:11:23 	[raw_fastqs_quality_plots] 	a subset of 100000 reds will be used to generate the quality plots
INFO 	2016-05-12 10:11:23 	[raw_fastqs_quality_plots] 	making quality plots of the raw FASTQ files... plots saved at /users/project/4DGenome_no_backup/data/hic/samples/b1913e6c1_51720e9cf/plots/hg38_mmtv/raw_fastqs_quality_plots
INFO 	2016-05-12 10:11:42 	[raw_fastqs_quality_plots] 	percentages of dangling ends and ligated sites in read1 and read2 saved to metadata database
TIME 	2016-05-12 10:11:42 	[raw_fastqs_quality_plots] 	step time for completion (seconds) = 19

INFO 	2016-05-12 10:11:44 	[trim_reads_trimmomatic] 	sequencing type = PE
INFO 	2016-05-12 10:11:44 	[trim_reads_trimmomatic] 	trimming TruSeq3 adapter sequences for HiSeq, NextSeq or HiSeq
INFO 	2016-05-12 10:11:44 	[trim_reads_trimmomatic] 	trimming low-quality reads ends using trimmomatic's recommended practices
INFO 	2016-05-12 11:23:10 	[trim_reads_trimmomatic] 	parse step log to extract generated metadata
INFO 	2016-05-12 11:23:10 	[trim_reads_trimmomatic] 	reads after trimming = 142762244
INFO 	2016-05-12 11:23:38 	[trim_reads_trimmomatic] 	trimmomatic parameters and numbe of trimmed reads added to metadata
INFO 	2016-05-12 11:23:38 	[trim_reads_trimmomatic] 	trimmed reads are in /users/project/4DGenome_no_backup/data/hic/samples/b1913e6c1_51720e9cf/fastqs_processed/trimmomatic/paired_end
INFO 	2016-05-12 11:23:38 	[trim_reads_trimmomatic] 	unpaired reads are deleted
TIME 	2016-05-12 11:23:38 	[trim_reads_trimmomatic] 	step time for completion (seconds) = 4314

INFO 	2016-05-12 11:23:40 	[align_and_merge] 	species = Homo_sapiens
INFO 	2016-05-12 11:23:40 	[align_and_merge] 	assembly version = hg38_mmtv
INFO 	2016-05-12 11:23:40 	[align_and_merge] 	restriction enzyme = DpnII
INFO 	2016-05-12 11:23:40 	[align_and_merge] 	read length = 75
INFO 	2016-05-12 11:23:40 	[align_and_merge] 	genome reference FASTA file found at /users/GR/mb/jquilez/assemblies/homo_sapiens/hg38_mmtv/ucsc/hg38_mmtv_chr1-22XYM.fa
INFO 	2016-05-12 11:23:40 	[align_and_merge] 	mapping, processing reads according to restriction enzyme fragments and merging aligments for read1 and read2...
INFO 	2016-05-12 19:20:29 	[align_and_merge] 	output saved in /users/project/4DGenome_no_backup/data/hic/samples/b1913e6c1_51720e9cf/logs/hg38_mmtv/b1913e6c1_51720e9cf_align_and_merge_paired_end.log
TIME 	2016-05-12 19:22:29 	[align_and_merge] 	step time for completion (seconds) = 28729

INFO 	2016-05-12 19:22:43 	[post_mapping_statistics] 	generating post mapping descriptive statistics plots...
Traceback (most recent call last):
  File "/users/project/4DGenome/pipelines/hic-16.05/scripts/mappings_descriptive_statistics.py", line 72, in <module>
    coverages = plot_genomic_distribution(infile, name='mapped', savefig=outfile, resolution=genomic_coverage_resolution, pair_id=pair_id)
  File "/nfs/users/project/4DGenome/pipelines/hic-16.05/scripts/module_plotting_functions.py", line 148, in plot_genomic_distribution
    tmp = max(range(max(distr[crm]))) if len(distr[crm]) > 1 else 1
ValueError: max() arg is an empty sequence
INFO 	2016-05-12 19:39:41 	[post_mapping_statistics] 	fraction of reads mapped read1 = 
INFO 	2016-05-12 19:39:41 	[post_mapping_statistics] 	fraction of reads mapped read2 = 
INFO 	2016-05-12 19:39:41 	[post_mapping_statistics] 	number of pairs in which both read1 and read2 are mapped = 99335868
INFO 	2016-05-12 19:39:41 	[post_mapping_statistics] 	counts-to-distance slope = 
INFO 	2016-05-12 19:39:41 	[add_to_metadata] 	-t <table>, -s <sample_id>, -u <time_stamp> -a <attribute> and or -v <value> are not provided; exiting...
INFO 	2016-05-12 19:39:41 	[add_to_metadata] 	t=hic s=b1913e6c1_51720e9cf u=2016-05-12-09-46 a=FRACTION_MAPPED_READ1 v=
INFO 	2016-05-12 19:39:41 	[add_to_metadata] 	-t <table>, -s <sample_id>, -u <time_stamp> -a <attribute> and or -v <value> are not provided; exiting...
INFO 	2016-05-12 19:39:41 	[add_to_metadata] 	t=hic s=b1913e6c1_51720e9cf u=2016-05-12-09-46 a=FRACTION_MAPPED_READ2 v=
INFO 	2016-05-12 19:39:41 	[add_to_metadata] 	-t <table>, -s <sample_id>, -u <time_stamp> -a <attribute> and or -v <value> are not provided; exiting...
INFO 	2016-05-12 19:39:41 	[add_to_metadata] 	t=hic s=b1913e6c1_51720e9cf u=2016-05-12-09-46 a=COUNTS_TO_DISTANCE_SLOPE v=
TIME 	2016-05-12 19:39:43 	[post_mapping_statistics] 	step time for completion (seconds) = 1020

INFO 	2016-05-12 19:40:03 	[reads_filtering] 	filtering reads based on multiple quality parameters...
INFO 	2016-05-12 19:40:03 	[reads_filtering] 	filtered reads to be used for subsequent analyses are at /users/project/4DGenome_no_backup/data/hic/samples/b1913e6c1_51720e9cf/results/hg38_mmtv/filtered_reads
INFO 	2016-05-12 19:40:03 	[reads_filtering] 	excluded reads due to dangling ends are at /users/project/4DGenome_no_backup/data/hic/samples/b1913e6c1_51720e9cf/results/hg38_mmtv/excluded_reads/dangling_ends
INFO 	2016-05-12 19:40:03 	[reads_filtering] 	excluded reads due to self circle are at /users/project/4DGenome_no_backup/data/hic/samples/b1913e6c1_51720e9cf/results/hg38_mmtv/excluded_reads/self_circle
INFO 	2016-05-12 19:40:03 	[reads_filtering] 	summary of excluded reads at /users/project/4DGenome_no_backup/data/hic/samples/b1913e6c1_51720e9cf/results/hg38_mmtv/excluded_reads/summary_excluded_per_filter
INFO 	2016-05-12 19:58:38 	[reads_filtering] 	numbers and fractions of filtered and excluded reads added to the metadata
TIME 	2016-05-12 20:00:44 	[reads_filtering] 	step time for completion (seconds) = 1260

INFO 	2016-05-12 20:00:46 	[post_filtering_statistics] 	generating post filtering descriptive statistics plots... saved at /users/project/4DGenome_no_backup/data/hic/samples/b1913e6c1_51720e9cf/plots/hg38_mmtv/post_filtering_statistics:
INFO 	2016-05-12 20:00:46 	[post_filtering_statistics] 	- filtered reads: sequencing coverage along chromosomes, coverage values and interaction matrix
INFO 	2016-05-12 20:00:46 	[post_filtering_statistics] 	- dangling ends: sequencing coverage along chromosomes and coverage values
INFO 	2016-05-12 20:00:46 	[post_filtering_statistics] 	- self-circle ends: sequencing coverage along chromosomes and coverage values
Traceback (most recent call last):
  File "/users/project/4DGenome/pipelines/hic-16.05/scripts/filtered_descriptive_statistics.py", line 50, in <module>
    coverages = plot_genomic_distribution(filtered_reads, name='filtered', savefig=outfile, resolution=genomic_coverage_resolution, pair_id=pair_id)
  File "/nfs/users/project/4DGenome/pipelines/hic-16.05/scripts/module_plotting_functions.py", line 148, in plot_genomic_distribution
    tmp = max(range(max(distr[crm]))) if len(distr[crm]) > 1 else 1
ValueError: max() arg is an empty sequence
TIME 	2016-05-12 20:07:02 	[post_filtering_statistics] 	step time for completion (seconds) = 376

INFO 	2016-05-12 20:07:04 	[map_to_bam] 	converting MAP to BAM
[W::sam_parse1] mapped query cannot have zero coordinate; treated as unmapped
[W::sam_parse1] mapped mate cannot have zero coordinate; treated as unmapped
[W::sam_parse1] mapped query cannot have zero coordinate; treated as unmapped
[W::sam_parse1] mapped mate cannot have zero coordinate; treated as unmapped
[bam_sort_core] merging from 69 files...
TIME 	2016-05-12 21:50:07 	[map_to_bam] 	step time for completion (seconds) = 6183

INFO 	2016-05-12 21:50:20 	[downstream_bam] 	perform several downstream analyses
INFO 	2016-05-13 04:18:17 	[downstream_bam] 	number of TADs = 3090
TIME 	2016-05-13 04:18:40 	[downstream_bam] 	step time for completion (seconds) = 23300

INFO 	2016-05-13 04:18:41 	[clean_up] 	deleting the following intermediate files/directories:
INFO 	2016-05-13 04:18:41 	[clean_up] 	/users/project/4DGenome_no_backup/data/hic/samples/b1913e6c1_51720e9cf/fastqs_processed
INFO 	2016-05-13 04:18:41 	[clean_up] 	/users/project/4DGenome_no_backup/data/hic/samples/b1913e6c1_51720e9cf/mapped_reads
TIME 	2016-05-13 04:18:41 	[clean_up] 	step time for completion (seconds) = 0


INFO 	2016-05-13 04:18:43 	[pipeline] 	completed successfully
TIME 	2016-05-13 04:18:43 	[pipeline] 	total time for completion (seconds) = 66728

