
INFO 	2016-05-12 09:46:21 	[configuration] 	script to access/write from/to metadata: /users/project/4DGenome/utils/io_metadata.sh
INFO 	2016-05-12 09:46:21 	[configuration] 	metadata database: /users/project/4DGenome/data/4DGenome_metadata.db
INFO 	2016-05-12 09:46:21 	[configuration] 	data for dc3a1e069_51720e9cf will be stored at /users/project/4DGenome_no_backup/data/hic/samples/dc3a1e069_51720e9cf
INFO 	2016-05-12 09:46:21 	[configuration] 	paths to input FASTQ files extracted from the metadata
INFO 	2016-05-12 09:46:48 	[configuration] 	species (Homo_sapiens) and assembly version (hg38_mmtv) extracted from the metadata

INFO 	2016-05-12 09:47:18 	[preliminary_checks] 	dc3a1e069_51720e9cf found in /users/project/4DGenome/data/4DGenome_metadata.db
INFO 	2016-05-12 10:07:52 	[preliminary_checks] 	paths to read1 and read2 saved to metadata database
INFO 	2016-05-12 10:07:55 	[preliminary_checks] 	Sequencing index added as part of the metadata agrees with that observed in the FASTQ file
INFO 	2016-05-12 10:07:56 	[preliminary_checks] 	read length added as part of the metadata agrees with that observed in the FASTQ file
INFO 	2016-05-12 10:07:57 	[preliminary_checks] 	genome reference FASTA file found at /users/GR/mb/jquilez/assemblies/homo_sapiens/hg38_mmtv/ucsc/hg38_mmtv_chr1-22XYM.fa
INFO 	2016-05-12 10:08:30 	[preliminary_checks] 	paths to reference FASTA saved to metadata database
TIME 	2016-05-12 10:08:30 	[preliminary_checks] 	step time for completion (seconds) = 1273

INFO 	2016-05-12 10:08:32 	[raw_fastqs_quality_plots] 	restriction enzyme = DpnII
INFO 	2016-05-12 10:08:32 	[raw_fastqs_quality_plots] 	a subset of 100000 reds will be used to generate the quality plots
INFO 	2016-05-12 10:08:32 	[raw_fastqs_quality_plots] 	making quality plots of the raw FASTQ files... plots saved at /users/project/4DGenome_no_backup/data/hic/samples/dc3a1e069_51720e9cf/plots/hg38_mmtv/raw_fastqs_quality_plots
INFO 	2016-05-12 10:08:54 	[raw_fastqs_quality_plots] 	percentages of dangling ends and ligated sites in read1 and read2 saved to metadata database
TIME 	2016-05-12 10:08:54 	[raw_fastqs_quality_plots] 	step time for completion (seconds) = 22

INFO 	2016-05-12 10:08:57 	[trim_reads_trimmomatic] 	sequencing type = PE
INFO 	2016-05-12 10:08:57 	[trim_reads_trimmomatic] 	trimming TruSeq3 adapter sequences for HiSeq, NextSeq or HiSeq
INFO 	2016-05-12 10:08:57 	[trim_reads_trimmomatic] 	trimming low-quality reads ends using trimmomatic's recommended practices
INFO 	2016-05-12 11:11:28 	[trim_reads_trimmomatic] 	parse step log to extract generated metadata
INFO 	2016-05-12 11:11:29 	[trim_reads_trimmomatic] 	reads after trimming = 123454784
INFO 	2016-05-12 11:11:57 	[trim_reads_trimmomatic] 	trimmomatic parameters and numbe of trimmed reads added to metadata
INFO 	2016-05-12 11:11:57 	[trim_reads_trimmomatic] 	trimmed reads are in /users/project/4DGenome_no_backup/data/hic/samples/dc3a1e069_51720e9cf/fastqs_processed/trimmomatic/paired_end
INFO 	2016-05-12 11:11:57 	[trim_reads_trimmomatic] 	unpaired reads are deleted
TIME 	2016-05-12 11:11:57 	[trim_reads_trimmomatic] 	step time for completion (seconds) = 3780

INFO 	2016-05-12 11:11:58 	[align_and_merge] 	species = Homo_sapiens
INFO 	2016-05-12 11:11:58 	[align_and_merge] 	assembly version = hg38_mmtv
INFO 	2016-05-12 11:11:58 	[align_and_merge] 	restriction enzyme = DpnII
INFO 	2016-05-12 11:11:58 	[align_and_merge] 	read length = 75
INFO 	2016-05-12 11:11:58 	[align_and_merge] 	genome reference FASTA file found at /users/GR/mb/jquilez/assemblies/homo_sapiens/hg38_mmtv/ucsc/hg38_mmtv_chr1-22XYM.fa
INFO 	2016-05-12 11:11:58 	[align_and_merge] 	mapping, processing reads according to restriction enzyme fragments and merging aligments for read1 and read2...
INFO 	2016-05-12 18:39:53 	[align_and_merge] 	output saved in /users/project/4DGenome_no_backup/data/hic/samples/dc3a1e069_51720e9cf/logs/hg38_mmtv/dc3a1e069_51720e9cf_align_and_merge_paired_end.log
TIME 	2016-05-12 18:41:46 	[align_and_merge] 	step time for completion (seconds) = 26988

INFO 	2016-05-12 18:42:14 	[post_mapping_statistics] 	generating post mapping descriptive statistics plots...
Traceback (most recent call last):
  File "/users/project/4DGenome/pipelines/hic-16.05/scripts/mappings_descriptive_statistics.py", line 72, in <module>
    coverages = plot_genomic_distribution(infile, name='mapped', savefig=outfile, resolution=genomic_coverage_resolution, pair_id=pair_id)
  File "/nfs/users/project/4DGenome/pipelines/hic-16.05/scripts/module_plotting_functions.py", line 148, in plot_genomic_distribution
    tmp = max(range(max(distr[crm]))) if len(distr[crm]) > 1 else 1
ValueError: max() arg is an empty sequence
INFO 	2016-05-12 18:58:01 	[post_mapping_statistics] 	fraction of reads mapped read1 = 
INFO 	2016-05-12 18:58:01 	[post_mapping_statistics] 	fraction of reads mapped read2 = 
INFO 	2016-05-12 18:58:01 	[post_mapping_statistics] 	number of pairs in which both read1 and read2 are mapped = 83307066
INFO 	2016-05-12 18:58:01 	[post_mapping_statistics] 	counts-to-distance slope = 
INFO 	2016-05-12 18:58:01 	[add_to_metadata] 	-t <table>, -s <sample_id>, -u <time_stamp> -a <attribute> and or -v <value> are not provided; exiting...
INFO 	2016-05-12 18:58:01 	[add_to_metadata] 	t=hic s=dc3a1e069_51720e9cf u=2016-05-12-09-46 a=FRACTION_MAPPED_READ1 v=
INFO 	2016-05-12 18:58:01 	[add_to_metadata] 	-t <table>, -s <sample_id>, -u <time_stamp> -a <attribute> and or -v <value> are not provided; exiting...
INFO 	2016-05-12 18:58:01 	[add_to_metadata] 	t=hic s=dc3a1e069_51720e9cf u=2016-05-12-09-46 a=FRACTION_MAPPED_READ2 v=
INFO 	2016-05-12 18:58:01 	[add_to_metadata] 	-t <table>, -s <sample_id>, -u <time_stamp> -a <attribute> and or -v <value> are not provided; exiting...
INFO 	2016-05-12 18:58:01 	[add_to_metadata] 	t=hic s=dc3a1e069_51720e9cf u=2016-05-12-09-46 a=COUNTS_TO_DISTANCE_SLOPE v=
TIME 	2016-05-12 18:58:03 	[post_mapping_statistics] 	step time for completion (seconds) = 949

INFO 	2016-05-12 18:58:22 	[reads_filtering] 	filtering reads based on multiple quality parameters...
INFO 	2016-05-12 18:58:22 	[reads_filtering] 	filtered reads to be used for subsequent analyses are at /users/project/4DGenome_no_backup/data/hic/samples/dc3a1e069_51720e9cf/results/hg38_mmtv/filtered_reads
INFO 	2016-05-12 18:58:22 	[reads_filtering] 	excluded reads due to dangling ends are at /users/project/4DGenome_no_backup/data/hic/samples/dc3a1e069_51720e9cf/results/hg38_mmtv/excluded_reads/dangling_ends
INFO 	2016-05-12 18:58:22 	[reads_filtering] 	excluded reads due to self circle are at /users/project/4DGenome_no_backup/data/hic/samples/dc3a1e069_51720e9cf/results/hg38_mmtv/excluded_reads/self_circle
INFO 	2016-05-12 18:58:22 	[reads_filtering] 	summary of excluded reads at /users/project/4DGenome_no_backup/data/hic/samples/dc3a1e069_51720e9cf/results/hg38_mmtv/excluded_reads/summary_excluded_per_filter
INFO 	2016-05-12 19:15:48 	[reads_filtering] 	numbers and fractions of filtered and excluded reads added to the metadata
TIME 	2016-05-12 19:17:33 	[reads_filtering] 	step time for completion (seconds) = 1168

INFO 	2016-05-12 19:17:35 	[post_filtering_statistics] 	generating post filtering descriptive statistics plots... saved at /users/project/4DGenome_no_backup/data/hic/samples/dc3a1e069_51720e9cf/plots/hg38_mmtv/post_filtering_statistics:
INFO 	2016-05-12 19:17:35 	[post_filtering_statistics] 	- filtered reads: sequencing coverage along chromosomes, coverage values and interaction matrix
INFO 	2016-05-12 19:17:35 	[post_filtering_statistics] 	- dangling ends: sequencing coverage along chromosomes and coverage values
INFO 	2016-05-12 19:17:35 	[post_filtering_statistics] 	- self-circle ends: sequencing coverage along chromosomes and coverage values
Traceback (most recent call last):
  File "/users/project/4DGenome/pipelines/hic-16.05/scripts/filtered_descriptive_statistics.py", line 50, in <module>
    coverages = plot_genomic_distribution(filtered_reads, name='filtered', savefig=outfile, resolution=genomic_coverage_resolution, pair_id=pair_id)
  File "/nfs/users/project/4DGenome/pipelines/hic-16.05/scripts/module_plotting_functions.py", line 148, in plot_genomic_distribution
    tmp = max(range(max(distr[crm]))) if len(distr[crm]) > 1 else 1
ValueError: max() arg is an empty sequence
TIME 	2016-05-12 19:22:56 	[post_filtering_statistics] 	step time for completion (seconds) = 321

INFO 	2016-05-12 19:22:57 	[map_to_bam] 	converting MAP to BAM
[W::sam_parse1] mapped mate cannot have zero coordinate; treated as unmapped
[W::sam_parse1] mapped query cannot have zero coordinate; treated as unmapped
[W::sam_parse1] mapped query cannot have zero coordinate; treated as unmapped
[W::sam_parse1] mapped mate cannot have zero coordinate; treated as unmapped
[W::sam_parse1] mapped query cannot have zero coordinate; treated as unmapped
[W::sam_parse1] mapped mate cannot have zero coordinate; treated as unmapped
[W::sam_parse1] mapped query cannot have zero coordinate; treated as unmapped
[W::sam_parse1] mapped mate cannot have zero coordinate; treated as unmapped
[bam_sort_core] merging from 62 files...
TIME 	2016-05-12 20:56:22 	[map_to_bam] 	step time for completion (seconds) = 5605

INFO 	2016-05-12 20:56:24 	[downstream_bam] 	perform several downstream analyses
INFO 	2016-05-13 03:09:08 	[downstream_bam] 	number of TADs = 2908
TIME 	2016-05-13 03:09:19 	[downstream_bam] 	step time for completion (seconds) = 22375

INFO 	2016-05-13 03:09:21 	[clean_up] 	deleting the following intermediate files/directories:
INFO 	2016-05-13 03:09:21 	[clean_up] 	/users/project/4DGenome_no_backup/data/hic/samples/dc3a1e069_51720e9cf/fastqs_processed
INFO 	2016-05-13 03:09:21 	[clean_up] 	/users/project/4DGenome_no_backup/data/hic/samples/dc3a1e069_51720e9cf/mapped_reads
TIME 	2016-05-13 03:09:21 	[clean_up] 	step time for completion (seconds) = 0


INFO 	2016-05-13 03:09:23 	[pipeline] 	completed successfully
TIME 	2016-05-13 03:09:23 	[pipeline] 	total time for completion (seconds) = 62583

