
INFO 	2016-06-14 19:01:42 	[configuration] 	script to access/write from/to metadata: /users/project/4DGenome/utils/io_metadata.sh
INFO 	2016-06-14 19:01:42 	[configuration] 	metadata database: /users/project/4DGenome/data/4DGenome_metadata.db
INFO 	2016-06-14 19:01:42 	[configuration] 	data for b742f3789_4e6781c38 will be stored at /users/project/4DGenome_no_backup/data/hic/samples/b742f3789_4e6781c38
INFO 	2016-06-14 19:01:42 	[configuration] 	paths to input FASTQ files extracted from the metadata
INFO 	2016-06-14 19:01:49 	[configuration] 	species (Mus_musculus) and assembly version (mm10) extracted from the metadata

INFO 	2016-06-14 19:02:10 	[preliminary_checks] 	b742f3789_4e6781c38 found in /users/project/4DGenome/data/4DGenome_metadata.db
INFO 	2016-06-14 19:25:29 	[preliminary_checks] 	paths to read1 and read2 saved to metadata database
INFO 	2016-06-14 19:25:31 	[preliminary_checks] 	Sequencing index added as part of the metadata agrees with that observed in the FASTQ file
WARN 	2016-06-14 19:25:32 	[preliminary_checks] 	read length obtained from the metadata (75 bp) differs from that seen in the FASTQ (76 bp)
WARN 	2016-06-14 19:25:32 	[preliminary_checks] 	the latter will be kept
INFO 	2016-06-14 19:25:34 	[preliminary_checks] 	genome reference FASTA file found at /users/GR/mb/jquilez/assemblies/mus_musculus/mm10/ucsc/mm10_chr1-19XYM.fa
INFO 	2016-06-14 19:25:53 	[preliminary_checks] 	paths to reference FASTA saved to metadata database
TIME 	2016-06-14 19:25:53 	[preliminary_checks] 	step time for completion (seconds) = 1424

INFO 	2016-06-14 19:25:55 	[raw_fastqs_quality_plots] 	restriction enzyme = DpnII
INFO 	2016-06-14 19:25:55 	[raw_fastqs_quality_plots] 	a subset of 100000 reds will be used to generate the quality plots
INFO 	2016-06-14 19:25:55 	[raw_fastqs_quality_plots] 	making quality plots of the raw FASTQ files... plots saved at /users/project/4DGenome_no_backup/data/hic/samples/b742f3789_4e6781c38/plots/mm10/raw_fastqs_quality_plots
INFO 	2016-06-14 19:26:15 	[raw_fastqs_quality_plots] 	percentages of dangling ends and ligated sites in read1 and read2 saved to metadata database
TIME 	2016-06-14 19:26:15 	[raw_fastqs_quality_plots] 	step time for completion (seconds) = 20

INFO 	2016-06-14 19:26:17 	[trim_reads_trimmomatic] 	sequencing type = PE
INFO 	2016-06-14 19:26:17 	[trim_reads_trimmomatic] 	trimming TruSeq3 adapter sequences for HiSeq, NextSeq or HiSeq
INFO 	2016-06-14 19:26:17 	[trim_reads_trimmomatic] 	trimming low-quality reads ends using trimmomatic's recommended practices
INFO 	2016-06-14 22:35:05 	[trim_reads_trimmomatic] 	parse step log to extract generated metadata
INFO 	2016-06-14 22:35:06 	[trim_reads_trimmomatic] 	reads after trimming = 364319223
INFO 	2016-06-14 22:35:39 	[trim_reads_trimmomatic] 	trimmomatic parameters and numbe of trimmed reads added to metadata
INFO 	2016-06-14 22:35:39 	[trim_reads_trimmomatic] 	trimmed reads are in /users/project/4DGenome_no_backup/data/hic/samples/b742f3789_4e6781c38/fastqs_processed/trimmomatic/paired_end
INFO 	2016-06-14 22:35:39 	[trim_reads_trimmomatic] 	unpaired reads are deleted
TIME 	2016-06-14 22:35:39 	[trim_reads_trimmomatic] 	step time for completion (seconds) = 11362

INFO 	2016-06-14 22:35:41 	[align_and_merge] 	species = Mus_musculus
INFO 	2016-06-14 22:35:41 	[align_and_merge] 	assembly version = mm10
INFO 	2016-06-14 22:35:41 	[align_and_merge] 	restriction enzyme = DpnII
INFO 	2016-06-14 22:35:41 	[align_and_merge] 	read length = 75
INFO 	2016-06-14 22:35:41 	[align_and_merge] 	genome reference FASTA file found at /users/GR/mb/jquilez/assemblies/mus_musculus/mm10/ucsc/mm10_chr1-19XYM.fa
INFO 	2016-06-14 22:35:41 	[align_and_merge] 	mapping, processing reads according to restriction enzyme fragments and merging aligments for read1 and read2...
INFO 	2016-06-15 19:07:10 	[align_and_merge] 	output saved in /users/project/4DGenome_no_backup/data/hic/samples/b742f3789_4e6781c38/logs/mm10/b742f3789_4e6781c38_align_and_merge_paired_end.log
TIME 	2016-06-15 19:17:04 	[align_and_merge] 	step time for completion (seconds) = 74483

INFO 	2016-06-15 19:17:16 	[post_mapping_statistics] 	generating post mapping descriptive statistics plots...
INFO 	2016-06-15 20:49:33 	[post_mapping_statistics] 	fraction of reads mapped read1 = 0.984228117439
INFO 	2016-06-15 20:49:33 	[post_mapping_statistics] 	fraction of reads mapped read2 = 0.983916582958
INFO 	2016-06-15 20:49:33 	[post_mapping_statistics] 	number of pairs in which both read1 and read2 are mapped = 246912990
INFO 	2016-06-15 20:49:33 	[post_mapping_statistics] 	counts-to-distance slope = -1.09055199303
TIME 	2016-06-15 20:49:40 	[post_mapping_statistics] 	step time for completion (seconds) = 5545

INFO 	2016-06-15 20:50:33 	[reads_filtering] 	filtering reads based on multiple quality parameters...
INFO 	2016-06-15 20:50:33 	[reads_filtering] 	filtered reads to be used for subsequent analyses are at /users/project/4DGenome_no_backup/data/hic/samples/b742f3789_4e6781c38/results/mm10/filtered_reads
INFO 	2016-06-15 20:50:33 	[reads_filtering] 	excluded reads due to dangling ends are at /users/project/4DGenome_no_backup/data/hic/samples/b742f3789_4e6781c38/results/mm10/excluded_reads/dangling_ends
INFO 	2016-06-15 20:50:33 	[reads_filtering] 	excluded reads due to self circle are at /users/project/4DGenome_no_backup/data/hic/samples/b742f3789_4e6781c38/results/mm10/excluded_reads/self_circle
INFO 	2016-06-15 20:50:33 	[reads_filtering] 	summary of excluded reads at /users/project/4DGenome_no_backup/data/hic/samples/b742f3789_4e6781c38/results/mm10/excluded_reads/summary_excluded_per_filter
INFO 	2016-06-15 21:44:40 	[reads_filtering] 	numbers and fractions of filtered and excluded reads added to the metadata
TIME 	2016-06-15 21:50:45 	[reads_filtering] 	step time for completion (seconds) = 3663

INFO 	2016-06-15 21:50:47 	[post_filtering_statistics] 	generating post filtering descriptive statistics plots... saved at /users/project/4DGenome_no_backup/data/hic/samples/b742f3789_4e6781c38/plots/mm10/post_filtering_statistics:
INFO 	2016-06-15 21:50:47 	[post_filtering_statistics] 	- filtered reads: sequencing coverage along chromosomes, coverage values and interaction matrix
INFO 	2016-06-15 21:50:47 	[post_filtering_statistics] 	- dangling ends: sequencing coverage along chromosomes and coverage values
INFO 	2016-06-15 21:50:47 	[post_filtering_statistics] 	- self-circle ends: sequencing coverage along chromosomes and coverage values
TIME 	2016-06-15 22:40:50 	[post_filtering_statistics] 	step time for completion (seconds) = 3003

INFO 	2016-06-15 22:40:53 	[map_to_bam] 	converting MAP to BAM
[bam_sort_core] merging from 189 files...
TIME 	2016-06-16 03:11:48 	[map_to_bam] 	step time for completion (seconds) = 16255

INFO 	2016-06-16 03:12:01 	[downstream_bam] 	perform several downstream analyses
INFO 	2016-06-16 10:07:26 	[downstream_bam] 	number of TADs = 2455
TIME 	2016-06-16 10:07:46 	[downstream_bam] 	step time for completion (seconds) = 24945

INFO 	2016-06-16 10:07:48 	[clean_up] 	deleting the following intermediate files/directories:
INFO 	2016-06-16 10:07:48 	[clean_up] 	/users/project/4DGenome_no_backup/data/hic/samples/b742f3789_4e6781c38/fastqs_processed
INFO 	2016-06-16 10:07:48 	[clean_up] 	/users/project/4DGenome_no_backup/data/hic/samples/b742f3789_4e6781c38/mapped_reads
TIME 	2016-06-16 10:09:36 	[clean_up] 	step time for completion (seconds) = 108


INFO 	2016-06-16 10:09:38 	[pipeline] 	completed successfully
TIME 	2016-06-16 10:09:38 	[pipeline] 	total time for completion (seconds) = 140876

