
INFO 	2016-06-08 11:32:49 	[configuration] 	script to access/write from/to metadata: /users/project/4DGenome/utils/io_metadata.sh
INFO 	2016-06-08 11:32:49 	[configuration] 	metadata database: /users/project/4DGenome/data/4DGenome_metadata.db
INFO 	2016-06-08 11:32:49 	[configuration] 	data for 6f78766da_507b663da will be stored at /users/project/4DGenome_no_backup/data/hic/samples/6f78766da_507b663da
INFO 	2016-06-08 11:32:49 	[configuration] 	paths to input FASTQ files extracted from the metadata
INFO 	2016-06-08 11:32:59 	[configuration] 	species (Homo_sapiens) and assembly version (hg38_mmtv) extracted from the metadata

INFO 	2016-06-08 11:33:27 	[preliminary_checks] 	6f78766da_507b663da found in /users/project/4DGenome/data/4DGenome_metadata.db
INFO 	2016-06-08 11:36:09 	[preliminary_checks] 	paths to read1 and read2 saved to metadata database
INFO 	2016-06-08 11:36:11 	[preliminary_checks] 	Sequencing index added as part of the metadata agrees with that observed in the FASTQ file
INFO 	2016-06-08 11:36:13 	[preliminary_checks] 	read length added as part of the metadata agrees with that observed in the FASTQ file
INFO 	2016-06-08 11:36:13 	[preliminary_checks] 	genome reference FASTA file found at /users/GR/mb/jquilez/assemblies/homo_sapiens/hg38_mmtv/ucsc/hg38_mmtv_chr1-22XYM.fa
INFO 	2016-06-08 11:36:32 	[preliminary_checks] 	paths to reference FASTA saved to metadata database
TIME 	2016-06-08 11:36:32 	[preliminary_checks] 	step time for completion (seconds) = 187

INFO 	2016-06-08 11:36:34 	[raw_fastqs_quality_plots] 	restriction enzyme = DpnII
INFO 	2016-06-08 11:36:34 	[raw_fastqs_quality_plots] 	a subset of 100000 reds will be used to generate the quality plots
INFO 	2016-06-08 11:36:34 	[raw_fastqs_quality_plots] 	making quality plots of the raw FASTQ files... plots saved at /users/project/4DGenome_no_backup/data/hic/samples/6f78766da_507b663da/plots/hg38_mmtv/raw_fastqs_quality_plots
INFO 	2016-06-08 11:36:55 	[raw_fastqs_quality_plots] 	percentages of dangling ends and ligated sites in read1 and read2 saved to metadata database
TIME 	2016-06-08 11:36:55 	[raw_fastqs_quality_plots] 	step time for completion (seconds) = 21

INFO 	2016-06-08 11:36:57 	[trim_reads_trimmomatic] 	sequencing type = PE
INFO 	2016-06-08 11:36:57 	[trim_reads_trimmomatic] 	trimming TruSeq3 adapter sequences for HiSeq, NextSeq or HiSeq
INFO 	2016-06-08 11:36:57 	[trim_reads_trimmomatic] 	trimming low-quality reads ends using trimmomatic's recommended practices
INFO 	2016-06-08 11:59:53 	[trim_reads_trimmomatic] 	parse step log to extract generated metadata
INFO 	2016-06-08 11:59:53 	[trim_reads_trimmomatic] 	reads after trimming = 44946493
INFO 	2016-06-08 12:00:29 	[trim_reads_trimmomatic] 	trimmomatic parameters and numbe of trimmed reads added to metadata
INFO 	2016-06-08 12:00:29 	[trim_reads_trimmomatic] 	trimmed reads are in /users/project/4DGenome_no_backup/data/hic/samples/6f78766da_507b663da/fastqs_processed/trimmomatic/paired_end
INFO 	2016-06-08 12:00:29 	[trim_reads_trimmomatic] 	unpaired reads are deleted
TIME 	2016-06-08 12:00:29 	[trim_reads_trimmomatic] 	step time for completion (seconds) = 1412

INFO 	2016-06-08 12:00:31 	[align_and_merge] 	species = Homo_sapiens
INFO 	2016-06-08 12:00:31 	[align_and_merge] 	assembly version = hg38_mmtv
INFO 	2016-06-08 12:00:31 	[align_and_merge] 	restriction enzyme = DpnII
INFO 	2016-06-08 12:00:31 	[align_and_merge] 	read length = 76
INFO 	2016-06-08 12:00:31 	[align_and_merge] 	genome reference FASTA file found at /users/GR/mb/jquilez/assemblies/homo_sapiens/hg38_mmtv/ucsc/hg38_mmtv_chr1-22XYM.fa
INFO 	2016-06-08 12:00:31 	[align_and_merge] 	mapping, processing reads according to restriction enzyme fragments and merging aligments for read1 and read2...
INFO 	2016-06-08 14:07:18 	[align_and_merge] 	output saved in /users/project/4DGenome_no_backup/data/hic/samples/6f78766da_507b663da/logs/hg38_mmtv/6f78766da_507b663da_align_and_merge_paired_end.log
TIME 	2016-06-08 14:07:49 	[align_and_merge] 	step time for completion (seconds) = 7638

INFO 	2016-06-08 14:07:54 	[post_mapping_statistics] 	generating post mapping descriptive statistics plots...
INFO 	2016-06-08 14:20:57 	[post_mapping_statistics] 	fraction of reads mapped read1 = 1.00044463981
INFO 	2016-06-08 14:20:57 	[post_mapping_statistics] 	fraction of reads mapped read2 = 0.903543553443
INFO 	2016-06-08 14:20:57 	[post_mapping_statistics] 	number of pairs in which both read1 and read2 are mapped = 31108173
INFO 	2016-06-08 14:20:57 	[post_mapping_statistics] 	counts-to-distance slope = -1.24665884261
TIME 	2016-06-08 14:21:07 	[post_mapping_statistics] 	step time for completion (seconds) = 793

INFO 	2016-06-08 14:21:15 	[reads_filtering] 	filtering reads based on multiple quality parameters...
INFO 	2016-06-08 14:21:15 	[reads_filtering] 	filtered reads to be used for subsequent analyses are at /users/project/4DGenome_no_backup/data/hic/samples/6f78766da_507b663da/results/hg38_mmtv/filtered_reads
INFO 	2016-06-08 14:21:15 	[reads_filtering] 	excluded reads due to dangling ends are at /users/project/4DGenome_no_backup/data/hic/samples/6f78766da_507b663da/results/hg38_mmtv/excluded_reads/dangling_ends
INFO 	2016-06-08 14:21:15 	[reads_filtering] 	excluded reads due to self circle are at /users/project/4DGenome_no_backup/data/hic/samples/6f78766da_507b663da/results/hg38_mmtv/excluded_reads/self_circle
INFO 	2016-06-08 14:21:15 	[reads_filtering] 	summary of excluded reads at /users/project/4DGenome_no_backup/data/hic/samples/6f78766da_507b663da/results/hg38_mmtv/excluded_reads/summary_excluded_per_filter
INFO 	2016-06-08 14:28:07 	[reads_filtering] 	numbers and fractions of filtered and excluded reads added to the metadata
TIME 	2016-06-08 14:28:26 	[reads_filtering] 	step time for completion (seconds) = 437

INFO 	2016-06-08 14:28:28 	[post_filtering_statistics] 	generating post filtering descriptive statistics plots... saved at /users/project/4DGenome_no_backup/data/hic/samples/6f78766da_507b663da/plots/hg38_mmtv/post_filtering_statistics:
INFO 	2016-06-08 14:28:28 	[post_filtering_statistics] 	- filtered reads: sequencing coverage along chromosomes, coverage values and interaction matrix
INFO 	2016-06-08 14:28:28 	[post_filtering_statistics] 	- dangling ends: sequencing coverage along chromosomes and coverage values
INFO 	2016-06-08 14:28:28 	[post_filtering_statistics] 	- self-circle ends: sequencing coverage along chromosomes and coverage values
TIME 	2016-06-08 14:35:11 	[post_filtering_statistics] 	step time for completion (seconds) = 403

INFO 	2016-06-08 14:35:13 	[map_to_bam] 	converting MAP to BAM
[bam_sort_core] merging from 22 files...
TIME 	2016-06-08 15:05:06 	[map_to_bam] 	step time for completion (seconds) = 1793

INFO 	2016-06-08 15:05:21 	[downstream_bam] 	perform several downstream analyses
/usr/share/univage/soldierantcluster/spool/node-hp0103/job_scripts/4725034: line 768: 14501 Segmentation fault      (core dumped) $python $SCRIPTS/tadbit_after_bam.py $ibam $flag_excluded $flag_included $flag_perzero $DOWNSTREAM/${sample_id}_ $slots $resolution_ab $resolution_tad &>$step_log
INFO 	2016-06-08 16:37:03 	[downstream_bam] 	number of TADs = 37
TIME 	2016-06-08 16:37:19 	[downstream_bam] 	step time for completion (seconds) = 5518

INFO 	2016-06-08 16:37:21 	[clean_up] 	deleting the following intermediate files/directories:
INFO 	2016-06-08 16:37:21 	[clean_up] 	/users/project/4DGenome_no_backup/data/hic/samples/6f78766da_507b663da/fastqs_processed
INFO 	2016-06-08 16:37:21 	[clean_up] 	/users/project/4DGenome_no_backup/data/hic/samples/6f78766da_507b663da/mapped_reads
TIME 	2016-06-08 16:37:25 	[clean_up] 	step time for completion (seconds) = 4


INFO 	2016-06-08 16:37:27 	[pipeline] 	completed successfully
TIME 	2016-06-08 16:37:27 	[pipeline] 	total time for completion (seconds) = 18278

