
INFO 	2016-06-13 10:16:34 	[configuration] 	script to access/write from/to metadata: /users/project/4DGenome/utils/io_metadata.sh
INFO 	2016-06-13 10:16:34 	[configuration] 	metadata database: /users/project/4DGenome/data/4DGenome_metadata.db
INFO 	2016-06-13 10:16:34 	[configuration] 	data for 7824bad60_0e24fcc35 will be stored at /users/project/4DGenome_no_backup/data/hic/samples/7824bad60_0e24fcc35
INFO 	2016-06-13 10:16:34 	[configuration] 	paths to input FASTQ files extracted from the metadata
INFO 	2016-06-13 10:16:41 	[configuration] 	species (Homo_sapiens) and assembly version (hg38_mmtv) extracted from the metadata

INFO 	2016-06-13 10:17:03 	[preliminary_checks] 	7824bad60_0e24fcc35 found in /users/project/4DGenome/data/4DGenome_metadata.db
INFO 	2016-06-13 10:27:52 	[preliminary_checks] 	paths to read1 and read2 saved to metadata database
INFO 	2016-06-13 10:27:54 	[preliminary_checks] 	Sequencing index added as part of the metadata agrees with that observed in the FASTQ file
WARN 	2016-06-13 10:27:56 	[preliminary_checks] 	read length obtained from the metadata (75 bp) differs from that seen in the FASTQ (76 bp)
WARN 	2016-06-13 10:27:56 	[preliminary_checks] 	the latter will be kept
INFO 	2016-06-13 10:27:57 	[preliminary_checks] 	genome reference FASTA file found at /users/GR/mb/jquilez/assemblies/homo_sapiens/hg38_mmtv/ucsc/hg38_mmtv_chr1-22XYM.fa
INFO 	2016-06-13 10:28:30 	[preliminary_checks] 	paths to reference FASTA saved to metadata database
TIME 	2016-06-13 10:28:30 	[preliminary_checks] 	step time for completion (seconds) = 689

INFO 	2016-06-13 10:28:32 	[raw_fastqs_quality_plots] 	restriction enzyme = DpnII
INFO 	2016-06-13 10:28:32 	[raw_fastqs_quality_plots] 	a subset of 100000 reds will be used to generate the quality plots
INFO 	2016-06-13 10:28:32 	[raw_fastqs_quality_plots] 	making quality plots of the raw FASTQ files... plots saved at /users/project/4DGenome_no_backup/data/hic/samples/7824bad60_0e24fcc35/plots/hg38_mmtv/raw_fastqs_quality_plots
INFO 	2016-06-13 10:28:53 	[raw_fastqs_quality_plots] 	percentages of dangling ends and ligated sites in read1 and read2 saved to metadata database
TIME 	2016-06-13 10:28:53 	[raw_fastqs_quality_plots] 	step time for completion (seconds) = 21

INFO 	2016-06-13 10:28:54 	[trim_reads_trimmomatic] 	sequencing type = PE
INFO 	2016-06-13 10:28:54 	[trim_reads_trimmomatic] 	trimming TruSeq3 adapter sequences for HiSeq, NextSeq or HiSeq
INFO 	2016-06-13 10:28:54 	[trim_reads_trimmomatic] 	trimming low-quality reads ends using trimmomatic's recommended practices
INFO 	2016-06-13 11:53:52 	[trim_reads_trimmomatic] 	parse step log to extract generated metadata
INFO 	2016-06-13 11:53:52 	[trim_reads_trimmomatic] 	reads after trimming = 166239154
INFO 	2016-06-13 11:54:12 	[trim_reads_trimmomatic] 	trimmomatic parameters and numbe of trimmed reads added to metadata
INFO 	2016-06-13 11:54:12 	[trim_reads_trimmomatic] 	trimmed reads are in /users/project/4DGenome_no_backup/data/hic/samples/7824bad60_0e24fcc35/fastqs_processed/trimmomatic/paired_end
INFO 	2016-06-13 11:54:12 	[trim_reads_trimmomatic] 	unpaired reads are deleted
TIME 	2016-06-13 11:54:12 	[trim_reads_trimmomatic] 	step time for completion (seconds) = 5118

INFO 	2016-06-13 11:54:14 	[align_and_merge] 	species = Homo_sapiens
INFO 	2016-06-13 11:54:14 	[align_and_merge] 	assembly version = hg38_mmtv
INFO 	2016-06-13 11:54:14 	[align_and_merge] 	restriction enzyme = DpnII
INFO 	2016-06-13 11:54:14 	[align_and_merge] 	read length = 75
INFO 	2016-06-13 11:54:14 	[align_and_merge] 	genome reference FASTA file found at /users/GR/mb/jquilez/assemblies/homo_sapiens/hg38_mmtv/ucsc/hg38_mmtv_chr1-22XYM.fa
INFO 	2016-06-13 11:54:14 	[align_and_merge] 	mapping, processing reads according to restriction enzyme fragments and merging aligments for read1 and read2...
INFO 	2016-06-13 23:06:06 	[align_and_merge] 	output saved in /users/project/4DGenome_no_backup/data/hic/samples/7824bad60_0e24fcc35/logs/hg38_mmtv/7824bad60_0e24fcc35_align_and_merge_paired_end.log
TIME 	2016-06-13 23:09:44 	[align_and_merge] 	step time for completion (seconds) = 40530

INFO 	2016-06-13 23:10:13 	[post_mapping_statistics] 	generating post mapping descriptive statistics plots...
INFO 	2016-06-13 23:56:48 	[post_mapping_statistics] 	fraction of reads mapped read1 = 1.04426827148
INFO 	2016-06-13 23:56:49 	[post_mapping_statistics] 	fraction of reads mapped read2 = 0.965651401234
INFO 	2016-06-13 23:56:49 	[post_mapping_statistics] 	number of pairs in which both read1 and read2 are mapped = 111438840
INFO 	2016-06-13 23:56:49 	[post_mapping_statistics] 	counts-to-distance slope = -1.22256575453
TIME 	2016-06-13 23:56:57 	[post_mapping_statistics] 	step time for completion (seconds) = 2804

INFO 	2016-06-13 23:57:24 	[reads_filtering] 	filtering reads based on multiple quality parameters...
INFO 	2016-06-13 23:57:24 	[reads_filtering] 	filtered reads to be used for subsequent analyses are at /users/project/4DGenome_no_backup/data/hic/samples/7824bad60_0e24fcc35/results/hg38_mmtv/filtered_reads
INFO 	2016-06-13 23:57:24 	[reads_filtering] 	excluded reads due to dangling ends are at /users/project/4DGenome_no_backup/data/hic/samples/7824bad60_0e24fcc35/results/hg38_mmtv/excluded_reads/dangling_ends
INFO 	2016-06-13 23:57:24 	[reads_filtering] 	excluded reads due to self circle are at /users/project/4DGenome_no_backup/data/hic/samples/7824bad60_0e24fcc35/results/hg38_mmtv/excluded_reads/self_circle
INFO 	2016-06-13 23:57:24 	[reads_filtering] 	summary of excluded reads at /users/project/4DGenome_no_backup/data/hic/samples/7824bad60_0e24fcc35/results/hg38_mmtv/excluded_reads/summary_excluded_per_filter
INFO 	2016-06-14 00:25:02 	[reads_filtering] 	numbers and fractions of filtered and excluded reads added to the metadata
TIME 	2016-06-14 00:27:10 	[reads_filtering] 	step time for completion (seconds) = 1810

INFO 	2016-06-14 00:27:13 	[post_filtering_statistics] 	generating post filtering descriptive statistics plots... saved at /users/project/4DGenome_no_backup/data/hic/samples/7824bad60_0e24fcc35/plots/hg38_mmtv/post_filtering_statistics:
INFO 	2016-06-14 00:27:13 	[post_filtering_statistics] 	- filtered reads: sequencing coverage along chromosomes, coverage values and interaction matrix
INFO 	2016-06-14 00:27:13 	[post_filtering_statistics] 	- dangling ends: sequencing coverage along chromosomes and coverage values
INFO 	2016-06-14 00:27:13 	[post_filtering_statistics] 	- self-circle ends: sequencing coverage along chromosomes and coverage values
TIME 	2016-06-14 00:51:36 	[post_filtering_statistics] 	step time for completion (seconds) = 1463

INFO 	2016-06-14 00:51:40 	[map_to_bam] 	converting MAP to BAM
[bam_sort_core] merging from 91 files...
TIME 	2016-06-14 02:59:14 	[map_to_bam] 	step time for completion (seconds) = 7654

INFO 	2016-06-14 02:59:18 	[downstream_bam] 	perform several downstream analyses
INFO 	2016-06-14 09:21:46 	[downstream_bam] 	number of TADs = 3154
TIME 	2016-06-14 09:21:57 	[downstream_bam] 	step time for completion (seconds) = 22959

INFO 	2016-06-14 09:21:59 	[clean_up] 	deleting the following intermediate files/directories:
INFO 	2016-06-14 09:21:59 	[clean_up] 	/users/project/4DGenome_no_backup/data/hic/samples/7824bad60_0e24fcc35/fastqs_processed
INFO 	2016-06-14 09:21:59 	[clean_up] 	/users/project/4DGenome_no_backup/data/hic/samples/7824bad60_0e24fcc35/mapped_reads
TIME 	2016-06-14 09:22:00 	[clean_up] 	step time for completion (seconds) = 1


INFO 	2016-06-14 09:22:02 	[pipeline] 	completed successfully
TIME 	2016-06-14 09:22:02 	[pipeline] 	total time for completion (seconds) = 83128

