
INFO 	2016-06-14 18:58:15 	[configuration] 	script to access/write from/to metadata: /users/project/4DGenome/utils/io_metadata.sh
INFO 	2016-06-14 18:58:15 	[configuration] 	metadata database: /users/project/4DGenome/data/4DGenome_metadata.db
INFO 	2016-06-14 18:58:15 	[configuration] 	data for a7c643d27_cf6389d73 will be stored at /users/project/4DGenome_no_backup/data/hic/samples/a7c643d27_cf6389d73
INFO 	2016-06-14 18:58:15 	[configuration] 	paths to input FASTQ files extracted from the metadata
INFO 	2016-06-14 18:58:20 	[configuration] 	species (Mus_musculus) and assembly version (mm10) extracted from the metadata

INFO 	2016-06-14 18:58:42 	[preliminary_checks] 	a7c643d27_cf6389d73 found in /users/project/4DGenome/data/4DGenome_metadata.db
INFO 	2016-06-14 19:15:28 	[preliminary_checks] 	paths to read1 and read2 saved to metadata database
INFO 	2016-06-14 19:15:29 	[preliminary_checks] 	Sequencing index added as part of the metadata agrees with that observed in the FASTQ file
WARN 	2016-06-14 19:15:31 	[preliminary_checks] 	read length obtained from the metadata (75 bp) differs from that seen in the FASTQ (76 bp)
WARN 	2016-06-14 19:15:31 	[preliminary_checks] 	the latter will be kept
INFO 	2016-06-14 19:15:33 	[preliminary_checks] 	genome reference FASTA file found at /users/GR/mb/jquilez/assemblies/mus_musculus/mm10/ucsc/mm10_chr1-19XYM.fa
INFO 	2016-06-14 19:15:57 	[preliminary_checks] 	paths to reference FASTA saved to metadata database
TIME 	2016-06-14 19:15:57 	[preliminary_checks] 	step time for completion (seconds) = 1037

INFO 	2016-06-14 19:15:59 	[raw_fastqs_quality_plots] 	restriction enzyme = DpnII
INFO 	2016-06-14 19:15:59 	[raw_fastqs_quality_plots] 	a subset of 100000 reds will be used to generate the quality plots
INFO 	2016-06-14 19:15:59 	[raw_fastqs_quality_plots] 	making quality plots of the raw FASTQ files... plots saved at /users/project/4DGenome_no_backup/data/hic/samples/a7c643d27_cf6389d73/plots/mm10/raw_fastqs_quality_plots
INFO 	2016-06-14 19:16:21 	[raw_fastqs_quality_plots] 	percentages of dangling ends and ligated sites in read1 and read2 saved to metadata database
TIME 	2016-06-14 19:16:21 	[raw_fastqs_quality_plots] 	step time for completion (seconds) = 22

INFO 	2016-06-14 19:16:23 	[trim_reads_trimmomatic] 	sequencing type = PE
INFO 	2016-06-14 19:16:23 	[trim_reads_trimmomatic] 	trimming TruSeq3 adapter sequences for HiSeq, NextSeq or HiSeq
INFO 	2016-06-14 19:16:23 	[trim_reads_trimmomatic] 	trimming low-quality reads ends using trimmomatic's recommended practices
INFO 	2016-06-14 21:23:11 	[trim_reads_trimmomatic] 	parse step log to extract generated metadata
INFO 	2016-06-14 21:23:11 	[trim_reads_trimmomatic] 	reads after trimming = 257559613
INFO 	2016-06-14 21:23:32 	[trim_reads_trimmomatic] 	trimmomatic parameters and numbe of trimmed reads added to metadata
INFO 	2016-06-14 21:23:32 	[trim_reads_trimmomatic] 	trimmed reads are in /users/project/4DGenome_no_backup/data/hic/samples/a7c643d27_cf6389d73/fastqs_processed/trimmomatic/paired_end
INFO 	2016-06-14 21:23:32 	[trim_reads_trimmomatic] 	unpaired reads are deleted
TIME 	2016-06-14 21:23:32 	[trim_reads_trimmomatic] 	step time for completion (seconds) = 7629

INFO 	2016-06-14 21:23:34 	[align_and_merge] 	species = Mus_musculus
INFO 	2016-06-14 21:23:34 	[align_and_merge] 	assembly version = mm10
INFO 	2016-06-14 21:23:34 	[align_and_merge] 	restriction enzyme = DpnII
INFO 	2016-06-14 21:23:34 	[align_and_merge] 	read length = 75
INFO 	2016-06-14 21:23:34 	[align_and_merge] 	genome reference FASTA file found at /users/GR/mb/jquilez/assemblies/mus_musculus/mm10/ucsc/mm10_chr1-19XYM.fa
INFO 	2016-06-14 21:23:34 	[align_and_merge] 	mapping, processing reads according to restriction enzyme fragments and merging aligments for read1 and read2...
INFO 	2016-06-15 11:30:46 	[align_and_merge] 	output saved in /users/project/4DGenome_no_backup/data/hic/samples/a7c643d27_cf6389d73/logs/mm10/a7c643d27_cf6389d73_align_and_merge_paired_end.log
TIME 	2016-06-15 11:40:36 	[align_and_merge] 	step time for completion (seconds) = 51422

INFO 	2016-06-15 11:40:56 	[post_mapping_statistics] 	generating post mapping descriptive statistics plots...
INFO 	2016-06-15 12:44:28 	[post_mapping_statistics] 	fraction of reads mapped read1 = 0.979404896062
INFO 	2016-06-15 12:44:28 	[post_mapping_statistics] 	fraction of reads mapped read2 = 0.978119453845
INFO 	2016-06-15 12:44:28 	[post_mapping_statistics] 	number of pairs in which both read1 and read2 are mapped = 174705061
INFO 	2016-06-15 12:44:28 	[post_mapping_statistics] 	counts-to-distance slope = -1.06789792694
TIME 	2016-06-15 12:44:36 	[post_mapping_statistics] 	step time for completion (seconds) = 3820

INFO 	2016-06-15 12:45:12 	[reads_filtering] 	filtering reads based on multiple quality parameters...
INFO 	2016-06-15 12:45:12 	[reads_filtering] 	filtered reads to be used for subsequent analyses are at /users/project/4DGenome_no_backup/data/hic/samples/a7c643d27_cf6389d73/results/mm10/filtered_reads
INFO 	2016-06-15 12:45:12 	[reads_filtering] 	excluded reads due to dangling ends are at /users/project/4DGenome_no_backup/data/hic/samples/a7c643d27_cf6389d73/results/mm10/excluded_reads/dangling_ends
INFO 	2016-06-15 12:45:12 	[reads_filtering] 	excluded reads due to self circle are at /users/project/4DGenome_no_backup/data/hic/samples/a7c643d27_cf6389d73/results/mm10/excluded_reads/self_circle
INFO 	2016-06-15 12:45:12 	[reads_filtering] 	summary of excluded reads at /users/project/4DGenome_no_backup/data/hic/samples/a7c643d27_cf6389d73/results/mm10/excluded_reads/summary_excluded_per_filter
INFO 	2016-06-15 13:21:38 	[reads_filtering] 	numbers and fractions of filtered and excluded reads added to the metadata
TIME 	2016-06-15 13:25:04 	[reads_filtering] 	step time for completion (seconds) = 2427

INFO 	2016-06-15 13:25:07 	[post_filtering_statistics] 	generating post filtering descriptive statistics plots... saved at /users/project/4DGenome_no_backup/data/hic/samples/a7c643d27_cf6389d73/plots/mm10/post_filtering_statistics:
INFO 	2016-06-15 13:25:07 	[post_filtering_statistics] 	- filtered reads: sequencing coverage along chromosomes, coverage values and interaction matrix
INFO 	2016-06-15 13:25:07 	[post_filtering_statistics] 	- dangling ends: sequencing coverage along chromosomes and coverage values
INFO 	2016-06-15 13:25:07 	[post_filtering_statistics] 	- self-circle ends: sequencing coverage along chromosomes and coverage values
TIME 	2016-06-15 14:02:15 	[post_filtering_statistics] 	step time for completion (seconds) = 2228

INFO 	2016-06-15 14:02:17 	[map_to_bam] 	converting MAP to BAM
[bam_sort_core] merging from 131 files...
TIME 	2016-06-15 17:09:43 	[map_to_bam] 	step time for completion (seconds) = 11246

INFO 	2016-06-15 17:09:48 	[downstream_bam] 	perform several downstream analyses
ls: cannot access /users/project/4DGenome_no_backup/data/hic/samples/a7c643d27_cf6389d73/downstream/mm10/a7c643d27_cf6389d73_tads*tsv: No such file or directory
basename: missing operand
Try `basename --help' for more information.
grep: /users/project/4DGenome_no_backup/data/hic/samples/a7c643d27_cf6389d73/downstream/mm10/a7c643d27_cf6389d73_tads_*.tsv: No such file or directory
rm: cannot remove `/users/project/4DGenome_no_backup/data/hic/samples/a7c643d27_cf6389d73/downstream/mm10/a7c643d27_cf6389d73_tads_chr*': No such file or directory
INFO 	2016-06-15 19:11:37 	[downstream_bam] 	number of TADs = 0
TIME 	2016-06-15 19:11:50 	[downstream_bam] 	step time for completion (seconds) = 7322

INFO 	2016-06-15 19:11:52 	[clean_up] 	deleting the following intermediate files/directories:
INFO 	2016-06-15 19:11:52 	[clean_up] 	/users/project/4DGenome_no_backup/data/hic/samples/a7c643d27_cf6389d73/fastqs_processed
INFO 	2016-06-15 19:11:52 	[clean_up] 	/users/project/4DGenome_no_backup/data/hic/samples/a7c643d27_cf6389d73/mapped_reads
TIME 	2016-06-15 19:14:23 	[clean_up] 	step time for completion (seconds) = 151


INFO 	2016-06-15 19:14:26 	[pipeline] 	completed successfully
TIME 	2016-06-15 19:14:26 	[pipeline] 	total time for completion (seconds) = 87371

