
INFO 	2016-06-13 17:08:04 	[configuration] 	script to access/write from/to metadata: /users/project/4DGenome/utils/io_metadata.sh
INFO 	2016-06-13 17:08:04 	[configuration] 	metadata database: /users/project/4DGenome/data/4DGenome_metadata.db
INFO 	2016-06-13 17:08:04 	[configuration] 	data for b742f3789_b84d076d6 will be stored at /users/project/4DGenome_no_backup/data/hic/samples/b742f3789_b84d076d6
INFO 	2016-06-13 17:08:04 	[configuration] 	paths to input FASTQ files extracted from the metadata
INFO 	2016-06-13 17:08:35 	[configuration] 	species (Mus_musculus) and assembly version (mm10) extracted from the metadata

INFO 	2016-06-13 17:09:28 	[preliminary_checks] 	b742f3789_b84d076d6 found in /users/project/4DGenome/data/4DGenome_metadata.db
INFO 	2016-06-13 17:25:21 	[preliminary_checks] 	paths to read1 and read2 saved to metadata database
INFO 	2016-06-13 17:25:23 	[preliminary_checks] 	Sequencing index added as part of the metadata agrees with that observed in the FASTQ file
WARN 	2016-06-13 17:25:26 	[preliminary_checks] 	read length obtained from the metadata (75 bp) differs from that seen in the FASTQ (76 bp)
WARN 	2016-06-13 17:25:26 	[preliminary_checks] 	the latter will be kept
INFO 	2016-06-13 17:25:28 	[preliminary_checks] 	genome reference FASTA file found at /users/GR/mb/jquilez/assemblies/mus_musculus/mm10/ucsc/mm10_chr1-19XYM.fa
INFO 	2016-06-13 17:26:04 	[preliminary_checks] 	paths to reference FASTA saved to metadata database
TIME 	2016-06-13 17:26:04 	[preliminary_checks] 	step time for completion (seconds) = 998

INFO 	2016-06-13 17:26:08 	[raw_fastqs_quality_plots] 	restriction enzyme = DpnII
INFO 	2016-06-13 17:26:08 	[raw_fastqs_quality_plots] 	a subset of 100000 reds will be used to generate the quality plots
INFO 	2016-06-13 17:26:09 	[raw_fastqs_quality_plots] 	making quality plots of the raw FASTQ files... plots saved at /users/project/4DGenome_no_backup/data/hic/samples/b742f3789_b84d076d6/plots/mm10/raw_fastqs_quality_plots
INFO 	2016-06-13 17:26:48 	[raw_fastqs_quality_plots] 	percentages of dangling ends and ligated sites in read1 and read2 saved to metadata database
TIME 	2016-06-13 17:26:48 	[raw_fastqs_quality_plots] 	step time for completion (seconds) = 40

INFO 	2016-06-13 17:26:51 	[trim_reads_trimmomatic] 	sequencing type = PE
INFO 	2016-06-13 17:26:51 	[trim_reads_trimmomatic] 	trimming TruSeq3 adapter sequences for HiSeq, NextSeq or HiSeq
INFO 	2016-06-13 17:26:51 	[trim_reads_trimmomatic] 	trimming low-quality reads ends using trimmomatic's recommended practices
INFO 	2016-06-13 19:27:19 	[trim_reads_trimmomatic] 	parse step log to extract generated metadata
INFO 	2016-06-13 19:27:19 	[trim_reads_trimmomatic] 	reads after trimming = 245327128
INFO 	2016-06-13 19:27:58 	[trim_reads_trimmomatic] 	trimmomatic parameters and numbe of trimmed reads added to metadata
INFO 	2016-06-13 19:27:58 	[trim_reads_trimmomatic] 	trimmed reads are in /users/project/4DGenome_no_backup/data/hic/samples/b742f3789_b84d076d6/fastqs_processed/trimmomatic/paired_end
INFO 	2016-06-13 19:27:58 	[trim_reads_trimmomatic] 	unpaired reads are deleted
TIME 	2016-06-13 19:27:58 	[trim_reads_trimmomatic] 	step time for completion (seconds) = 7267

INFO 	2016-06-13 19:28:00 	[align_and_merge] 	species = Mus_musculus
INFO 	2016-06-13 19:28:00 	[align_and_merge] 	assembly version = mm10
INFO 	2016-06-13 19:28:00 	[align_and_merge] 	restriction enzyme = DpnII
INFO 	2016-06-13 19:28:00 	[align_and_merge] 	read length = 75
INFO 	2016-06-13 19:28:01 	[align_and_merge] 	genome reference FASTA file found at /users/GR/mb/jquilez/assemblies/mus_musculus/mm10/ucsc/mm10_chr1-19XYM.fa
INFO 	2016-06-13 19:28:01 	[align_and_merge] 	mapping, processing reads according to restriction enzyme fragments and merging aligments for read1 and read2...
INFO 	2016-06-14 09:10:36 	[align_and_merge] 	output saved in /users/project/4DGenome_no_backup/data/hic/samples/b742f3789_b84d076d6/logs/mm10/b742f3789_b84d076d6_align_and_merge_paired_end.log
TIME 	2016-06-14 09:16:56 	[align_and_merge] 	step time for completion (seconds) = 49736

INFO 	2016-06-14 09:17:15 	[post_mapping_statistics] 	generating post mapping descriptive statistics plots...
INFO 	2016-06-14 10:19:39 	[post_mapping_statistics] 	fraction of reads mapped read1 = 0.980863799946
INFO 	2016-06-14 10:19:39 	[post_mapping_statistics] 	fraction of reads mapped read2 = 0.976435769468
INFO 	2016-06-14 10:19:39 	[post_mapping_statistics] 	number of pairs in which both read1 and read2 are mapped = 165538928
INFO 	2016-06-14 10:19:39 	[post_mapping_statistics] 	counts-to-distance slope = -1.08604671796
TIME 	2016-06-14 10:19:48 	[post_mapping_statistics] 	step time for completion (seconds) = 3754

INFO 	2016-06-14 10:20:25 	[reads_filtering] 	filtering reads based on multiple quality parameters...
INFO 	2016-06-14 10:20:25 	[reads_filtering] 	filtered reads to be used for subsequent analyses are at /users/project/4DGenome_no_backup/data/hic/samples/b742f3789_b84d076d6/results/mm10/filtered_reads
INFO 	2016-06-14 10:20:25 	[reads_filtering] 	excluded reads due to dangling ends are at /users/project/4DGenome_no_backup/data/hic/samples/b742f3789_b84d076d6/results/mm10/excluded_reads/dangling_ends
INFO 	2016-06-14 10:20:25 	[reads_filtering] 	excluded reads due to self circle are at /users/project/4DGenome_no_backup/data/hic/samples/b742f3789_b84d076d6/results/mm10/excluded_reads/self_circle
INFO 	2016-06-14 10:20:25 	[reads_filtering] 	summary of excluded reads at /users/project/4DGenome_no_backup/data/hic/samples/b742f3789_b84d076d6/results/mm10/excluded_reads/summary_excluded_per_filter
INFO 	2016-06-14 10:56:12 	[reads_filtering] 	numbers and fractions of filtered and excluded reads added to the metadata
TIME 	2016-06-14 10:59:34 	[reads_filtering] 	step time for completion (seconds) = 2384

INFO 	2016-06-14 10:59:37 	[post_filtering_statistics] 	generating post filtering descriptive statistics plots... saved at /users/project/4DGenome_no_backup/data/hic/samples/b742f3789_b84d076d6/plots/mm10/post_filtering_statistics:
INFO 	2016-06-14 10:59:37 	[post_filtering_statistics] 	- filtered reads: sequencing coverage along chromosomes, coverage values and interaction matrix
INFO 	2016-06-14 10:59:37 	[post_filtering_statistics] 	- dangling ends: sequencing coverage along chromosomes and coverage values
INFO 	2016-06-14 10:59:37 	[post_filtering_statistics] 	- self-circle ends: sequencing coverage along chromosomes and coverage values
TIME 	2016-06-14 11:35:39 	[post_filtering_statistics] 	step time for completion (seconds) = 2162

INFO 	2016-06-14 11:35:41 	[map_to_bam] 	converting MAP to BAM
[bam_sort_core] merging from 126 files...
TIME 	2016-06-14 14:28:48 	[map_to_bam] 	step time for completion (seconds) = 10387

INFO 	2016-06-14 14:28:52 	[downstream_bam] 	perform several downstream analyses
INFO 	2016-06-14 20:38:22 	[downstream_bam] 	number of TADs = 2405
TIME 	2016-06-14 20:38:37 	[downstream_bam] 	step time for completion (seconds) = 22185

INFO 	2016-06-14 20:38:38 	[clean_up] 	deleting the following intermediate files/directories:
INFO 	2016-06-14 20:38:38 	[clean_up] 	/users/project/4DGenome_no_backup/data/hic/samples/b742f3789_b84d076d6/fastqs_processed
INFO 	2016-06-14 20:38:38 	[clean_up] 	/users/project/4DGenome_no_backup/data/hic/samples/b742f3789_b84d076d6/mapped_reads
TIME 	2016-06-14 20:39:05 	[clean_up] 	step time for completion (seconds) = 27


INFO 	2016-06-14 20:39:07 	[pipeline] 	completed successfully
TIME 	2016-06-14 20:39:07 	[pipeline] 	total time for completion (seconds) = 99063

