
INFO 	2016-09-12 17:36:46 	[configuration] 	script to access/write from/to metadata: /users/project/4DGenome/utils/io_metadata.sh
INFO 	2016-09-12 17:36:46 	[configuration] 	metadata database: /users/project/4DGenome/data/4DGenome_metadata.db
INFO 	2016-09-12 17:36:46 	[configuration] 	data for c95c3766e_dc9651655 will be stored at /users/project/4DGenome_no_backup/data/hic/samples/c95c3766e_dc9651655
INFO 	2016-09-12 17:36:46 	[configuration] 	paths to input FASTQ files extracted from the metadata
INFO 	2016-09-12 17:36:52 	[configuration] 	species (Homo_sapiens) and assembly version (hg38_mmtv) extracted from the metadata

INFO 	2016-09-12 17:37:17 	[preliminary_checks] 	c95c3766e_dc9651655 found in /users/project/4DGenome/data/4DGenome_metadata.db
INFO 	2016-09-12 17:38:21 	[preliminary_checks] 	paths to read1 and read2 saved to metadata database
INFO 	2016-09-12 17:38:23 	[preliminary_checks] 	Sequencing index added as part of the metadata agrees with that observed in the FASTQ file
INFO 	2016-09-12 17:38:25 	[preliminary_checks] 	read length added as part of the metadata agrees with that observed in the FASTQ file
INFO 	2016-09-12 17:38:25 	[preliminary_checks] 	genome reference FASTA file found at /users/GR/mb/jquilez/assemblies/homo_sapiens/hg38_mmtv/ucsc/hg38_mmtv_chr1-22XYM.fa
INFO 	2016-09-12 17:38:39 	[preliminary_checks] 	paths to reference FASTA saved to metadata database
TIME 	2016-09-12 17:38:39 	[preliminary_checks] 	step time for completion (seconds) = 83

INFO 	2016-09-12 17:38:41 	[raw_fastqs_quality_plots] 	restriction enzyme = MboI
INFO 	2016-09-12 17:38:41 	[raw_fastqs_quality_plots] 	a subset of 100000 reds will be used to generate the quality plots
INFO 	2016-09-12 17:38:41 	[raw_fastqs_quality_plots] 	making quality plots of the raw FASTQ files... plots saved at /users/project/4DGenome_no_backup/data/hic/samples/c95c3766e_dc9651655/plots/hg38_mmtv/raw_fastqs_quality_plots
INFO 	2016-09-12 17:39:01 	[raw_fastqs_quality_plots] 	percentages of dangling ends and ligated sites in read1 and read2 saved to metadata database
TIME 	2016-09-12 17:39:01 	[raw_fastqs_quality_plots] 	step time for completion (seconds) = 20

INFO 	2016-09-12 17:39:03 	[trim_reads_trimmomatic] 	sequencing type = PE
INFO 	2016-09-12 17:39:03 	[trim_reads_trimmomatic] 	trimming TruSeq3 adapter sequences for HiSeq, NextSeq or HiSeq
INFO 	2016-09-12 17:39:03 	[trim_reads_trimmomatic] 	trimming low-quality reads ends using trimmomatic's recommended practices
INFO 	2016-09-12 17:47:36 	[trim_reads_trimmomatic] 	parse step log to extract generated metadata
INFO 	2016-09-12 17:47:37 	[trim_reads_trimmomatic] 	reads after trimming = 14298287
INFO 	2016-09-12 17:47:59 	[trim_reads_trimmomatic] 	trimmomatic parameters and numbe of trimmed reads added to metadata
INFO 	2016-09-12 17:47:59 	[trim_reads_trimmomatic] 	trimmed reads are in /users/project/4DGenome_no_backup/data/hic/samples/c95c3766e_dc9651655/fastqs_processed/trimmomatic/paired_end
INFO 	2016-09-12 17:47:59 	[trim_reads_trimmomatic] 	unpaired reads are deleted
TIME 	2016-09-12 17:47:59 	[trim_reads_trimmomatic] 	step time for completion (seconds) = 536

INFO 	2016-09-12 17:48:01 	[align_and_merge] 	species = Homo_sapiens
INFO 	2016-09-12 17:48:01 	[align_and_merge] 	assembly version = hg38_mmtv
INFO 	2016-09-12 17:48:01 	[align_and_merge] 	restriction enzyme = MboI
INFO 	2016-09-12 17:48:01 	[align_and_merge] 	read length = 75
INFO 	2016-09-12 17:48:01 	[align_and_merge] 	genome reference FASTA file found at /users/GR/mb/jquilez/assemblies/homo_sapiens/hg38_mmtv/ucsc/hg38_mmtv_chr1-22XYM.fa
INFO 	2016-09-12 17:48:01 	[align_and_merge] 	mapping, processing reads according to restriction enzyme fragments and merging aligments for read1 and read2...
INFO 	2016-09-12 18:36:04 	[align_and_merge] 	output saved in /users/project/4DGenome_no_backup/data/hic/samples/c95c3766e_dc9651655/logs/hg38_mmtv/c95c3766e_dc9651655_align_and_merge_paired_end.log
TIME 	2016-09-12 18:36:16 	[align_and_merge] 	step time for completion (seconds) = 2895

INFO 	2016-09-12 18:36:32 	[post_mapping_statistics] 	generating post mapping descriptive statistics plots...
INFO 	2016-09-12 18:41:47 	[post_mapping_statistics] 	fraction of reads mapped read1 = 0.93781534809
INFO 	2016-09-12 18:41:47 	[post_mapping_statistics] 	fraction of reads mapped read2 = 0.811155280349
INFO 	2016-09-12 18:41:47 	[post_mapping_statistics] 	number of pairs in which both read1 and read2 are mapped = 11640022
INFO 	2016-09-12 18:41:47 	[post_mapping_statistics] 	counts-to-distance slope = -1.22873811037
TIME 	2016-09-12 18:41:55 	[post_mapping_statistics] 	step time for completion (seconds) = 324

INFO 	2016-09-12 18:41:58 	[reads_filtering] 	filtering reads based on multiple quality parameters...
INFO 	2016-09-12 18:41:58 	[reads_filtering] 	filtered reads to be used for subsequent analyses are at /users/project/4DGenome_no_backup/data/hic/samples/c95c3766e_dc9651655/results/hg38_mmtv/filtered_reads
INFO 	2016-09-12 18:41:58 	[reads_filtering] 	excluded reads due to dangling ends are at /users/project/4DGenome_no_backup/data/hic/samples/c95c3766e_dc9651655/results/hg38_mmtv/excluded_reads/dangling_ends
INFO 	2016-09-12 18:41:58 	[reads_filtering] 	excluded reads due to self circle are at /users/project/4DGenome_no_backup/data/hic/samples/c95c3766e_dc9651655/results/hg38_mmtv/excluded_reads/self_circle
INFO 	2016-09-12 18:41:58 	[reads_filtering] 	summary of excluded reads at /users/project/4DGenome_no_backup/data/hic/samples/c95c3766e_dc9651655/results/hg38_mmtv/excluded_reads/summary_excluded_per_filter
INFO 	2016-09-12 18:44:15 	[reads_filtering] 	numbers and fractions of filtered and excluded reads added to the metadata
TIME 	2016-09-12 18:44:24 	[reads_filtering] 	step time for completion (seconds) = 147

INFO 	2016-09-12 18:44:26 	[post_filtering_statistics] 	generating post filtering descriptive statistics plots... saved at /users/project/4DGenome_no_backup/data/hic/samples/c95c3766e_dc9651655/plots/hg38_mmtv/post_filtering_statistics:
INFO 	2016-09-12 18:44:26 	[post_filtering_statistics] 	- filtered reads: sequencing coverage along chromosomes, coverage values and interaction matrix
INFO 	2016-09-12 18:44:26 	[post_filtering_statistics] 	- dangling ends: sequencing coverage along chromosomes and coverage values
INFO 	2016-09-12 18:44:26 	[post_filtering_statistics] 	- self-circle ends: sequencing coverage along chromosomes and coverage values
TIME 	2016-09-12 18:47:41 	[post_filtering_statistics] 	step time for completion (seconds) = 195

INFO 	2016-09-12 18:47:44 	[map_to_bam] 	converting MAP to BAM
[bam_sort_core] merging from 6 files...
TIME 	2016-09-12 18:56:03 	[map_to_bam] 	step time for completion (seconds) = 499

INFO 	2016-09-12 18:56:06 	[downstream_bam] 	perform several downstream analyses
ls: cannot access /users/project/4DGenome_no_backup/data/hic/samples/c95c3766e_dc9651655/downstream/hg38_mmtv/c95c3766e_dc9651655_tads*tsv: No such file or directory
basename: missing operand
Try `basename --help' for more information.
grep: /users/project/4DGenome_no_backup/data/hic/samples/c95c3766e_dc9651655/downstream/hg38_mmtv/c95c3766e_dc9651655_tads_*.tsv: No such file or directory
rm: cannot remove `/users/project/4DGenome_no_backup/data/hic/samples/c95c3766e_dc9651655/downstream/hg38_mmtv/c95c3766e_dc9651655_tads_chr*': No such file or directory
INFO 	2016-09-12 19:29:22 	[downstream_bam] 	number of TADs = 0
TIME 	2016-09-12 19:29:49 	[downstream_bam] 	step time for completion (seconds) = 2023

INFO 	2016-09-12 19:29:51 	[clean_up] 	deleting the following intermediate files/directories:
INFO 	2016-09-12 19:29:51 	[clean_up] 	/users/project/4DGenome_no_backup/data/hic/samples/c95c3766e_dc9651655/fastqs_processed
INFO 	2016-09-12 19:29:51 	[clean_up] 	/users/project/4DGenome_no_backup/data/hic/samples/c95c3766e_dc9651655/mapped_reads
TIME 	2016-09-12 19:29:53 	[clean_up] 	step time for completion (seconds) = 2


INFO 	2016-09-12 19:29:55 	[pipeline] 	completed successfully
TIME 	2016-09-12 19:29:55 	[pipeline] 	total time for completion (seconds) = 6789

