
INFO 	2016-06-13 10:09:28 	[configuration] 	script to access/write from/to metadata: /users/project/4DGenome/utils/io_metadata.sh
INFO 	2016-06-13 10:09:28 	[configuration] 	metadata database: /users/project/4DGenome/data/4DGenome_metadata.db
INFO 	2016-06-13 10:09:28 	[configuration] 	data for b7fa2d8db_333a703b9 will be stored at /users/project/4DGenome_no_backup/data/hic/samples/b7fa2d8db_333a703b9
INFO 	2016-06-13 10:09:28 	[configuration] 	paths to input FASTQ files extracted from the metadata
INFO 	2016-06-13 10:09:37 	[configuration] 	species (Mus_musculus) and assembly version (mm10) extracted from the metadata

INFO 	2016-06-13 10:09:59 	[preliminary_checks] 	b7fa2d8db_333a703b9 found in /users/project/4DGenome/data/4DGenome_metadata.db
INFO 	2016-06-13 10:14:09 	[preliminary_checks] 	paths to read1 and read2 saved to metadata database
INFO 	2016-06-13 10:14:11 	[preliminary_checks] 	Sequencing index added as part of the metadata agrees with that observed in the FASTQ file
INFO 	2016-06-13 10:14:13 	[preliminary_checks] 	read length added as part of the metadata agrees with that observed in the FASTQ file
INFO 	2016-06-13 10:14:13 	[preliminary_checks] 	genome reference FASTA file found at /users/GR/mb/jquilez/assemblies/mus_musculus/mm10/ucsc/mm10_chr1-19XYM.fa
INFO 	2016-06-13 10:14:29 	[preliminary_checks] 	paths to reference FASTA saved to metadata database
TIME 	2016-06-13 10:14:29 	[preliminary_checks] 	step time for completion (seconds) = 272

INFO 	2016-06-13 10:14:32 	[raw_fastqs_quality_plots] 	restriction enzyme = DpnII
INFO 	2016-06-13 10:14:32 	[raw_fastqs_quality_plots] 	a subset of 100000 reds will be used to generate the quality plots
INFO 	2016-06-13 10:14:32 	[raw_fastqs_quality_plots] 	making quality plots of the raw FASTQ files... plots saved at /users/project/4DGenome_no_backup/data/hic/samples/b7fa2d8db_333a703b9/plots/mm10/raw_fastqs_quality_plots
INFO 	2016-06-13 10:14:52 	[raw_fastqs_quality_plots] 	percentages of dangling ends and ligated sites in read1 and read2 saved to metadata database
TIME 	2016-06-13 10:14:52 	[raw_fastqs_quality_plots] 	step time for completion (seconds) = 20

INFO 	2016-06-13 10:14:54 	[trim_reads_trimmomatic] 	sequencing type = PE
INFO 	2016-06-13 10:14:54 	[trim_reads_trimmomatic] 	trimming TruSeq3 adapter sequences for HiSeq, NextSeq or HiSeq
INFO 	2016-06-13 10:14:54 	[trim_reads_trimmomatic] 	trimming low-quality reads ends using trimmomatic's recommended practices
INFO 	2016-06-13 10:52:53 	[trim_reads_trimmomatic] 	parse step log to extract generated metadata
INFO 	2016-06-13 10:52:53 	[trim_reads_trimmomatic] 	reads after trimming = 70731055
INFO 	2016-06-13 10:53:13 	[trim_reads_trimmomatic] 	trimmomatic parameters and numbe of trimmed reads added to metadata
INFO 	2016-06-13 10:53:13 	[trim_reads_trimmomatic] 	trimmed reads are in /users/project/4DGenome_no_backup/data/hic/samples/b7fa2d8db_333a703b9/fastqs_processed/trimmomatic/paired_end
INFO 	2016-06-13 10:53:13 	[trim_reads_trimmomatic] 	unpaired reads are deleted
TIME 	2016-06-13 10:53:13 	[trim_reads_trimmomatic] 	step time for completion (seconds) = 2299

INFO 	2016-06-13 10:53:15 	[align_and_merge] 	species = Mus_musculus
INFO 	2016-06-13 10:53:15 	[align_and_merge] 	assembly version = mm10
INFO 	2016-06-13 10:53:15 	[align_and_merge] 	restriction enzyme = DpnII
INFO 	2016-06-13 10:53:15 	[align_and_merge] 	read length = 75
INFO 	2016-06-13 10:53:15 	[align_and_merge] 	genome reference FASTA file found at /users/GR/mb/jquilez/assemblies/mus_musculus/mm10/ucsc/mm10_chr1-19XYM.fa
INFO 	2016-06-13 10:53:15 	[align_and_merge] 	mapping, processing reads according to restriction enzyme fragments and merging aligments for read1 and read2...
INFO 	2016-06-13 14:32:44 	[align_and_merge] 	output saved in /users/project/4DGenome_no_backup/data/hic/samples/b7fa2d8db_333a703b9/logs/mm10/b7fa2d8db_333a703b9_align_and_merge_paired_end.log
TIME 	2016-06-13 14:34:23 	[align_and_merge] 	step time for completion (seconds) = 13268

INFO 	2016-06-13 14:34:28 	[post_mapping_statistics] 	generating post mapping descriptive statistics plots...
INFO 	2016-06-13 14:52:42 	[post_mapping_statistics] 	fraction of reads mapped read1 = 0.971643940558
INFO 	2016-06-13 14:52:42 	[post_mapping_statistics] 	fraction of reads mapped read2 = 0.95526522261
INFO 	2016-06-13 14:52:42 	[post_mapping_statistics] 	number of pairs in which both read1 and read2 are mapped = 46516416
INFO 	2016-06-13 14:52:42 	[post_mapping_statistics] 	counts-to-distance slope = -1.17204124455
TIME 	2016-06-13 14:52:50 	[post_mapping_statistics] 	step time for completion (seconds) = 1102

INFO 	2016-06-13 14:53:02 	[reads_filtering] 	filtering reads based on multiple quality parameters...
INFO 	2016-06-13 14:53:02 	[reads_filtering] 	filtered reads to be used for subsequent analyses are at /users/project/4DGenome_no_backup/data/hic/samples/b7fa2d8db_333a703b9/results/mm10/filtered_reads
INFO 	2016-06-13 14:53:02 	[reads_filtering] 	excluded reads due to dangling ends are at /users/project/4DGenome_no_backup/data/hic/samples/b7fa2d8db_333a703b9/results/mm10/excluded_reads/dangling_ends
INFO 	2016-06-13 14:53:02 	[reads_filtering] 	excluded reads due to self circle are at /users/project/4DGenome_no_backup/data/hic/samples/b7fa2d8db_333a703b9/results/mm10/excluded_reads/self_circle
INFO 	2016-06-13 14:53:02 	[reads_filtering] 	summary of excluded reads at /users/project/4DGenome_no_backup/data/hic/samples/b7fa2d8db_333a703b9/results/mm10/excluded_reads/summary_excluded_per_filter
INFO 	2016-06-13 15:03:12 	[reads_filtering] 	numbers and fractions of filtered and excluded reads added to the metadata
TIME 	2016-06-13 15:04:38 	[reads_filtering] 	step time for completion (seconds) = 706

INFO 	2016-06-13 15:04:43 	[post_filtering_statistics] 	generating post filtering descriptive statistics plots... saved at /users/project/4DGenome_no_backup/data/hic/samples/b7fa2d8db_333a703b9/plots/mm10/post_filtering_statistics:
INFO 	2016-06-13 15:04:43 	[post_filtering_statistics] 	- filtered reads: sequencing coverage along chromosomes, coverage values and interaction matrix
INFO 	2016-06-13 15:04:43 	[post_filtering_statistics] 	- dangling ends: sequencing coverage along chromosomes and coverage values
INFO 	2016-06-13 15:04:43 	[post_filtering_statistics] 	- self-circle ends: sequencing coverage along chromosomes and coverage values
TIME 	2016-06-13 15:16:00 	[post_filtering_statistics] 	step time for completion (seconds) = 677

INFO 	2016-06-13 15:16:04 	[map_to_bam] 	converting MAP to BAM
[bam_sort_core] merging from 35 files...
TIME 	2016-06-13 16:06:20 	[map_to_bam] 	step time for completion (seconds) = 3016

INFO 	2016-06-13 16:06:30 	[downstream_bam] 	perform several downstream analyses
INFO 	2016-06-13 16:47:10 	[downstream_bam] 	number of TADs = 1841
TIME 	2016-06-13 16:47:26 	[downstream_bam] 	step time for completion (seconds) = 2456

INFO 	2016-06-13 16:47:29 	[clean_up] 	deleting the following intermediate files/directories:
INFO 	2016-06-13 16:47:29 	[clean_up] 	/users/project/4DGenome_no_backup/data/hic/samples/b7fa2d8db_333a703b9/fastqs_processed
INFO 	2016-06-13 16:47:29 	[clean_up] 	/users/project/4DGenome_no_backup/data/hic/samples/b7fa2d8db_333a703b9/mapped_reads
TIME 	2016-06-13 16:48:00 	[clean_up] 	step time for completion (seconds) = 31


INFO 	2016-06-13 16:48:03 	[pipeline] 	completed successfully
TIME 	2016-06-13 16:48:03 	[pipeline] 	total time for completion (seconds) = 23915

