
INFO 	2016-06-08 11:31:26 	[configuration] 	script to access/write from/to metadata: /users/project/4DGenome/utils/io_metadata.sh
INFO 	2016-06-08 11:31:26 	[configuration] 	metadata database: /users/project/4DGenome/data/4DGenome_metadata.db
INFO 	2016-06-08 11:31:26 	[configuration] 	data for 9a7c4a68d_db4f304ee will be stored at /users/project/4DGenome_no_backup/data/hic/samples/9a7c4a68d_db4f304ee
INFO 	2016-06-08 11:31:26 	[configuration] 	paths to input FASTQ files extracted from the metadata
INFO 	2016-06-08 11:31:35 	[configuration] 	species (Homo_sapiens) and assembly version (hg38_mmtv) extracted from the metadata

INFO 	2016-06-08 11:32:00 	[preliminary_checks] 	9a7c4a68d_db4f304ee found in /users/project/4DGenome/data/4DGenome_metadata.db
INFO 	2016-06-08 11:43:06 	[preliminary_checks] 	paths to read1 and read2 saved to metadata database
INFO 	2016-06-08 11:43:08 	[preliminary_checks] 	Sequencing index added as part of the metadata agrees with that observed in the FASTQ file
WARN 	2016-06-08 11:43:10 	[preliminary_checks] 	read length obtained from the metadata (75 bp) differs from that seen in the FASTQ (76 bp)
WARN 	2016-06-08 11:43:10 	[preliminary_checks] 	the latter will be kept
INFO 	2016-06-08 11:43:11 	[preliminary_checks] 	genome reference FASTA file found at /users/GR/mb/jquilez/assemblies/homo_sapiens/hg38_mmtv/ucsc/hg38_mmtv_chr1-22XYM.fa
INFO 	2016-06-08 11:43:30 	[preliminary_checks] 	paths to reference FASTA saved to metadata database
TIME 	2016-06-08 11:43:30 	[preliminary_checks] 	step time for completion (seconds) = 691

INFO 	2016-06-08 11:43:31 	[raw_fastqs_quality_plots] 	restriction enzyme = DpnII
INFO 	2016-06-08 11:43:31 	[raw_fastqs_quality_plots] 	a subset of 100000 reds will be used to generate the quality plots
INFO 	2016-06-08 11:43:32 	[raw_fastqs_quality_plots] 	making quality plots of the raw FASTQ files... plots saved at /users/project/4DGenome_no_backup/data/hic/samples/9a7c4a68d_db4f304ee/plots/hg38_mmtv/raw_fastqs_quality_plots
INFO 	2016-06-08 11:43:55 	[raw_fastqs_quality_plots] 	percentages of dangling ends and ligated sites in read1 and read2 saved to metadata database
TIME 	2016-06-08 11:43:55 	[raw_fastqs_quality_plots] 	step time for completion (seconds) = 24

INFO 	2016-06-08 11:43:57 	[trim_reads_trimmomatic] 	sequencing type = PE
INFO 	2016-06-08 11:43:57 	[trim_reads_trimmomatic] 	trimming TruSeq3 adapter sequences for HiSeq, NextSeq or HiSeq
INFO 	2016-06-08 11:43:57 	[trim_reads_trimmomatic] 	trimming low-quality reads ends using trimmomatic's recommended practices
INFO 	2016-06-08 13:10:22 	[trim_reads_trimmomatic] 	parse step log to extract generated metadata
INFO 	2016-06-08 13:10:22 	[trim_reads_trimmomatic] 	reads after trimming = 168650876
INFO 	2016-06-08 13:10:45 	[trim_reads_trimmomatic] 	trimmomatic parameters and numbe of trimmed reads added to metadata
INFO 	2016-06-08 13:10:45 	[trim_reads_trimmomatic] 	trimmed reads are in /users/project/4DGenome_no_backup/data/hic/samples/9a7c4a68d_db4f304ee/fastqs_processed/trimmomatic/paired_end
INFO 	2016-06-08 13:10:45 	[trim_reads_trimmomatic] 	unpaired reads are deleted
TIME 	2016-06-08 13:10:45 	[trim_reads_trimmomatic] 	step time for completion (seconds) = 5208

INFO 	2016-06-08 13:10:47 	[align_and_merge] 	species = Homo_sapiens
INFO 	2016-06-08 13:10:47 	[align_and_merge] 	assembly version = hg38_mmtv
INFO 	2016-06-08 13:10:47 	[align_and_merge] 	restriction enzyme = DpnII
INFO 	2016-06-08 13:10:47 	[align_and_merge] 	read length = 75
INFO 	2016-06-08 13:10:47 	[align_and_merge] 	genome reference FASTA file found at /users/GR/mb/jquilez/assemblies/homo_sapiens/hg38_mmtv/ucsc/hg38_mmtv_chr1-22XYM.fa
INFO 	2016-06-08 13:10:47 	[align_and_merge] 	mapping, processing reads according to restriction enzyme fragments and merging aligments for read1 and read2...
INFO 	2016-06-08 22:53:34 	[align_and_merge] 	output saved in /users/project/4DGenome_no_backup/data/hic/samples/9a7c4a68d_db4f304ee/logs/hg38_mmtv/9a7c4a68d_db4f304ee_align_and_merge_paired_end.log
TIME 	2016-06-08 22:56:52 	[align_and_merge] 	step time for completion (seconds) = 35165

INFO 	2016-06-08 22:57:03 	[post_mapping_statistics] 	generating post mapping descriptive statistics plots...
INFO 	2016-06-08 23:36:19 	[post_mapping_statistics] 	fraction of reads mapped read1 = 1.01872465222
INFO 	2016-06-08 23:36:19 	[post_mapping_statistics] 	fraction of reads mapped read2 = 0.844094133255
INFO 	2016-06-08 23:36:19 	[post_mapping_statistics] 	number of pairs in which both read1 and read2 are mapped = 107333673
INFO 	2016-06-08 23:36:19 	[post_mapping_statistics] 	counts-to-distance slope = -1.2230730606
TIME 	2016-06-08 23:36:37 	[post_mapping_statistics] 	step time for completion (seconds) = 2374

INFO 	2016-06-08 23:36:59 	[reads_filtering] 	filtering reads based on multiple quality parameters...
INFO 	2016-06-08 23:36:59 	[reads_filtering] 	filtered reads to be used for subsequent analyses are at /users/project/4DGenome_no_backup/data/hic/samples/9a7c4a68d_db4f304ee/results/hg38_mmtv/filtered_reads
INFO 	2016-06-08 23:36:59 	[reads_filtering] 	excluded reads due to dangling ends are at /users/project/4DGenome_no_backup/data/hic/samples/9a7c4a68d_db4f304ee/results/hg38_mmtv/excluded_reads/dangling_ends
INFO 	2016-06-08 23:36:59 	[reads_filtering] 	excluded reads due to self circle are at /users/project/4DGenome_no_backup/data/hic/samples/9a7c4a68d_db4f304ee/results/hg38_mmtv/excluded_reads/self_circle
INFO 	2016-06-08 23:36:59 	[reads_filtering] 	summary of excluded reads at /users/project/4DGenome_no_backup/data/hic/samples/9a7c4a68d_db4f304ee/results/hg38_mmtv/excluded_reads/summary_excluded_per_filter
INFO 	2016-06-08 23:59:42 	[reads_filtering] 	numbers and fractions of filtered and excluded reads added to the metadata
TIME 	2016-06-09 00:01:15 	[reads_filtering] 	step time for completion (seconds) = 1477

INFO 	2016-06-09 00:01:18 	[post_filtering_statistics] 	generating post filtering descriptive statistics plots... saved at /users/project/4DGenome_no_backup/data/hic/samples/9a7c4a68d_db4f304ee/plots/hg38_mmtv/post_filtering_statistics:
INFO 	2016-06-09 00:01:18 	[post_filtering_statistics] 	- filtered reads: sequencing coverage along chromosomes, coverage values and interaction matrix
INFO 	2016-06-09 00:01:18 	[post_filtering_statistics] 	- dangling ends: sequencing coverage along chromosomes and coverage values
INFO 	2016-06-09 00:01:18 	[post_filtering_statistics] 	- self-circle ends: sequencing coverage along chromosomes and coverage values
TIME 	2016-06-09 00:22:19 	[post_filtering_statistics] 	step time for completion (seconds) = 1261

INFO 	2016-06-09 00:22:32 	[map_to_bam] 	converting MAP to BAM
[bam_sort_core] merging from 78 files...
TIME 	2016-06-09 02:07:44 	[map_to_bam] 	step time for completion (seconds) = 6312

INFO 	2016-06-09 02:07:56 	[downstream_bam] 	perform several downstream analyses
INFO 	2016-06-09 08:16:43 	[downstream_bam] 	number of TADs = 3184
TIME 	2016-06-09 08:17:03 	[downstream_bam] 	step time for completion (seconds) = 22147

INFO 	2016-06-09 08:17:05 	[clean_up] 	deleting the following intermediate files/directories:
INFO 	2016-06-09 08:17:05 	[clean_up] 	/users/project/4DGenome_no_backup/data/hic/samples/9a7c4a68d_db4f304ee/fastqs_processed
INFO 	2016-06-09 08:17:05 	[clean_up] 	/users/project/4DGenome_no_backup/data/hic/samples/9a7c4a68d_db4f304ee/mapped_reads
TIME 	2016-06-09 08:17:05 	[clean_up] 	step time for completion (seconds) = 0


INFO 	2016-06-09 08:17:07 	[pipeline] 	completed successfully
TIME 	2016-06-09 08:17:07 	[pipeline] 	total time for completion (seconds) = 74741

