
INFO 	2016-05-23 18:37:57 	[configuration] 	script to access/write from/to metadata: /users/project/4DGenome/utils/io_metadata.sh
INFO 	2016-05-23 18:37:57 	[configuration] 	metadata database: /users/project/4DGenome/data/4DGenome_metadata.db
INFO 	2016-05-23 18:37:57 	[configuration] 	data for dc3a1e069_7bf1478ce will be stored at /users/project/4DGenome_no_backup/data/hic/samples/dc3a1e069_7bf1478ce
INFO 	2016-05-23 18:37:57 	[configuration] 	paths to input FASTQ files extracted from the metadata
INFO 	2016-05-23 18:38:03 	[configuration] 	species (Homo_sapiens) and assembly version (hg38_mmtv) extracted from the metadata

INFO 	2016-05-23 18:38:35 	[preliminary_checks] 	dc3a1e069_7bf1478ce found in /users/project/4DGenome/data/4DGenome_metadata.db
INFO 	2016-05-23 18:53:00 	[preliminary_checks] 	paths to read1 and read2 saved to metadata database
INFO 	2016-05-23 18:53:02 	[preliminary_checks] 	Sequencing index added as part of the metadata agrees with that observed in the FASTQ file
INFO 	2016-05-23 18:53:03 	[preliminary_checks] 	read length added as part of the metadata agrees with that observed in the FASTQ file
INFO 	2016-05-23 18:53:04 	[preliminary_checks] 	genome reference FASTA file found at /users/GR/mb/jquilez/assemblies/homo_sapiens/hg38_mmtv/ucsc/hg38_mmtv_chr1-22XYM.fa
INFO 	2016-05-23 18:53:17 	[preliminary_checks] 	paths to reference FASTA saved to metadata database
TIME 	2016-05-23 18:53:17 	[preliminary_checks] 	step time for completion (seconds) = 884

INFO 	2016-05-23 18:53:22 	[raw_fastqs_quality_plots] 	restriction enzyme = DpnII
INFO 	2016-05-23 18:53:22 	[raw_fastqs_quality_plots] 	a subset of 100000 reds will be used to generate the quality plots
INFO 	2016-05-23 18:53:23 	[raw_fastqs_quality_plots] 	making quality plots of the raw FASTQ files... plots saved at /users/project/4DGenome_no_backup/data/hic/samples/dc3a1e069_7bf1478ce/plots/hg38_mmtv/raw_fastqs_quality_plots
INFO 	2016-05-23 18:54:24 	[raw_fastqs_quality_plots] 	percentages of dangling ends and ligated sites in read1 and read2 saved to metadata database
TIME 	2016-05-23 18:54:24 	[raw_fastqs_quality_plots] 	step time for completion (seconds) = 62

INFO 	2016-05-23 18:54:31 	[trim_reads_trimmomatic] 	sequencing type = PE
INFO 	2016-05-23 18:54:31 	[trim_reads_trimmomatic] 	trimming TruSeq3 adapter sequences for HiSeq, NextSeq or HiSeq
INFO 	2016-05-23 18:54:31 	[trim_reads_trimmomatic] 	trimming low-quality reads ends using trimmomatic's recommended practices
INFO 	2016-05-23 20:32:28 	[trim_reads_trimmomatic] 	parse step log to extract generated metadata
INFO 	2016-05-23 20:32:28 	[trim_reads_trimmomatic] 	reads after trimming = 189967400
INFO 	2016-05-23 20:33:28 	[trim_reads_trimmomatic] 	trimmomatic parameters and numbe of trimmed reads added to metadata
INFO 	2016-05-23 20:33:28 	[trim_reads_trimmomatic] 	trimmed reads are in /users/project/4DGenome_no_backup/data/hic/samples/dc3a1e069_7bf1478ce/fastqs_processed/trimmomatic/paired_end
INFO 	2016-05-23 20:33:28 	[trim_reads_trimmomatic] 	unpaired reads are deleted
TIME 	2016-05-23 20:33:28 	[trim_reads_trimmomatic] 	step time for completion (seconds) = 5937

INFO 	2016-05-23 20:33:29 	[align_and_merge] 	species = Homo_sapiens
INFO 	2016-05-23 20:33:29 	[align_and_merge] 	assembly version = hg38_mmtv
INFO 	2016-05-23 20:33:29 	[align_and_merge] 	restriction enzyme = DpnII
INFO 	2016-05-23 20:33:29 	[align_and_merge] 	read length = 75
INFO 	2016-05-23 20:33:29 	[align_and_merge] 	genome reference FASTA file found at /users/GR/mb/jquilez/assemblies/homo_sapiens/hg38_mmtv/ucsc/hg38_mmtv_chr1-22XYM.fa
INFO 	2016-05-23 20:33:29 	[align_and_merge] 	mapping, processing reads according to restriction enzyme fragments and merging aligments for read1 and read2...
INFO 	2016-05-24 11:19:43 	[align_and_merge] 	output saved in /users/project/4DGenome_no_backup/data/hic/samples/dc3a1e069_7bf1478ce/logs/dc3a1e069_7bf1478ce_trim_reads_trimmomatic_paired_end.log
TIME 	2016-05-24 11:24:07 	[align_and_merge] 	step time for completion (seconds) = 53438

INFO 	2016-05-24 11:24:17 	[post_mapping_statistics] 	generating post mapping descriptive statistics plots...
Traceback (most recent call last):
  File "/users/project/4DGenome/pipelines/hic-16.05/scripts/mappings_descriptive_statistics.py", line 33, in <module>
    n_reads_trimmed = int(sys.argv[6])
ValueError: invalid literal for int() with base 10: 'Mb'
INFO 	2016-05-24 11:24:28 	[post_mapping_statistics] 	fraction of reads mapped read1 = 
INFO 	2016-05-24 11:24:28 	[post_mapping_statistics] 	fraction of reads mapped read2 = 
INFO 	2016-05-24 11:24:28 	[post_mapping_statistics] 	number of pairs in which both read1 and read2 are mapped = 1
INFO 	2016-05-24 11:24:28 	[post_mapping_statistics] 	counts-to-distance slope = 
INFO 	2016-05-24 11:24:28 	[add_to_metadata] 	-t <table>, -s <sample_id>, -u <time_stamp> -a <attribute> and or -v <value> are not provided; exiting...
INFO 	2016-05-24 11:24:28 	[add_to_metadata] 	t=hic s=dc3a1e069_7bf1478ce u=2016-05-23-18-37 a=FRACTION_MAPPED_READ1 v=
INFO 	2016-05-24 11:24:28 	[add_to_metadata] 	-t <table>, -s <sample_id>, -u <time_stamp> -a <attribute> and or -v <value> are not provided; exiting...
INFO 	2016-05-24 11:24:28 	[add_to_metadata] 	t=hic s=dc3a1e069_7bf1478ce u=2016-05-23-18-37 a=FRACTION_MAPPED_READ2 v=
INFO 	2016-05-24 11:24:28 	[add_to_metadata] 	-t <table>, -s <sample_id>, -u <time_stamp> -a <attribute> and or -v <value> are not provided; exiting...
INFO 	2016-05-24 11:24:28 	[add_to_metadata] 	t=hic s=dc3a1e069_7bf1478ce u=2016-05-23-18-37 a=COUNTS_TO_DISTANCE_SLOPE v=
TIME 	2016-05-24 11:24:38 	[post_mapping_statistics] 	step time for completion (seconds) = 22

INFO 	2016-05-24 11:25:08 	[reads_filtering] 	filtering reads based on multiple quality parameters...
INFO 	2016-05-24 11:25:08 	[reads_filtering] 	filtered reads to be used for subsequent analyses are at /users/project/4DGenome_no_backup/data/hic/samples/dc3a1e069_7bf1478ce/results/hg38_mmtv/filtered_reads
INFO 	2016-05-24 11:25:08 	[reads_filtering] 	excluded reads due to dangling ends are at /users/project/4DGenome_no_backup/data/hic/samples/dc3a1e069_7bf1478ce/results/hg38_mmtv/excluded_reads/dangling_ends
INFO 	2016-05-24 11:25:08 	[reads_filtering] 	excluded reads due to self circle are at /users/project/4DGenome_no_backup/data/hic/samples/dc3a1e069_7bf1478ce/results/hg38_mmtv/excluded_reads/self_circle
INFO 	2016-05-24 11:25:08 	[reads_filtering] 	summary of excluded reads at /users/project/4DGenome_no_backup/data/hic/samples/dc3a1e069_7bf1478ce/results/hg38_mmtv/excluded_reads/summary_excluded_per_filter
INFO 	2016-05-24 11:55:42 	[reads_filtering] 	numbers and fractions of filtered and excluded reads added to the metadata
TIME 	2016-05-24 11:58:54 	[reads_filtering] 	step time for completion (seconds) = 2054

INFO 	2016-05-24 11:59:13 	[post_filtering_statistics] 	generating post filtering descriptive statistics plots... saved at /users/project/4DGenome_no_backup/data/hic/samples/dc3a1e069_7bf1478ce/plots/hg38_mmtv/post_filtering_statistics:
INFO 	2016-05-24 11:59:13 	[post_filtering_statistics] 	- filtered reads: sequencing coverage along chromosomes, coverage values and interaction matrix
INFO 	2016-05-24 11:59:13 	[post_filtering_statistics] 	- dangling ends: sequencing coverage along chromosomes and coverage values
INFO 	2016-05-24 11:59:13 	[post_filtering_statistics] 	- self-circle ends: sequencing coverage along chromosomes and coverage values
TIME 	2016-05-24 12:28:32 	[post_filtering_statistics] 	step time for completion (seconds) = 1759

INFO 	2016-05-24 12:28:34 	[map_to_bam] 	converting MAP to BAM
[W::sam_parse1] mapped query cannot have zero coordinate; treated as unmapped
[W::sam_parse1] mapped mate cannot have zero coordinate; treated as unmapped
[W::sam_parse1] mapped query cannot have zero coordinate; treated as unmapped
[W::sam_parse1] mapped mate cannot have zero coordinate; treated as unmapped
[bam_sort_core] merging from 106 files...
TIME 	2016-05-24 15:43:14 	[map_to_bam] 	step time for completion (seconds) = 11680

INFO 	2016-05-24 15:43:17 	[downstream_bam] 	perform several downstream analyses
INFO 	2016-05-24 22:26:51 	[downstream_bam] 	number of TADs = 3298
TIME 	2016-05-24 22:27:01 	[downstream_bam] 	step time for completion (seconds) = 24224

INFO 	2016-05-24 22:27:03 	[clean_up] 	deleting the following intermediate files/directories:
INFO 	2016-05-24 22:27:03 	[clean_up] 	/users/project/4DGenome_no_backup/data/hic/samples/dc3a1e069_7bf1478ce/fastqs_processed
INFO 	2016-05-24 22:27:03 	[clean_up] 	/users/project/4DGenome_no_backup/data/hic/samples/dc3a1e069_7bf1478ce/mapped_reads
TIME 	2016-05-24 22:27:03 	[clean_up] 	step time for completion (seconds) = 0


INFO 	2016-05-24 22:27:05 	[pipeline] 	completed successfully
TIME 	2016-05-24 22:27:05 	[pipeline] 	total time for completion (seconds) = 100148

