
INFO 	2016-06-13 10:14:31 	[configuration] 	script to access/write from/to metadata: /users/project/4DGenome/utils/io_metadata.sh
INFO 	2016-06-13 10:14:31 	[configuration] 	metadata database: /users/project/4DGenome/data/4DGenome_metadata.db
INFO 	2016-06-13 10:14:31 	[configuration] 	data for b742f3789_f662f17c8 will be stored at /users/project/4DGenome_no_backup/data/hic/samples/b742f3789_f662f17c8
INFO 	2016-06-13 10:14:31 	[configuration] 	paths to input FASTQ files extracted from the metadata
INFO 	2016-06-13 10:14:41 	[configuration] 	species (Mus_musculus) and assembly version (mm10) extracted from the metadata

INFO 	2016-06-13 10:15:09 	[preliminary_checks] 	b742f3789_f662f17c8 found in /users/project/4DGenome/data/4DGenome_metadata.db
INFO 	2016-06-13 10:33:46 	[preliminary_checks] 	paths to read1 and read2 saved to metadata database
INFO 	2016-06-13 10:33:48 	[preliminary_checks] 	Sequencing index added as part of the metadata agrees with that observed in the FASTQ file
INFO 	2016-06-13 10:33:50 	[preliminary_checks] 	read length added as part of the metadata agrees with that observed in the FASTQ file
INFO 	2016-06-13 10:33:50 	[preliminary_checks] 	genome reference FASTA file found at /users/GR/mb/jquilez/assemblies/mus_musculus/mm10/ucsc/mm10_chr1-19XYM.fa
INFO 	2016-06-13 10:34:07 	[preliminary_checks] 	paths to reference FASTA saved to metadata database
TIME 	2016-06-13 10:34:07 	[preliminary_checks] 	step time for completion (seconds) = 1140

INFO 	2016-06-13 10:34:09 	[raw_fastqs_quality_plots] 	restriction enzyme = DpnII
INFO 	2016-06-13 10:34:09 	[raw_fastqs_quality_plots] 	a subset of 100000 reds will be used to generate the quality plots
INFO 	2016-06-13 10:34:09 	[raw_fastqs_quality_plots] 	making quality plots of the raw FASTQ files... plots saved at /users/project/4DGenome_no_backup/data/hic/samples/b742f3789_f662f17c8/plots/mm10/raw_fastqs_quality_plots
INFO 	2016-06-13 10:34:31 	[raw_fastqs_quality_plots] 	percentages of dangling ends and ligated sites in read1 and read2 saved to metadata database
TIME 	2016-06-13 10:34:31 	[raw_fastqs_quality_plots] 	step time for completion (seconds) = 22

INFO 	2016-06-13 10:34:33 	[trim_reads_trimmomatic] 	sequencing type = PE
INFO 	2016-06-13 10:34:33 	[trim_reads_trimmomatic] 	trimming TruSeq3 adapter sequences for HiSeq, NextSeq or HiSeq
INFO 	2016-06-13 10:34:33 	[trim_reads_trimmomatic] 	trimming low-quality reads ends using trimmomatic's recommended practices
INFO 	2016-06-13 13:07:55 	[trim_reads_trimmomatic] 	parse step log to extract generated metadata
INFO 	2016-06-13 13:07:55 	[trim_reads_trimmomatic] 	reads after trimming = 296776656
INFO 	2016-06-13 13:08:31 	[trim_reads_trimmomatic] 	trimmomatic parameters and numbe of trimmed reads added to metadata
INFO 	2016-06-13 13:08:31 	[trim_reads_trimmomatic] 	trimmed reads are in /users/project/4DGenome_no_backup/data/hic/samples/b742f3789_f662f17c8/fastqs_processed/trimmomatic/paired_end
INFO 	2016-06-13 13:08:31 	[trim_reads_trimmomatic] 	unpaired reads are deleted
TIME 	2016-06-13 13:08:31 	[trim_reads_trimmomatic] 	step time for completion (seconds) = 9238

INFO 	2016-06-13 13:08:33 	[align_and_merge] 	species = Mus_musculus
INFO 	2016-06-13 13:08:33 	[align_and_merge] 	assembly version = mm10
INFO 	2016-06-13 13:08:33 	[align_and_merge] 	restriction enzyme = DpnII
INFO 	2016-06-13 13:08:33 	[align_and_merge] 	read length = 76
INFO 	2016-06-13 13:08:33 	[align_and_merge] 	genome reference FASTA file found at /users/GR/mb/jquilez/assemblies/mus_musculus/mm10/ucsc/mm10_chr1-19XYM.fa
INFO 	2016-06-13 13:08:33 	[align_and_merge] 	mapping, processing reads according to restriction enzyme fragments and merging aligments for read1 and read2...
INFO 	2016-06-14 10:47:08 	[align_and_merge] 	output saved in /users/project/4DGenome_no_backup/data/hic/samples/b742f3789_f662f17c8/logs/mm10/b742f3789_f662f17c8_align_and_merge_paired_end.log
TIME 	2016-06-14 10:52:29 	[align_and_merge] 	step time for completion (seconds) = 78236

INFO 	2016-06-14 10:52:38 	[post_mapping_statistics] 	generating post mapping descriptive statistics plots...
INFO 	2016-06-14 12:07:26 	[post_mapping_statistics] 	fraction of reads mapped read1 = 0.974960635044
INFO 	2016-06-14 12:07:26 	[post_mapping_statistics] 	fraction of reads mapped read2 = 0.966855007626
INFO 	2016-06-14 12:07:26 	[post_mapping_statistics] 	number of pairs in which both read1 and read2 are mapped = 197932130
INFO 	2016-06-14 12:07:26 	[post_mapping_statistics] 	counts-to-distance slope = -0.910313118393
TIME 	2016-06-14 12:07:33 	[post_mapping_statistics] 	step time for completion (seconds) = 4495

INFO 	2016-06-14 12:08:15 	[reads_filtering] 	filtering reads based on multiple quality parameters...
INFO 	2016-06-14 12:08:15 	[reads_filtering] 	filtered reads to be used for subsequent analyses are at /users/project/4DGenome_no_backup/data/hic/samples/b742f3789_f662f17c8/results/mm10/filtered_reads
INFO 	2016-06-14 12:08:15 	[reads_filtering] 	excluded reads due to dangling ends are at /users/project/4DGenome_no_backup/data/hic/samples/b742f3789_f662f17c8/results/mm10/excluded_reads/dangling_ends
INFO 	2016-06-14 12:08:15 	[reads_filtering] 	excluded reads due to self circle are at /users/project/4DGenome_no_backup/data/hic/samples/b742f3789_f662f17c8/results/mm10/excluded_reads/self_circle
INFO 	2016-06-14 12:08:15 	[reads_filtering] 	summary of excluded reads at /users/project/4DGenome_no_backup/data/hic/samples/b742f3789_f662f17c8/results/mm10/excluded_reads/summary_excluded_per_filter
INFO 	2016-06-14 12:50:52 	[reads_filtering] 	numbers and fractions of filtered and excluded reads added to the metadata
TIME 	2016-06-14 12:56:01 	[reads_filtering] 	step time for completion (seconds) = 2907

INFO 	2016-06-14 12:56:04 	[post_filtering_statistics] 	generating post filtering descriptive statistics plots... saved at /users/project/4DGenome_no_backup/data/hic/samples/b742f3789_f662f17c8/plots/mm10/post_filtering_statistics:
INFO 	2016-06-14 12:56:04 	[post_filtering_statistics] 	- filtered reads: sequencing coverage along chromosomes, coverage values and interaction matrix
INFO 	2016-06-14 12:56:04 	[post_filtering_statistics] 	- dangling ends: sequencing coverage along chromosomes and coverage values
INFO 	2016-06-14 12:56:04 	[post_filtering_statistics] 	- self-circle ends: sequencing coverage along chromosomes and coverage values
TIME 	2016-06-14 13:39:45 	[post_filtering_statistics] 	step time for completion (seconds) = 2621

INFO 	2016-06-14 13:39:48 	[map_to_bam] 	converting MAP to BAM
[bam_sort_core] merging from 150 files...
TIME 	2016-06-14 17:07:38 	[map_to_bam] 	step time for completion (seconds) = 12470

INFO 	2016-06-14 17:07:43 	[downstream_bam] 	perform several downstream analyses
INFO 	2016-06-14 19:25:16 	[downstream_bam] 	number of TADs = 2167
TIME 	2016-06-14 19:25:28 	[downstream_bam] 	step time for completion (seconds) = 8265

INFO 	2016-06-14 19:25:30 	[clean_up] 	deleting the following intermediate files/directories:
INFO 	2016-06-14 19:25:30 	[clean_up] 	/users/project/4DGenome_no_backup/data/hic/samples/b742f3789_f662f17c8/fastqs_processed
INFO 	2016-06-14 19:25:30 	[clean_up] 	/users/project/4DGenome_no_backup/data/hic/samples/b742f3789_f662f17c8/mapped_reads
TIME 	2016-06-14 19:27:16 	[clean_up] 	step time for completion (seconds) = 106


INFO 	2016-06-14 19:27:18 	[pipeline] 	completed successfully
TIME 	2016-06-14 19:27:18 	[pipeline] 	total time for completion (seconds) = 119567

