
INFO 	2016-07-08 12:59:46 	[configuration] 	script to access/write from/to metadata: /users/project/4DGenome/utils/io_metadata.sh
INFO 	2016-07-08 12:59:46 	[configuration] 	metadata database: /users/project/4DGenome/data/4DGenome_metadata.db
INFO 	2016-07-08 12:59:46 	[configuration] 	data for 8d2ac542f_9771f1207 will be stored at /users/project/4DGenome_no_backup/data/hic/samples/8d2ac542f_9771f1207
INFO 	2016-07-08 12:59:46 	[configuration] 	paths to input FASTQ files extracted from the metadata
INFO 	2016-07-08 13:00:15 	[configuration] 	species (Drosophila_melanogaster) and assembly version (dm6) extracted from the metadata

INFO 	2016-07-08 13:00:49 	[preliminary_checks] 	8d2ac542f_9771f1207 found in /users/project/4DGenome/data/4DGenome_metadata.db
INFO 	2016-07-08 13:02:29 	[preliminary_checks] 	paths to read1 and read2 saved to metadata database
INFO 	2016-07-08 13:02:31 	[preliminary_checks] 	Sequencing index added as part of the metadata agrees with that observed in the FASTQ file
INFO 	2016-07-08 13:02:33 	[preliminary_checks] 	read length added as part of the metadata agrees with that observed in the FASTQ file
INFO 	2016-07-08 13:02:33 	[preliminary_checks] 	genome reference FASTA file found at /users/GR/mb/jquilez/assemblies/drosophila_melanogaster/dm6/ucsc/dm6_chr2-4XYM.fa
INFO 	2016-07-08 13:02:36 	[preliminary_checks] 	paths to reference FASTA saved to metadata database
TIME 	2016-07-08 13:02:36 	[preliminary_checks] 	step time for completion (seconds) = 109

INFO 	2016-07-08 13:02:38 	[raw_fastqs_quality_plots] 	restriction enzyme = DpnII
INFO 	2016-07-08 13:02:38 	[raw_fastqs_quality_plots] 	a subset of 100000 reds will be used to generate the quality plots
INFO 	2016-07-08 13:02:38 	[raw_fastqs_quality_plots] 	making quality plots of the raw FASTQ files... plots saved at /users/project/4DGenome_no_backup/data/hic/samples/8d2ac542f_9771f1207/plots/dm6/raw_fastqs_quality_plots
INFO 	2016-07-08 13:02:58 	[raw_fastqs_quality_plots] 	percentages of dangling ends and ligated sites in read1 and read2 saved to metadata database
TIME 	2016-07-08 13:02:58 	[raw_fastqs_quality_plots] 	step time for completion (seconds) = 20

INFO 	2016-07-08 13:03:00 	[trim_reads_trimmomatic] 	sequencing type = PE
INFO 	2016-07-08 13:03:00 	[trim_reads_trimmomatic] 	trimming TruSeq3 adapter sequences for HiSeq, NextSeq or HiSeq
INFO 	2016-07-08 13:03:00 	[trim_reads_trimmomatic] 	trimming low-quality reads ends using trimmomatic's recommended practices
INFO 	2016-07-08 13:17:00 	[trim_reads_trimmomatic] 	parse step log to extract generated metadata
INFO 	2016-07-08 13:17:00 	[trim_reads_trimmomatic] 	reads after trimming = 25555151
INFO 	2016-07-08 13:17:27 	[trim_reads_trimmomatic] 	trimmomatic parameters and numbe of trimmed reads added to metadata
INFO 	2016-07-08 13:17:27 	[trim_reads_trimmomatic] 	trimmed reads are in /users/project/4DGenome_no_backup/data/hic/samples/8d2ac542f_9771f1207/fastqs_processed/trimmomatic/paired_end
INFO 	2016-07-08 13:17:27 	[trim_reads_trimmomatic] 	unpaired reads are deleted
TIME 	2016-07-08 13:17:27 	[trim_reads_trimmomatic] 	step time for completion (seconds) = 867

INFO 	2016-07-08 13:17:29 	[align_and_merge] 	species = Drosophila_melanogaster
INFO 	2016-07-08 13:17:29 	[align_and_merge] 	assembly version = dm6
INFO 	2016-07-08 13:17:29 	[align_and_merge] 	restriction enzyme = DpnII
INFO 	2016-07-08 13:17:29 	[align_and_merge] 	read length = 75
INFO 	2016-07-08 13:17:29 	[align_and_merge] 	genome reference FASTA file found at /users/GR/mb/jquilez/assemblies/drosophila_melanogaster/dm6/ucsc/dm6_chr2-4XYM.fa
INFO 	2016-07-08 13:17:29 	[align_and_merge] 	mapping, processing reads according to restriction enzyme fragments and merging aligments for read1 and read2...
INFO 	2016-07-08 14:13:10 	[align_and_merge] 	output saved in /users/project/4DGenome_no_backup/data/hic/samples/8d2ac542f_9771f1207/logs/dm6/8d2ac542f_9771f1207_align_and_merge_paired_end.log
TIME 	2016-07-08 14:13:27 	[align_and_merge] 	step time for completion (seconds) = 3358

INFO 	2016-07-08 14:13:37 	[post_mapping_statistics] 	generating post mapping descriptive statistics plots...
INFO 	2016-07-08 14:19:27 	[post_mapping_statistics] 	fraction of reads mapped read1 = 0.84155409608
INFO 	2016-07-08 14:19:27 	[post_mapping_statistics] 	fraction of reads mapped read2 = 0.832828379688
INFO 	2016-07-08 14:19:27 	[post_mapping_statistics] 	number of pairs in which both read1 and read2 are mapped = 22074336
INFO 	2016-07-08 14:19:27 	[post_mapping_statistics] 	counts-to-distance slope = -1.00585942739
TIME 	2016-07-08 14:19:35 	[post_mapping_statistics] 	step time for completion (seconds) = 359

INFO 	2016-07-08 14:19:40 	[reads_filtering] 	filtering reads based on multiple quality parameters...
INFO 	2016-07-08 14:19:40 	[reads_filtering] 	filtered reads to be used for subsequent analyses are at /users/project/4DGenome_no_backup/data/hic/samples/8d2ac542f_9771f1207/results/dm6/filtered_reads
INFO 	2016-07-08 14:19:40 	[reads_filtering] 	excluded reads due to dangling ends are at /users/project/4DGenome_no_backup/data/hic/samples/8d2ac542f_9771f1207/results/dm6/excluded_reads/dangling_ends
INFO 	2016-07-08 14:19:40 	[reads_filtering] 	excluded reads due to self circle are at /users/project/4DGenome_no_backup/data/hic/samples/8d2ac542f_9771f1207/results/dm6/excluded_reads/self_circle
INFO 	2016-07-08 14:19:40 	[reads_filtering] 	summary of excluded reads at /users/project/4DGenome_no_backup/data/hic/samples/8d2ac542f_9771f1207/results/dm6/excluded_reads/summary_excluded_per_filter
INFO 	2016-07-08 14:23:20 	[reads_filtering] 	numbers and fractions of filtered and excluded reads added to the metadata
TIME 	2016-07-08 14:23:32 	[reads_filtering] 	step time for completion (seconds) = 235

INFO 	2016-07-08 14:23:34 	[post_filtering_statistics] 	generating post filtering descriptive statistics plots... saved at /users/project/4DGenome_no_backup/data/hic/samples/8d2ac542f_9771f1207/plots/dm6/post_filtering_statistics:
INFO 	2016-07-08 14:23:34 	[post_filtering_statistics] 	- filtered reads: sequencing coverage along chromosomes, coverage values and interaction matrix
INFO 	2016-07-08 14:23:34 	[post_filtering_statistics] 	- dangling ends: sequencing coverage along chromosomes and coverage values
INFO 	2016-07-08 14:23:34 	[post_filtering_statistics] 	- self-circle ends: sequencing coverage along chromosomes and coverage values
TIME 	2016-07-08 14:26:42 	[post_filtering_statistics] 	step time for completion (seconds) = 188

INFO 	2016-07-08 14:26:44 	[map_to_bam] 	converting MAP to BAM
[bam_sort_core] merging from 11 files...
TIME 	2016-07-08 14:41:58 	[map_to_bam] 	step time for completion (seconds) = 914

INFO 	2016-07-08 14:42:13 	[downstream_bam] 	perform several downstream analyses
/usr/share/univage/soldierantcluster/spool/node-hp0104/job_scripts/5966386: line 773: 21527 Segmentation fault      (core dumped) $python $SCRIPTS/tadbit_after_bam_v2.py $ibam $flag_excluded $flag_included $flag_perzero $DOWNSTREAM/${sample_id}_ $slots $resolution_ab $resolution_tad &>$step_log
INFO 	2016-07-08 14:52:05 	[downstream_bam] 	number of TADs = 368
TIME 	2016-07-08 14:52:31 	[downstream_bam] 	step time for completion (seconds) = 618

INFO 	2016-07-08 14:52:33 	[clean_up] 	deleting the following intermediate files/directories:
INFO 	2016-07-08 14:52:33 	[clean_up] 	/users/project/4DGenome_no_backup/data/hic/samples/8d2ac542f_9771f1207/fastqs_processed
INFO 	2016-07-08 14:52:33 	[clean_up] 	/users/project/4DGenome_no_backup/data/hic/samples/8d2ac542f_9771f1207/mapped_reads
TIME 	2016-07-08 14:52:37 	[clean_up] 	step time for completion (seconds) = 4


INFO 	2016-07-08 14:52:39 	[pipeline] 	completed successfully
TIME 	2016-07-08 14:52:39 	[pipeline] 	total time for completion (seconds) = 6773

