
INFO 	2016-06-13 11:27:02 	[configuration] 	script to access/write from/to metadata: /users/project/4DGenome/utils/io_metadata.sh
INFO 	2016-06-13 11:27:02 	[configuration] 	metadata database: /users/project/4DGenome/data/4DGenome_metadata.db
INFO 	2016-06-13 11:27:02 	[configuration] 	data for b742f3789_80eedabee will be stored at /users/project/4DGenome_no_backup/data/hic/samples/b742f3789_80eedabee
INFO 	2016-06-13 11:27:02 	[configuration] 	paths to input FASTQ files extracted from the metadata
INFO 	2016-06-13 11:27:12 	[configuration] 	species (Mus_musculus) and assembly version (mm10) extracted from the metadata

INFO 	2016-06-13 11:27:35 	[preliminary_checks] 	b742f3789_80eedabee found in /users/project/4DGenome/data/4DGenome_metadata.db
INFO 	2016-06-13 11:53:06 	[preliminary_checks] 	paths to read1 and read2 saved to metadata database
INFO 	2016-06-13 11:53:08 	[preliminary_checks] 	Sequencing index added as part of the metadata agrees with that observed in the FASTQ file
INFO 	2016-06-13 11:53:09 	[preliminary_checks] 	read length added as part of the metadata agrees with that observed in the FASTQ file
INFO 	2016-06-13 11:53:09 	[preliminary_checks] 	genome reference FASTA file found at /users/GR/mb/jquilez/assemblies/mus_musculus/mm10/ucsc/mm10_chr1-19XYM.fa
INFO 	2016-06-13 11:53:30 	[preliminary_checks] 	paths to reference FASTA saved to metadata database
TIME 	2016-06-13 11:53:30 	[preliminary_checks] 	step time for completion (seconds) = 1557

INFO 	2016-06-13 11:53:32 	[raw_fastqs_quality_plots] 	restriction enzyme = DpnII
INFO 	2016-06-13 11:53:32 	[raw_fastqs_quality_plots] 	a subset of 100000 reds will be used to generate the quality plots
INFO 	2016-06-13 11:53:32 	[raw_fastqs_quality_plots] 	making quality plots of the raw FASTQ files... plots saved at /users/project/4DGenome_no_backup/data/hic/samples/b742f3789_80eedabee/plots/mm10/raw_fastqs_quality_plots
INFO 	2016-06-13 11:53:52 	[raw_fastqs_quality_plots] 	percentages of dangling ends and ligated sites in read1 and read2 saved to metadata database
TIME 	2016-06-13 11:53:52 	[raw_fastqs_quality_plots] 	step time for completion (seconds) = 20

INFO 	2016-06-13 11:53:53 	[trim_reads_trimmomatic] 	sequencing type = PE
INFO 	2016-06-13 11:53:53 	[trim_reads_trimmomatic] 	trimming TruSeq3 adapter sequences for HiSeq, NextSeq or HiSeq
INFO 	2016-06-13 11:53:53 	[trim_reads_trimmomatic] 	trimming low-quality reads ends using trimmomatic's recommended practices
INFO 	2016-06-13 14:34:22 	[trim_reads_trimmomatic] 	parse step log to extract generated metadata
INFO 	2016-06-13 14:34:22 	[trim_reads_trimmomatic] 	reads after trimming = 334693982
INFO 	2016-06-13 14:34:55 	[trim_reads_trimmomatic] 	trimmomatic parameters and numbe of trimmed reads added to metadata
INFO 	2016-06-13 14:34:55 	[trim_reads_trimmomatic] 	trimmed reads are in /users/project/4DGenome_no_backup/data/hic/samples/b742f3789_80eedabee/fastqs_processed/trimmomatic/paired_end
INFO 	2016-06-13 14:34:55 	[trim_reads_trimmomatic] 	unpaired reads are deleted
TIME 	2016-06-13 14:34:55 	[trim_reads_trimmomatic] 	step time for completion (seconds) = 9662

INFO 	2016-06-13 14:34:57 	[align_and_merge] 	species = Mus_musculus
INFO 	2016-06-13 14:34:57 	[align_and_merge] 	assembly version = mm10
INFO 	2016-06-13 14:34:57 	[align_and_merge] 	restriction enzyme = DpnII
INFO 	2016-06-13 14:34:57 	[align_and_merge] 	read length = 75
INFO 	2016-06-13 14:34:57 	[align_and_merge] 	genome reference FASTA file found at /users/GR/mb/jquilez/assemblies/mus_musculus/mm10/ucsc/mm10_chr1-19XYM.fa
INFO 	2016-06-13 14:34:57 	[align_and_merge] 	mapping, processing reads according to restriction enzyme fragments and merging aligments for read1 and read2...
INFO 	2016-06-14 10:40:15 	[align_and_merge] 	output saved in /users/project/4DGenome_no_backup/data/hic/samples/b742f3789_80eedabee/logs/mm10/b742f3789_80eedabee_align_and_merge_paired_end.log
TIME 	2016-06-14 10:51:34 	[align_and_merge] 	step time for completion (seconds) = 72997

INFO 	2016-06-14 10:51:49 	[post_mapping_statistics] 	generating post mapping descriptive statistics plots...
INFO 	2016-06-14 12:17:15 	[post_mapping_statistics] 	fraction of reads mapped read1 = 0.978671250802
INFO 	2016-06-14 12:17:15 	[post_mapping_statistics] 	fraction of reads mapped read2 = 0.981938784905
INFO 	2016-06-14 12:17:15 	[post_mapping_statistics] 	number of pairs in which both read1 and read2 are mapped = 228107769
INFO 	2016-06-14 12:17:15 	[post_mapping_statistics] 	counts-to-distance slope = -1.09064393755
TIME 	2016-06-14 12:17:22 	[post_mapping_statistics] 	step time for completion (seconds) = 5133

INFO 	2016-06-14 12:18:09 	[reads_filtering] 	filtering reads based on multiple quality parameters...
INFO 	2016-06-14 12:18:09 	[reads_filtering] 	filtered reads to be used for subsequent analyses are at /users/project/4DGenome_no_backup/data/hic/samples/b742f3789_80eedabee/results/mm10/filtered_reads
INFO 	2016-06-14 12:18:09 	[reads_filtering] 	excluded reads due to dangling ends are at /users/project/4DGenome_no_backup/data/hic/samples/b742f3789_80eedabee/results/mm10/excluded_reads/dangling_ends
INFO 	2016-06-14 12:18:09 	[reads_filtering] 	excluded reads due to self circle are at /users/project/4DGenome_no_backup/data/hic/samples/b742f3789_80eedabee/results/mm10/excluded_reads/self_circle
INFO 	2016-06-14 12:18:09 	[reads_filtering] 	summary of excluded reads at /users/project/4DGenome_no_backup/data/hic/samples/b742f3789_80eedabee/results/mm10/excluded_reads/summary_excluded_per_filter
INFO 	2016-06-14 13:06:19 	[reads_filtering] 	numbers and fractions of filtered and excluded reads added to the metadata
TIME 	2016-06-14 13:10:15 	[reads_filtering] 	step time for completion (seconds) = 3172

INFO 	2016-06-14 13:10:17 	[post_filtering_statistics] 	generating post filtering descriptive statistics plots... saved at /users/project/4DGenome_no_backup/data/hic/samples/b742f3789_80eedabee/plots/mm10/post_filtering_statistics:
INFO 	2016-06-14 13:10:17 	[post_filtering_statistics] 	- filtered reads: sequencing coverage along chromosomes, coverage values and interaction matrix
INFO 	2016-06-14 13:10:17 	[post_filtering_statistics] 	- dangling ends: sequencing coverage along chromosomes and coverage values
INFO 	2016-06-14 13:10:17 	[post_filtering_statistics] 	- self-circle ends: sequencing coverage along chromosomes and coverage values
TIME 	2016-06-14 13:56:41 	[post_filtering_statistics] 	step time for completion (seconds) = 2784

INFO 	2016-06-14 13:56:43 	[map_to_bam] 	converting MAP to BAM
[bam_sort_core] merging from 173 files...
TIME 	2016-06-14 17:55:11 	[map_to_bam] 	step time for completion (seconds) = 14308

INFO 	2016-06-14 17:55:23 	[downstream_bam] 	perform several downstream analyses
INFO 	2016-06-15 00:38:41 	[downstream_bam] 	number of TADs = 2451
TIME 	2016-06-15 00:38:58 	[downstream_bam] 	step time for completion (seconds) = 24215

INFO 	2016-06-15 00:39:00 	[clean_up] 	deleting the following intermediate files/directories:
INFO 	2016-06-15 00:39:00 	[clean_up] 	/users/project/4DGenome_no_backup/data/hic/samples/b742f3789_80eedabee/fastqs_processed
INFO 	2016-06-15 00:39:00 	[clean_up] 	/users/project/4DGenome_no_backup/data/hic/samples/b742f3789_80eedabee/mapped_reads
TIME 	2016-06-15 00:40:32 	[clean_up] 	step time for completion (seconds) = 92


INFO 	2016-06-15 00:40:35 	[pipeline] 	completed successfully
TIME 	2016-06-15 00:40:35 	[pipeline] 	total time for completion (seconds) = 134013

