
INFO 	2016-06-21 16:22:24 	[configuration] 	script to access/write from/to metadata: /users/project/4DGenome/utils/io_metadata.sh
INFO 	2016-06-21 16:22:24 	[configuration] 	metadata database: /users/project/4DGenome/data/4DGenome_metadata.db
INFO 	2016-06-21 16:22:24 	[configuration] 	data for dc3a1e069_bb16b8aae will be stored at /users/project/4DGenome_no_backup/data/hic/samples/dc3a1e069_bb16b8aae
INFO 	2016-06-21 16:22:24 	[configuration] 	paths to input FASTQ files extracted from the metadata
INFO 	2016-06-21 16:22:54 	[configuration] 	species (Homo_sapiens) and assembly version (hg38_mmtv) extracted from the metadata

INFO 	2016-06-21 16:23:32 	[preliminary_checks] 	dc3a1e069_bb16b8aae found in /users/project/4DGenome/data/4DGenome_metadata.db
INFO 	2016-06-21 17:08:23 	[preliminary_checks] 	paths to read1 and read2 saved to metadata database
INFO 	2016-06-21 17:08:24 	[preliminary_checks] 	Sequencing index added as part of the metadata agrees with that observed in the FASTQ file
INFO 	2016-06-21 17:08:26 	[preliminary_checks] 	read length added as part of the metadata agrees with that observed in the FASTQ file
INFO 	2016-06-21 17:08:26 	[preliminary_checks] 	genome reference FASTA file found at /users/GR/mb/jquilez/assemblies/homo_sapiens/hg38_mmtv/ucsc/hg38_mmtv_chr1-22XYM.fa
INFO 	2016-06-21 17:09:10 	[preliminary_checks] 	paths to reference FASTA saved to metadata database
TIME 	2016-06-21 17:09:10 	[preliminary_checks] 	step time for completion (seconds) = 2740

INFO 	2016-06-21 17:09:12 	[raw_fastqs_quality_plots] 	restriction enzyme = DpnII
INFO 	2016-06-21 17:09:12 	[raw_fastqs_quality_plots] 	a subset of 100000 reds will be used to generate the quality plots
INFO 	2016-06-21 17:09:12 	[raw_fastqs_quality_plots] 	making quality plots of the raw FASTQ files... plots saved at /users/project/4DGenome_no_backup/data/hic/samples/dc3a1e069_bb16b8aae/plots/hg38_mmtv/raw_fastqs_quality_plots
INFO 	2016-06-21 17:09:50 	[raw_fastqs_quality_plots] 	percentages of dangling ends and ligated sites in read1 and read2 saved to metadata database
TIME 	2016-06-21 17:09:50 	[raw_fastqs_quality_plots] 	step time for completion (seconds) = 38

INFO 	2016-06-21 17:09:52 	[trim_reads_trimmomatic] 	sequencing type = PE
INFO 	2016-06-21 17:09:52 	[trim_reads_trimmomatic] 	trimming TruSeq3 adapter sequences for HiSeq, NextSeq or HiSeq
INFO 	2016-06-21 17:09:52 	[trim_reads_trimmomatic] 	trimming low-quality reads ends using trimmomatic's recommended practices
INFO 	2016-06-21 22:39:14 	[trim_reads_trimmomatic] 	parse step log to extract generated metadata
INFO 	2016-06-21 22:39:15 	[trim_reads_trimmomatic] 	reads after trimming = 279309187
INFO 	2016-06-21 22:39:47 	[trim_reads_trimmomatic] 	trimmomatic parameters and numbe of trimmed reads added to metadata
INFO 	2016-06-21 22:39:47 	[trim_reads_trimmomatic] 	trimmed reads are in /users/project/4DGenome_no_backup/data/hic/samples/dc3a1e069_bb16b8aae/fastqs_processed/trimmomatic/paired_end
INFO 	2016-06-21 22:39:47 	[trim_reads_trimmomatic] 	unpaired reads are deleted
TIME 	2016-06-21 22:39:47 	[trim_reads_trimmomatic] 	step time for completion (seconds) = 19795

INFO 	2016-06-21 22:39:49 	[align_and_merge] 	species = Homo_sapiens
INFO 	2016-06-21 22:39:49 	[align_and_merge] 	assembly version = hg38_mmtv
INFO 	2016-06-21 22:39:49 	[align_and_merge] 	restriction enzyme = DpnII
INFO 	2016-06-21 22:39:49 	[align_and_merge] 	read length = 125
INFO 	2016-06-21 22:39:49 	[align_and_merge] 	genome reference FASTA file found at /users/GR/mb/jquilez/assemblies/homo_sapiens/hg38_mmtv/ucsc/hg38_mmtv_chr1-22XYM.fa
INFO 	2016-06-21 22:39:49 	[align_and_merge] 	mapping, processing reads according to restriction enzyme fragments and merging aligments for read1 and read2...
/usr/share/univage/soldierantcluster/spool/node-ib0002bi/job_scripts/4987012: line 513: 12629 Killed                  $python $SCRIPTS/map_process_merge.py $gem_index $SAMPLE $species $read_length $paired1 $paired2 $restriction_enzyme $fasta $slots $frag_map $version > $step_log
INFO 	2016-06-23 08:13:53 	[align_and_merge] 	output saved in /users/project/4DGenome_no_backup/data/hic/samples/dc3a1e069_bb16b8aae/logs/hg38_mmtv/dc3a1e069_bb16b8aae_align_and_merge_paired_end.log
TIME 	2016-06-23 08:20:49 	[align_and_merge] 	step time for completion (seconds) = 121260

INFO 	2016-06-23 08:21:24 	[post_mapping_statistics] 	generating post mapping descriptive statistics plots...
INFO 	2016-06-23 11:12:20 	[post_mapping_statistics] 	fraction of reads mapped read1 = 1.04922248404
INFO 	2016-06-23 11:12:20 	[post_mapping_statistics] 	fraction of reads mapped read2 = 1.03713102713
INFO 	2016-06-23 11:12:20 	[post_mapping_statistics] 	number of pairs in which both read1 and read2 are mapped = 338123241
INFO 	2016-06-23 11:12:20 	[post_mapping_statistics] 	counts-to-distance slope = -0.183243878706
TIME 	2016-06-23 11:12:47 	[post_mapping_statistics] 	step time for completion (seconds) = 10283

INFO 	2016-06-23 11:13:55 	[reads_filtering] 	filtering reads based on multiple quality parameters...
INFO 	2016-06-23 11:13:55 	[reads_filtering] 	filtered reads to be used for subsequent analyses are at /users/project/4DGenome_no_backup/data/hic/samples/dc3a1e069_bb16b8aae/results/hg38_mmtv/filtered_reads
INFO 	2016-06-23 11:13:55 	[reads_filtering] 	excluded reads due to dangling ends are at /users/project/4DGenome_no_backup/data/hic/samples/dc3a1e069_bb16b8aae/results/hg38_mmtv/excluded_reads/dangling_ends
INFO 	2016-06-23 11:13:55 	[reads_filtering] 	excluded reads due to self circle are at /users/project/4DGenome_no_backup/data/hic/samples/dc3a1e069_bb16b8aae/results/hg38_mmtv/excluded_reads/self_circle
INFO 	2016-06-23 11:13:55 	[reads_filtering] 	summary of excluded reads at /users/project/4DGenome_no_backup/data/hic/samples/dc3a1e069_bb16b8aae/results/hg38_mmtv/excluded_reads/summary_excluded_per_filter
Traceback (most recent call last):
  File "/users/project/4DGenome/pipelines/hic-16.05/scripts/filter_reads.py", line 37, in <module>
    verbose=False)
  File "/software/mb/el6.3/Conda/lib/python2.7/site-packages/pytadbit/mapping/filter.py", line 181, in filter_reads
    masked, total = d.get()
  File "/software/mb/el6.3/Conda/lib/python2.7/multiprocessing/pool.py", line 567, in get
    raise self._value
ValueError: need more than 12 values to unpack
INFO 	2016-06-23 12:00:49 	[add_to_metadata] 	-t <table>, -s <sample_id>, -u <time_stamp> -a <attribute> and or -v <value> are not provided; exiting...
INFO 	2016-06-23 12:00:49 	[add_to_metadata] 	t=hic s=dc3a1e069_bb16b8aae u=2016-06-21-16-22 a=N_FILTERED_READS v=
INFO 	2016-06-23 12:01:23 	[reads_filtering] 	numbers and fractions of filtered and excluded reads added to the metadata
TIME 	2016-06-23 12:01:51 	[reads_filtering] 	step time for completion (seconds) = 2942

INFO 	2016-06-23 12:01:53 	[post_filtering_statistics] 	generating post filtering descriptive statistics plots... saved at /users/project/4DGenome_no_backup/data/hic/samples/dc3a1e069_bb16b8aae/plots/hg38_mmtv/post_filtering_statistics:
INFO 	2016-06-23 12:01:53 	[post_filtering_statistics] 	- filtered reads: sequencing coverage along chromosomes, coverage values and interaction matrix
INFO 	2016-06-23 12:01:53 	[post_filtering_statistics] 	- dangling ends: sequencing coverage along chromosomes and coverage values
INFO 	2016-06-23 12:01:53 	[post_filtering_statistics] 	- self-circle ends: sequencing coverage along chromosomes and coverage values
TIME 	2016-06-23 12:17:43 	[post_filtering_statistics] 	step time for completion (seconds) = 950

INFO 	2016-06-23 12:18:00 	[map_to_bam] 	converting MAP to BAM
Traceback (most recent call last):
  File "/users/project/4DGenome/pipelines/hic-16.05/scripts/tadbit_map2sam_stdout_modified.py", line 141, in <module>
    filter_handler[i] = open(filter_files[i])
IOError: [Errno 21] Is a directory: '/nfs/users/project/4DGenome_no_backup/data/hic/samples/dc3a1e069_bb16b8aae/results/hg38_mmtv/processed_reads/dc3a1e069_bb16b8aae_both_map.tsv_tmp_files'
TIME 	2016-06-23 12:18:02 	[map_to_bam] 	step time for completion (seconds) = 2

INFO 	2016-06-23 12:18:04 	[downstream_bam] 	perform several downstream analyses
ls: cannot access /users/project/4DGenome_no_backup/data/hic/samples/dc3a1e069_bb16b8aae/downstream/hg38_mmtv/dc3a1e069_bb16b8aae_tads*tsv: No such file or directory
basename: missing operand
Try `basename --help' for more information.
grep: /users/project/4DGenome_no_backup/data/hic/samples/dc3a1e069_bb16b8aae/downstream/hg38_mmtv/dc3a1e069_bb16b8aae_tads_*.tsv: No such file or directory
rm: cannot remove `/users/project/4DGenome_no_backup/data/hic/samples/dc3a1e069_bb16b8aae/downstream/hg38_mmtv/dc3a1e069_bb16b8aae_tads_chr*': No such file or directory
INFO 	2016-06-23 12:18:17 	[downstream_bam] 	number of TADs = 0
TIME 	2016-06-23 12:18:29 	[downstream_bam] 	step time for completion (seconds) = 25

INFO 	2016-06-23 12:18:31 	[clean_up] 	deleting the following intermediate files/directories:
INFO 	2016-06-23 12:18:31 	[clean_up] 	/users/project/4DGenome_no_backup/data/hic/samples/dc3a1e069_bb16b8aae/fastqs_processed
INFO 	2016-06-23 12:18:31 	[clean_up] 	/users/project/4DGenome_no_backup/data/hic/samples/dc3a1e069_bb16b8aae/mapped_reads
TIME 	2016-06-23 12:18:31 	[clean_up] 	step time for completion (seconds) = 0


INFO 	2016-06-23 12:18:33 	[pipeline] 	completed successfully
TIME 	2016-06-23 12:18:33 	[pipeline] 	total time for completion (seconds) = 158169

