
INFO 	2016-09-29 16:08:44 	[configuration] 	script to access/write from/to metadata: /users/project/4DGenome/utils/io_metadata.sh
INFO 	2016-09-29 16:08:44 	[configuration] 	metadata database: /users/project/4DGenome/data/4DGenome_metadata.db
INFO 	2016-09-29 16:08:44 	[configuration] 	data for ALA_3 will be stored at /users/project/4DGenome_no_backup/data/hic/samples/ALA_3
INFO 	2016-09-29 16:08:44 	[configuration] 	paths to input FASTQ files extracted from the metadata
INFO 	2016-09-29 16:09:07 	[configuration] 	species (Homo_sapiens) and assembly version (hg38_mmtv) extracted from the metadata

INFO 	2016-09-29 16:09:56 	[preliminary_checks] 	ALA_3 found in /users/project/4DGenome/data/4DGenome_metadata.db
INFO 	2016-09-29 16:14:14 	[preliminary_checks] 	paths to read1 and read2 saved to metadata database
WARN 	2016-09-29 16:14:15 	[preliminary_checks] 	Sequencing index added as part of the metadata does not agree with that observed in the FASTQ file
INFO 	2016-09-29 16:14:17 	[preliminary_checks] 	read length added as part of the metadata agrees with that observed in the FASTQ file
INFO 	2016-09-29 16:14:17 	[preliminary_checks] 	genome reference FASTA file found at /users/GR/mb/jquilez/assemblies/homo_sapiens/hg38_mmtv/ucsc/hg38_mmtv_chr1-22XYM.fa
INFO 	2016-09-29 16:14:41 	[preliminary_checks] 	paths to reference FASTA saved to metadata database
TIME 	2016-09-29 16:14:41 	[preliminary_checks] 	step time for completion (seconds) = 287

INFO 	2016-09-29 16:14:43 	[raw_fastqs_quality_plots] 	restriction enzyme = MboI
INFO 	2016-09-29 16:14:43 	[raw_fastqs_quality_plots] 	a subset of 100000 reds will be used to generate the quality plots
INFO 	2016-09-29 16:14:43 	[raw_fastqs_quality_plots] 	making quality plots of the raw FASTQ files... plots saved at /users/project/4DGenome_no_backup/data/hic/samples/ALA_3/plots/hg38_mmtv/raw_fastqs_quality_plots
INFO 	2016-09-29 16:15:03 	[raw_fastqs_quality_plots] 	percentages of dangling ends and ligated sites in read1 and read2 saved to metadata database
TIME 	2016-09-29 16:15:03 	[raw_fastqs_quality_plots] 	step time for completion (seconds) = 20

INFO 	2016-09-29 16:15:06 	[trim_reads_trimmomatic] 	sequencing type = PE
INFO 	2016-09-29 16:15:06 	[trim_reads_trimmomatic] 	trimming TruSeq3 adapter sequences for HiSeq, NextSeq or HiSeq
INFO 	2016-09-29 16:15:06 	[trim_reads_trimmomatic] 	trimming low-quality reads ends using trimmomatic's recommended practices
INFO 	2016-09-29 16:52:00 	[trim_reads_trimmomatic] 	parse step log to extract generated metadata
INFO 	2016-09-29 16:52:00 	[trim_reads_trimmomatic] 	reads after trimming = 68237098
INFO 	2016-09-29 16:52:25 	[trim_reads_trimmomatic] 	trimmomatic parameters and numbe of trimmed reads added to metadata
INFO 	2016-09-29 16:52:25 	[trim_reads_trimmomatic] 	trimmed reads are in /users/project/4DGenome_no_backup/data/hic/samples/ALA_3/fastqs_processed/trimmomatic/paired_end
INFO 	2016-09-29 16:52:25 	[trim_reads_trimmomatic] 	unpaired reads are deleted
TIME 	2016-09-29 16:52:25 	[trim_reads_trimmomatic] 	step time for completion (seconds) = 2239

INFO 	2016-09-29 16:52:28 	[align_and_merge] 	species = Homo_sapiens
INFO 	2016-09-29 16:52:28 	[align_and_merge] 	assembly version = hg38_mmtv
INFO 	2016-09-29 16:52:28 	[align_and_merge] 	restriction enzyme = MboI
INFO 	2016-09-29 16:52:28 	[align_and_merge] 	read length = 75
INFO 	2016-09-29 16:52:28 	[align_and_merge] 	genome reference FASTA file found at /users/GR/mb/jquilez/assemblies/homo_sapiens/hg38_mmtv/ucsc/hg38_mmtv_chr1-22XYM.fa
INFO 	2016-09-29 16:52:28 	[align_and_merge] 	mapping, processing reads according to restriction enzyme fragments and merging aligments for read1 and read2...
INFO 	2016-09-29 21:16:14 	[align_and_merge] 	output saved in /users/project/4DGenome_no_backup/data/hic/samples/ALA_3/logs/hg38_mmtv/ALA_3_align_and_merge_paired_end.log
TIME 	2016-09-29 21:18:02 	[align_and_merge] 	step time for completion (seconds) = 15934

INFO 	2016-09-29 21:18:42 	[post_mapping_statistics] 	generating post mapping descriptive statistics plots...
INFO 	2016-09-29 21:38:48 	[post_mapping_statistics] 	fraction of reads mapped read1 = 1.0336614696
INFO 	2016-09-29 21:38:48 	[post_mapping_statistics] 	fraction of reads mapped read2 = 0.946686112003
INFO 	2016-09-29 21:38:48 	[post_mapping_statistics] 	number of pairs in which both read1 and read2 are mapped = 71821805
INFO 	2016-09-29 21:38:48 	[post_mapping_statistics] 	counts-to-distance slope = -1.26475256864
TIME 	2016-09-29 21:38:57 	[post_mapping_statistics] 	step time for completion (seconds) = 1216

INFO 	2016-09-29 21:39:09 	[reads_filtering] 	filtering reads based on multiple quality parameters...
INFO 	2016-09-29 21:39:09 	[reads_filtering] 	filtered reads to be used for subsequent analyses are at /users/project/4DGenome_no_backup/data/hic/samples/ALA_3/results/hg38_mmtv/filtered_reads
INFO 	2016-09-29 21:39:09 	[reads_filtering] 	excluded reads due to dangling ends are at /users/project/4DGenome_no_backup/data/hic/samples/ALA_3/results/hg38_mmtv/excluded_reads/dangling_ends
INFO 	2016-09-29 21:39:09 	[reads_filtering] 	excluded reads due to self circle are at /users/project/4DGenome_no_backup/data/hic/samples/ALA_3/results/hg38_mmtv/excluded_reads/self_circle
INFO 	2016-09-29 21:39:09 	[reads_filtering] 	summary of excluded reads at /users/project/4DGenome_no_backup/data/hic/samples/ALA_3/results/hg38_mmtv/excluded_reads/summary_excluded_per_filter
INFO 	2016-09-29 21:49:47 	[reads_filtering] 	numbers and fractions of filtered and excluded reads added to the metadata
TIME 	2016-09-29 21:50:31 	[reads_filtering] 	step time for completion (seconds) = 692

INFO 	2016-09-29 21:50:34 	[post_filtering_statistics] 	generating post filtering descriptive statistics plots... saved at /users/project/4DGenome_no_backup/data/hic/samples/ALA_3/plots/hg38_mmtv/post_filtering_statistics:
INFO 	2016-09-29 21:50:34 	[post_filtering_statistics] 	- filtered reads: sequencing coverage along chromosomes, coverage values and interaction matrix
INFO 	2016-09-29 21:50:34 	[post_filtering_statistics] 	- dangling ends: sequencing coverage along chromosomes and coverage values
INFO 	2016-09-29 21:50:34 	[post_filtering_statistics] 	- self-circle ends: sequencing coverage along chromosomes and coverage values
TIME 	2016-09-29 22:01:03 	[post_filtering_statistics] 	step time for completion (seconds) = 629

INFO 	2016-09-29 22:01:06 	[map_to_bam] 	converting MAP to BAM
[bam_sort_core] merging from 36 files...
TIME 	2016-09-29 22:51:11 	[map_to_bam] 	step time for completion (seconds) = 3005

INFO 	2016-09-29 22:51:37 	[downstream_bam] 	perform several downstream analyses
INFO 	2016-09-30 14:32:10 	[downstream_bam] 	number of TADs = 4788
TIME 	2016-09-30 14:32:48 	[downstream_bam] 	step time for completion (seconds) = 56471

INFO 	2016-09-30 14:32:50 	[clean_up] 	deleting the following intermediate files/directories:
INFO 	2016-09-30 14:32:50 	[clean_up] 	/users/project/4DGenome_no_backup/data/hic/samples/ALA_3/fastqs_processed
INFO 	2016-09-30 14:32:50 	[clean_up] 	/users/project/4DGenome_no_backup/data/hic/samples/ALA_3/mapped_reads
TIME 	2016-09-30 14:33:01 	[clean_up] 	step time for completion (seconds) = 11


INFO 	2016-09-30 14:33:03 	[pipeline] 	completed successfully
TIME 	2016-09-30 14:33:03 	[pipeline] 	total time for completion (seconds) = 80659

