
INFO 	2016-06-14 22:03:57 	[configuration] 	script to access/write from/to metadata: /users/project/4DGenome/utils/io_metadata.sh
INFO 	2016-06-14 22:03:57 	[configuration] 	metadata database: /users/project/4DGenome/data/4DGenome_metadata.db
INFO 	2016-06-14 22:03:57 	[configuration] 	data for a1e46328c_7bf1478ce will be stored at /users/project/4DGenome_no_backup/data/hic/samples/a1e46328c_7bf1478ce
INFO 	2016-06-14 22:03:57 	[configuration] 	paths to input FASTQ files extracted from the metadata
INFO 	2016-06-14 22:04:28 	[configuration] 	species (Homo_sapiens) and assembly version (hg38_mmtv) extracted from the metadata

INFO 	2016-06-14 22:04:57 	[preliminary_checks] 	a1e46328c_7bf1478ce found in /users/project/4DGenome/data/4DGenome_metadata.db
INFO 	2016-06-14 22:17:06 	[preliminary_checks] 	paths to read1 and read2 saved to metadata database
INFO 	2016-06-14 22:17:08 	[preliminary_checks] 	Sequencing index added as part of the metadata agrees with that observed in the FASTQ file
INFO 	2016-06-14 22:17:09 	[preliminary_checks] 	read length added as part of the metadata agrees with that observed in the FASTQ file
INFO 	2016-06-14 22:17:09 	[preliminary_checks] 	genome reference FASTA file found at /users/GR/mb/jquilez/assemblies/homo_sapiens/hg38_mmtv/ucsc/hg38_mmtv_chr1-22XYM.fa
INFO 	2016-06-14 22:17:46 	[preliminary_checks] 	paths to reference FASTA saved to metadata database
TIME 	2016-06-14 22:17:46 	[preliminary_checks] 	step time for completion (seconds) = 770

INFO 	2016-06-14 22:17:48 	[raw_fastqs_quality_plots] 	restriction enzyme = DpnII
INFO 	2016-06-14 22:17:48 	[raw_fastqs_quality_plots] 	a subset of 100000 reds will be used to generate the quality plots
INFO 	2016-06-14 22:17:48 	[raw_fastqs_quality_plots] 	making quality plots of the raw FASTQ files... plots saved at /users/project/4DGenome_no_backup/data/hic/samples/a1e46328c_7bf1478ce/plots/hg38_mmtv/raw_fastqs_quality_plots
INFO 	2016-06-14 22:18:10 	[raw_fastqs_quality_plots] 	percentages of dangling ends and ligated sites in read1 and read2 saved to metadata database
TIME 	2016-06-14 22:18:10 	[raw_fastqs_quality_plots] 	step time for completion (seconds) = 22

INFO 	2016-06-14 22:18:12 	[trim_reads_trimmomatic] 	sequencing type = PE
INFO 	2016-06-14 22:18:12 	[trim_reads_trimmomatic] 	trimming TruSeq3 adapter sequences for HiSeq, NextSeq or HiSeq
INFO 	2016-06-14 22:18:12 	[trim_reads_trimmomatic] 	trimming low-quality reads ends using trimmomatic's recommended practices
INFO 	2016-06-14 23:38:15 	[trim_reads_trimmomatic] 	parse step log to extract generated metadata
INFO 	2016-06-14 23:38:15 	[trim_reads_trimmomatic] 	reads after trimming = 160209819
INFO 	2016-06-14 23:38:37 	[trim_reads_trimmomatic] 	trimmomatic parameters and numbe of trimmed reads added to metadata
INFO 	2016-06-14 23:38:37 	[trim_reads_trimmomatic] 	trimmed reads are in /users/project/4DGenome_no_backup/data/hic/samples/a1e46328c_7bf1478ce/fastqs_processed/trimmomatic/paired_end
INFO 	2016-06-14 23:38:37 	[trim_reads_trimmomatic] 	unpaired reads are deleted
TIME 	2016-06-14 23:38:37 	[trim_reads_trimmomatic] 	step time for completion (seconds) = 4825

INFO 	2016-06-14 23:38:39 	[align_and_merge] 	species = Homo_sapiens
INFO 	2016-06-14 23:38:39 	[align_and_merge] 	assembly version = hg38_mmtv
INFO 	2016-06-14 23:38:39 	[align_and_merge] 	restriction enzyme = DpnII
INFO 	2016-06-14 23:38:39 	[align_and_merge] 	read length = 75
INFO 	2016-06-14 23:38:39 	[align_and_merge] 	genome reference FASTA file found at /users/GR/mb/jquilez/assemblies/homo_sapiens/hg38_mmtv/ucsc/hg38_mmtv_chr1-22XYM.fa
INFO 	2016-06-14 23:38:39 	[align_and_merge] 	mapping, processing reads according to restriction enzyme fragments and merging aligments for read1 and read2...
INFO 	2016-06-15 09:34:14 	[align_and_merge] 	output saved in /users/project/4DGenome_no_backup/data/hic/samples/a1e46328c_7bf1478ce/logs/hg38_mmtv/a1e46328c_7bf1478ce_align_and_merge_paired_end.log
TIME 	2016-06-15 09:39:09 	[align_and_merge] 	step time for completion (seconds) = 36030

INFO 	2016-06-15 09:39:34 	[post_mapping_statistics] 	generating post mapping descriptive statistics plots...
INFO 	2016-06-15 10:26:37 	[post_mapping_statistics] 	fraction of reads mapped read1 = 1.04420885714
INFO 	2016-06-15 10:26:37 	[post_mapping_statistics] 	fraction of reads mapped read2 = 1.01354395763
INFO 	2016-06-15 10:26:37 	[post_mapping_statistics] 	number of pairs in which both read1 and read2 are mapped = 114268384
INFO 	2016-06-15 10:26:37 	[post_mapping_statistics] 	counts-to-distance slope = -1.25124001403
TIME 	2016-06-15 10:26:47 	[post_mapping_statistics] 	step time for completion (seconds) = 2833

INFO 	2016-06-15 10:27:14 	[reads_filtering] 	filtering reads based on multiple quality parameters...
INFO 	2016-06-15 10:27:14 	[reads_filtering] 	filtered reads to be used for subsequent analyses are at /users/project/4DGenome_no_backup/data/hic/samples/a1e46328c_7bf1478ce/results/hg38_mmtv/filtered_reads
INFO 	2016-06-15 10:27:14 	[reads_filtering] 	excluded reads due to dangling ends are at /users/project/4DGenome_no_backup/data/hic/samples/a1e46328c_7bf1478ce/results/hg38_mmtv/excluded_reads/dangling_ends
INFO 	2016-06-15 10:27:14 	[reads_filtering] 	excluded reads due to self circle are at /users/project/4DGenome_no_backup/data/hic/samples/a1e46328c_7bf1478ce/results/hg38_mmtv/excluded_reads/self_circle
INFO 	2016-06-15 10:27:14 	[reads_filtering] 	summary of excluded reads at /users/project/4DGenome_no_backup/data/hic/samples/a1e46328c_7bf1478ce/results/hg38_mmtv/excluded_reads/summary_excluded_per_filter
INFO 	2016-06-15 10:54:04 	[reads_filtering] 	numbers and fractions of filtered and excluded reads added to the metadata
TIME 	2016-06-15 10:56:33 	[reads_filtering] 	step time for completion (seconds) = 1783

INFO 	2016-06-15 10:56:36 	[post_filtering_statistics] 	generating post filtering descriptive statistics plots... saved at /users/project/4DGenome_no_backup/data/hic/samples/a1e46328c_7bf1478ce/plots/hg38_mmtv/post_filtering_statistics:
INFO 	2016-06-15 10:56:36 	[post_filtering_statistics] 	- filtered reads: sequencing coverage along chromosomes, coverage values and interaction matrix
INFO 	2016-06-15 10:56:36 	[post_filtering_statistics] 	- dangling ends: sequencing coverage along chromosomes and coverage values
INFO 	2016-06-15 10:56:36 	[post_filtering_statistics] 	- self-circle ends: sequencing coverage along chromosomes and coverage values
TIME 	2016-06-15 11:20:32 	[post_filtering_statistics] 	step time for completion (seconds) = 1436

INFO 	2016-06-15 11:20:35 	[map_to_bam] 	converting MAP to BAM
[bam_sort_core] merging from 90 files...
TIME 	2016-06-15 13:26:14 	[map_to_bam] 	step time for completion (seconds) = 7539

INFO 	2016-06-15 13:26:17 	[downstream_bam] 	perform several downstream analyses
INFO 	2016-06-15 20:01:00 	[downstream_bam] 	number of TADs = 3207
TIME 	2016-06-15 20:01:19 	[downstream_bam] 	step time for completion (seconds) = 23702

INFO 	2016-06-15 20:01:21 	[clean_up] 	deleting the following intermediate files/directories:
INFO 	2016-06-15 20:01:21 	[clean_up] 	/users/project/4DGenome_no_backup/data/hic/samples/a1e46328c_7bf1478ce/fastqs_processed
INFO 	2016-06-15 20:01:21 	[clean_up] 	/users/project/4DGenome_no_backup/data/hic/samples/a1e46328c_7bf1478ce/mapped_reads
TIME 	2016-06-15 20:01:22 	[clean_up] 	step time for completion (seconds) = 1


INFO 	2016-06-15 20:01:24 	[pipeline] 	completed successfully
TIME 	2016-06-15 20:01:24 	[pipeline] 	total time for completion (seconds) = 79047

