
INFO 	2016-06-16 19:16:02 	[configuration] 	script to access/write from/to metadata: /users/project/4DGenome/utils/io_metadata.sh
INFO 	2016-06-16 19:16:02 	[configuration] 	metadata database: /users/project/4DGenome/data/4DGenome_metadata.db
INFO 	2016-06-16 19:16:02 	[configuration] 	data for dc3a1e069_bb16b8aae will be stored at /users/project/4DGenome_no_backup/data/hic/samples/dc3a1e069_bb16b8aae
INFO 	2016-06-16 19:16:02 	[configuration] 	paths to input FASTQ files extracted from the metadata
INFO 	2016-06-16 19:16:30 	[configuration] 	species (Homo_sapiens) and assembly version (hg38_mmtv) extracted from the metadata

INFO 	2016-06-16 19:17:03 	[preliminary_checks] 	dc3a1e069_bb16b8aae found in /users/project/4DGenome/data/4DGenome_metadata.db
INFO 	2016-06-16 19:49:40 	[preliminary_checks] 	paths to read1 and read2 saved to metadata database
INFO 	2016-06-16 19:49:42 	[preliminary_checks] 	Sequencing index added as part of the metadata agrees with that observed in the FASTQ file
INFO 	2016-06-16 19:49:43 	[preliminary_checks] 	read length added as part of the metadata agrees with that observed in the FASTQ file
INFO 	2016-06-16 19:49:43 	[preliminary_checks] 	genome reference FASTA file found at /users/GR/mb/jquilez/assemblies/homo_sapiens/hg38_mmtv/ucsc/hg38_mmtv_chr1-22XYM.fa
INFO 	2016-06-16 19:50:21 	[preliminary_checks] 	paths to reference FASTA saved to metadata database
TIME 	2016-06-16 19:50:21 	[preliminary_checks] 	step time for completion (seconds) = 1999

INFO 	2016-06-16 19:50:23 	[raw_fastqs_quality_plots] 	restriction enzyme = DpnII
INFO 	2016-06-16 19:50:23 	[raw_fastqs_quality_plots] 	a subset of 100000 reds will be used to generate the quality plots
INFO 	2016-06-16 19:50:23 	[raw_fastqs_quality_plots] 	making quality plots of the raw FASTQ files... plots saved at /users/project/4DGenome_no_backup/data/hic/samples/dc3a1e069_bb16b8aae/plots/hg38_mmtv/raw_fastqs_quality_plots
INFO 	2016-06-16 19:50:52 	[raw_fastqs_quality_plots] 	percentages of dangling ends and ligated sites in read1 and read2 saved to metadata database
TIME 	2016-06-16 19:50:52 	[raw_fastqs_quality_plots] 	step time for completion (seconds) = 29

INFO 	2016-06-16 19:50:54 	[trim_reads_trimmomatic] 	sequencing type = PE
INFO 	2016-06-16 19:50:54 	[trim_reads_trimmomatic] 	trimming TruSeq3 adapter sequences for HiSeq, NextSeq or HiSeq
INFO 	2016-06-16 19:50:54 	[trim_reads_trimmomatic] 	trimming low-quality reads ends using trimmomatic's recommended practices
INFO 	2016-06-16 23:49:52 	[trim_reads_trimmomatic] 	parse step log to extract generated metadata
INFO 	2016-06-16 23:49:52 	[trim_reads_trimmomatic] 	reads after trimming = 279309187
INFO 	2016-06-16 23:50:17 	[trim_reads_trimmomatic] 	trimmomatic parameters and numbe of trimmed reads added to metadata
INFO 	2016-06-16 23:50:17 	[trim_reads_trimmomatic] 	trimmed reads are in /users/project/4DGenome_no_backup/data/hic/samples/dc3a1e069_bb16b8aae/fastqs_processed/trimmomatic/paired_end
INFO 	2016-06-16 23:50:17 	[trim_reads_trimmomatic] 	unpaired reads are deleted
TIME 	2016-06-16 23:50:17 	[trim_reads_trimmomatic] 	step time for completion (seconds) = 14364

INFO 	2016-06-16 23:50:18 	[align_and_merge] 	species = Homo_sapiens
INFO 	2016-06-16 23:50:18 	[align_and_merge] 	assembly version = hg38_mmtv
INFO 	2016-06-16 23:50:18 	[align_and_merge] 	restriction enzyme = DpnII
INFO 	2016-06-16 23:50:18 	[align_and_merge] 	read length = 125
INFO 	2016-06-16 23:50:18 	[align_and_merge] 	genome reference FASTA file found at /users/GR/mb/jquilez/assemblies/homo_sapiens/hg38_mmtv/ucsc/hg38_mmtv_chr1-22XYM.fa
INFO 	2016-06-16 23:50:18 	[align_and_merge] 	mapping, processing reads according to restriction enzyme fragments and merging aligments for read1 and read2...
/usr/share/univage/soldierantcluster/spool/node-hp0208/job_scripts/4848560: line 513:  3271 Killed                  $python $SCRIPTS/map_process_merge.py $gem_index $SAMPLE $species $read_length $paired1 $paired2 $restriction_enzyme $fasta $slots $frag_map $version > $step_log
INFO 	2016-06-17 16:42:03 	[align_and_merge] 	output saved in /users/project/4DGenome_no_backup/data/hic/samples/dc3a1e069_bb16b8aae/logs/hg38_mmtv/dc3a1e069_bb16b8aae_align_and_merge_paired_end.log
TIME 	2016-06-17 16:47:37 	[align_and_merge] 	step time for completion (seconds) = 61039

INFO 	2016-06-17 16:48:01 	[post_mapping_statistics] 	generating post mapping descriptive statistics plots...
INFO 	2016-06-17 18:06:40 	[post_mapping_statistics] 	fraction of reads mapped read1 = 1.04922248404
INFO 	2016-06-17 18:06:40 	[post_mapping_statistics] 	fraction of reads mapped read2 = 1.03713102713
INFO 	2016-06-17 18:06:40 	[post_mapping_statistics] 	number of pairs in which both read1 and read2 are mapped = 213767627
INFO 	2016-06-17 18:06:40 	[post_mapping_statistics] 	counts-to-distance slope = -0.183180445714
TIME 	2016-06-17 18:06:55 	[post_mapping_statistics] 	step time for completion (seconds) = 4734

INFO 	2016-06-17 18:07:31 	[reads_filtering] 	filtering reads based on multiple quality parameters...
INFO 	2016-06-17 18:07:31 	[reads_filtering] 	filtered reads to be used for subsequent analyses are at /users/project/4DGenome_no_backup/data/hic/samples/dc3a1e069_bb16b8aae/results/hg38_mmtv/filtered_reads
INFO 	2016-06-17 18:07:31 	[reads_filtering] 	excluded reads due to dangling ends are at /users/project/4DGenome_no_backup/data/hic/samples/dc3a1e069_bb16b8aae/results/hg38_mmtv/excluded_reads/dangling_ends
INFO 	2016-06-17 18:07:31 	[reads_filtering] 	excluded reads due to self circle are at /users/project/4DGenome_no_backup/data/hic/samples/dc3a1e069_bb16b8aae/results/hg38_mmtv/excluded_reads/self_circle
INFO 	2016-06-17 18:07:31 	[reads_filtering] 	summary of excluded reads at /users/project/4DGenome_no_backup/data/hic/samples/dc3a1e069_bb16b8aae/results/hg38_mmtv/excluded_reads/summary_excluded_per_filter
INFO 	2016-06-17 18:56:05 	[reads_filtering] 	numbers and fractions of filtered and excluded reads added to the metadata
TIME 	2016-06-17 18:56:22 	[reads_filtering] 	step time for completion (seconds) = 2965

INFO 	2016-06-17 18:56:23 	[post_filtering_statistics] 	generating post filtering descriptive statistics plots... saved at /users/project/4DGenome_no_backup/data/hic/samples/dc3a1e069_bb16b8aae/plots/hg38_mmtv/post_filtering_statistics:
INFO 	2016-06-17 18:56:23 	[post_filtering_statistics] 	- filtered reads: sequencing coverage along chromosomes, coverage values and interaction matrix
INFO 	2016-06-17 18:56:23 	[post_filtering_statistics] 	- dangling ends: sequencing coverage along chromosomes and coverage values
INFO 	2016-06-17 18:56:23 	[post_filtering_statistics] 	- self-circle ends: sequencing coverage along chromosomes and coverage values
TIME 	2016-06-17 19:05:31 	[post_filtering_statistics] 	step time for completion (seconds) = 548

INFO 	2016-06-17 19:05:35 	[map_to_bam] 	converting MAP to BAM
Traceback (most recent call last):
  File "/users/project/4DGenome/pipelines/hic-16.05/scripts/tadbit_map2sam_stdout_modified.py", line 141, in <module>
    filter_handler[i] = open(filter_files[i])
IOError: [Errno 21] Is a directory: '/nfs/users/project/4DGenome_no_backup/data/hic/samples/dc3a1e069_bb16b8aae/results/hg38_mmtv/processed_reads/dc3a1e069_bb16b8aae_both_map.tsv_tmp_files'
TIME 	2016-06-17 19:05:36 	[map_to_bam] 	step time for completion (seconds) = 1

INFO 	2016-06-17 19:05:38 	[downstream_bam] 	perform several downstream analyses
ls: cannot access /users/project/4DGenome_no_backup/data/hic/samples/dc3a1e069_bb16b8aae/downstream/hg38_mmtv/dc3a1e069_bb16b8aae_tads*tsv: No such file or directory
basename: missing operand
Try `basename --help' for more information.
grep: /users/project/4DGenome_no_backup/data/hic/samples/dc3a1e069_bb16b8aae/downstream/hg38_mmtv/dc3a1e069_bb16b8aae_tads_*.tsv: No such file or directory
rm: cannot remove `/users/project/4DGenome_no_backup/data/hic/samples/dc3a1e069_bb16b8aae/downstream/hg38_mmtv/dc3a1e069_bb16b8aae_tads_chr*': No such file or directory
INFO 	2016-06-17 19:05:43 	[downstream_bam] 	number of TADs = 0
TIME 	2016-06-17 19:05:53 	[downstream_bam] 	step time for completion (seconds) = 15

INFO 	2016-06-17 19:05:55 	[clean_up] 	deleting the following intermediate files/directories:
INFO 	2016-06-17 19:05:55 	[clean_up] 	/users/project/4DGenome_no_backup/data/hic/samples/dc3a1e069_bb16b8aae/fastqs_processed
INFO 	2016-06-17 19:05:55 	[clean_up] 	/users/project/4DGenome_no_backup/data/hic/samples/dc3a1e069_bb16b8aae/mapped_reads
TIME 	2016-06-17 19:07:13 	[clean_up] 	step time for completion (seconds) = 78


INFO 	2016-06-17 19:07:15 	[pipeline] 	completed successfully
TIME 	2016-06-17 19:07:15 	[pipeline] 	total time for completion (seconds) = 85873

