
INFO 	2016-06-14 19:16:57 	[configuration] 	script to access/write from/to metadata: /users/project/4DGenome/utils/io_metadata.sh
INFO 	2016-06-14 19:16:57 	[configuration] 	metadata database: /users/project/4DGenome/data/4DGenome_metadata.db
INFO 	2016-06-14 19:16:57 	[configuration] 	data for ab7537068_bb16b8aae will be stored at /users/project/4DGenome_no_backup/data/hic/samples/ab7537068_bb16b8aae
INFO 	2016-06-14 19:16:57 	[configuration] 	paths to input FASTQ files extracted from the metadata
INFO 	2016-06-14 19:17:11 	[configuration] 	species (Homo_sapiens) and assembly version (hg38_mmtv) extracted from the metadata

INFO 	2016-06-14 19:17:36 	[preliminary_checks] 	ab7537068_bb16b8aae found in /users/project/4DGenome/data/4DGenome_metadata.db
INFO 	2016-06-14 19:50:37 	[preliminary_checks] 	paths to read1 and read2 saved to metadata database
INFO 	2016-06-14 19:50:38 	[preliminary_checks] 	Sequencing index added as part of the metadata agrees with that observed in the FASTQ file
INFO 	2016-06-14 19:50:40 	[preliminary_checks] 	read length added as part of the metadata agrees with that observed in the FASTQ file
INFO 	2016-06-14 19:50:40 	[preliminary_checks] 	genome reference FASTA file found at /users/GR/mb/jquilez/assemblies/homo_sapiens/hg38_mmtv/ucsc/hg38_mmtv_chr1-22XYM.fa
INFO 	2016-06-14 19:50:58 	[preliminary_checks] 	paths to reference FASTA saved to metadata database
TIME 	2016-06-14 19:50:58 	[preliminary_checks] 	step time for completion (seconds) = 2004

INFO 	2016-06-14 19:50:59 	[raw_fastqs_quality_plots] 	restriction enzyme = DpnII
INFO 	2016-06-14 19:50:59 	[raw_fastqs_quality_plots] 	a subset of 100000 reds will be used to generate the quality plots
INFO 	2016-06-14 19:50:59 	[raw_fastqs_quality_plots] 	making quality plots of the raw FASTQ files... plots saved at /users/project/4DGenome_no_backup/data/hic/samples/ab7537068_bb16b8aae/plots/hg38_mmtv/raw_fastqs_quality_plots
INFO 	2016-06-14 19:51:24 	[raw_fastqs_quality_plots] 	percentages of dangling ends and ligated sites in read1 and read2 saved to metadata database
TIME 	2016-06-14 19:51:24 	[raw_fastqs_quality_plots] 	step time for completion (seconds) = 25

INFO 	2016-06-14 19:51:26 	[trim_reads_trimmomatic] 	sequencing type = PE
INFO 	2016-06-14 19:51:26 	[trim_reads_trimmomatic] 	trimming TruSeq3 adapter sequences for HiSeq, NextSeq or HiSeq
INFO 	2016-06-14 19:51:26 	[trim_reads_trimmomatic] 	trimming low-quality reads ends using trimmomatic's recommended practices
INFO 	2016-06-14 23:38:47 	[trim_reads_trimmomatic] 	parse step log to extract generated metadata
INFO 	2016-06-14 23:38:47 	[trim_reads_trimmomatic] 	reads after trimming = 282812094
INFO 	2016-06-14 23:39:18 	[trim_reads_trimmomatic] 	trimmomatic parameters and numbe of trimmed reads added to metadata
INFO 	2016-06-14 23:39:18 	[trim_reads_trimmomatic] 	trimmed reads are in /users/project/4DGenome_no_backup/data/hic/samples/ab7537068_bb16b8aae/fastqs_processed/trimmomatic/paired_end
INFO 	2016-06-14 23:39:18 	[trim_reads_trimmomatic] 	unpaired reads are deleted
TIME 	2016-06-14 23:39:19 	[trim_reads_trimmomatic] 	step time for completion (seconds) = 13674

INFO 	2016-06-14 23:39:20 	[align_and_merge] 	species = Homo_sapiens
INFO 	2016-06-14 23:39:20 	[align_and_merge] 	assembly version = hg38_mmtv
INFO 	2016-06-14 23:39:20 	[align_and_merge] 	restriction enzyme = DpnII
INFO 	2016-06-14 23:39:20 	[align_and_merge] 	read length = 125
INFO 	2016-06-14 23:39:20 	[align_and_merge] 	genome reference FASTA file found at /users/GR/mb/jquilez/assemblies/homo_sapiens/hg38_mmtv/ucsc/hg38_mmtv_chr1-22XYM.fa
INFO 	2016-06-14 23:39:20 	[align_and_merge] 	mapping, processing reads according to restriction enzyme fragments and merging aligments for read1 and read2...
INFO 	2016-06-15 16:35:21 	[align_and_merge] 	output saved in /users/project/4DGenome_no_backup/data/hic/samples/ab7537068_bb16b8aae/logs/hg38_mmtv/ab7537068_bb16b8aae_align_and_merge_paired_end.log
TIME 	2016-06-15 16:41:39 	[align_and_merge] 	step time for completion (seconds) = 61339

INFO 	2016-06-15 16:41:53 	[post_mapping_statistics] 	generating post mapping descriptive statistics plots...
INFO 	2016-06-15 18:11:32 	[post_mapping_statistics] 	fraction of reads mapped read1 = 1.02672615549
INFO 	2016-06-15 18:11:32 	[post_mapping_statistics] 	fraction of reads mapped read2 = 0.988010010633
INFO 	2016-06-15 18:11:32 	[post_mapping_statistics] 	number of pairs in which both read1 and read2 are mapped = 236363866
INFO 	2016-06-15 18:11:32 	[post_mapping_statistics] 	counts-to-distance slope = -0.686268083175
TIME 	2016-06-15 18:11:46 	[post_mapping_statistics] 	step time for completion (seconds) = 5393

INFO 	2016-06-15 18:12:23 	[reads_filtering] 	filtering reads based on multiple quality parameters...
INFO 	2016-06-15 18:12:23 	[reads_filtering] 	filtered reads to be used for subsequent analyses are at /users/project/4DGenome_no_backup/data/hic/samples/ab7537068_bb16b8aae/results/hg38_mmtv/filtered_reads
INFO 	2016-06-15 18:12:23 	[reads_filtering] 	excluded reads due to dangling ends are at /users/project/4DGenome_no_backup/data/hic/samples/ab7537068_bb16b8aae/results/hg38_mmtv/excluded_reads/dangling_ends
INFO 	2016-06-15 18:12:23 	[reads_filtering] 	excluded reads due to self circle are at /users/project/4DGenome_no_backup/data/hic/samples/ab7537068_bb16b8aae/results/hg38_mmtv/excluded_reads/self_circle
INFO 	2016-06-15 18:12:23 	[reads_filtering] 	summary of excluded reads at /users/project/4DGenome_no_backup/data/hic/samples/ab7537068_bb16b8aae/results/hg38_mmtv/excluded_reads/summary_excluded_per_filter
INFO 	2016-06-15 19:02:07 	[reads_filtering] 	numbers and fractions of filtered and excluded reads added to the metadata
TIME 	2016-06-15 19:02:44 	[reads_filtering] 	step time for completion (seconds) = 3056

INFO 	2016-06-15 19:02:46 	[post_filtering_statistics] 	generating post filtering descriptive statistics plots... saved at /users/project/4DGenome_no_backup/data/hic/samples/ab7537068_bb16b8aae/plots/hg38_mmtv/post_filtering_statistics:
INFO 	2016-06-15 19:02:46 	[post_filtering_statistics] 	- filtered reads: sequencing coverage along chromosomes, coverage values and interaction matrix
INFO 	2016-06-15 19:02:46 	[post_filtering_statistics] 	- dangling ends: sequencing coverage along chromosomes and coverage values
INFO 	2016-06-15 19:02:46 	[post_filtering_statistics] 	- self-circle ends: sequencing coverage along chromosomes and coverage values
TIME 	2016-06-15 19:17:15 	[post_filtering_statistics] 	step time for completion (seconds) = 869

INFO 	2016-06-15 19:17:18 	[map_to_bam] 	converting MAP to BAM
[bam_sort_core] merging from 133 files...
TIME 	2016-06-15 22:27:00 	[map_to_bam] 	step time for completion (seconds) = 11382

INFO 	2016-06-15 22:27:12 	[downstream_bam] 	perform several downstream analyses
ls: cannot access /users/project/4DGenome_no_backup/data/hic/samples/ab7537068_bb16b8aae/downstream/hg38_mmtv/ab7537068_bb16b8aae_tads*tsv: No such file or directory
basename: missing operand
Try `basename --help' for more information.
grep: /users/project/4DGenome_no_backup/data/hic/samples/ab7537068_bb16b8aae/downstream/hg38_mmtv/ab7537068_bb16b8aae_tads_*.tsv: No such file or directory
rm: cannot remove `/users/project/4DGenome_no_backup/data/hic/samples/ab7537068_bb16b8aae/downstream/hg38_mmtv/ab7537068_bb16b8aae_tads_chr*': No such file or directory
INFO 	2016-06-15 23:18:59 	[downstream_bam] 	number of TADs = 0
TIME 	2016-06-15 23:19:18 	[downstream_bam] 	step time for completion (seconds) = 3126

INFO 	2016-06-15 23:19:20 	[clean_up] 	deleting the following intermediate files/directories:
INFO 	2016-06-15 23:19:20 	[clean_up] 	/users/project/4DGenome_no_backup/data/hic/samples/ab7537068_bb16b8aae/fastqs_processed
INFO 	2016-06-15 23:19:20 	[clean_up] 	/users/project/4DGenome_no_backup/data/hic/samples/ab7537068_bb16b8aae/mapped_reads
TIME 	2016-06-15 23:19:21 	[clean_up] 	step time for completion (seconds) = 1


INFO 	2016-06-15 23:19:22 	[pipeline] 	completed successfully
TIME 	2016-06-15 23:19:22 	[pipeline] 	total time for completion (seconds) = 100945

