
INFO 	2016-05-25 13:06:39 	[configuration] 	script to access/write from/to metadata: /users/project/4DGenome/utils/io_metadata.sh
INFO 	2016-05-25 13:06:39 	[configuration] 	metadata database: /users/project/4DGenome/data/4DGenome_metadata.db
INFO 	2016-05-25 13:06:39 	[configuration] 	data for dc3a1e069_51720e9cf will be stored at /users/project/4DGenome_no_backup/data/hic/samples/dc3a1e069_51720e9cf
INFO 	2016-05-25 13:06:39 	[configuration] 	paths to input FASTQ files extracted from the metadata
INFO 	2016-05-25 13:06:59 	[configuration] 	species (Homo_sapiens) and assembly version (hg38_mmtv) extracted from the metadata

INFO 	2016-05-25 13:07:33 	[preliminary_checks] 	dc3a1e069_51720e9cf found in /users/project/4DGenome/data/4DGenome_metadata.db
INFO 	2016-05-25 13:16:41 	[preliminary_checks] 	paths to read1 and read2 saved to metadata database
INFO 	2016-05-25 13:16:42 	[preliminary_checks] 	Sequencing index added as part of the metadata agrees with that observed in the FASTQ file
INFO 	2016-05-25 13:16:44 	[preliminary_checks] 	read length added as part of the metadata agrees with that observed in the FASTQ file
INFO 	2016-05-25 13:16:44 	[preliminary_checks] 	genome reference FASTA file found at /users/GR/mb/jquilez/assemblies/homo_sapiens/hg38_mmtv/ucsc/hg38_mmtv_chr1-22XYM.fa
INFO 	2016-05-25 13:17:20 	[preliminary_checks] 	paths to reference FASTA saved to metadata database
TIME 	2016-05-25 13:17:20 	[preliminary_checks] 	step time for completion (seconds) = 589

INFO 	2016-05-25 13:17:22 	[raw_fastqs_quality_plots] 	restriction enzyme = DpnII
INFO 	2016-05-25 13:17:22 	[raw_fastqs_quality_plots] 	a subset of 100000 reds will be used to generate the quality plots
INFO 	2016-05-25 13:17:22 	[raw_fastqs_quality_plots] 	making quality plots of the raw FASTQ files... plots saved at /users/project/4DGenome_no_backup/data/hic/samples/dc3a1e069_51720e9cf/plots/hg38_mmtv/raw_fastqs_quality_plots
INFO 	2016-05-25 13:17:41 	[raw_fastqs_quality_plots] 	percentages of dangling ends and ligated sites in read1 and read2 saved to metadata database
TIME 	2016-05-25 13:17:41 	[raw_fastqs_quality_plots] 	step time for completion (seconds) = 19

INFO 	2016-05-25 13:17:43 	[trim_reads_trimmomatic] 	sequencing type = PE
INFO 	2016-05-25 13:17:43 	[trim_reads_trimmomatic] 	trimming TruSeq3 adapter sequences for HiSeq, NextSeq or HiSeq
INFO 	2016-05-25 13:17:43 	[trim_reads_trimmomatic] 	trimming low-quality reads ends using trimmomatic's recommended practices
INFO 	2016-05-25 14:19:34 	[trim_reads_trimmomatic] 	parse step log to extract generated metadata
INFO 	2016-05-25 14:19:34 	[trim_reads_trimmomatic] 	reads after trimming = 123454784
INFO 	2016-05-25 14:20:00 	[trim_reads_trimmomatic] 	trimmomatic parameters and numbe of trimmed reads added to metadata
INFO 	2016-05-25 14:20:00 	[trim_reads_trimmomatic] 	trimmed reads are in /users/project/4DGenome_no_backup/data/hic/samples/dc3a1e069_51720e9cf/fastqs_processed/trimmomatic/paired_end
INFO 	2016-05-25 14:20:00 	[trim_reads_trimmomatic] 	unpaired reads are deleted
TIME 	2016-05-25 14:20:00 	[trim_reads_trimmomatic] 	step time for completion (seconds) = 3737

INFO 	2016-05-25 14:20:03 	[align_and_merge] 	species = Homo_sapiens
INFO 	2016-05-25 14:20:03 	[align_and_merge] 	assembly version = hg38_mmtv
INFO 	2016-05-25 14:20:03 	[align_and_merge] 	restriction enzyme = DpnII
INFO 	2016-05-25 14:20:03 	[align_and_merge] 	read length = 75
INFO 	2016-05-25 14:20:03 	[align_and_merge] 	genome reference FASTA file found at /users/GR/mb/jquilez/assemblies/homo_sapiens/hg38_mmtv/ucsc/hg38_mmtv_chr1-22XYM.fa
INFO 	2016-05-25 14:20:03 	[align_and_merge] 	mapping, processing reads according to restriction enzyme fragments and merging aligments for read1 and read2...
INFO 	2016-05-25 21:33:40 	[align_and_merge] 	output saved in /users/project/4DGenome_no_backup/data/hic/samples/dc3a1e069_51720e9cf/logs/hg38_mmtv/dc3a1e069_51720e9cf_align_and_merge_paired_end.log
TIME 	2016-05-25 21:36:18 	[align_and_merge] 	step time for completion (seconds) = 26175

INFO 	2016-05-25 21:36:48 	[post_mapping_statistics] 	generating post mapping descriptive statistics plots...
INFO 	2016-05-25 22:08:41 	[post_mapping_statistics] 	fraction of reads mapped read1 = 1.02079243847
INFO 	2016-05-25 22:08:41 	[post_mapping_statistics] 	fraction of reads mapped read2 = 0.918149141956
INFO 	2016-05-25 22:08:41 	[post_mapping_statistics] 	number of pairs in which both read1 and read2 are mapped = 1
INFO 	2016-05-25 22:08:41 	[post_mapping_statistics] 	counts-to-distance slope = -1.19970452892
TIME 	2016-05-25 22:08:48 	[post_mapping_statistics] 	step time for completion (seconds) = 1921

INFO 	2016-05-25 22:09:06 	[reads_filtering] 	filtering reads based on multiple quality parameters...
INFO 	2016-05-25 22:09:06 	[reads_filtering] 	filtered reads to be used for subsequent analyses are at /users/project/4DGenome_no_backup/data/hic/samples/dc3a1e069_51720e9cf/results/hg38_mmtv/filtered_reads
INFO 	2016-05-25 22:09:06 	[reads_filtering] 	excluded reads due to dangling ends are at /users/project/4DGenome_no_backup/data/hic/samples/dc3a1e069_51720e9cf/results/hg38_mmtv/excluded_reads/dangling_ends
INFO 	2016-05-25 22:09:06 	[reads_filtering] 	excluded reads due to self circle are at /users/project/4DGenome_no_backup/data/hic/samples/dc3a1e069_51720e9cf/results/hg38_mmtv/excluded_reads/self_circle
INFO 	2016-05-25 22:09:06 	[reads_filtering] 	summary of excluded reads at /users/project/4DGenome_no_backup/data/hic/samples/dc3a1e069_51720e9cf/results/hg38_mmtv/excluded_reads/summary_excluded_per_filter
INFO 	2016-05-25 22:28:01 	[reads_filtering] 	numbers and fractions of filtered and excluded reads added to the metadata
TIME 	2016-05-25 22:29:32 	[reads_filtering] 	step time for completion (seconds) = 1243

INFO 	2016-05-25 22:29:34 	[post_filtering_statistics] 	generating post filtering descriptive statistics plots... saved at /users/project/4DGenome_no_backup/data/hic/samples/dc3a1e069_51720e9cf/plots/hg38_mmtv/post_filtering_statistics:
INFO 	2016-05-25 22:29:34 	[post_filtering_statistics] 	- filtered reads: sequencing coverage along chromosomes, coverage values and interaction matrix
INFO 	2016-05-25 22:29:34 	[post_filtering_statistics] 	- dangling ends: sequencing coverage along chromosomes and coverage values
INFO 	2016-05-25 22:29:34 	[post_filtering_statistics] 	- self-circle ends: sequencing coverage along chromosomes and coverage values
TIME 	2016-05-25 22:47:53 	[post_filtering_statistics] 	step time for completion (seconds) = 1099

INFO 	2016-05-25 22:47:55 	[map_to_bam] 	converting MAP to BAM
[W::sam_parse1] mapped mate cannot have zero coordinate; treated as unmapped
[W::sam_parse1] mapped query cannot have zero coordinate; treated as unmapped
[W::sam_parse1] mapped query cannot have zero coordinate; treated as unmapped
[W::sam_parse1] mapped mate cannot have zero coordinate; treated as unmapped
[W::sam_parse1] mapped query cannot have zero coordinate; treated as unmapped
[W::sam_parse1] mapped mate cannot have zero coordinate; treated as unmapped
[W::sam_parse1] mapped query cannot have zero coordinate; treated as unmapped
[W::sam_parse1] mapped mate cannot have zero coordinate; treated as unmapped
[bam_sort_core] merging from 62 files...
TIME 	2016-05-26 00:16:26 	[map_to_bam] 	step time for completion (seconds) = 5311

INFO 	2016-05-26 00:16:45 	[downstream_bam] 	perform several downstream analyses
INFO 	2016-05-26 05:53:11 	[downstream_bam] 	number of TADs = 2908
TIME 	2016-05-26 05:53:25 	[downstream_bam] 	step time for completion (seconds) = 20200

INFO 	2016-05-26 05:53:26 	[clean_up] 	deleting the following intermediate files/directories:
INFO 	2016-05-26 05:53:26 	[clean_up] 	/users/project/4DGenome_no_backup/data/hic/samples/dc3a1e069_51720e9cf/fastqs_processed
INFO 	2016-05-26 05:53:26 	[clean_up] 	/users/project/4DGenome_no_backup/data/hic/samples/dc3a1e069_51720e9cf/mapped_reads
TIME 	2016-05-26 05:53:28 	[clean_up] 	step time for completion (seconds) = 2


INFO 	2016-05-26 05:53:30 	[pipeline] 	completed successfully
TIME 	2016-05-26 05:53:30 	[pipeline] 	total time for completion (seconds) = 60411

