
INFO 	2016-05-23 18:36:37 	[configuration] 	script to access/write from/to metadata: /users/project/4DGenome/utils/io_metadata.sh
INFO 	2016-05-23 18:36:37 	[configuration] 	metadata database: /users/project/4DGenome/data/4DGenome_metadata.db
INFO 	2016-05-23 18:36:37 	[configuration] 	data for b7fa2d8db_d5f36599c will be stored at /users/project/4DGenome_no_backup/data/hic/samples/b7fa2d8db_d5f36599c
INFO 	2016-05-23 18:36:37 	[configuration] 	paths to input FASTQ files extracted from the metadata
INFO 	2016-05-23 18:36:43 	[configuration] 	species (Mus_musculus) and assembly version (mm10) extracted from the metadata

INFO 	2016-05-23 18:37:07 	[preliminary_checks] 	b7fa2d8db_d5f36599c found in /users/project/4DGenome/data/4DGenome_metadata.db
INFO 	2016-05-23 18:41:42 	[preliminary_checks] 	paths to read1 and read2 saved to metadata database
INFO 	2016-05-23 18:41:44 	[preliminary_checks] 	Sequencing index added as part of the metadata agrees with that observed in the FASTQ file
INFO 	2016-05-23 18:41:45 	[preliminary_checks] 	read length added as part of the metadata agrees with that observed in the FASTQ file
INFO 	2016-05-23 18:41:45 	[preliminary_checks] 	genome reference FASTA file found at /users/GR/mb/jquilez/assemblies/mus_musculus/mm10/ucsc/mm10_chr1-19XYM.fa
INFO 	2016-05-23 18:42:06 	[preliminary_checks] 	paths to reference FASTA saved to metadata database
TIME 	2016-05-23 18:42:06 	[preliminary_checks] 	step time for completion (seconds) = 300

INFO 	2016-05-23 18:42:08 	[raw_fastqs_quality_plots] 	restriction enzyme = DpnII
INFO 	2016-05-23 18:42:08 	[raw_fastqs_quality_plots] 	a subset of 100000 reds will be used to generate the quality plots
INFO 	2016-05-23 18:42:08 	[raw_fastqs_quality_plots] 	making quality plots of the raw FASTQ files... plots saved at /users/project/4DGenome_no_backup/data/hic/samples/b7fa2d8db_d5f36599c/plots/mm10/raw_fastqs_quality_plots
INFO 	2016-05-23 18:42:29 	[raw_fastqs_quality_plots] 	percentages of dangling ends and ligated sites in read1 and read2 saved to metadata database
TIME 	2016-05-23 18:42:29 	[raw_fastqs_quality_plots] 	step time for completion (seconds) = 21

INFO 	2016-05-23 18:42:31 	[trim_reads_trimmomatic] 	sequencing type = PE
INFO 	2016-05-23 18:42:31 	[trim_reads_trimmomatic] 	trimming TruSeq3 adapter sequences for HiSeq, NextSeq or HiSeq
INFO 	2016-05-23 18:42:31 	[trim_reads_trimmomatic] 	trimming low-quality reads ends using trimmomatic's recommended practices
INFO 	2016-05-23 19:27:33 	[trim_reads_trimmomatic] 	parse step log to extract generated metadata
INFO 	2016-05-23 19:27:33 	[trim_reads_trimmomatic] 	reads after trimming = 67475996
INFO 	2016-05-23 19:27:54 	[trim_reads_trimmomatic] 	trimmomatic parameters and numbe of trimmed reads added to metadata
INFO 	2016-05-23 19:27:54 	[trim_reads_trimmomatic] 	trimmed reads are in /users/project/4DGenome_no_backup/data/hic/samples/b7fa2d8db_d5f36599c/fastqs_processed/trimmomatic/paired_end
INFO 	2016-05-23 19:27:54 	[trim_reads_trimmomatic] 	unpaired reads are deleted
TIME 	2016-05-23 19:27:54 	[trim_reads_trimmomatic] 	step time for completion (seconds) = 2723

INFO 	2016-05-23 19:27:55 	[align_and_merge] 	species = Mus_musculus
INFO 	2016-05-23 19:27:55 	[align_and_merge] 	assembly version = mm10
INFO 	2016-05-23 19:27:55 	[align_and_merge] 	restriction enzyme = DpnII
INFO 	2016-05-23 19:27:55 	[align_and_merge] 	read length = 76
INFO 	2016-05-23 19:27:55 	[align_and_merge] 	genome reference FASTA file found at /users/GR/mb/jquilez/assemblies/mus_musculus/mm10/ucsc/mm10_chr1-19XYM.fa
INFO 	2016-05-23 19:27:55 	[align_and_merge] 	mapping, processing reads according to restriction enzyme fragments and merging aligments for read1 and read2...
Creating index
2016-05-23 19:30:57,607 ERROR: Process '/nfs/software/mb/el6.3/python/envs/.virtualenvs/cpython279/lib/python2.7/site-packages/gem/gembinaries/gem-indexer' finished with 2
2016-05-23 19:30:57,608 ERROR: Welcome to GEM-indexer build 1.843 (beta) - (2013-07-06 15:24:46 GMT)
2016-05-23 19:30:57,608 ERROR: (c) 2008-2013 Paolo Ribeca <paolo.ribeca@gmail.com>
2016-05-23 19:30:57,608 ERROR: (c) 2010-2013 Santiago Marco Sola <santiagomsola@gmail.com>
2016-05-23 19:30:57,608 ERROR: (c) 2010-2013 Leonor Frias Moya <leonor.frias@gmail.com>
2016-05-23 19:30:57,608 ERROR: For the terms of use, run the program with the option --show-license.
2016-05-23 19:30:57,609 ERROR: ************************************************************************
2016-05-23 19:30:57,609 ERROR: * WARNING: this is a beta version, provided for testing purposes only; *
2016-05-23 19:30:57,609 ERROR: *          check for updates at <http://gemlibrary.sourceforge.net>.   *
2016-05-23 19:30:57,609 ERROR: ************************************************************************
2016-05-23 19:30:57,609 ERROR: Fatal error: exception Failure("Command 'echo "-------gem-indexer_bwt-dna" >> mm10_chr1-19XYM.log && gem-indexer_bwt-dna -i mm10_chr1-19XYM.fmi_dna-cont -o mm10_chr1-19XYM.fmi_dna-bwt -T 8 >> mm10_chr1-19XYM.log 2>&1' could not be run successfully, sorry")
Traceback (most recent call last):
  File "/software/mb/bin/gemtools", line 9, in <module>
    load_entry_point('Gemtools==1.7.1', 'console_scripts', 'gemtools')()
  File "/nfs/software/mb/el6.3/python/envs/.virtualenvs/cpython279/lib/python2.7/site-packages/gem/commands.py", line 48, in gemtools
    instances[args.command].run(args)
  File "/nfs/software/mb/el6.3/python/envs/.virtualenvs/cpython279/lib/python2.7/site-packages/gem/production.py", line 222, in run
    gem.index(input, output, threads=args.threads)
  File "/nfs/software/mb/el6.3/python/envs/.virtualenvs/cpython279/lib/python2.7/site-packages/gem/__init__.py", line 1043, in index
    raise ValueError("Error while executing the gem-indexer")
ValueError: Error while executing the gem-indexer
Traceback (most recent call last):
  File "/users/project/4DGenome/pipelines/hic-16.05/scripts/map_process_merge.py", line 73, in <module>
    nthreads            = slots)
  File "/software/mb/el6.3/Conda/lib/python2.7/site-packages/pytadbit/mapping/full_mapper.py", line 406, in full_mapping
    base_name + '_full_%s-%s%s.map' % (beg, end, suffix)))
  File "/software/mb/el6.3/Conda/lib/python2.7/site-packages/pytadbit/mapping/full_mapper.py", line 192, in _gem_filter
    fhandler = magic_open(fnam) if isinstance(fnam, str) else fnam
  File "/software/mb/el6.3/Conda/lib/python2.7/site-packages/pytadbit/utils/file_handling.py", line 29, in magic_open
    fhandler = file(filename, 'rb')
IOError: [Errno 2] No such file or directory: '/users/project/4DGenome_no_backup/data/hic/samples/b7fa2d8db_d5f36599c/mapped_reads/mm10/tmp_dir_b7fa2d8db_d5f36599c_read1/b7fa2d8db_d5f36599c_read1_yNoMR9_full_1-end.map'
INFO 	2016-05-23 19:50:08 	[align_and_merge] 	output saved in /users/project/4DGenome_no_backup/data/hic/samples/b7fa2d8db_d5f36599c/logs/b7fa2d8db_d5f36599c_trim_reads_trimmomatic_paired_end.log
TIME 	2016-05-23 19:50:46 	[align_and_merge] 	step time for completion (seconds) = 1371

INFO 	2016-05-23 19:50:50 	[post_mapping_statistics] 	generating post mapping descriptive statistics plots...
Traceback (most recent call last):
  File "/users/project/4DGenome/pipelines/hic-16.05/scripts/mappings_descriptive_statistics.py", line 33, in <module>
    n_reads_trimmed = int(sys.argv[6])
ValueError: invalid literal for int() with base 10: 'Mb'
INFO 	2016-05-23 19:50:53 	[post_mapping_statistics] 	fraction of reads mapped read1 = 
INFO 	2016-05-23 19:50:53 	[post_mapping_statistics] 	fraction of reads mapped read2 = 
INFO 	2016-05-23 19:50:53 	[post_mapping_statistics] 	number of pairs in which both read1 and read2 are mapped = 1
INFO 	2016-05-23 19:50:53 	[post_mapping_statistics] 	counts-to-distance slope = 
INFO 	2016-05-23 19:50:53 	[add_to_metadata] 	-t <table>, -s <sample_id>, -u <time_stamp> -a <attribute> and or -v <value> are not provided; exiting...
INFO 	2016-05-23 19:50:53 	[add_to_metadata] 	t=hic s=b7fa2d8db_d5f36599c u=2016-05-23-18-36 a=FRACTION_MAPPED_READ1 v=
INFO 	2016-05-23 19:50:53 	[add_to_metadata] 	-t <table>, -s <sample_id>, -u <time_stamp> -a <attribute> and or -v <value> are not provided; exiting...
INFO 	2016-05-23 19:50:54 	[add_to_metadata] 	t=hic s=b7fa2d8db_d5f36599c u=2016-05-23-18-36 a=FRACTION_MAPPED_READ2 v=
INFO 	2016-05-23 19:50:54 	[add_to_metadata] 	-t <table>, -s <sample_id>, -u <time_stamp> -a <attribute> and or -v <value> are not provided; exiting...
INFO 	2016-05-23 19:50:54 	[add_to_metadata] 	t=hic s=b7fa2d8db_d5f36599c u=2016-05-23-18-36 a=COUNTS_TO_DISTANCE_SLOPE v=
TIME 	2016-05-23 19:50:56 	[post_mapping_statistics] 	step time for completion (seconds) = 6

INFO 	2016-05-23 19:51:03 	[reads_filtering] 	filtering reads based on multiple quality parameters...
INFO 	2016-05-23 19:51:03 	[reads_filtering] 	filtered reads to be used for subsequent analyses are at /users/project/4DGenome_no_backup/data/hic/samples/b7fa2d8db_d5f36599c/results/mm10/filtered_reads
INFO 	2016-05-23 19:51:03 	[reads_filtering] 	excluded reads due to dangling ends are at /users/project/4DGenome_no_backup/data/hic/samples/b7fa2d8db_d5f36599c/results/mm10/excluded_reads/dangling_ends
INFO 	2016-05-23 19:51:03 	[reads_filtering] 	excluded reads due to self circle are at /users/project/4DGenome_no_backup/data/hic/samples/b7fa2d8db_d5f36599c/results/mm10/excluded_reads/self_circle
INFO 	2016-05-23 19:51:03 	[reads_filtering] 	summary of excluded reads at /users/project/4DGenome_no_backup/data/hic/samples/b7fa2d8db_d5f36599c/results/mm10/excluded_reads/summary_excluded_per_filter
INFO 	2016-05-23 19:56:44 	[reads_filtering] 	numbers and fractions of filtered and excluded reads added to the metadata
TIME 	2016-05-23 19:57:23 	[reads_filtering] 	step time for completion (seconds) = 386

INFO 	2016-05-23 19:57:27 	[post_filtering_statistics] 	generating post filtering descriptive statistics plots... saved at /users/project/4DGenome_no_backup/data/hic/samples/b7fa2d8db_d5f36599c/plots/mm10/post_filtering_statistics:
INFO 	2016-05-23 19:57:27 	[post_filtering_statistics] 	- filtered reads: sequencing coverage along chromosomes, coverage values and interaction matrix
INFO 	2016-05-23 19:57:27 	[post_filtering_statistics] 	- dangling ends: sequencing coverage along chromosomes and coverage values
INFO 	2016-05-23 19:57:27 	[post_filtering_statistics] 	- self-circle ends: sequencing coverage along chromosomes and coverage values
TIME 	2016-05-23 20:04:42 	[post_filtering_statistics] 	step time for completion (seconds) = 435

INFO 	2016-05-23 20:04:44 	[map_to_bam] 	converting MAP to BAM
[bam_sort_core] merging from 19 files...
TIME 	2016-05-23 20:32:18 	[map_to_bam] 	step time for completion (seconds) = 1654

INFO 	2016-05-23 20:32:22 	[downstream_bam] 	perform several downstream analyses
/usr/share/univage/soldierantcluster/spool/node-hp0405/job_scripts/4086073: line 767: 14329 Segmentation fault      (core dumped) $python $SCRIPTS/tadbit_after_bam.py $ibam $flag_excluded $flag_included $flag_perzero $DOWNSTREAM/${sample_id}_ $slots $resolution_ab $resolution_tad &>$step_log
INFO 	2016-05-24 00:48:13 	[downstream_bam] 	number of TADs = 1972
TIME 	2016-05-24 00:48:59 	[downstream_bam] 	step time for completion (seconds) = 15397

INFO 	2016-05-24 00:49:01 	[clean_up] 	deleting the following intermediate files/directories:
INFO 	2016-05-24 00:49:01 	[clean_up] 	/users/project/4DGenome_no_backup/data/hic/samples/b7fa2d8db_d5f36599c/fastqs_processed
INFO 	2016-05-24 00:49:01 	[clean_up] 	/users/project/4DGenome_no_backup/data/hic/samples/b7fa2d8db_d5f36599c/mapped_reads
TIME 	2016-05-24 00:49:02 	[clean_up] 	step time for completion (seconds) = 1


INFO 	2016-05-24 00:49:04 	[pipeline] 	completed successfully
TIME 	2016-05-24 00:49:04 	[pipeline] 	total time for completion (seconds) = 22347

