
INFO 	2016-06-08 15:08:20 	[configuration] 	script to access/write from/to metadata: /users/project/4DGenome/utils/io_metadata.sh
INFO 	2016-06-08 15:08:20 	[configuration] 	metadata database: /users/project/4DGenome/data/4DGenome_metadata.db
INFO 	2016-06-08 15:08:20 	[configuration] 	data for f8a4ad91d_df6973bc7 will be stored at /users/project/4DGenome_no_backup/data/hic/samples/f8a4ad91d_df6973bc7
INFO 	2016-06-08 15:08:20 	[configuration] 	paths to input FASTQ files extracted from the metadata
INFO 	2016-06-08 15:08:31 	[configuration] 	species (Homo_sapiens) and assembly version (hg38_mmtv) extracted from the metadata

INFO 	2016-06-08 15:09:07 	[preliminary_checks] 	f8a4ad91d_df6973bc7 found in /users/project/4DGenome/data/4DGenome_metadata.db
INFO 	2016-06-08 15:13:35 	[preliminary_checks] 	paths to read1 and read2 saved to metadata database
INFO 	2016-06-08 15:13:36 	[preliminary_checks] 	Sequencing index added as part of the metadata agrees with that observed in the FASTQ file
INFO 	2016-06-08 15:13:38 	[preliminary_checks] 	read length added as part of the metadata agrees with that observed in the FASTQ file
INFO 	2016-06-08 15:13:38 	[preliminary_checks] 	genome reference FASTA file found at /users/GR/mb/jquilez/assemblies/homo_sapiens/hg38_mmtv/ucsc/hg38_mmtv_chr1-22XYM.fa
INFO 	2016-06-08 15:14:16 	[preliminary_checks] 	paths to reference FASTA saved to metadata database
TIME 	2016-06-08 15:14:16 	[preliminary_checks] 	step time for completion (seconds) = 311

INFO 	2016-06-08 15:14:18 	[raw_fastqs_quality_plots] 	restriction enzyme = DpnII
INFO 	2016-06-08 15:14:18 	[raw_fastqs_quality_plots] 	a subset of 100000 reds will be used to generate the quality plots
INFO 	2016-06-08 15:14:19 	[raw_fastqs_quality_plots] 	making quality plots of the raw FASTQ files... plots saved at /users/project/4DGenome_no_backup/data/hic/samples/f8a4ad91d_df6973bc7/plots/hg38_mmtv/raw_fastqs_quality_plots
INFO 	2016-06-08 15:14:42 	[raw_fastqs_quality_plots] 	percentages of dangling ends and ligated sites in read1 and read2 saved to metadata database
TIME 	2016-06-08 15:14:42 	[raw_fastqs_quality_plots] 	step time for completion (seconds) = 24

INFO 	2016-06-08 15:14:44 	[trim_reads_trimmomatic] 	sequencing type = PE
INFO 	2016-06-08 15:14:44 	[trim_reads_trimmomatic] 	trimming TruSeq3 adapter sequences for HiSeq, NextSeq or HiSeq
INFO 	2016-06-08 15:14:44 	[trim_reads_trimmomatic] 	trimming low-quality reads ends using trimmomatic's recommended practices
INFO 	2016-06-08 15:43:08 	[trim_reads_trimmomatic] 	parse step log to extract generated metadata
INFO 	2016-06-08 15:43:08 	[trim_reads_trimmomatic] 	reads after trimming = 55310361
INFO 	2016-06-08 15:43:33 	[trim_reads_trimmomatic] 	trimmomatic parameters and numbe of trimmed reads added to metadata
INFO 	2016-06-08 15:43:33 	[trim_reads_trimmomatic] 	trimmed reads are in /users/project/4DGenome_no_backup/data/hic/samples/f8a4ad91d_df6973bc7/fastqs_processed/trimmomatic/paired_end
INFO 	2016-06-08 15:43:33 	[trim_reads_trimmomatic] 	unpaired reads are deleted
TIME 	2016-06-08 15:43:34 	[trim_reads_trimmomatic] 	step time for completion (seconds) = 1730

INFO 	2016-06-08 15:43:36 	[align_and_merge] 	species = Homo_sapiens
INFO 	2016-06-08 15:43:36 	[align_and_merge] 	assembly version = hg38_mmtv
INFO 	2016-06-08 15:43:36 	[align_and_merge] 	restriction enzyme = DpnII
INFO 	2016-06-08 15:43:36 	[align_and_merge] 	read length = 75
INFO 	2016-06-08 15:43:36 	[align_and_merge] 	genome reference FASTA file found at /users/GR/mb/jquilez/assemblies/homo_sapiens/hg38_mmtv/ucsc/hg38_mmtv_chr1-22XYM.fa
INFO 	2016-06-08 15:43:36 	[align_and_merge] 	mapping, processing reads according to restriction enzyme fragments and merging aligments for read1 and read2...
INFO 	2016-06-08 19:10:18 	[align_and_merge] 	output saved in /users/project/4DGenome_no_backup/data/hic/samples/f8a4ad91d_df6973bc7/logs/hg38_mmtv/f8a4ad91d_df6973bc7_align_and_merge_paired_end.log
TIME 	2016-06-08 19:11:37 	[align_and_merge] 	step time for completion (seconds) = 12482

INFO 	2016-06-08 19:11:56 	[post_mapping_statistics] 	generating post mapping descriptive statistics plots...
INFO 	2016-06-08 19:27:56 	[post_mapping_statistics] 	fraction of reads mapped read1 = 1.00157983059
INFO 	2016-06-08 19:27:56 	[post_mapping_statistics] 	fraction of reads mapped read2 = 0.979927955994
INFO 	2016-06-08 19:27:56 	[post_mapping_statistics] 	number of pairs in which both read1 and read2 are mapped = 38186854
INFO 	2016-06-08 19:27:56 	[post_mapping_statistics] 	counts-to-distance slope = -1.21880553063
TIME 	2016-06-08 19:28:05 	[post_mapping_statistics] 	step time for completion (seconds) = 969

INFO 	2016-06-08 19:28:16 	[reads_filtering] 	filtering reads based on multiple quality parameters...
INFO 	2016-06-08 19:28:16 	[reads_filtering] 	filtered reads to be used for subsequent analyses are at /users/project/4DGenome_no_backup/data/hic/samples/f8a4ad91d_df6973bc7/results/hg38_mmtv/filtered_reads
INFO 	2016-06-08 19:28:16 	[reads_filtering] 	excluded reads due to dangling ends are at /users/project/4DGenome_no_backup/data/hic/samples/f8a4ad91d_df6973bc7/results/hg38_mmtv/excluded_reads/dangling_ends
INFO 	2016-06-08 19:28:16 	[reads_filtering] 	excluded reads due to self circle are at /users/project/4DGenome_no_backup/data/hic/samples/f8a4ad91d_df6973bc7/results/hg38_mmtv/excluded_reads/self_circle
INFO 	2016-06-08 19:28:16 	[reads_filtering] 	summary of excluded reads at /users/project/4DGenome_no_backup/data/hic/samples/f8a4ad91d_df6973bc7/results/hg38_mmtv/excluded_reads/summary_excluded_per_filter
INFO 	2016-06-08 19:37:40 	[reads_filtering] 	numbers and fractions of filtered and excluded reads added to the metadata
TIME 	2016-06-08 19:38:28 	[reads_filtering] 	step time for completion (seconds) = 620

INFO 	2016-06-08 19:38:31 	[post_filtering_statistics] 	generating post filtering descriptive statistics plots... saved at /users/project/4DGenome_no_backup/data/hic/samples/f8a4ad91d_df6973bc7/plots/hg38_mmtv/post_filtering_statistics:
INFO 	2016-06-08 19:38:31 	[post_filtering_statistics] 	- filtered reads: sequencing coverage along chromosomes, coverage values and interaction matrix
INFO 	2016-06-08 19:38:31 	[post_filtering_statistics] 	- dangling ends: sequencing coverage along chromosomes and coverage values
INFO 	2016-06-08 19:38:31 	[post_filtering_statistics] 	- self-circle ends: sequencing coverage along chromosomes and coverage values
TIME 	2016-06-08 19:46:28 	[post_filtering_statistics] 	step time for completion (seconds) = 477

INFO 	2016-06-08 19:46:31 	[map_to_bam] 	converting MAP to BAM
[bam_sort_core] merging from 30 files...
TIME 	2016-06-08 20:27:48 	[map_to_bam] 	step time for completion (seconds) = 2477

INFO 	2016-06-08 20:27:56 	[downstream_bam] 	perform several downstream analyses
/usr/share/univage/soldierantcluster/spool/node-hp0106/job_scripts/4726176: line 768: 54570 Segmentation fault      (core dumped) $python $SCRIPTS/tadbit_after_bam.py $ibam $flag_excluded $flag_included $flag_perzero $DOWNSTREAM/${sample_id}_ $slots $resolution_ab $resolution_tad &>$step_log
INFO 	2016-06-08 22:49:10 	[downstream_bam] 	number of TADs = 1891
TIME 	2016-06-08 22:49:45 	[downstream_bam] 	step time for completion (seconds) = 8509

INFO 	2016-06-08 22:49:47 	[clean_up] 	deleting the following intermediate files/directories:
INFO 	2016-06-08 22:49:47 	[clean_up] 	/users/project/4DGenome_no_backup/data/hic/samples/f8a4ad91d_df6973bc7/fastqs_processed
INFO 	2016-06-08 22:49:47 	[clean_up] 	/users/project/4DGenome_no_backup/data/hic/samples/f8a4ad91d_df6973bc7/mapped_reads
TIME 	2016-06-08 22:49:50 	[clean_up] 	step time for completion (seconds) = 3


INFO 	2016-06-08 22:49:53 	[pipeline] 	completed successfully
TIME 	2016-06-08 22:49:53 	[pipeline] 	total time for completion (seconds) = 27693

