
INFO 	2016-05-17 10:35:05 	[configuration] 	script to access/write from/to metadata: /users/project/4DGenome/utils/io_metadata.sh
INFO 	2016-05-17 10:35:05 	[configuration] 	metadata database: /users/project/4DGenome/data/4DGenome_metadata.db
INFO 	2016-05-17 10:35:05 	[configuration] 	data for dc3a1e069_51720e9cf will be stored at /users/project/4DGenome_no_backup/data/hic/samples/dc3a1e069_51720e9cf
INFO 	2016-05-17 10:35:05 	[configuration] 	paths to input FASTQ files extracted from the metadata
INFO 	2016-05-17 10:35:36 	[configuration] 	species (Homo_sapiens) and assembly version (hg38_mmtv) extracted from the metadata

INFO 	2016-05-17 10:36:07 	[post_mapping_statistics] 	generating post mapping descriptive statistics plots...
Traceback (most recent call last):
  File "/users/project/4DGenome/pipelines/hic-16.05/scripts/mappings_descriptive_statistics.py", line 72, in <module>
    coverages = plot_genomic_distribution(infile, name='mapped', savefig=outfile, resolution=genomic_coverage_resolution, pair_id=pair_id)
  File "/nfs/users/project/4DGenome/pipelines/hic-16.05/scripts/module_plotting_functions.py", line 148, in plot_genomic_distribution
    tmp = max(range(max(distr[crm]))) if len(distr[crm]) > 1 else 1
ValueError: max() arg is an empty sequence
INFO 	2016-05-17 10:52:30 	[post_mapping_statistics] 	fraction of reads mapped read1 = 
INFO 	2016-05-17 10:52:30 	[post_mapping_statistics] 	fraction of reads mapped read2 = 
INFO 	2016-05-17 10:52:30 	[post_mapping_statistics] 	number of pairs in which both read1 and read2 are mapped = 1
INFO 	2016-05-17 10:52:30 	[post_mapping_statistics] 	counts-to-distance slope = 
INFO 	2016-05-17 10:52:30 	[add_to_metadata] 	-t <table>, -s <sample_id>, -u <time_stamp> -a <attribute> and or -v <value> are not provided; exiting...
INFO 	2016-05-17 10:52:30 	[add_to_metadata] 	t=hic s=dc3a1e069_51720e9cf u=2016-05-17-10-35 a=FRACTION_MAPPED_READ1 v=
INFO 	2016-05-17 10:52:30 	[add_to_metadata] 	-t <table>, -s <sample_id>, -u <time_stamp> -a <attribute> and or -v <value> are not provided; exiting...
INFO 	2016-05-17 10:52:30 	[add_to_metadata] 	t=hic s=dc3a1e069_51720e9cf u=2016-05-17-10-35 a=FRACTION_MAPPED_READ2 v=
INFO 	2016-05-17 10:52:30 	[add_to_metadata] 	-t <table>, -s <sample_id>, -u <time_stamp> -a <attribute> and or -v <value> are not provided; exiting...
INFO 	2016-05-17 10:52:30 	[add_to_metadata] 	t=hic s=dc3a1e069_51720e9cf u=2016-05-17-10-35 a=COUNTS_TO_DISTANCE_SLOPE v=
TIME 	2016-05-17 10:52:32 	[post_mapping_statistics] 	step time for completion (seconds) = 985


INFO 	2016-05-17 10:52:33 	[pipeline] 	completed successfully
TIME 	2016-05-17 10:52:33 	[pipeline] 	total time for completion (seconds) = 1048

