
INFO 	2016-09-09 17:44:03 	[configuration] 	script to access/write from/to metadata: /users/project/4DGenome/utils/io_metadata.sh
INFO 	2016-09-09 17:44:03 	[configuration] 	metadata database: /users/project/4DGenome/data/4DGenome_metadata.db
INFO 	2016-09-09 17:44:03 	[configuration] 	data for HIC090 will be stored at /users/project/4DGenome_no_backup/data/hic/samples/HIC090
INFO 	2016-09-09 17:44:03 	[configuration] 	paths to input FASTQ files extracted from the metadata
INFO 	2016-09-09 17:44:16 	[configuration] 	species (Mus_musculus) and assembly version (mm10) extracted from the metadata

INFO 	2016-09-09 17:44:48 	[preliminary_checks] 	HIC090 found in /users/project/4DGenome/data/4DGenome_metadata.db
INFO 	2016-09-09 17:48:41 	[preliminary_checks] 	paths to read1 and read2 saved to metadata database
WARN 	2016-09-09 17:48:42 	[preliminary_checks] 	Sequencing index added as part of the metadata does not agree with that observed in the FASTQ file
INFO 	2016-09-09 17:48:45 	[preliminary_checks] 	read length added as part of the metadata agrees with that observed in the FASTQ file
INFO 	2016-09-09 17:48:45 	[preliminary_checks] 	genome reference FASTA file found at /users/GR/mb/jquilez/assemblies/mus_musculus/mm10/ucsc/mm10_chr1-19XYM.fa
INFO 	2016-09-09 17:49:30 	[preliminary_checks] 	paths to reference FASTA saved to metadata database
TIME 	2016-09-09 17:49:30 	[preliminary_checks] 	step time for completion (seconds) = 284

INFO 	2016-09-09 17:49:33 	[raw_fastqs_quality_plots] 	restriction enzyme = MboI
INFO 	2016-09-09 17:49:33 	[raw_fastqs_quality_plots] 	a subset of 100000 reds will be used to generate the quality plots
INFO 	2016-09-09 17:49:33 	[raw_fastqs_quality_plots] 	making quality plots of the raw FASTQ files... plots saved at /users/project/4DGenome_no_backup/data/hic/samples/HIC090/plots/mm10/raw_fastqs_quality_plots
INFO 	2016-09-09 17:49:59 	[raw_fastqs_quality_plots] 	percentages of dangling ends and ligated sites in read1 and read2 saved to metadata database
TIME 	2016-09-09 17:49:59 	[raw_fastqs_quality_plots] 	step time for completion (seconds) = 26

INFO 	2016-09-09 17:50:02 	[trim_reads_trimmomatic] 	sequencing type = PE
INFO 	2016-09-09 17:50:02 	[trim_reads_trimmomatic] 	trimming TruSeq3 adapter sequences for HiSeq, NextSeq or HiSeq
INFO 	2016-09-09 17:50:02 	[trim_reads_trimmomatic] 	trimming low-quality reads ends using trimmomatic's recommended practices
INFO 	2016-09-09 18:23:43 	[trim_reads_trimmomatic] 	parse step log to extract generated metadata
INFO 	2016-09-09 18:23:44 	[trim_reads_trimmomatic] 	reads after trimming = 45538355
INFO 	2016-09-09 18:24:18 	[trim_reads_trimmomatic] 	trimmomatic parameters and numbe of trimmed reads added to metadata
INFO 	2016-09-09 18:24:18 	[trim_reads_trimmomatic] 	trimmed reads are in /users/project/4DGenome_no_backup/data/hic/samples/HIC090/fastqs_processed/trimmomatic/paired_end
INFO 	2016-09-09 18:24:18 	[trim_reads_trimmomatic] 	unpaired reads are deleted
TIME 	2016-09-09 18:24:18 	[trim_reads_trimmomatic] 	step time for completion (seconds) = 2056

INFO 	2016-09-09 18:24:20 	[align_and_merge] 	species = Mus_musculus
INFO 	2016-09-09 18:24:20 	[align_and_merge] 	assembly version = mm10
INFO 	2016-09-09 18:24:20 	[align_and_merge] 	restriction enzyme = MboI
INFO 	2016-09-09 18:24:20 	[align_and_merge] 	read length = 101
INFO 	2016-09-09 18:24:20 	[align_and_merge] 	genome reference FASTA file found at /users/GR/mb/jquilez/assemblies/mus_musculus/mm10/ucsc/mm10_chr1-19XYM.fa
INFO 	2016-09-09 18:24:20 	[align_and_merge] 	mapping, processing reads according to restriction enzyme fragments and merging aligments for read1 and read2...
INFO 	2016-09-09 20:36:52 	[align_and_merge] 	output saved in /users/project/4DGenome_no_backup/data/hic/samples/HIC090/logs/mm10/HIC090_align_and_merge_paired_end.log
TIME 	2016-09-09 20:37:44 	[align_and_merge] 	step time for completion (seconds) = 8004

INFO 	2016-09-09 20:38:21 	[post_mapping_statistics] 	generating post mapping descriptive statistics plots...
INFO 	2016-09-09 20:51:57 	[post_mapping_statistics] 	fraction of reads mapped read1 = 0.95004356218
INFO 	2016-09-09 20:51:57 	[post_mapping_statistics] 	fraction of reads mapped read2 = 0.906092501585
INFO 	2016-09-09 20:51:57 	[post_mapping_statistics] 	number of pairs in which both read1 and read2 are mapped = 44104809
INFO 	2016-09-09 20:51:57 	[post_mapping_statistics] 	counts-to-distance slope = -1.0719122574
TIME 	2016-09-09 20:52:06 	[post_mapping_statistics] 	step time for completion (seconds) = 825

INFO 	2016-09-09 20:52:13 	[reads_filtering] 	filtering reads based on multiple quality parameters...
INFO 	2016-09-09 20:52:13 	[reads_filtering] 	filtered reads to be used for subsequent analyses are at /users/project/4DGenome_no_backup/data/hic/samples/HIC090/results/mm10/filtered_reads
INFO 	2016-09-09 20:52:13 	[reads_filtering] 	excluded reads due to dangling ends are at /users/project/4DGenome_no_backup/data/hic/samples/HIC090/results/mm10/excluded_reads/dangling_ends
INFO 	2016-09-09 20:52:13 	[reads_filtering] 	excluded reads due to self circle are at /users/project/4DGenome_no_backup/data/hic/samples/HIC090/results/mm10/excluded_reads/self_circle
INFO 	2016-09-09 20:52:13 	[reads_filtering] 	summary of excluded reads at /users/project/4DGenome_no_backup/data/hic/samples/HIC090/results/mm10/excluded_reads/summary_excluded_per_filter
INFO 	2016-09-09 20:58:49 	[reads_filtering] 	numbers and fractions of filtered and excluded reads added to the metadata
TIME 	2016-09-09 20:58:59 	[reads_filtering] 	step time for completion (seconds) = 411

INFO 	2016-09-09 20:59:01 	[post_filtering_statistics] 	generating post filtering descriptive statistics plots... saved at /users/project/4DGenome_no_backup/data/hic/samples/HIC090/plots/mm10/post_filtering_statistics:
INFO 	2016-09-09 20:59:01 	[post_filtering_statistics] 	- filtered reads: sequencing coverage along chromosomes, coverage values and interaction matrix
INFO 	2016-09-09 20:59:01 	[post_filtering_statistics] 	- dangling ends: sequencing coverage along chromosomes and coverage values
INFO 	2016-09-09 20:59:01 	[post_filtering_statistics] 	- self-circle ends: sequencing coverage along chromosomes and coverage values
TIME 	2016-09-09 21:05:03 	[post_filtering_statistics] 	step time for completion (seconds) = 362

INFO 	2016-09-09 21:05:06 	[map_to_bam] 	converting MAP to BAM
[bam_sort_core] merging from 15 files...
TIME 	2016-09-09 21:32:17 	[map_to_bam] 	step time for completion (seconds) = 1631

INFO 	2016-09-09 21:32:31 	[downstream_bam] 	perform several downstream analyses
INFO 	2016-09-10 06:10:26 	[downstream_bam] 	number of TADs = 2537
TIME 	2016-09-10 06:10:39 	[downstream_bam] 	step time for completion (seconds) = 31088

INFO 	2016-09-10 06:10:40 	[clean_up] 	deleting the following intermediate files/directories:
INFO 	2016-09-10 06:10:40 	[clean_up] 	/users/project/4DGenome_no_backup/data/hic/samples/HIC090/fastqs_processed
INFO 	2016-09-10 06:10:40 	[clean_up] 	/users/project/4DGenome_no_backup/data/hic/samples/HIC090/mapped_reads
TIME 	2016-09-10 06:10:45 	[clean_up] 	step time for completion (seconds) = 5


INFO 	2016-09-10 06:10:47 	[pipeline] 	completed successfully
TIME 	2016-09-10 06:10:47 	[pipeline] 	total time for completion (seconds) = 44804

