
INFO 	2016-05-20 16:56:02 	[configuration] 	script to access/write from/to metadata: /users/project/4DGenome/utils/io_metadata.sh
INFO 	2016-05-20 16:56:02 	[configuration] 	metadata database: /users/project/4DGenome/data/4DGenome_metadata.db
INFO 	2016-05-20 16:56:02 	[configuration] 	data for 03cf26fe7_507b663da will be stored at /users/project/4DGenome_no_backup/data/hic/samples/03cf26fe7_507b663da
INFO 	2016-05-20 16:56:02 	[configuration] 	paths to input FASTQ files extracted from the metadata
INFO 	2016-05-20 16:56:10 	[configuration] 	species (Homo_sapiens) and assembly version (hg38_mmtv) extracted from the metadata

INFO 	2016-05-20 16:56:37 	[preliminary_checks] 	03cf26fe7_507b663da found in /users/project/4DGenome/data/4DGenome_metadata.db
INFO 	2016-05-20 16:59:09 	[preliminary_checks] 	paths to read1 and read2 saved to metadata database
INFO 	2016-05-20 16:59:10 	[preliminary_checks] 	Sequencing index added as part of the metadata agrees with that observed in the FASTQ file
INFO 	2016-05-20 16:59:12 	[preliminary_checks] 	read length added as part of the metadata agrees with that observed in the FASTQ file
INFO 	2016-05-20 16:59:12 	[preliminary_checks] 	genome reference FASTA file found at /users/GR/mb/jquilez/assemblies/homo_sapiens/hg38_mmtv/ucsc/hg38_mmtv_chr1-22XYM.fa
INFO 	2016-05-20 16:59:31 	[preliminary_checks] 	paths to reference FASTA saved to metadata database
TIME 	2016-05-20 16:59:31 	[preliminary_checks] 	step time for completion (seconds) = 175

INFO 	2016-05-20 16:59:37 	[raw_fastqs_quality_plots] 	restriction enzyme = DpnII
INFO 	2016-05-20 16:59:37 	[raw_fastqs_quality_plots] 	a subset of 100000 reds will be used to generate the quality plots
INFO 	2016-05-20 16:59:37 	[raw_fastqs_quality_plots] 	making quality plots of the raw FASTQ files... plots saved at /users/project/4DGenome_no_backup/data/hic/samples/03cf26fe7_507b663da/plots/hg38_mmtv/raw_fastqs_quality_plots
INFO 	2016-05-20 16:59:55 	[raw_fastqs_quality_plots] 	percentages of dangling ends and ligated sites in read1 and read2 saved to metadata database
TIME 	2016-05-20 16:59:55 	[raw_fastqs_quality_plots] 	step time for completion (seconds) = 18

INFO 	2016-05-20 16:59:57 	[trim_reads_trimmomatic] 	sequencing type = PE
INFO 	2016-05-20 16:59:57 	[trim_reads_trimmomatic] 	trimming TruSeq3 adapter sequences for HiSeq, NextSeq or HiSeq
INFO 	2016-05-20 16:59:57 	[trim_reads_trimmomatic] 	trimming low-quality reads ends using trimmomatic's recommended practices
INFO 	2016-05-20 17:20:54 	[trim_reads_trimmomatic] 	parse step log to extract generated metadata
INFO 	2016-05-20 17:20:54 	[trim_reads_trimmomatic] 	reads after trimming = 40680525
INFO 	2016-05-20 17:21:29 	[trim_reads_trimmomatic] 	trimmomatic parameters and numbe of trimmed reads added to metadata
INFO 	2016-05-20 17:21:29 	[trim_reads_trimmomatic] 	trimmed reads are in /users/project/4DGenome_no_backup/data/hic/samples/03cf26fe7_507b663da/fastqs_processed/trimmomatic/paired_end
INFO 	2016-05-20 17:21:29 	[trim_reads_trimmomatic] 	unpaired reads are deleted
TIME 	2016-05-20 17:21:29 	[trim_reads_trimmomatic] 	step time for completion (seconds) = 1292

INFO 	2016-05-20 17:21:31 	[align_and_merge] 	species = Homo_sapiens
INFO 	2016-05-20 17:21:31 	[align_and_merge] 	assembly version = hg38_mmtv
INFO 	2016-05-20 17:21:31 	[align_and_merge] 	restriction enzyme = DpnII
INFO 	2016-05-20 17:21:31 	[align_and_merge] 	read length = 76
INFO 	2016-05-20 17:21:31 	[align_and_merge] 	genome reference FASTA file found at /users/GR/mb/jquilez/assemblies/homo_sapiens/hg38_mmtv/ucsc/hg38_mmtv_chr1-22XYM.fa
INFO 	2016-05-20 17:21:31 	[align_and_merge] 	mapping, processing reads according to restriction enzyme fragments and merging aligments for read1 and read2...
INFO 	2016-05-20 19:39:33 	[align_and_merge] 	output saved in /users/project/4DGenome_no_backup/data/hic/samples/03cf26fe7_507b663da/logs/hg38_mmtv/03cf26fe7_507b663da_align_and_merge_paired_end.log
TIME 	2016-05-20 19:40:05 	[align_and_merge] 	step time for completion (seconds) = 8314

INFO 	2016-05-20 19:40:10 	[post_mapping_statistics] 	generating post mapping descriptive statistics plots...
Traceback (most recent call last):
  File "/users/project/4DGenome/pipelines/hic-16.05/scripts/mappings_descriptive_statistics.py", line 72, in <module>
    coverages = plot_genomic_distribution(infile, name='mapped', savefig=outfile, resolution=genomic_coverage_resolution, pair_id=pair_id)
  File "/nfs/users/project/4DGenome/pipelines/hic-16.05/scripts/module_plotting_functions.py", line 148, in plot_genomic_distribution
    tmp = max(range(max(distr[crm]))) if len(distr[crm]) > 1 else 1
ValueError: max() arg is an empty sequence
INFO 	2016-05-20 19:46:04 	[post_mapping_statistics] 	fraction of reads mapped read1 = 
INFO 	2016-05-20 19:46:04 	[post_mapping_statistics] 	fraction of reads mapped read2 = 
INFO 	2016-05-20 19:46:04 	[post_mapping_statistics] 	number of pairs in which both read1 and read2 are mapped = 29678891
INFO 	2016-05-20 19:46:04 	[post_mapping_statistics] 	counts-to-distance slope = 
INFO 	2016-05-20 19:46:04 	[add_to_metadata] 	-t <table>, -s <sample_id>, -u <time_stamp> -a <attribute> and or -v <value> are not provided; exiting...
INFO 	2016-05-20 19:46:04 	[add_to_metadata] 	t=hic s=03cf26fe7_507b663da u=2016-05-20-16-56 a=FRACTION_MAPPED_READ1 v=
INFO 	2016-05-20 19:46:04 	[add_to_metadata] 	-t <table>, -s <sample_id>, -u <time_stamp> -a <attribute> and or -v <value> are not provided; exiting...
INFO 	2016-05-20 19:46:04 	[add_to_metadata] 	t=hic s=03cf26fe7_507b663da u=2016-05-20-16-56 a=FRACTION_MAPPED_READ2 v=
INFO 	2016-05-20 19:46:04 	[add_to_metadata] 	-t <table>, -s <sample_id>, -u <time_stamp> -a <attribute> and or -v <value> are not provided; exiting...
INFO 	2016-05-20 19:46:04 	[add_to_metadata] 	t=hic s=03cf26fe7_507b663da u=2016-05-20-16-56 a=COUNTS_TO_DISTANCE_SLOPE v=
TIME 	2016-05-20 19:46:06 	[post_mapping_statistics] 	step time for completion (seconds) = 356

INFO 	2016-05-20 19:46:14 	[reads_filtering] 	filtering reads based on multiple quality parameters...
INFO 	2016-05-20 19:46:14 	[reads_filtering] 	filtered reads to be used for subsequent analyses are at /users/project/4DGenome_no_backup/data/hic/samples/03cf26fe7_507b663da/results/hg38_mmtv/filtered_reads
INFO 	2016-05-20 19:46:14 	[reads_filtering] 	excluded reads due to dangling ends are at /users/project/4DGenome_no_backup/data/hic/samples/03cf26fe7_507b663da/results/hg38_mmtv/excluded_reads/dangling_ends
INFO 	2016-05-20 19:46:14 	[reads_filtering] 	excluded reads due to self circle are at /users/project/4DGenome_no_backup/data/hic/samples/03cf26fe7_507b663da/results/hg38_mmtv/excluded_reads/self_circle
INFO 	2016-05-20 19:46:14 	[reads_filtering] 	summary of excluded reads at /users/project/4DGenome_no_backup/data/hic/samples/03cf26fe7_507b663da/results/hg38_mmtv/excluded_reads/summary_excluded_per_filter
INFO 	2016-05-20 19:52:47 	[reads_filtering] 	numbers and fractions of filtered and excluded reads added to the metadata
TIME 	2016-05-20 19:53:13 	[reads_filtering] 	step time for completion (seconds) = 425

INFO 	2016-05-20 19:53:15 	[post_filtering_statistics] 	generating post filtering descriptive statistics plots... saved at /users/project/4DGenome_no_backup/data/hic/samples/03cf26fe7_507b663da/plots/hg38_mmtv/post_filtering_statistics:
INFO 	2016-05-20 19:53:15 	[post_filtering_statistics] 	- filtered reads: sequencing coverage along chromosomes, coverage values and interaction matrix
INFO 	2016-05-20 19:53:15 	[post_filtering_statistics] 	- dangling ends: sequencing coverage along chromosomes and coverage values
INFO 	2016-05-20 19:53:15 	[post_filtering_statistics] 	- self-circle ends: sequencing coverage along chromosomes and coverage values
Traceback (most recent call last):
  File "/users/project/4DGenome/pipelines/hic-16.05/scripts/filtered_descriptive_statistics.py", line 50, in <module>
    coverages = plot_genomic_distribution(filtered_reads, name='filtered', savefig=outfile, resolution=genomic_coverage_resolution, pair_id=pair_id)
  File "/nfs/users/project/4DGenome/pipelines/hic-16.05/scripts/module_plotting_functions.py", line 148, in plot_genomic_distribution
    tmp = max(range(max(distr[crm]))) if len(distr[crm]) > 1 else 1
ValueError: max() arg is an empty sequence
TIME 	2016-05-20 19:54:39 	[post_filtering_statistics] 	step time for completion (seconds) = 84

INFO 	2016-05-20 19:54:41 	[map_to_bam] 	converting MAP to BAM
[W::sam_parse1] mapped query cannot have zero coordinate; treated as unmapped
[W::sam_parse1] mapped mate cannot have zero coordinate; treated as unmapped
[bam_sort_core] merging from 21 files...
TIME 	2016-05-20 20:23:36 	[map_to_bam] 	step time for completion (seconds) = 1735

INFO 	2016-05-20 20:23:38 	[downstream_bam] 	perform several downstream analyses
/usr/share/univage/soldierantcluster/spool/node-hp0115/job_scripts/3944841: line 767: 14337 Segmentation fault      (core dumped) $python $SCRIPTS/tadbit_after_bam.py $ibam $flag_excluded $flag_included $flag_perzero $DOWNSTREAM/${sample_id}_ $slots $resolution_ab $resolution_tad &>$step_log
INFO 	2016-05-20 22:07:57 	[downstream_bam] 	number of TADs = 72
TIME 	2016-05-20 22:08:08 	[downstream_bam] 	step time for completion (seconds) = 6270

INFO 	2016-05-20 22:08:09 	[clean_up] 	deleting the following intermediate files/directories:
INFO 	2016-05-20 22:08:09 	[clean_up] 	/users/project/4DGenome_no_backup/data/hic/samples/03cf26fe7_507b663da/fastqs_processed
INFO 	2016-05-20 22:08:09 	[clean_up] 	/users/project/4DGenome_no_backup/data/hic/samples/03cf26fe7_507b663da/mapped_reads
TIME 	2016-05-20 22:08:13 	[clean_up] 	step time for completion (seconds) = 4


INFO 	2016-05-20 22:08:15 	[pipeline] 	completed successfully
TIME 	2016-05-20 22:08:15 	[pipeline] 	total time for completion (seconds) = 18733

