2016-07-08 14:57:38	Main settings ...
Take reads from
/users/project/4DGenome_no_backup/data/hic/merged/D2_rep1/D2_rep1_both_map_merged.bam
include contacts with flag = 0
exclude contacts with flag = 783
save results at /users/project/4DGenome_no_backup/data/hic/merged/D2_rep1/D2_rep1_
(using 10 cpus and perc_zero = 99)
process A/B compartments and TADs at resolution 100000
2016-07-08 14:57:38	Loading data ...
Processing chunk chr1:0-10000000
4942881 lines processed
Processing chunk chr1:10000001-20000000
7243569 lines processed
Processing chunk chr1:20000001-30000000
7022853 lines processed
Processing chunk chr1:30000001-40000000
8299343 lines processed
Processing chunk chr1:40000001-50000000
7236242 lines processed
Processing chunk chr1:50000001-60000000
7981033 lines processed
Processing chunk chr1:60000001-70000000
7313831 lines processed
Processing chunk chr1:70000001-80000000
8565349 lines processed
Processing chunk chr1:80000001-90000000
9018315 lines processed
Processing chunk chr1:90000001-100000000
8039501 lines processed
Processing chunk chr1:100000001-110000000
7416930 lines processed
Processing chunk chr1:110000001-120000000
7534193 lines processed
Processing chunk chr1:120000001-130000000
8452857 lines processed
Processing chunk chr1:130000001-140000000
8769131 lines processed
Processing chunk chr1:140000001-150000000
6504496 lines processed
Processing chunk chr1:150000001-160000000
8321740 lines processed
Processing chunk chr1:160000001-170000000
8379146 lines processed
Processing chunk chr1:170000001-180000000
8256688 lines processed
Processing chunk chr1:180000001-190000000
8989514 lines processed
Processing chunk chr2:0-10000000
5721762 lines processed
Processing chunk chr2:10000001-20000000
8003457 lines processed
Processing chunk chr2:20000001-30000000
9005716 lines processed
Processing chunk chr2:30000001-40000000
9217811 lines processed
Processing chunk chr2:40000001-50000000
7453274 lines processed
Processing chunk chr2:50000001-60000000
7560349 lines processed
Processing chunk chr2:60000001-70000000
7907794 lines processed
Processing chunk chr2:70000001-80000000
8702138 lines processed
Processing chunk chr2:80000001-90000000
7149005 lines processed
Processing chunk chr2:90000001-100000000
8376392 lines processed
Processing chunk chr2:100000001-110000000
7845049 lines processed
Processing chunk chr2:110000001-120000000
8111105 lines processed
Processing chunk chr2:120000001-130000000
8578015 lines processed
Processing chunk chr2:130000001-140000000
8511250 lines processed
Processing chunk chr2:140000001-150000000
8297188 lines processed
Processing chunk chr2:150000001-160000000
8827414 lines processed
Processing chunk chr2:160000001-170000000
9751216 lines processed
Processing chunk chr2:170000001-180000000
6897039 lines processed
Processing chunk chr3:0-10000000
5195745 lines processed
Processing chunk chr3:10000001-20000000
7147731 lines processed
Processing chunk chr3:20000001-30000000
7549667 lines processed
Processing chunk chr3:30000001-40000000
7904988 lines processed
Processing chunk chr3:40000001-50000000
6986763 lines processed
Processing chunk chr3:50000001-60000000
8102747 lines processed
Processing chunk chr3:60000001-70000000
7579997 lines processed
Processing chunk chr3:70000001-80000000
6997175 lines processed
Processing chunk chr3:80000001-90000000
8522166 lines processed
Processing chunk chr3:90000001-100000000
7811703 lines processed
Processing chunk chr3:100000001-110000000
9093919 lines processed
Processing chunk chr3:110000001-120000000
7123322 lines processed
Processing chunk chr3:120000001-130000000
8159659 lines processed
Processing chunk chr3:130000001-140000000
7952832 lines processed
Processing chunk chr3:140000001-150000000
8069504 lines processed
Processing chunk chr3:150000001-160000000
7891391 lines processed
Processing chunk chr4:0-10000000
5192472 lines processed
Processing chunk chr4:10000001-20000000
7375513 lines processed
Processing chunk chr4:20000001-30000000
7087144 lines processed
Processing chunk chr4:30000001-40000000
7556543 lines processed
Processing chunk chr4:40000001-50000000
8133409 lines processed
Processing chunk chr4:50000001-60000000
8192948 lines processed
Processing chunk chr4:60000001-70000000
6728323 lines processed
Processing chunk chr4:70000001-80000000
6943497 lines processed
Processing chunk chr4:80000001-90000000
7801806 lines processed
Processing chunk chr4:90000001-100000000
7508711 lines processed
Processing chunk chr4:100000001-110000000
8690152 lines processed
Processing chunk chr4:110000001-120000000
8508855 lines processed
Processing chunk chr4:120000001-130000000
8688550 lines processed
Processing chunk chr4:130000001-140000000
9584613 lines processed
Processing chunk chr4:140000001-150000000
8211739 lines processed
Processing chunk chr5:0-10000000
4973228 lines processed
Processing chunk chr5:10000001-20000000
6154919 lines processed
Processing chunk chr5:20000001-30000000
8372314 lines processed
Processing chunk chr5:30000001-40000000
9330606 lines processed
Processing chunk chr5:40000001-50000000
7378126 lines processed
Processing chunk chr5:50000001-60000000
7223071 lines processed
Processing chunk chr5:60000001-70000000
7744014 lines processed
Processing chunk chr5:70000001-80000000
7872083 lines processed
Processing chunk chr5:80000001-90000000
6849009 lines processed
Processing chunk chr5:90000001-100000000
6319598 lines processed
Processing chunk chr5:100000001-110000000
8038887 lines processed
Processing chunk chr5:110000001-120000000
9646385 lines processed
Processing chunk chr5:120000001-130000000
9487676 lines processed
Processing chunk chr5:130000001-140000000
9471830 lines processed
Processing chunk chr5:140000001-150000000
9292873 lines processed
Processing chunk chr6:0-10000000
4968163 lines processed
Processing chunk chr6:10000001-20000000
6683607 lines processed
Processing chunk chr6:20000001-30000000
7475841 lines processed
Processing chunk chr6:30000001-40000000
8640513 lines processed
Processing chunk chr6:40000001-50000000
7728370 lines processed
Processing chunk chr6:50000001-60000000
8604265 lines processed
Processing chunk chr6:60000001-70000000
7205789 lines processed
Processing chunk chr6:70000001-80000000
7864412 lines processed
Processing chunk chr6:80000001-90000000
8986550 lines processed
Processing chunk chr6:90000001-100000000
9041082 lines processed
Processing chunk chr6:100000001-110000000
7899135 lines processed
Processing chunk chr6:110000001-120000000
8869562 lines processed
Processing chunk chr6:120000001-130000000
8540525 lines processed
Processing chunk chr6:130000001-140000000
7879213 lines processed
Processing chunk chr7:0-10000000
3144689 lines processed
Processing chunk chr7:10000001-20000000
6424491 lines processed
Processing chunk chr7:20000001-30000000
5813318 lines processed
Processing chunk chr7:30000001-40000000
6295699 lines processed
Processing chunk chr7:40000001-50000000
8398469 lines processed
Processing chunk chr7:50000001-60000000
6798375 lines processed
Processing chunk chr7:60000001-70000000
8085806 lines processed
Processing chunk chr7:70000001-80000000
8429151 lines processed
Processing chunk chr7:80000001-90000000
8099319 lines processed
Processing chunk chr7:90000001-100000000
8345056 lines processed
Processing chunk chr7:100000001-110000000
8128729 lines processed
Processing chunk chr7:110000001-120000000
9383222 lines processed
Processing chunk chr7:120000001-130000000
9468083 lines processed
Processing chunk chr7:130000001-140000000
9698248 lines processed
Processing chunk chr8:0-10000000
5165773 lines processed
Processing chunk chr8:10000001-20000000
8373986 lines processed
Processing chunk chr8:20000001-30000000
7111657 lines processed
Processing chunk chr8:30000001-40000000
7568771 lines processed
Processing chunk chr8:40000001-50000000
7678031 lines processed
Processing chunk chr8:50000001-60000000
6746966 lines processed
Processing chunk chr8:60000001-70000000
7458140 lines processed
Processing chunk chr8:70000001-80000000
8019623 lines processed
Processing chunk chr8:80000001-90000000
8534268 lines processed
Processing chunk chr8:90000001-100000000
8344340 lines processed
Processing chunk chr8:100000001-110000000
8688234 lines processed
Processing chunk chr8:110000001-120000000
9509471 lines processed
Processing chunk chr9:0-10000000
5464267 lines processed
Processing chunk chr9:10000001-20000000
7794798 lines processed
Processing chunk chr9:20000001-30000000
8837239 lines processed
Processing chunk chr9:30000001-40000000
8657916 lines processed
Processing chunk chr9:40000001-50000000
9671910 lines processed
Processing chunk chr9:50000001-60000000
8860243 lines processed
Processing chunk chr9:60000001-70000000
9498806 lines processed
Processing chunk chr9:70000001-80000000
8402091 lines processed
Processing chunk chr9:80000001-90000000
7430653 lines processed
Processing chunk chr9:90000001-100000000
8377821 lines processed
Processing chunk chr9:100000001-110000000
8857506 lines processed
Processing chunk chr9:110000001-120000000
9021790 lines processed
Processing chunk chr10:0-10000000
5633343 lines processed
Processing chunk chr10:10000001-20000000
7837932 lines processed
Processing chunk chr10:20000001-30000000
7759591 lines processed
Processing chunk chr10:30000001-40000000
7738043 lines processed
Processing chunk chr10:40000001-50000000
7882771 lines processed
Processing chunk chr10:50000001-60000000
7631281 lines processed
Processing chunk chr10:60000001-70000000
8820474 lines processed
Processing chunk chr10:70000001-80000000
8633503 lines processed
Processing chunk chr10:80000001-90000000
8579155 lines processed
Processing chunk chr10:90000001-100000000
8521875 lines processed
Processing chunk chr10:100000001-110000000
7399686 lines processed
Processing chunk chr10:110000001-120000000
8263973 lines processed
Processing chunk chr10:120000001-130000000
8614550 lines processed
Processing chunk chr11:0-10000000
7802789 lines processed
Processing chunk chr11:10000001-20000000
7428805 lines processed
Processing chunk chr11:20000001-30000000
8025944 lines processed
Processing chunk chr11:30000001-40000000
8417891 lines processed
Processing chunk chr11:40000001-50000000
7967770 lines processed
Processing chunk chr11:50000001-60000000
9195206 lines processed
Processing chunk chr11:60000001-70000000
9352968 lines processed
Processing chunk chr11:70000001-80000000
9553605 lines processed
Processing chunk chr11:80000001-90000000
9035672 lines processed
Processing chunk chr11:90000001-100000000
8863564 lines processed
Processing chunk chr11:100000001-110000000
9520045 lines processed
Processing chunk chr11:110000001-120000000
9592159 lines processed
Processing chunk chr12:0-10000000
5614708 lines processed
Processing chunk chr12:10000001-20000000
6455534 lines processed
Processing chunk chr12:20000001-30000000
5129226 lines processed
Processing chunk chr12:30000001-40000000
7451071 lines processed
Processing chunk chr12:40000001-50000000
6923773 lines processed
Processing chunk chr12:50000001-60000000
7621948 lines processed
Processing chunk chr12:60000001-70000000
7099284 lines processed
Processing chunk chr12:70000001-80000000
8616908 lines processed
Processing chunk chr12:80000001-90000000
8607214 lines processed
Processing chunk chr12:90000001-100000000
7652342 lines processed
Processing chunk chr12:100000001-110000000
9080865 lines processed
Processing chunk chr12:110000001-120000000
8409885 lines processed
Processing chunk chr13:0-10000000
5332309 lines processed
Processing chunk chr13:10000001-20000000
7657464 lines processed
Processing chunk chr13:20000001-30000000
7845011 lines processed
Processing chunk chr13:30000001-40000000
8491912 lines processed
Processing chunk chr13:40000001-50000000
8886810 lines processed
Processing chunk chr13:50000001-60000000
8991906 lines processed
Processing chunk chr13:60000001-70000000
6629475 lines processed
Processing chunk chr13:70000001-80000000
8080494 lines processed
Processing chunk chr13:80000001-90000000
7121826 lines processed
Processing chunk chr13:90000001-100000000
8273301 lines processed
Processing chunk chr13:100000001-110000000
8001423 lines processed
Processing chunk chr13:110000001-120000000
7585552 lines processed
Processing chunk chr14:0-10000000
2218445 lines processed
Processing chunk chr14:10000001-20000000
7757650 lines processed
Processing chunk chr14:20000001-30000000
8302209 lines processed
Processing chunk chr14:30000001-40000000
7876850 lines processed
Processing chunk chr14:40000001-50000000
5537955 lines processed
Processing chunk chr14:50000001-60000000
7374502 lines processed
Processing chunk chr14:60000001-70000000
8433476 lines processed
Processing chunk chr14:70000001-80000000
8566093 lines processed
Processing chunk chr14:80000001-90000000
6259572 lines processed
Processing chunk chr14:90000001-100000000
6259563 lines processed
Processing chunk chr14:100000001-110000000
7348819 lines processed
Processing chunk chr14:110000001-120000000
7267268 lines processed
Processing chunk chr15:0-10000000
5322890 lines processed
Processing chunk chr15:10000001-20000000
7106610 lines processed
Processing chunk chr15:20000001-30000000
7165894 lines processed
Processing chunk chr15:30000001-40000000
7912874 lines processed
Processing chunk chr15:40000001-50000000
7201069 lines processed
Processing chunk chr15:50000001-60000000
8141042 lines processed
Processing chunk chr15:60000001-70000000
8129591 lines processed
Processing chunk chr15:70000001-80000000
9184813 lines processed
Processing chunk chr15:80000001-90000000
9468373 lines processed
Processing chunk chr15:90000001-100000000
8774242 lines processed
Processing chunk chr16:0-10000000
5923899 lines processed
Processing chunk chr16:10000001-20000000
8836141 lines processed
Processing chunk chr16:20000001-30000000
8630863 lines processed
Processing chunk chr16:30000001-40000000
8845800 lines processed
Processing chunk chr16:40000001-50000000
7793907 lines processed
Processing chunk chr16:50000001-60000000
7470027 lines processed
Processing chunk chr16:60000001-70000000
6963639 lines processed
Processing chunk chr16:70000001-80000000
7431625 lines processed
Processing chunk chr16:80000001-90000000
7571571 lines processed
Processing chunk chr17:0-10000000
5045275 lines processed
Processing chunk chr17:10000001-20000000
7355509 lines processed
Processing chunk chr17:20000001-30000000
8533434 lines processed
Processing chunk chr17:30000001-40000000
8791289 lines processed
Processing chunk chr17:40000001-50000000
8191315 lines processed
Processing chunk chr17:50000001-60000000
7881237 lines processed
Processing chunk chr17:60000001-70000000
8107092 lines processed
Processing chunk chr17:70000001-80000000
8311025 lines processed
Processing chunk chr17:80000001-90000000
8458746 lines processed
Processing chunk chr18:0-10000000
5680813 lines processed
Processing chunk chr18:10000001-20000000
7877345 lines processed
Processing chunk chr18:20000001-30000000
7961999 lines processed
Processing chunk chr18:30000001-40000000
8823054 lines processed
Processing chunk chr18:40000001-50000000
8077913 lines processed
Processing chunk chr18:50000001-60000000
8192350 lines processed
Processing chunk chr18:60000001-70000000
8952077 lines processed
Processing chunk chr18:70000001-80000000
8567852 lines processed
Processing chunk chr18:80000001-90000000
8137631 lines processed
Processing chunk chr19:0-10000000
5971649 lines processed
Processing chunk chr19:10000001-20000000
8215779 lines processed
Processing chunk chr19:20000001-30000000
8535893 lines processed
Processing chunk chr19:30000001-40000000
8072999 lines processed
Processing chunk chr19:40000001-50000000
8945635 lines processed
Processing chunk chr19:50000001-60000000
8535726 lines processed
Processing chunk chrX:0-10000000
2867612 lines processed
Processing chunk chrX:10000001-20000000
6269248 lines processed
Processing chunk chrX:20000001-30000000
2838711 lines processed
Processing chunk chrX:30000001-40000000
2949807 lines processed
Processing chunk chrX:40000001-50000000
5821402 lines processed
Processing chunk chrX:50000001-60000000
5236030 lines processed
Processing chunk chrX:60000001-70000000
5398467 lines processed
Processing chunk chrX:70000001-80000000
5887994 lines processed
Processing chunk chrX:80000001-90000000
5597412 lines processed
Processing chunk chrX:90000001-100000000
5748002 lines processed
Processing chunk chrX:100000001-110000000
6283203 lines processed
Processing chunk chrX:110000001-120000000
5388296 lines processed
Processing chunk chrX:120000001-130000000
3869172 lines processed
Processing chunk chrX:130000001-140000000
5897040 lines processed
Processing chunk chrX:140000001-150000000
4926245 lines processed
Processing chunk chrX:150000001-160000000
5965498 lines processed
Processing chunk chrX:160000001-170000000
6795437 lines processed
Processing chunk chrY:0-10000000
301356 lines processed
Processing chunk chrY:10000001-20000000
36632 lines processed
Processing chunk chrY:20000001-30000000
27398 lines processed
Processing chunk chrY:30000001-40000000
31746 lines processed
Processing chunk chrY:40000001-50000000
47636 lines processed
Processing chunk chrY:50000001-60000000
7858 lines processed
Processing chunk chrY:60000001-70000000
6847 lines processed
Processing chunk chrY:70000001-80000000
17504 lines processed
Processing chunk chrY:80000001-90000000
54576 lines processed
2016-07-08 21:20:07	... done!
2016-07-08 21:20:07	Processing A/B compartments ...
Get poor bins...

WARNING: removing columns having more than 26996 zeroes:
     1     2     3     4     5     6     7     8     9    10    11    12    13    14    15    16    17    18    19    20
    21    22    23    24    25    26    27    28    29    30  1901  1902  1903  1904  1905  1906  1907  1908  1909  1910
  1911  1912  1913  1914  1915  1916  1917  1918  1919  1920  1921  1922  1923  1924  1925  1926  1927  1928  1929  1930
  1931  1932  1933  1934  1935  1936  1937  1938  1939  1940  1941  1942  1943  1944  1945  1946  1947  1948  1949  1950
  1951  1952  1953  1954  1955  1956  1957  1958  1959  1960  1961  1962  1963  1964  1965  1966  1967  1968  1969  1970
  1971  1972  1973  1974  1975  1976  1977  1978  1979  1980  1981  1982  1983  1984  1985  3708  3709  3710  3711  3712
  3713  3715  3716  3717  3718  3719  3720  3721  3722  3725  3756  3757  3758  3759  3760  3761  3762  3763  3764  3765
  3766  3767  3768  3769  3770  3771  3772  3773  3774  3775  3776  3777  3778  3779  3780  3781  3782  3783  3784  3785
  3786  3787  3788  3789  3790  3791  3792  3793  3794  3795  3796  3797  3798  3799  3800  3801  3802  3803  3804  3805
  3806  3807  4912  5378  5379  5380  5381  5382  5383  5384  5385  5386  5387  5388  5389  5390  5391  5392  5393  5394
  5395  5396  5397  5398  5399  5400  5401  5402  5403  5404  5405  5406  5407  5408  5798  5799  5800  5801  5802  5803
  5804  5805  5988  5989  6597  6683  6838  6842  6879  6880  6881  6882  6883  6884  6885  6886  6887  6888  6889  6890
  6891  6892  6893  6894  6895  6896  6897  6898  6899  6900  6901  6902  6903  6904  6905  6906  6907  6908  6909  6910
  6911  6912  6913  6914  6915  6916  6917  6918  6919  6920  6921  6922  6923  6924  6925  6926  6927  6928  6929  6930
  6931  6932  6933  6934  6935  6936  6937  6938  6939  6940  6941  6942  6943  6944  6945  6946  6947  6948  6949  6950
  6951  6952  6953  6954  6955  6956  6957  6958  6959  6960  6961  6962  6963  6964  6965  6966  6967  6968  6969  6970
  6971  6972  6973  6974  7096  7097  7098  8445  8446  8447  8448  8449  8450  8451  8452  8453  8454  8455  8456  8457
  8458  8459  8460  8461  8462  8463  8464  8465  8466  8467  8468  8469  8470  8471  8472  8473  8474  8475  8476  8477
  8478  8479  8480  8481  8482  8483  8484  8485  8486  8487  8488  8489  8490  8491  8492  8493  9699  9864  9865  9866
  9867  9868  9869  9870  9871  9872  9873  9874  9875  9876  9877  9878  9879  9880  9881  9882  9883  9884  9885  9886
  9887  9888  9889  9890  9891  9892  9893  9894  9895  9896  9897  9898  9899  9900  9901  9902  9903  9904  9905  9906
  9907  9908  9909  9910  9911  9912  9913  9914  9915  9916  9917  9918  9919  9920  9921  9922  9923  9924  9925  9926
  9927  9928  9929  9930  9931  9932  9933  9934  9935  9936  9937  9938  9939  9940  9941  9942  9943  9944  9945  9946
  9947  9948  9949  9950  9951  9952  9953  9954  9955  9956  9957  9958  9959  9960  9961  9962  9963  9964  9965  9966
  9967  9968  9969  9970  9971  9972  9973  9974  9975  9976  9977  9978  9979  9980  9981  9982  9983  9984  9985  9986
  9987  9988  9989  9990  9991 10056 10057 10058 10059 10164 10165 10166 10167 10168 10177 10178 10179 10180 10181 10182
 10185 10191 10192 10289 10290 10291 10352 11362 11363 11364 11365 11366 11367 11368 11369 11370 11371 11372 11373 11374
 11375 11376 11377 11378 11379 11380 11381 11382 11383 11384 11385 11386 11387 11388 11389 11390 11391 11392 11393 11394
 11395 11396 11397 11398 11399 11400 11401 11402 11403 11404 11405 11406 11407 11408 11409 11410 11411 11412 11413 11414
 11415 11416 11417 11418 11419 11420 11421 11422 11423 11424 11425 11426 11427 11428 11429 11430 11431 11432 11433 11434
 11435 11436 11437 11438 11439 11440 11441 11442 11443 11444 11445 11446 11969 12617 12618 12619 12620 12621 12622 12623
 12624 12625 12626 12627 12628 12629 12630 12631 12632 12633 12634 12635 12636 12637 12638 12639 12640 12641 12642 12643
 12644 12645 12646 12647 12648 12649 12650 12651 12652 12653 12654 12655 12656 12657 12658 12659 12660 12661 12662 12663
 12664 12665 12666 12667 12668 12669 12670 12671 12672 12673 12674 12675 12676 12677 12678 12679 12680 12681 12682 12683
 12684 12685 12686 12687 12688 12689 12690 12691 12692 12693 12694 12695 12696 12697 12698 12699 12700 12701 12702 12703
 12704 12705 12706 12707 12708 12709 12710 12711 12712 12713 12714 12715 12716 12717 12718 12719 12720 12721 12722 12723
 12724 12725 12726 12727 12728 12729 12730 12731 12732 12733 12734 12735 12736 12737 12738 12739 12740 12741 13912 13913
 13914 13915 13916 13917 13918 13919 13920 13921 13922 13923 13924 13925 13926 13927 13928 13929 13930 13931 13932 13933
 13934 13935 13936 13937 13938 13939 13940 13941 13942 13943 13944 13945 13946 13947 13948 13949 13950 13951 13952 13953
 13954 13955 13956 13957 13958 13959 13960 13961 13962 13963 13964 13965 13966 13967 13968 13969 13970 13971 13972 13973
 13974 13975 13976 13977 13978 13979 13980 13981 13982 13983 13984 13985 13986 13987 13988 14537 14538 14539 15258 15259
 15260 15261 15262 15263 15264 15265 15266 15267 15268 15269 15270 15271 15272 15273 15274 15275 15276 15277 15278 15279
 15280 15281 15282 15283 15284 15285 15286 15287 15288 15289 15290 15291 15292 15293 15294 15295 16465 16466 16467 16468
 16469 16470 16471 16472 16473 16474 16475 16476 16477 16478 16479 16480 16481 16482 16483 16484 16485 16486 16487 16488
 16489 16490 16491 16492 16493 16494 16495 16496 16497 16498 16499 16500 16501 16502 16503 16504 16505 16506 16507 16508
 16509 16510 16511 16512 16513 16514 16515 17037 17686 17687 17688 17689 17690 17691 17692 17693 17694 17695 17696 17697
 17698 17699 17700 17701 17702 17703 17704 17705 17706 17707 17708 17709 17710 17711 17712 17713 17714 17715 17716 17717
 18888 18889 18890 18891 18892 18893 18894 18895 18896 18897 18898 18899 18900 18901 18902 18903 18904 18905 18906 18907
 18908 18909 18910 18911 18912 18913 18914 18915 18916 18917 18918 18919 18920 18921 18922 19152 19153 19154 19586 19587
 19588 20093 20094 20095 20096 20097 20098 20099 20100 20101 20102 20103 20104 20105 20106 20107 20108 20109 20110 20111
 20112 20113 20114 20115 20116 20117 20118 20119 20120 20121 20122 20123 20124 20125 20126 20127 20128 20129 20130 20131
 20132 20133 20134 20135 20136 20137 20138 20139 20140 20141 20142 20143 20144 20145 20146 20147 20148 20149 20150 20151
 20152 20153 20154 20155 20156 20157 20158 20159 20160 20161 20162 20163 20164 20165 20166 20167 20168 20169 20170 20171
 20172 21143 21144 21145 21146 21147 21148 21149 21150 21151 21152 21153 21154 21155 21156 21157 21158 21159 21160 21161
 21162 21163 21164 21165 21166 21167 21168 21169 21170 21171 21172 21173 21174 21175 21176 21177 21178 21179 21180 21181
 21182 21183 21184 21185 21186 21187 21188 21189 21190 21191 21192 21193 21194 21195 21196 21197 21198 21199 21200 21201
 21202 21203 21204 21205 21206 21207 21208 21209 21210 21211 21212 21213 22084 22085 22086 22087 22088 22089 22090 22091
 22092 22093 22094 22095 22096 22097 22098 22099 22100 22101 22102 22103 22104 22105 22106 22107 22108 22109 22110 22111
 22112 22113 22114 22115 22116 22117 22118 22119 22120 22121 22122 22123 22124 22125 22126 22127 22128 22129 22130 22131
 22132 22133 22134 22135 22136 22137 22138 22139 22140 22141 22142 22143 22144 22145 22146 22147 22148 22149 22150 22151
 22152 22153 22154 22155 22156 22157 22158 22159 22160 22161 22162 22163 22164 22165 22166 22167 22168 22169 22170 22171
 22172 22173 22174 22175 22176 22177 22178 22179 22180 22181 22182 22183 22184 22185 22186 22187 22188 22189 22190 22191
 22192 22193 22194 22195 22196 23067 23068 23069 23070 23071 23072 23073 23074 23075 23076 23077 23078 23079 23080 23081
 23082 23083 23084 23085 23086 23087 23088 23089 23090 23091 23092 23093 23094 23095 23096 23097 23098 23099 23100 23101
 23102 23103 23104 23105 23106 23107 23108 23109 23110 23111 23112 23113 23114 23115 23116 23117 23118 23119 23120 23121
 23122 23123 23124 23125 23126 23127 23128 23129 23130 23131 23132 23133 23134 23135 23136 23137 23138 23139 23140 23141
 23142 23143 23144 23145 23146 24017 24018 24019 24020 24021 24022 24023 24024 24025 24026 24027 24028 24029 24030 24031
 24032 24033 24034 24035 24036 24037 24038 24039 24040 24041 24042 24043 24044 24045 24046 24047 24048 24049 24050 24051
 24052 24053 24054 24092 24625 24626 24627 24628 24629 24630 24631 24632 24633 24634 24635 24636 24637 24638 24639 24640
 24641 24642 24643 24644 24645 24646 24647 24648 24649 24650 24651 24652 24653 24654 24655 24656 24657 24658 24659 24660
 24661 24662 24663 24664 24665 24666 24667 24668 24669 24687 24889 24891 24910 24911 24913 24915 24925 24931 24932 24933
 24934 24945 24946 24947 24950 24954 24958 24987 24988 24989 25013 25183 25189 25190 25883 25884 25885 25886 25887 25888
 25889 25890 25892 25893 25894 25895 25896 25897 25898 26050 26123 26124 26131 26132 26340 26341 26342 26343 26344 26345
 26346 26347 26348 26349 26350 26351 26355 26356 26366 26367 26379 26380 26381 26382 26383 26385 26386 26387 26422 26423
 26424 26425 26426 26427 26428 26429 26430 26459 26460 26461 26462 26463 26464 26465 26466 26467 26468 26470 26471 26472
 26473 26474 26475 26476 26477 26478 26479 26480 26481 26482 26483 26484 26486 26487 26488 26489 26490 26493 26494 26495
 26496 26497 26498 26499 26500 26501 26502 26503 26504 26505 26506 26507 26508 26509 26510 26511 26512 26513 26514 26515
 26516 26518 26519 26520 26521 26522 26523 26525 26526 26527 26528 26529 26530 26531 26532 26533 26534 26535 26536 26537
 26538 26539 26540 26541 26542 26543 26544 26545 26546 26547 26548 26549 26550 26551 26565 26568 26569 26571 26573 26574
 26575 26576 26577 26579 26580 26581 26582 26583 26585 26590 26591 26592 26593 26594 26595 26596 26597 26598 26599 26600
 26601 26602 26603 26604 26605 26606 26607 26608 26609 26610 26611 26612 26613 26614 26615 26616 26617 26618 26619 26620
 26621 26622 26623 26624 26625 26626 26627 26628 26629 26630 26631 26632 26633 26634 26635 26636 26647 26648 26650 26651
 26652 26653 26654 26655 26656 26657 26658 26659 26660 26661 26662 26664 26665 26666 26667 26668 26669 26670 26671 26672
 26673 26674 26675 26676 26677 26678 26679 26680 26681 26682 26683 26684 26685 26686 26689 26690 26691 26692 26693 26694
 26695 26712 26714 26716 26717 26718 26719 26720 26721 26722 26723 26724 26778 26779 26780 26782 26799 26800 26801 26802
 26804 26805 26806 26807 26808 26809 26810 26811 26812 26813 26814 26815 26816 26817 26818 26819 26820 26821 26822 26823
 26824 26825 26826 26827 26828 26829 26830 26831 26832 26833 26834 26835 26836 26837 26838 26839 26840 26841 26842 26843
 26844 26845 26846 26847 26848 26849 26850 26851 26852 26853 26854 26855 26856 26857 26858 26859 26860 26861 26862 26863
 26864 26865 26866 26867 26868 26869 26870 26871 26872 26873 26874 26875 26876 26877 26878 26879 26880 26881 26882 26883
 26884 26885 26886 26887 26888 26889 26890 26891 26892 26893 26894 26895 26896 26897 26898 26899 26900 26901 26902 26903
 26904 26905 26906 26907 26908 26909 26910 26911 26912 26913 26914 26915 26916 26917 26918 26919 26920 26921 26922 26923
 26924 26925 26927 26928 26929 26930 26931 26932 26933 26934 26935 26936 26937 26938 26939 26941 26942 26943 26945 26946
 26947 26949 26950 26951 26952 26953 26954 26955 26956 26957 26958 26959 26960 26961 26962 26963 26964 26965 26966 26967
 26968 26969 26970 26971 26972 26973 26974 26975 26976 26977 26978 26979 26980 26981 26982 26983 26984 26985 26986 26987
 26988 26989 26990 26991 26992 26993 26994 26995 26997 26998 26999 27000 27001 27002 27003 27004 27005 27006 27007 27008
 27009 27010 27011 27012 27013 27014 27015 27016 27017 27018 27019 27020 27021 27022 27023 27024 27025 27026 27027 27028
 27029 27032 27033 27034 27035 27036 27037 27038 27040 27041 27042 27045 27046 27047 27048 27049 27050 27051 27052 27053
 27054 27055 27056 27057 27058 27059 27062 27063 27064 27065 27066 27067 27068 27069 27070 27071 27072 27073 27074 27075
 27076 27077 27078 27079 27080 27081 27082 27083 27084 27086 27087 27088 27089 27090 27091 27092 27097 27100 27103 27115
 27116 27117 27118 27119 27120 27121 27122 27123 27124 27125 27126 27127 27128 27129 27130 27131 27132 27133 27134 27135
 27136 27137 27138 27139 27140 27141 27142 27143 27144 27145 27146 27147 27148 27149 27150 27151 27152 27153 27154 27155
 27156 27157 27158 27159 27160 27165 27169 27173 27178 27181 27188 27189 27204 27205 27206 27207 27208 27210 27251 27252
 27253 27254 27255 27256 27257 27258 27259 27260 27261 27262 27263 27264 27265 27266 27267 27268 27269

WARNING: removing columns having less than 17476.303 counts:
     1     2     3     4     5     6     7     8     9    10    11    12    13    14    15    16    17    18    19    20
    21    22    23    24    25    26    27    28    29    30  1901  1902  1903  1904  1905  1906  1907  1908  1909  1910
  1911  1912  1913  1914  1915  1916  1917  1918  1919  1920  1921  1922  1923  1924  1925  1926  1927  1928  1929  1930
  1931  1932  1933  1934  1935  1936  1937  1938  1939  1940  1941  1942  1943  1944  1945  1946  1947  1948  1949  1950
  1951  1952  1953  1954  1955  1956  1957  1958  1959  1960  1961  1962  1963  1964  1965  1966  1967  1968  1969  1970
  1971  1972  1973  1974  1975  1976  1977  1978  1979  1980  1981  1982  1983  1984  1985  2180  2859  2961  2962  2963
  3708  3709  3710  3711  3712  3713  3714  3715  3716  3717  3718  3719  3720  3721  3722  3723  3724  3725  3732  3733
  3756  3757  3758  3759  3760  3761  3762  3763  3764  3765  3766  3767  3768  3769  3770  3771  3772  3773  3774  3775
  3776  3777  3778  3779  3780  3781  3782  3783  3784  3785  3786  3787  3788  3789  3790  3791  3792  3793  3794  3795
  3796  3797  3798  3799  3800  3801  3802  3803  3804  3805  3806  3807  3934  4700  4717  4763  4911  4912  5378  5379
  5380  5381  5382  5383  5384  5385  5386  5387  5388  5389  5390  5391  5392  5393  5394  5395  5396  5397  5398  5399
  5400  5401  5402  5403  5404  5405  5406  5407  5408  5797  5798  5799  5800  5801  5802  5803  5804  5805  5981  5982
  5984  5985  5986  5987  5988  5989  5990  5991  5992  5993  5995  6115  6597  6598  6600  6601  6602  6603  6683  6836
  6838  6841  6842  6845  6847  6879  6880  6881  6882  6883  6884  6885  6886  6887  6888  6889  6890  6891  6892  6893
  6894  6895  6896  6897  6898  6899  6900  6901  6902  6903  6904  6905  6906  6907  6908  6909  6910  6911  6912  6913
  6914  6915  6916  6917  6918  6919  6920  6921  6922  6923  6924  6925  6926  6927  6928  6929  6930  6931  6932  6933
  6934  6935  6936  6937  6938  6939  6940  6941  6942  6943  6944  6945  6946  6947  6948  6949  6950  6951  6952  6953
  6954  6955  6956  6957  6958  6959  6960  6961  6962  6963  6964  6965  6966  6967  6968  6969  6970  6971  6972  6973
  6974  7054  7055  7056  7057  7058  7059  7060  7061  7062  7063  7096  7097  7098  7880  7883  7884  7885  7886  7887
  7888  7889  7890  7891  7892  7893  7894  7895  7896  7897  7898  7899  7900  7901  7902  7991  8445  8446  8447  8448
  8449  8450  8451  8452  8453  8454  8455  8456  8457  8458  8459  8460  8461  8462  8463  8464  8465  8466  8467  8468
  8469  8470  8471  8472  8473  8474  8475  8476  8477  8478  8479  8480  8481  8482  8483  8484  8485  8486  8487  8488
  8489  8490  8491  8492  8493  8494  9609  9698  9699  9864  9865  9866  9867  9868  9869  9870  9871  9872  9873  9874
  9875  9876  9877  9878  9879  9880  9881  9882  9883  9884  9885  9886  9887  9888  9889  9890  9891  9892  9893  9894
  9895  9896  9897  9898  9899  9900  9901  9902  9903  9904  9905  9906  9907  9908  9909  9910  9911  9912  9913  9914
  9915  9916  9917  9918  9919  9920  9921  9922  9923  9924  9925  9926  9927  9928  9929  9930  9931  9932  9933  9934
  9935  9936  9937  9938  9939  9940  9941  9942  9943  9944  9945  9946  9947  9948  9949  9950  9951  9952  9953  9954
  9955  9956  9957  9958  9959  9960  9961  9962  9963  9964  9965  9966  9967  9968  9969  9970  9971  9972  9973  9974
  9975  9976  9977  9978  9979  9980  9981  9982  9983  9984  9985  9986  9987  9988  9989  9990  9991  9999 10000 10036
 10037 10038 10039 10040 10041 10042 10043 10044 10045 10046 10047 10048 10049 10050 10051 10052 10053 10054 10055 10056
 10057 10058 10059 10060 10061 10070 10071 10075 10076 10077 10112 10113 10114 10116 10137 10163 10164 10165 10166 10167
 10168 10169 10170 10171 10172 10173 10174 10175 10176 10177 10178 10179 10180 10181 10182 10183 10184 10185 10186 10187
 10188 10189 10190 10191 10192 10193 10194 10279 10280 10281 10282 10283 10284 10286 10287 10288 10289 10290 10291 10292
 10293 10347 10348 10349 10350 10351 10352 10353 10354 10355 10557 10560 11021 11022 11023 11362 11363 11364 11365 11366
 11367 11368 11369 11370 11371 11372 11373 11374 11375 11376 11377 11378 11379 11380 11381 11382 11383 11384 11385 11386
 11387 11388 11389 11390 11391 11392 11393 11394 11395 11396 11397 11398 11399 11400 11401 11402 11403 11404 11405 11406
 11407 11408 11409 11410 11411 11412 11413 11414 11415 11416 11417 11418 11419 11420 11421 11422 11423 11424 11425 11426
 11427 11428 11429 11430 11431 11432 11433 11434 11435 11436 11437 11438 11439 11440 11441 11442 11443 11444 11445 11446
 11615 11623 11624 11628 11629 11630 11631 11632 11633 11968 11969 12111 12617 12618 12619 12620 12621 12622 12623 12624
 12625 12626 12627 12628 12629 12630 12631 12632 12633 12634 12635 12636 12637 12638 12639 12640 12641 12642 12643 12644
 12645 12646 12647 12648 12649 12650 12651 12652 12653 12654 12655 12656 12657 12658 12659 12660 12661 12662 12663 12664
 12665 12666 12667 12668 12669 12670 12671 12672 12673 12674 12675 12676 12677 12678 12679 12680 12681 12682 12683 12684
 12685 12686 12687 12688 12689 12690 12691 12692 12693 12694 12695 12696 12697 12698 12699 12700 12701 12702 12703 12704
 12705 12706 12707 12708 12709 12710 12711 12712 12713 12714 12715 12716 12717 12718 12719 12720 12721 12722 12723 12724
 12725 12726 12727 12728 12729 12730 12731 12732 12733 12734 12735 12736 12737 12738 12739 12740 12741 13912 13913 13914
 13915 13916 13917 13918 13919 13920 13921 13922 13923 13924 13925 13926 13927 13928 13929 13930 13931 13932 13933 13934
 13935 13936 13937 13938 13939 13940 13941 13942 13943 13944 13945 13946 13947 13948 13949 13950 13951 13952 13953 13954
 13955 13956 13957 13958 13959 13960 13961 13962 13963 13964 13965 13966 13967 13968 13969 13970 13971 13972 13973 13974
 13975 13976 13977 13978 13979 13980 13981 13982 13983 13984 13985 13986 13987 13988 14537 14538 14539 14775 14776 14777
 15258 15259 15260 15261 15262 15263 15264 15265 15266 15267 15268 15269 15270 15271 15272 15273 15274 15275 15276 15277
 15278 15279 15280 15281 15282 15283 15284 15285 15286 15287 15288 15289 15290 15291 15292 15293 15294 15295 15611 16465
 16466 16467 16468 16469 16470 16471 16472 16473 16474 16475 16476 16477 16478 16479 16480 16481 16482 16483 16484 16485
 16486 16487 16488 16489 16490 16491 16492 16493 16494 16495 16496 16497 16498 16499 16500 16501 16502 16503 16504 16505
 16506 16507 16508 16509 16510 16511 16512 16513 16514 16515 16670 16671 16672 16673 16674 16675 16676 16679 16680 16681
 16682 16685 16686 16687 16691 16692 16693 16695 16703 16704 16705 16706 16707 16708 16709 16710 16711 16712 16713 16714
 16715 16716 16718 16719 16720 16721 16722 16723 16724 16725 16726 16727 16728 16729 17037 17362 17363 17365 17686 17687
 17688 17689 17690 17691 17692 17693 17694 17695 17696 17697 17698 17699 17700 17701 17702 17703 17704 17705 17706 17707
 17708 17709 17710 17711 17712 17713 17714 17715 17716 17717 17917 18342 18344 18345 18346 18347 18348 18349 18350 18351
 18352 18887 18888 18889 18890 18891 18892 18893 18894 18895 18896 18897 18898 18899 18900 18901 18902 18903 18904 18905
 18906 18907 18908 18909 18910 18911 18912 18913 18914 18915 18916 18917 18918 18919 18920 18921 18922 18923 18924 18925
 18926 18927 18928 18929 18930 18931 18932 18933 18934 18935 18936 18937 18938 18939 18940 18941 18942 18943 18944 18945
 18946 18947 18948 18949 18950 18951 18953 18954 18955 18956 18957 18958 18959 18960 18961 18963 18964 18965 18966 18967
 18968 18969 19088 19152 19153 19154 19155 19307 19308 19309 19310 19311 19313 19314 19315 19316 19317 19318 19319 19320
 19321 19322 19327 19328 19421 19422 19424 19425 19586 19587 19588 19589 20093 20094 20095 20096 20097 20098 20099 20100
 20101 20102 20103 20104 20105 20106 20107 20108 20109 20110 20111 20112 20113 20114 20115 20116 20117 20118 20119 20120
 20121 20122 20123 20124 20125 20126 20127 20128 20129 20130 20131 20132 20133 20134 20135 20136 20137 20138 20139 20140
 20141 20142 20143 20144 20145 20146 20147 20148 20149 20150 20151 20152 20153 20154 20155 20156 20157 20158 20159 20160
 20161 20162 20163 20164 20165 20166 20167 20168 20169 20170 20171 20172 20173 20531 21143 21144 21145 21146 21147 21148
 21149 21150 21151 21152 21153 21154 21155 21156 21157 21158 21159 21160 21161 21162 21163 21164 21165 21166 21167 21168
 21169 21170 21171 21172 21173 21174 21175 21176 21177 21178 21179 21180 21181 21182 21183 21184 21185 21186 21187 21188
 21189 21190 21191 21192 21193 21194 21195 21196 21197 21198 21199 21200 21201 21202 21203 21204 21205 21206 21207 21208
 21209 21210 21211 21212 21213 21214 22084 22085 22086 22087 22088 22089 22090 22091 22092 22093 22094 22095 22096 22097
 22098 22099 22100 22101 22102 22103 22104 22105 22106 22107 22108 22109 22110 22111 22112 22113 22114 22115 22116 22117
 22118 22119 22120 22121 22122 22123 22124 22125 22126 22127 22128 22129 22130 22131 22132 22133 22134 22135 22136 22137
 22138 22139 22140 22141 22142 22143 22144 22145 22146 22147 22148 22149 22150 22151 22152 22153 22154 22155 22156 22157
 22158 22159 22160 22161 22162 22163 22164 22165 22166 22167 22168 22169 22170 22171 22172 22173 22174 22175 22176 22177
 22178 22179 22180 22181 22182 22183 22184 22185 22186 22187 22188 22189 22190 22191 22192 22193 22194 22195 22196 22230
 22237 22338 22397 23067 23068 23069 23070 23071 23072 23073 23074 23075 23076 23077 23078 23079 23080 23081 23082 23083
 23084 23085 23086 23087 23088 23089 23090 23091 23092 23093 23094 23095 23096 23097 23098 23099 23100 23101 23102 23103
 23104 23105 23106 23107 23108 23109 23110 23111 23112 23113 23114 23115 23116 23117 23118 23119 23120 23121 23122 23123
 23124 23125 23126 23127 23128 23129 23130 23131 23132 23133 23134 23135 23136 23137 23138 23139 23140 23141 23142 23143
 23144 23145 23146 24017 24018 24019 24020 24021 24022 24023 24024 24025 24026 24027 24028 24029 24030 24031 24032 24033
 24034 24035 24036 24037 24038 24039 24040 24041 24042 24043 24044 24045 24046 24047 24048 24049 24050 24051 24052 24053
 24054 24055 24092 24625 24626 24627 24628 24629 24630 24631 24632 24633 24634 24635 24636 24637 24638 24639 24640 24641
 24642 24643 24644 24645 24646 24647 24648 24649 24650 24651 24652 24653 24654 24655 24656 24657 24658 24659 24660 24661
 24662 24663 24664 24665 24666 24667 24668 24669 24670 24671 24673 24674 24675 24676 24677 24678 24679 24680 24681 24682
 24683 24684 24686 24687 24688 24689 24690 24692 24887 24888 24889 24890 24891 24892 24898 24899 24901 24902 24903 24904
 24906 24907 24909 24910 24911 24912 24913 24914 24915 24916 24917 24918 24919 24920 24921 24922 24923 24924 24925 24926
 24927 24928 24929 24930 24931 24932 24933 24934 24935 24936 24937 24938 24939 24940 24941 24942 24943 24944 24945 24946
 24947 24948 24949 24950 24953 24954 24955 24956 24958 24959 24960 24961 24962 24963 24964 24966 24967 24968 24969 24971
 24972 24973 24974 24975 24976 24977 24978 24980 24981 24982 24983 24984 24985 24986 24987 24988 24989 24990 24991 24992
 24993 24994 25013 25014 25015 25017 25175 25183 25184 25185 25186 25187 25188 25189 25190 25191 25192 25197 25371 25388
 25589 25752 25871 25872 25873 25874 25875 25876 25877 25878 25879 25880 25882 25883 25884 25885 25886 25887 25888 25889
 25890 25891 25892 25893 25894 25895 25896 25897 25898 25899 25900 25991 25994 26050 26118 26119 26120 26121 26122 26123
 26124 26125 26126 26127 26128 26129 26130 26131 26132 26133 26134 26135 26136 26137 26138 26139 26140 26180 26340 26341
 26342 26343 26344 26345 26346 26347 26348 26349 26350 26351 26352 26353 26354 26355 26356 26357 26358 26359 26360 26361
 26362 26363 26364 26365 26366 26367 26368 26369 26370 26371 26372 26373 26374 26375 26376 26377 26378 26379 26380 26381
 26382 26383 26384 26385 26386 26387 26388 26389 26390 26391 26392 26393 26394 26395 26396 26397 26398 26399 26400 26401
 26402 26403 26404 26405 26406 26407 26408 26409 26410 26411 26412 26413 26414 26415 26416 26417 26418 26419 26420 26421
 26422 26423 26424 26425 26426 26427 26428 26429 26430 26431 26432 26433 26434 26435 26436 26437 26438 26439 26440 26441
 26442 26443 26444 26445 26446 26447 26448 26449 26450 26451 26452 26453 26454 26455 26456 26457 26458 26459 26460 26461
 26462 26463 26464 26465 26466 26467 26468 26469 26470 26471 26472 26473 26474 26475 26476 26477 26478 26479 26480 26481
 26482 26483 26484 26485 26486 26487 26488 26489 26490 26491 26492 26493 26494 26495 26496 26497 26498 26499 26500 26501
 26502 26503 26504 26505 26506 26507 26508 26509 26510 26511 26512 26513 26514 26515 26516 26517 26518 26519 26520 26521
 26522 26523 26524 26525 26526 26527 26528 26529 26530 26531 26532 26533 26534 26535 26536 26537 26538 26539 26540 26541
 26542 26543 26544 26545 26546 26547 26548 26549 26550 26551 26552 26553 26554 26555 26556 26557 26558 26559 26560 26561
 26562 26563 26564 26565 26566 26567 26568 26569 26570 26571 26572 26573 26574 26575 26576 26577 26578 26579 26580 26581
 26582 26583 26584 26585 26586 26587 26588 26589 26590 26591 26592 26593 26594 26595 26596 26597 26598 26599 26600 26601
 26602 26603 26604 26605 26606 26607 26608 26609 26610 26611 26612 26613 26614 26615 26616 26617 26618 26619 26620 26621
 26622 26623 26624 26625 26626 26627 26628 26629 26630 26631 26632 26633 26634 26635 26636 26637 26638 26639 26640 26641
 26642 26643 26644 26645 26646 26647 26648 26649 26650 26651 26652 26653 26654 26655 26656 26657 26658 26659 26660 26661
 26662 26663 26664 26665 26666 26667 26668 26669 26670 26671 26672 26673 26674 26675 26676 26677 26678 26679 26680 26681
 26682 26683 26684 26685 26686 26687 26688 26689 26690 26691 26692 26693 26694 26695 26696 26697 26698 26699 26700 26701
 26702 26703 26704 26705 26706 26707 26708 26709 26710 26711 26712 26713 26714 26715 26716 26717 26718 26719 26720 26721
 26722 26723 26724 26725 26726 26727 26728 26729 26730 26731 26732 26733 26734 26735 26736 26737 26738 26739 26740 26741
 26742 26743 26744 26745 26746 26747 26748 26749 26750 26751 26752 26753 26754 26755 26756 26757 26758 26759 26760 26761
 26762 26763 26764 26765 26766 26767 26768 26769 26770 26771 26772 26773 26774 26775 26776 26777 26778 26779 26780 26781
 26782 26783 26784 26785 26786 26787 26788 26789 26790 26791 26792 26793 26794 26795 26796 26797 26798 26799 26800 26801
 26802 26803 26804 26805 26806 26807 26808 26809 26810 26811 26812 26813 26814 26815 26816 26817 26818 26819 26820 26821
 26822 26823 26824 26825 26826 26827 26828 26829 26830 26831 26832 26833 26834 26835 26836 26837 26838 26839 26840 26841
 26842 26843 26844 26845 26846 26847 26848 26849 26850 26851 26852 26853 26854 26855 26856 26857 26858 26859 26860 26861
 26862 26863 26864 26865 26866 26867 26868 26869 26870 26871 26872 26873 26874 26875 26876 26877 26878 26879 26880 26881
 26882 26883 26884 26885 26886 26887 26888 26889 26890 26891 26892 26893 26894 26895 26896 26897 26898 26899 26900 26901
 26902 26903 26904 26905 26906 26907 26908 26909 26910 26911 26912 26913 26914 26915 26916 26917 26918 26919 26920 26921
 26922 26923 26924 26925 26926 26927 26928 26929 26930 26931 26932 26933 26934 26935 26936 26937 26938 26939 26940 26941
 26942 26943 26944 26945 26946 26947 26948 26949 26950 26951 26952 26953 26954 26955 26956 26957 26958 26959 26960 26961
 26962 26963 26964 26965 26966 26967 26968 26969 26970 26971 26972 26973 26974 26975 26976 26977 26978 26979 26980 26981
 26982 26983 26984 26985 26986 26987 26988 26989 26990 26991 26992 26993 26994 26995 26996 26997 26998 26999 27000 27001
 27002 27003 27004 27005 27006 27007 27008 27009 27010 27011 27012 27013 27014 27015 27016 27017 27018 27019 27020 27021
 27022 27023 27024 27025 27026 27027 27028 27029 27030 27031 27032 27033 27034 27035 27036 27037 27038 27039 27040 27041
 27042 27043 27044 27045 27046 27047 27048 27049 27050 27051 27052 27053 27054 27055 27056 27057 27058 27059 27060 27061
 27062 27063 27064 27065 27066 27067 27068 27069 27070 27071 27072 27073 27074 27075 27076 27077 27078 27079 27080 27081
 27082 27083 27084 27085 27086 27087 27088 27089 27090 27091 27092 27093 27094 27095 27096 27097 27098 27099 27100 27101
 27102 27103 27104 27105 27106 27107 27108 27109 27110 27111 27112 27113 27114 27115 27116 27117 27118 27119 27120 27121
 27122 27123 27124 27125 27126 27127 27128 27129 27130 27131 27132 27133 27134 27135 27136 27137 27138 27139 27140 27141
 27142 27143 27144 27145 27146 27147 27148 27149 27150 27151 27152 27153 27154 27155 27156 27157 27158 27159 27160 27161
 27162 27163 27164 27165 27166 27167 27168 27169 27170 27171 27172 27173 27174 27175 27176 27177 27178 27179 27180 27181
 27182 27183 27184 27185 27186 27187 27188 27189 27190 27191 27192 27193 27194 27195 27196 27197 27198 27199 27200 27201
 27202 27203 27204 27205 27206 27207 27208 27209 27210 27211 27212 27213 27214 27215 27216 27217 27218 27219 27220 27221
 27222 27223 27224 27225 27226 27227 27228 27229 27230 27231 27232 27233 27234 27235 27236 27237 27238 27239 27240 27241
 27242 27243 27244 27245 27246 27247 27248 27249 27250 27251 27252 27253 27254 27255 27256 27257 27258 27259 27260 27261
 27262 27263 27264 27265 27266 27267 27268 27269
Found 2828 of 27269 columnswith poor signal
Get biases using ICE...
iterative correction
  - copying matrix
  - computing baises
rescaling to factor 1
Getting percentage of cis interactions...
Get expected counts ...
Store matrices
Store raw data

Store normalized data

Compute correlation matrix and store it

/software/mb/el6.3/Conda/lib/python2.7/site-packages/numpy/lib/function_base.py:2151: RuntimeWarning: invalid value encountered in true_divide
  return c / sqrt(multiply.outer(d, d))
Searching compartments
/software/mb/el6.3/Conda/lib/python2.7/site-packages/pytadbit/hic_data.py:563: UserWarning: Chromosome chrY is probably MT :)
  warn('Chromosome %s is probably MT :)' % (sec))
/software/mb/el6.3/Conda/lib/python2.7/site-packages/pytadbit/hic_data.py:633: UserWarning: WARNING: number of compartments found with the EigenVector number 1 is too low (89 compartments in 870 rows), for chromosome chr18
  ev_num, len(breaks), len(matrix), sec))
/software/mb/el6.3/Conda/lib/python2.7/site-packages/pytadbit/hic_data.py:563: UserWarning: Chromosome chrM is probably MT :)
  warn('Chromosome %s is probably MT :)' % (sec))
/software/mb/el6.3/Conda/lib/python2.7/site-packages/pytadbit/utils/hmm.py:14: RuntimeWarning: divide by zero encountered in log
  log_T     =  [float('-inf') if T [i] < 0. else log(T[i]) for i in xrange(len(T))]
2016-07-08 22:22:09	... done!
2016-07-08 22:22:09	Processing TADs compartments ...
Get poor bins...

WARNING: removing columns having more than 26996 zeroes:
     1     2     3     4     5     6     7     8     9    10    11    12    13    14    15    16    17    18    19    20
    21    22    23    24    25    26    27    28    29    30  1901  1902  1903  1904  1905  1906  1907  1908  1909  1910
  1911  1912  1913  1914  1915  1916  1917  1918  1919  1920  1921  1922  1923  1924  1925  1926  1927  1928  1929  1930
  1931  1932  1933  1934  1935  1936  1937  1938  1939  1940  1941  1942  1943  1944  1945  1946  1947  1948  1949  1950
  1951  1952  1953  1954  1955  1956  1957  1958  1959  1960  1961  1962  1963  1964  1965  1966  1967  1968  1969  1970
  1971  1972  1973  1974  1975  1976  1977  1978  1979  1980  1981  1982  1983  1984  1985  3708  3709  3710  3711  3712
  3713  3715  3716  3717  3718  3719  3720  3721  3722  3725  3756  3757  3758  3759  3760  3761  3762  3763  3764  3765
  3766  3767  3768  3769  3770  3771  3772  3773  3774  3775  3776  3777  3778  3779  3780  3781  3782  3783  3784  3785
  3786  3787  3788  3789  3790  3791  3792  3793  3794  3795  3796  3797  3798  3799  3800  3801  3802  3803  3804  3805
  3806  3807  4912  5378  5379  5380  5381  5382  5383  5384  5385  5386  5387  5388  5389  5390  5391  5392  5393  5394
  5395  5396  5397  5398  5399  5400  5401  5402  5403  5404  5405  5406  5407  5408  5798  5799  5800  5801  5802  5803
  5804  5805  5988  5989  6597  6683  6838  6842  6879  6880  6881  6882  6883  6884  6885  6886  6887  6888  6889  6890
  6891  6892  6893  6894  6895  6896  6897  6898  6899  6900  6901  6902  6903  6904  6905  6906  6907  6908  6909  6910
  6911  6912  6913  6914  6915  6916  6917  6918  6919  6920  6921  6922  6923  6924  6925  6926  6927  6928  6929  6930
  6931  6932  6933  6934  6935  6936  6937  6938  6939  6940  6941  6942  6943  6944  6945  6946  6947  6948  6949  6950
  6951  6952  6953  6954  6955  6956  6957  6958  6959  6960  6961  6962  6963  6964  6965  6966  6967  6968  6969  6970
  6971  6972  6973  6974  7096  7097  7098  8445  8446  8447  8448  8449  8450  8451  8452  8453  8454  8455  8456  8457
  8458  8459  8460  8461  8462  8463  8464  8465  8466  8467  8468  8469  8470  8471  8472  8473  8474  8475  8476  8477
  8478  8479  8480  8481  8482  8483  8484  8485  8486  8487  8488  8489  8490  8491  8492  8493  9699  9864  9865  9866
  9867  9868  9869  9870  9871  9872  9873  9874  9875  9876  9877  9878  9879  9880  9881  9882  9883  9884  9885  9886
  9887  9888  9889  9890  9891  9892  9893  9894  9895  9896  9897  9898  9899  9900  9901  9902  9903  9904  9905  9906
  9907  9908  9909  9910  9911  9912  9913  9914  9915  9916  9917  9918  9919  9920  9921  9922  9923  9924  9925  9926
  9927  9928  9929  9930  9931  9932  9933  9934  9935  9936  9937  9938  9939  9940  9941  9942  9943  9944  9945  9946
  9947  9948  9949  9950  9951  9952  9953  9954  9955  9956  9957  9958  9959  9960  9961  9962  9963  9964  9965  9966
  9967  9968  9969  9970  9971  9972  9973  9974  9975  9976  9977  9978  9979  9980  9981  9982  9983  9984  9985  9986
  9987  9988  9989  9990  9991 10056 10057 10058 10059 10164 10165 10166 10167 10168 10177 10178 10179 10180 10181 10182
 10185 10191 10192 10289 10290 10291 10352 11362 11363 11364 11365 11366 11367 11368 11369 11370 11371 11372 11373 11374
 11375 11376 11377 11378 11379 11380 11381 11382 11383 11384 11385 11386 11387 11388 11389 11390 11391 11392 11393 11394
 11395 11396 11397 11398 11399 11400 11401 11402 11403 11404 11405 11406 11407 11408 11409 11410 11411 11412 11413 11414
 11415 11416 11417 11418 11419 11420 11421 11422 11423 11424 11425 11426 11427 11428 11429 11430 11431 11432 11433 11434
 11435 11436 11437 11438 11439 11440 11441 11442 11443 11444 11445 11446 11969 12617 12618 12619 12620 12621 12622 12623
 12624 12625 12626 12627 12628 12629 12630 12631 12632 12633 12634 12635 12636 12637 12638 12639 12640 12641 12642 12643
 12644 12645 12646 12647 12648 12649 12650 12651 12652 12653 12654 12655 12656 12657 12658 12659 12660 12661 12662 12663
 12664 12665 12666 12667 12668 12669 12670 12671 12672 12673 12674 12675 12676 12677 12678 12679 12680 12681 12682 12683
 12684 12685 12686 12687 12688 12689 12690 12691 12692 12693 12694 12695 12696 12697 12698 12699 12700 12701 12702 12703
 12704 12705 12706 12707 12708 12709 12710 12711 12712 12713 12714 12715 12716 12717 12718 12719 12720 12721 12722 12723
 12724 12725 12726 12727 12728 12729 12730 12731 12732 12733 12734 12735 12736 12737 12738 12739 12740 12741 13912 13913
 13914 13915 13916 13917 13918 13919 13920 13921 13922 13923 13924 13925 13926 13927 13928 13929 13930 13931 13932 13933
 13934 13935 13936 13937 13938 13939 13940 13941 13942 13943 13944 13945 13946 13947 13948 13949 13950 13951 13952 13953
 13954 13955 13956 13957 13958 13959 13960 13961 13962 13963 13964 13965 13966 13967 13968 13969 13970 13971 13972 13973
 13974 13975 13976 13977 13978 13979 13980 13981 13982 13983 13984 13985 13986 13987 13988 14537 14538 14539 15258 15259
 15260 15261 15262 15263 15264 15265 15266 15267 15268 15269 15270 15271 15272 15273 15274 15275 15276 15277 15278 15279
 15280 15281 15282 15283 15284 15285 15286 15287 15288 15289 15290 15291 15292 15293 15294 15295 16465 16466 16467 16468
 16469 16470 16471 16472 16473 16474 16475 16476 16477 16478 16479 16480 16481 16482 16483 16484 16485 16486 16487 16488
 16489 16490 16491 16492 16493 16494 16495 16496 16497 16498 16499 16500 16501 16502 16503 16504 16505 16506 16507 16508
 16509 16510 16511 16512 16513 16514 16515 17037 17686 17687 17688 17689 17690 17691 17692 17693 17694 17695 17696 17697
 17698 17699 17700 17701 17702 17703 17704 17705 17706 17707 17708 17709 17710 17711 17712 17713 17714 17715 17716 17717
 18888 18889 18890 18891 18892 18893 18894 18895 18896 18897 18898 18899 18900 18901 18902 18903 18904 18905 18906 18907
 18908 18909 18910 18911 18912 18913 18914 18915 18916 18917 18918 18919 18920 18921 18922 19152 19153 19154 19586 19587
 19588 20093 20094 20095 20096 20097 20098 20099 20100 20101 20102 20103 20104 20105 20106 20107 20108 20109 20110 20111
 20112 20113 20114 20115 20116 20117 20118 20119 20120 20121 20122 20123 20124 20125 20126 20127 20128 20129 20130 20131
 20132 20133 20134 20135 20136 20137 20138 20139 20140 20141 20142 20143 20144 20145 20146 20147 20148 20149 20150 20151
 20152 20153 20154 20155 20156 20157 20158 20159 20160 20161 20162 20163 20164 20165 20166 20167 20168 20169 20170 20171
 20172 21143 21144 21145 21146 21147 21148 21149 21150 21151 21152 21153 21154 21155 21156 21157 21158 21159 21160 21161
 21162 21163 21164 21165 21166 21167 21168 21169 21170 21171 21172 21173 21174 21175 21176 21177 21178 21179 21180 21181
 21182 21183 21184 21185 21186 21187 21188 21189 21190 21191 21192 21193 21194 21195 21196 21197 21198 21199 21200 21201
 21202 21203 21204 21205 21206 21207 21208 21209 21210 21211 21212 21213 22084 22085 22086 22087 22088 22089 22090 22091
 22092 22093 22094 22095 22096 22097 22098 22099 22100 22101 22102 22103 22104 22105 22106 22107 22108 22109 22110 22111
 22112 22113 22114 22115 22116 22117 22118 22119 22120 22121 22122 22123 22124 22125 22126 22127 22128 22129 22130 22131
 22132 22133 22134 22135 22136 22137 22138 22139 22140 22141 22142 22143 22144 22145 22146 22147 22148 22149 22150 22151
 22152 22153 22154 22155 22156 22157 22158 22159 22160 22161 22162 22163 22164 22165 22166 22167 22168 22169 22170 22171
 22172 22173 22174 22175 22176 22177 22178 22179 22180 22181 22182 22183 22184 22185 22186 22187 22188 22189 22190 22191
 22192 22193 22194 22195 22196 23067 23068 23069 23070 23071 23072 23073 23074 23075 23076 23077 23078 23079 23080 23081
 23082 23083 23084 23085 23086 23087 23088 23089 23090 23091 23092 23093 23094 23095 23096 23097 23098 23099 23100 23101
 23102 23103 23104 23105 23106 23107 23108 23109 23110 23111 23112 23113 23114 23115 23116 23117 23118 23119 23120 23121
 23122 23123 23124 23125 23126 23127 23128 23129 23130 23131 23132 23133 23134 23135 23136 23137 23138 23139 23140 23141
 23142 23143 23144 23145 23146 24017 24018 24019 24020 24021 24022 24023 24024 24025 24026 24027 24028 24029 24030 24031
 24032 24033 24034 24035 24036 24037 24038 24039 24040 24041 24042 24043 24044 24045 24046 24047 24048 24049 24050 24051
 24052 24053 24054 24092 24625 24626 24627 24628 24629 24630 24631 24632 24633 24634 24635 24636 24637 24638 24639 24640
 24641 24642 24643 24644 24645 24646 24647 24648 24649 24650 24651 24652 24653 24654 24655 24656 24657 24658 24659 24660
 24661 24662 24663 24664 24665 24666 24667 24668 24669 24687 24889 24891 24910 24911 24913 24915 24925 24931 24932 24933
 24934 24945 24946 24947 24950 24954 24958 24987 24988 24989 25013 25183 25189 25190 25883 25884 25885 25886 25887 25888
 25889 25890 25892 25893 25894 25895 25896 25897 25898 26050 26123 26124 26131 26132 26340 26341 26342 26343 26344 26345
 26346 26347 26348 26349 26350 26351 26355 26356 26366 26367 26379 26380 26381 26382 26383 26385 26386 26387 26422 26423
 26424 26425 26426 26427 26428 26429 26430 26459 26460 26461 26462 26463 26464 26465 26466 26467 26468 26470 26471 26472
 26473 26474 26475 26476 26477 26478 26479 26480 26481 26482 26483 26484 26486 26487 26488 26489 26490 26493 26494 26495
 26496 26497 26498 26499 26500 26501 26502 26503 26504 26505 26506 26507 26508 26509 26510 26511 26512 26513 26514 26515
 26516 26518 26519 26520 26521 26522 26523 26525 26526 26527 26528 26529 26530 26531 26532 26533 26534 26535 26536 26537
 26538 26539 26540 26541 26542 26543 26544 26545 26546 26547 26548 26549 26550 26551 26565 26568 26569 26571 26573 26574
 26575 26576 26577 26579 26580 26581 26582 26583 26585 26590 26591 26592 26593 26594 26595 26596 26597 26598 26599 26600
 26601 26602 26603 26604 26605 26606 26607 26608 26609 26610 26611 26612 26613 26614 26615 26616 26617 26618 26619 26620
 26621 26622 26623 26624 26625 26626 26627 26628 26629 26630 26631 26632 26633 26634 26635 26636 26647 26648 26650 26651
 26652 26653 26654 26655 26656 26657 26658 26659 26660 26661 26662 26664 26665 26666 26667 26668 26669 26670 26671 26672
 26673 26674 26675 26676 26677 26678 26679 26680 26681 26682 26683 26684 26685 26686 26689 26690 26691 26692 26693 26694
 26695 26712 26714 26716 26717 26718 26719 26720 26721 26722 26723 26724 26778 26779 26780 26782 26799 26800 26801 26802
 26804 26805 26806 26807 26808 26809 26810 26811 26812 26813 26814 26815 26816 26817 26818 26819 26820 26821 26822 26823
 26824 26825 26826 26827 26828 26829 26830 26831 26832 26833 26834 26835 26836 26837 26838 26839 26840 26841 26842 26843
 26844 26845 26846 26847 26848 26849 26850 26851 26852 26853 26854 26855 26856 26857 26858 26859 26860 26861 26862 26863
 26864 26865 26866 26867 26868 26869 26870 26871 26872 26873 26874 26875 26876 26877 26878 26879 26880 26881 26882 26883
 26884 26885 26886 26887 26888 26889 26890 26891 26892 26893 26894 26895 26896 26897 26898 26899 26900 26901 26902 26903
 26904 26905 26906 26907 26908 26909 26910 26911 26912 26913 26914 26915 26916 26917 26918 26919 26920 26921 26922 26923
 26924 26925 26927 26928 26929 26930 26931 26932 26933 26934 26935 26936 26937 26938 26939 26941 26942 26943 26945 26946
 26947 26949 26950 26951 26952 26953 26954 26955 26956 26957 26958 26959 26960 26961 26962 26963 26964 26965 26966 26967
 26968 26969 26970 26971 26972 26973 26974 26975 26976 26977 26978 26979 26980 26981 26982 26983 26984 26985 26986 26987
 26988 26989 26990 26991 26992 26993 26994 26995 26997 26998 26999 27000 27001 27002 27003 27004 27005 27006 27007 27008
 27009 27010 27011 27012 27013 27014 27015 27016 27017 27018 27019 27020 27021 27022 27023 27024 27025 27026 27027 27028
 27029 27032 27033 27034 27035 27036 27037 27038 27040 27041 27042 27045 27046 27047 27048 27049 27050 27051 27052 27053
 27054 27055 27056 27057 27058 27059 27062 27063 27064 27065 27066 27067 27068 27069 27070 27071 27072 27073 27074 27075
 27076 27077 27078 27079 27080 27081 27082 27083 27084 27086 27087 27088 27089 27090 27091 27092 27097 27100 27103 27115
 27116 27117 27118 27119 27120 27121 27122 27123 27124 27125 27126 27127 27128 27129 27130 27131 27132 27133 27134 27135
 27136 27137 27138 27139 27140 27141 27142 27143 27144 27145 27146 27147 27148 27149 27150 27151 27152 27153 27154 27155
 27156 27157 27158 27159 27160 27165 27169 27173 27178 27181 27188 27189 27204 27205 27206 27207 27208 27210 27251 27252
 27253 27254 27255 27256 27257 27258 27259 27260 27261 27262 27263 27264 27265 27266 27267 27268 27269

WARNING: removing columns having less than 17476.303 counts:
     1     2     3     4     5     6     7     8     9    10    11    12    13    14    15    16    17    18    19    20
    21    22    23    24    25    26    27    28    29    30  1901  1902  1903  1904  1905  1906  1907  1908  1909  1910
  1911  1912  1913  1914  1915  1916  1917  1918  1919  1920  1921  1922  1923  1924  1925  1926  1927  1928  1929  1930
  1931  1932  1933  1934  1935  1936  1937  1938  1939  1940  1941  1942  1943  1944  1945  1946  1947  1948  1949  1950
  1951  1952  1953  1954  1955  1956  1957  1958  1959  1960  1961  1962  1963  1964  1965  1966  1967  1968  1969  1970
  1971  1972  1973  1974  1975  1976  1977  1978  1979  1980  1981  1982  1983  1984  1985  2180  2859  2961  2962  2963
  3708  3709  3710  3711  3712  3713  3714  3715  3716  3717  3718  3719  3720  3721  3722  3723  3724  3725  3732  3733
  3756  3757  3758  3759  3760  3761  3762  3763  3764  3765  3766  3767  3768  3769  3770  3771  3772  3773  3774  3775
  3776  3777  3778  3779  3780  3781  3782  3783  3784  3785  3786  3787  3788  3789  3790  3791  3792  3793  3794  3795
  3796  3797  3798  3799  3800  3801  3802  3803  3804  3805  3806  3807  3934  4700  4717  4763  4911  4912  5378  5379
  5380  5381  5382  5383  5384  5385  5386  5387  5388  5389  5390  5391  5392  5393  5394  5395  5396  5397  5398  5399
  5400  5401  5402  5403  5404  5405  5406  5407  5408  5797  5798  5799  5800  5801  5802  5803  5804  5805  5981  5982
  5984  5985  5986  5987  5988  5989  5990  5991  5992  5993  5995  6115  6597  6598  6600  6601  6602  6603  6683  6836
  6838  6841  6842  6845  6847  6879  6880  6881  6882  6883  6884  6885  6886  6887  6888  6889  6890  6891  6892  6893
  6894  6895  6896  6897  6898  6899  6900  6901  6902  6903  6904  6905  6906  6907  6908  6909  6910  6911  6912  6913
  6914  6915  6916  6917  6918  6919  6920  6921  6922  6923  6924  6925  6926  6927  6928  6929  6930  6931  6932  6933
  6934  6935  6936  6937  6938  6939  6940  6941  6942  6943  6944  6945  6946  6947  6948  6949  6950  6951  6952  6953
  6954  6955  6956  6957  6958  6959  6960  6961  6962  6963  6964  6965  6966  6967  6968  6969  6970  6971  6972  6973
  6974  7054  7055  7056  7057  7058  7059  7060  7061  7062  7063  7096  7097  7098  7880  7883  7884  7885  7886  7887
  7888  7889  7890  7891  7892  7893  7894  7895  7896  7897  7898  7899  7900  7901  7902  7991  8445  8446  8447  8448
  8449  8450  8451  8452  8453  8454  8455  8456  8457  8458  8459  8460  8461  8462  8463  8464  8465  8466  8467  8468
  8469  8470  8471  8472  8473  8474  8475  8476  8477  8478  8479  8480  8481  8482  8483  8484  8485  8486  8487  8488
  8489  8490  8491  8492  8493  8494  9609  9698  9699  9864  9865  9866  9867  9868  9869  9870  9871  9872  9873  9874
  9875  9876  9877  9878  9879  9880  9881  9882  9883  9884  9885  9886  9887  9888  9889  9890  9891  9892  9893  9894
  9895  9896  9897  9898  9899  9900  9901  9902  9903  9904  9905  9906  9907  9908  9909  9910  9911  9912  9913  9914
  9915  9916  9917  9918  9919  9920  9921  9922  9923  9924  9925  9926  9927  9928  9929  9930  9931  9932  9933  9934
  9935  9936  9937  9938  9939  9940  9941  9942  9943  9944  9945  9946  9947  9948  9949  9950  9951  9952  9953  9954
  9955  9956  9957  9958  9959  9960  9961  9962  9963  9964  9965  9966  9967  9968  9969  9970  9971  9972  9973  9974
  9975  9976  9977  9978  9979  9980  9981  9982  9983  9984  9985  9986  9987  9988  9989  9990  9991  9999 10000 10036
 10037 10038 10039 10040 10041 10042 10043 10044 10045 10046 10047 10048 10049 10050 10051 10052 10053 10054 10055 10056
 10057 10058 10059 10060 10061 10070 10071 10075 10076 10077 10112 10113 10114 10116 10137 10163 10164 10165 10166 10167
 10168 10169 10170 10171 10172 10173 10174 10175 10176 10177 10178 10179 10180 10181 10182 10183 10184 10185 10186 10187
 10188 10189 10190 10191 10192 10193 10194 10279 10280 10281 10282 10283 10284 10286 10287 10288 10289 10290 10291 10292
 10293 10347 10348 10349 10350 10351 10352 10353 10354 10355 10557 10560 11021 11022 11023 11362 11363 11364 11365 11366
 11367 11368 11369 11370 11371 11372 11373 11374 11375 11376 11377 11378 11379 11380 11381 11382 11383 11384 11385 11386
 11387 11388 11389 11390 11391 11392 11393 11394 11395 11396 11397 11398 11399 11400 11401 11402 11403 11404 11405 11406
 11407 11408 11409 11410 11411 11412 11413 11414 11415 11416 11417 11418 11419 11420 11421 11422 11423 11424 11425 11426
 11427 11428 11429 11430 11431 11432 11433 11434 11435 11436 11437 11438 11439 11440 11441 11442 11443 11444 11445 11446
 11615 11623 11624 11628 11629 11630 11631 11632 11633 11968 11969 12111 12617 12618 12619 12620 12621 12622 12623 12624
 12625 12626 12627 12628 12629 12630 12631 12632 12633 12634 12635 12636 12637 12638 12639 12640 12641 12642 12643 12644
 12645 12646 12647 12648 12649 12650 12651 12652 12653 12654 12655 12656 12657 12658 12659 12660 12661 12662 12663 12664
 12665 12666 12667 12668 12669 12670 12671 12672 12673 12674 12675 12676 12677 12678 12679 12680 12681 12682 12683 12684
 12685 12686 12687 12688 12689 12690 12691 12692 12693 12694 12695 12696 12697 12698 12699 12700 12701 12702 12703 12704
 12705 12706 12707 12708 12709 12710 12711 12712 12713 12714 12715 12716 12717 12718 12719 12720 12721 12722 12723 12724
 12725 12726 12727 12728 12729 12730 12731 12732 12733 12734 12735 12736 12737 12738 12739 12740 12741 13912 13913 13914
 13915 13916 13917 13918 13919 13920 13921 13922 13923 13924 13925 13926 13927 13928 13929 13930 13931 13932 13933 13934
 13935 13936 13937 13938 13939 13940 13941 13942 13943 13944 13945 13946 13947 13948 13949 13950 13951 13952 13953 13954
 13955 13956 13957 13958 13959 13960 13961 13962 13963 13964 13965 13966 13967 13968 13969 13970 13971 13972 13973 13974
 13975 13976 13977 13978 13979 13980 13981 13982 13983 13984 13985 13986 13987 13988 14537 14538 14539 14775 14776 14777
 15258 15259 15260 15261 15262 15263 15264 15265 15266 15267 15268 15269 15270 15271 15272 15273 15274 15275 15276 15277
 15278 15279 15280 15281 15282 15283 15284 15285 15286 15287 15288 15289 15290 15291 15292 15293 15294 15295 15611 16465
 16466 16467 16468 16469 16470 16471 16472 16473 16474 16475 16476 16477 16478 16479 16480 16481 16482 16483 16484 16485
 16486 16487 16488 16489 16490 16491 16492 16493 16494 16495 16496 16497 16498 16499 16500 16501 16502 16503 16504 16505
 16506 16507 16508 16509 16510 16511 16512 16513 16514 16515 16670 16671 16672 16673 16674 16675 16676 16679 16680 16681
 16682 16685 16686 16687 16691 16692 16693 16695 16703 16704 16705 16706 16707 16708 16709 16710 16711 16712 16713 16714
 16715 16716 16718 16719 16720 16721 16722 16723 16724 16725 16726 16727 16728 16729 17037 17362 17363 17365 17686 17687
 17688 17689 17690 17691 17692 17693 17694 17695 17696 17697 17698 17699 17700 17701 17702 17703 17704 17705 17706 17707
 17708 17709 17710 17711 17712 17713 17714 17715 17716 17717 17917 18342 18344 18345 18346 18347 18348 18349 18350 18351
 18352 18887 18888 18889 18890 18891 18892 18893 18894 18895 18896 18897 18898 18899 18900 18901 18902 18903 18904 18905
 18906 18907 18908 18909 18910 18911 18912 18913 18914 18915 18916 18917 18918 18919 18920 18921 18922 18923 18924 18925
 18926 18927 18928 18929 18930 18931 18932 18933 18934 18935 18936 18937 18938 18939 18940 18941 18942 18943 18944 18945
 18946 18947 18948 18949 18950 18951 18953 18954 18955 18956 18957 18958 18959 18960 18961 18963 18964 18965 18966 18967
 18968 18969 19088 19152 19153 19154 19155 19307 19308 19309 19310 19311 19313 19314 19315 19316 19317 19318 19319 19320
 19321 19322 19327 19328 19421 19422 19424 19425 19586 19587 19588 19589 20093 20094 20095 20096 20097 20098 20099 20100
 20101 20102 20103 20104 20105 20106 20107 20108 20109 20110 20111 20112 20113 20114 20115 20116 20117 20118 20119 20120
 20121 20122 20123 20124 20125 20126 20127 20128 20129 20130 20131 20132 20133 20134 20135 20136 20137 20138 20139 20140
 20141 20142 20143 20144 20145 20146 20147 20148 20149 20150 20151 20152 20153 20154 20155 20156 20157 20158 20159 20160
 20161 20162 20163 20164 20165 20166 20167 20168 20169 20170 20171 20172 20173 20531 21143 21144 21145 21146 21147 21148
 21149 21150 21151 21152 21153 21154 21155 21156 21157 21158 21159 21160 21161 21162 21163 21164 21165 21166 21167 21168
 21169 21170 21171 21172 21173 21174 21175 21176 21177 21178 21179 21180 21181 21182 21183 21184 21185 21186 21187 21188
 21189 21190 21191 21192 21193 21194 21195 21196 21197 21198 21199 21200 21201 21202 21203 21204 21205 21206 21207 21208
 21209 21210 21211 21212 21213 21214 22084 22085 22086 22087 22088 22089 22090 22091 22092 22093 22094 22095 22096 22097
 22098 22099 22100 22101 22102 22103 22104 22105 22106 22107 22108 22109 22110 22111 22112 22113 22114 22115 22116 22117
 22118 22119 22120 22121 22122 22123 22124 22125 22126 22127 22128 22129 22130 22131 22132 22133 22134 22135 22136 22137
 22138 22139 22140 22141 22142 22143 22144 22145 22146 22147 22148 22149 22150 22151 22152 22153 22154 22155 22156 22157
 22158 22159 22160 22161 22162 22163 22164 22165 22166 22167 22168 22169 22170 22171 22172 22173 22174 22175 22176 22177
 22178 22179 22180 22181 22182 22183 22184 22185 22186 22187 22188 22189 22190 22191 22192 22193 22194 22195 22196 22230
 22237 22338 22397 23067 23068 23069 23070 23071 23072 23073 23074 23075 23076 23077 23078 23079 23080 23081 23082 23083
 23084 23085 23086 23087 23088 23089 23090 23091 23092 23093 23094 23095 23096 23097 23098 23099 23100 23101 23102 23103
 23104 23105 23106 23107 23108 23109 23110 23111 23112 23113 23114 23115 23116 23117 23118 23119 23120 23121 23122 23123
 23124 23125 23126 23127 23128 23129 23130 23131 23132 23133 23134 23135 23136 23137 23138 23139 23140 23141 23142 23143
 23144 23145 23146 24017 24018 24019 24020 24021 24022 24023 24024 24025 24026 24027 24028 24029 24030 24031 24032 24033
 24034 24035 24036 24037 24038 24039 24040 24041 24042 24043 24044 24045 24046 24047 24048 24049 24050 24051 24052 24053
 24054 24055 24092 24625 24626 24627 24628 24629 24630 24631 24632 24633 24634 24635 24636 24637 24638 24639 24640 24641
 24642 24643 24644 24645 24646 24647 24648 24649 24650 24651 24652 24653 24654 24655 24656 24657 24658 24659 24660 24661
 24662 24663 24664 24665 24666 24667 24668 24669 24670 24671 24673 24674 24675 24676 24677 24678 24679 24680 24681 24682
 24683 24684 24686 24687 24688 24689 24690 24692 24887 24888 24889 24890 24891 24892 24898 24899 24901 24902 24903 24904
 24906 24907 24909 24910 24911 24912 24913 24914 24915 24916 24917 24918 24919 24920 24921 24922 24923 24924 24925 24926
 24927 24928 24929 24930 24931 24932 24933 24934 24935 24936 24937 24938 24939 24940 24941 24942 24943 24944 24945 24946
 24947 24948 24949 24950 24953 24954 24955 24956 24958 24959 24960 24961 24962 24963 24964 24966 24967 24968 24969 24971
 24972 24973 24974 24975 24976 24977 24978 24980 24981 24982 24983 24984 24985 24986 24987 24988 24989 24990 24991 24992
 24993 24994 25013 25014 25015 25017 25175 25183 25184 25185 25186 25187 25188 25189 25190 25191 25192 25197 25371 25388
 25589 25752 25871 25872 25873 25874 25875 25876 25877 25878 25879 25880 25882 25883 25884 25885 25886 25887 25888 25889
 25890 25891 25892 25893 25894 25895 25896 25897 25898 25899 25900 25991 25994 26050 26118 26119 26120 26121 26122 26123
 26124 26125 26126 26127 26128 26129 26130 26131 26132 26133 26134 26135 26136 26137 26138 26139 26140 26180 26340 26341
 26342 26343 26344 26345 26346 26347 26348 26349 26350 26351 26352 26353 26354 26355 26356 26357 26358 26359 26360 26361
 26362 26363 26364 26365 26366 26367 26368 26369 26370 26371 26372 26373 26374 26375 26376 26377 26378 26379 26380 26381
 26382 26383 26384 26385 26386 26387 26388 26389 26390 26391 26392 26393 26394 26395 26396 26397 26398 26399 26400 26401
 26402 26403 26404 26405 26406 26407 26408 26409 26410 26411 26412 26413 26414 26415 26416 26417 26418 26419 26420 26421
 26422 26423 26424 26425 26426 26427 26428 26429 26430 26431 26432 26433 26434 26435 26436 26437 26438 26439 26440 26441
 26442 26443 26444 26445 26446 26447 26448 26449 26450 26451 26452 26453 26454 26455 26456 26457 26458 26459 26460 26461
 26462 26463 26464 26465 26466 26467 26468 26469 26470 26471 26472 26473 26474 26475 26476 26477 26478 26479 26480 26481
 26482 26483 26484 26485 26486 26487 26488 26489 26490 26491 26492 26493 26494 26495 26496 26497 26498 26499 26500 26501
 26502 26503 26504 26505 26506 26507 26508 26509 26510 26511 26512 26513 26514 26515 26516 26517 26518 26519 26520 26521
 26522 26523 26524 26525 26526 26527 26528 26529 26530 26531 26532 26533 26534 26535 26536 26537 26538 26539 26540 26541
 26542 26543 26544 26545 26546 26547 26548 26549 26550 26551 26552 26553 26554 26555 26556 26557 26558 26559 26560 26561
 26562 26563 26564 26565 26566 26567 26568 26569 26570 26571 26572 26573 26574 26575 26576 26577 26578 26579 26580 26581
 26582 26583 26584 26585 26586 26587 26588 26589 26590 26591 26592 26593 26594 26595 26596 26597 26598 26599 26600 26601
 26602 26603 26604 26605 26606 26607 26608 26609 26610 26611 26612 26613 26614 26615 26616 26617 26618 26619 26620 26621
 26622 26623 26624 26625 26626 26627 26628 26629 26630 26631 26632 26633 26634 26635 26636 26637 26638 26639 26640 26641
 26642 26643 26644 26645 26646 26647 26648 26649 26650 26651 26652 26653 26654 26655 26656 26657 26658 26659 26660 26661
 26662 26663 26664 26665 26666 26667 26668 26669 26670 26671 26672 26673 26674 26675 26676 26677 26678 26679 26680 26681
 26682 26683 26684 26685 26686 26687 26688 26689 26690 26691 26692 26693 26694 26695 26696 26697 26698 26699 26700 26701
 26702 26703 26704 26705 26706 26707 26708 26709 26710 26711 26712 26713 26714 26715 26716 26717 26718 26719 26720 26721
 26722 26723 26724 26725 26726 26727 26728 26729 26730 26731 26732 26733 26734 26735 26736 26737 26738 26739 26740 26741
 26742 26743 26744 26745 26746 26747 26748 26749 26750 26751 26752 26753 26754 26755 26756 26757 26758 26759 26760 26761
 26762 26763 26764 26765 26766 26767 26768 26769 26770 26771 26772 26773 26774 26775 26776 26777 26778 26779 26780 26781
 26782 26783 26784 26785 26786 26787 26788 26789 26790 26791 26792 26793 26794 26795 26796 26797 26798 26799 26800 26801
 26802 26803 26804 26805 26806 26807 26808 26809 26810 26811 26812 26813 26814 26815 26816 26817 26818 26819 26820 26821
 26822 26823 26824 26825 26826 26827 26828 26829 26830 26831 26832 26833 26834 26835 26836 26837 26838 26839 26840 26841
 26842 26843 26844 26845 26846 26847 26848 26849 26850 26851 26852 26853 26854 26855 26856 26857 26858 26859 26860 26861
 26862 26863 26864 26865 26866 26867 26868 26869 26870 26871 26872 26873 26874 26875 26876 26877 26878 26879 26880 26881
 26882 26883 26884 26885 26886 26887 26888 26889 26890 26891 26892 26893 26894 26895 26896 26897 26898 26899 26900 26901
 26902 26903 26904 26905 26906 26907 26908 26909 26910 26911 26912 26913 26914 26915 26916 26917 26918 26919 26920 26921
 26922 26923 26924 26925 26926 26927 26928 26929 26930 26931 26932 26933 26934 26935 26936 26937 26938 26939 26940 26941
 26942 26943 26944 26945 26946 26947 26948 26949 26950 26951 26952 26953 26954 26955 26956 26957 26958 26959 26960 26961
 26962 26963 26964 26965 26966 26967 26968 26969 26970 26971 26972 26973 26974 26975 26976 26977 26978 26979 26980 26981
 26982 26983 26984 26985 26986 26987 26988 26989 26990 26991 26992 26993 26994 26995 26996 26997 26998 26999 27000 27001
 27002 27003 27004 27005 27006 27007 27008 27009 27010 27011 27012 27013 27014 27015 27016 27017 27018 27019 27020 27021
 27022 27023 27024 27025 27026 27027 27028 27029 27030 27031 27032 27033 27034 27035 27036 27037 27038 27039 27040 27041
 27042 27043 27044 27045 27046 27047 27048 27049 27050 27051 27052 27053 27054 27055 27056 27057 27058 27059 27060 27061
 27062 27063 27064 27065 27066 27067 27068 27069 27070 27071 27072 27073 27074 27075 27076 27077 27078 27079 27080 27081
 27082 27083 27084 27085 27086 27087 27088 27089 27090 27091 27092 27093 27094 27095 27096 27097 27098 27099 27100 27101
 27102 27103 27104 27105 27106 27107 27108 27109 27110 27111 27112 27113 27114 27115 27116 27117 27118 27119 27120 27121
 27122 27123 27124 27125 27126 27127 27128 27129 27130 27131 27132 27133 27134 27135 27136 27137 27138 27139 27140 27141
 27142 27143 27144 27145 27146 27147 27148 27149 27150 27151 27152 27153 27154 27155 27156 27157 27158 27159 27160 27161
 27162 27163 27164 27165 27166 27167 27168 27169 27170 27171 27172 27173 27174 27175 27176 27177 27178 27179 27180 27181
 27182 27183 27184 27185 27186 27187 27188 27189 27190 27191 27192 27193 27194 27195 27196 27197 27198 27199 27200 27201
 27202 27203 27204 27205 27206 27207 27208 27209 27210 27211 27212 27213 27214 27215 27216 27217 27218 27219 27220 27221
 27222 27223 27224 27225 27226 27227 27228 27229 27230 27231 27232 27233 27234 27235 27236 27237 27238 27239 27240 27241
 27242 27243 27244 27245 27246 27247 27248 27249 27250 27251 27252 27253 27254 27255 27256 27257 27258 27259 27260 27261
 27262 27263 27264 27265 27266 27267 27268 27269
Found 2828 of 27269 columnswith poor signal
Get biases using ICE...
iterative correction
  - copying matrix
  - computing baises
rescaling to factor 1
Getting percentage of cis interactions...
Get expected counts ...
Store matrices
Store raw data

Store normalized data

Compute correlation matrix and store it

Searching TADs
  - chr1
  - chr2
input matrix not symmetric: symmetrizing
  - chr3
  - chr4
input matrix not symmetric: symmetrizing
  - chr5
input matrix not symmetric: symmetrizing
  - chr6
  - chr7
input matrix not symmetric: symmetrizing
  - chr8
input matrix not symmetric: symmetrizing
  - chr9
input matrix not symmetric: symmetrizing
  - chr10
input matrix not symmetric: symmetrizing
  - chr11
input matrix not symmetric: symmetrizing
  - chr12
  - chr13
input matrix not symmetric: symmetrizing
  - chr14
  - chr15
input matrix not symmetric: symmetrizing
  - chr16
input matrix not symmetric: symmetrizing
  - chr17
  - chr18
input matrix not symmetric: symmetrizing
  - chr19
  - chrX
input matrix not symmetric: symmetrizing
  - chrY
/usr/share/univage/soldierantcluster/spool/node-hp0107/job_scripts/5969430: line 15: 52651 Segmentation fault      (core dumped) $python /users/project/4DGenome/pipelines/hic-16.05/scripts/tadbit_after_bam_v2_bigbam_include_chromosome.py /users/project/4DGenome_no_backup/data/hic/merged/D2_rep1/D2_rep1_both_map_merged.bam 783 0 99 /users/project/4DGenome_no_backup/data/hic/merged/D2_rep1/D2_rep1_ 10 100000 100000
job length was 32171 seconds
